06/09/22 13:31:44 ******************************************************
06/09/22 13:31:44 ** condor_scheduniv_exec.62.0 (CONDOR_DAGMAN) STARTING UP
06/09/22 13:31:44 ** /usr/local/condor/bin/condor_dagman
06/09/22 13:31:44 ** SubsystemInfo: name=DAGMAN type=DAGMAN(10) class=DAEMON(1)
06/09/22 13:31:44 ** Configuration: subsystem:DAGMAN local:<NONE> class:DAEMON
06/09/22 13:31:44 ** $CondorVersion: 9.8.0 Apr 21 2022 BuildID: 584246 $
06/09/22 13:31:44 ** $CondorPlatform: x86_64_MacOSX15 $
06/09/22 13:31:44 ** PID = 23512
06/09/22 13:31:44 ** Log last touched time unavailable (No such file or directory)
06/09/22 13:31:44 ******************************************************
06/09/22 13:31:44 Using config source: /etc/condor/condor_config
06/09/22 13:31:44 Using local config sources: 
06/09/22 13:31:44    /usr/local/condor/local/config.d/00-htcondor-9.0.config
06/09/22 13:31:44    /usr/local/condor/local/config.d/00-minicondor
06/09/22 13:31:44 config Macros = 68, Sorted = 67, StringBytes = 2016, TablesBytes = 2504
06/09/22 13:31:44 CLASSAD_CACHING is ENABLED
06/09/22 13:31:44 Daemon Log is logging: D_ALWAYS D_ERROR
06/09/22 13:31:44 DaemonCore: No command port requested.
06/09/22 13:31:44 DAGMAN_USE_STRICT setting: 1
06/09/22 13:31:44 DAGMAN_VERBOSITY setting: 3
06/09/22 13:31:44 DAGMAN_DEBUG_CACHE_SIZE setting: 5242880
06/09/22 13:31:44 DAGMAN_DEBUG_CACHE_ENABLE setting: False
06/09/22 13:31:44 DAGMAN_SUBMIT_DELAY setting: 0
06/09/22 13:31:44 DAGMAN_MAX_SUBMIT_ATTEMPTS setting: 6
06/09/22 13:31:44 DAGMAN_STARTUP_CYCLE_DETECT setting: False
06/09/22 13:31:44 DAGMAN_MAX_SUBMITS_PER_INTERVAL setting: 100
06/09/22 13:31:44 DAGMAN_AGGRESSIVE_SUBMIT setting: False
06/09/22 13:31:44 DAGMAN_USER_LOG_SCAN_INTERVAL setting: 5
06/09/22 13:31:44 DAGMAN_QUEUE_UPDATE_INTERVAL setting: 300
06/09/22 13:31:44 DAGMAN_DEFAULT_PRIORITY setting: 0
06/09/22 13:31:44 DAGMAN_SUPPRESS_NOTIFICATION setting: True
06/09/22 13:31:44 allow_events (DAGMAN_ALLOW_EVENTS) setting: 114
06/09/22 13:31:44 DAGMAN_RETRY_SUBMIT_FIRST setting: True
06/09/22 13:31:44 DAGMAN_RETRY_NODE_FIRST setting: False
06/09/22 13:31:44 DAGMAN_MAX_JOBS_IDLE setting: 1000
06/09/22 13:31:44 DAGMAN_MAX_JOBS_SUBMITTED setting: 0
06/09/22 13:31:44 DAGMAN_MAX_PRE_SCRIPTS setting: 20
06/09/22 13:31:44 DAGMAN_MAX_POST_SCRIPTS setting: 20
06/09/22 13:31:44 DAGMAN_MAX_HOLD_SCRIPTS setting: 20
06/09/22 13:31:44 DAGMAN_MUNGE_NODE_NAMES setting: True
06/09/22 13:31:44 DAGMAN_PROHIBIT_MULTI_JOBS setting: False
06/09/22 13:31:44 DAGMAN_SUBMIT_DEPTH_FIRST setting: False
06/09/22 13:31:44 DAGMAN_ALWAYS_RUN_POST setting: False
06/09/22 13:31:44 DAGMAN_CONDOR_SUBMIT_EXE setting: /usr/local/condor/bin/condor_submit
06/09/22 13:31:44 DAGMAN_USE_DIRECT_SUBMIT setting: True
06/09/22 13:31:44 DAGMAN_ABORT_DUPLICATES setting: True
06/09/22 13:31:44 DAGMAN_ABORT_ON_SCARY_SUBMIT setting: True
06/09/22 13:31:44 DAGMAN_PENDING_REPORT_INTERVAL setting: 600
06/09/22 13:31:44 DAGMAN_AUTO_RESCUE setting: True
06/09/22 13:31:44 DAGMAN_MAX_RESCUE_NUM setting: 100
06/09/22 13:31:44 DAGMAN_WRITE_PARTIAL_RESCUE setting: True
06/09/22 13:31:44 DAGMAN_DEFAULT_NODE_LOG setting: @(DAG_DIR)/@(DAG_FILE).nodes.log
06/09/22 13:31:44 DAGMAN_GENERATE_SUBDAG_SUBMITS setting: True
06/09/22 13:31:44 DAGMAN_MAX_JOB_HOLDS setting: 100
06/09/22 13:31:44 DAGMAN_HOLD_CLAIM_TIME setting: 20
06/09/22 13:31:44 ALL_DEBUG setting: 
06/09/22 13:31:44 DAGMAN_DEBUG setting: 
06/09/22 13:31:44 DAGMAN_SUPPRESS_JOB_LOGS setting: False
06/09/22 13:31:44 DAGMAN_REMOVE_NODE_JOBS setting: True
06/09/22 13:31:44 DAGMAN will adjust edges after parsing
06/09/22 13:31:44 argv[0] == "condor_scheduniv_exec.62.0"
06/09/22 13:31:44 argv[1] == "-Lockfile"
06/09/22 13:31:44 argv[2] == "peakfinding-workflow-0.dag.lock"
06/09/22 13:31:44 argv[3] == "-AutoRescue"
06/09/22 13:31:44 argv[4] == "1"
06/09/22 13:31:44 argv[5] == "-DoRescueFrom"
06/09/22 13:31:44 argv[6] == "0"
06/09/22 13:31:44 argv[7] == "-Dag"
06/09/22 13:31:44 argv[8] == "peakfinding-workflow-0.dag"
06/09/22 13:31:44 argv[9] == "-MaxPost"
06/09/22 13:31:44 argv[10] == "20"
06/09/22 13:31:44 argv[11] == "-Suppress_notification"
06/09/22 13:31:44 argv[12] == "-CsdVersion"
06/09/22 13:31:44 argv[13] == "$CondorVersion: 9.8.0 Apr 21 2022 BuildID: 584246 $"
06/09/22 13:31:44 argv[14] == "-Dagman"
06/09/22 13:31:44 argv[15] == "/usr/local/condor/bin/condor_dagman"
06/09/22 13:31:44 Can't open directory "/etc/condor/passwords.d" as PRIV_ROOT, errno: 13 (Permission denied)
06/09/22 13:31:44 Can't open directory "/etc/condor/passwords.d" as PRIV_ROOT, errno: 13 (Permission denied)
06/09/22 13:31:44 Workflow batch-id: <62.0>
06/09/22 13:31:44 Workflow batch-name: <peakfinding-workflow-0.dag+62>
06/09/22 13:31:44 Workflow accounting_group: <>
06/09/22 13:31:44 Workflow accounting_group_user: <>
06/09/22 13:31:44 Warning: failed to get attribute DAGNodeName
06/09/22 13:31:44 DAGMAN_LOG_ON_NFS_IS_ERROR setting: False
06/09/22 13:31:44 Default node log file is: </Users/bianyiyang/airflow/dags/CRUX/workflow_pegasus/bianyiyang/pegasus/peakfinding-workflow/run0008/./peakfinding-workflow-0.dag.nodes.log>
06/09/22 13:31:44 DAG Lockfile will be written to peakfinding-workflow-0.dag.lock
06/09/22 13:31:44 DAG Input file is peakfinding-workflow-0.dag
06/09/22 13:31:44 Parsing 1 dagfiles
06/09/22 13:31:44 Parsing peakfinding-workflow-0.dag ...
06/09/22 13:31:44 Adjusting edges
06/09/22 13:31:44 Warning: category registration has no assigned nodes, so the throttle setting (1) will have no effect
06/09/22 13:31:44 Warning: category stageout has no assigned nodes, so the throttle setting (10) will have no effect
06/09/22 13:31:44 Dag contains 6 total jobs
06/09/22 13:31:44 Warning: ProcessId not confirmed unique
06/09/22 13:31:44 Bootstrapping...
06/09/22 13:31:44 Number of pre-completed nodes: 0
06/09/22 13:31:44 MultiLogFiles: truncating log file /Users/bianyiyang/airflow/dags/CRUX/workflow_pegasus/bianyiyang/pegasus/peakfinding-workflow/run0008/./peakfinding-workflow-0.dag.nodes.log
06/09/22 13:31:44 DAG status: 0 (DAG_STATUS_OK)
06/09/22 13:31:44 Of 6 nodes total:
06/09/22 13:31:44  Done     Pre   Queued    Post   Ready   Un-Ready   Failed
06/09/22 13:31:44   ===     ===      ===     ===     ===        ===      ===
06/09/22 13:31:44     0       0        0       0       2          4        0
06/09/22 13:31:44 0 job proc(s) currently held
06/09/22 13:31:44 DAGMan Runtime Statistics: [ EventCycleTimeCount = 0.0; EventCycleTimeSum = 0.0; LogProcessCycleTimeCount = 0.0; LogProcessCycleTimeSum = 0.0; SleepCycleTimeCount = 0.0; SleepCycleTimeSum = 0.0; SubmitCycleTimeCount = 0.0; SubmitCycleTimeSum = 0.0; ]
06/09/22 13:31:44 Registering condor_event_timer...
06/09/22 13:31:45 Submitting HTCondor Node create_dir_peakfinding-workflow_0_local job(s)...
06/09/22 13:31:45 Submitting node create_dir_peakfinding-workflow_0_local from file 00/00/create_dir_peakfinding-workflow_0_local.sub using direct job submission
06/09/22 13:31:45 Submit warning: Submit:0:the line 'JOB = create_dir_peakfinding-workflow_0_local' was unused by DAGMAN. Is it a typo?
06/09/22 13:31:45 	assigned HTCondor ID (63.0.0)
06/09/22 13:31:45 Submitting HTCondor Node stage_worker_local_peakfinding-workflow_0_local job(s)...
06/09/22 13:31:45 Submitting node stage_worker_local_peakfinding-workflow_0_local from file 00/00/stage_worker_local_peakfinding-workflow_0_local.sub using direct job submission
06/09/22 13:31:45 Submit warning: Submit:0:the line 'JOB = stage_worker_local_peakfinding-workflow_0_local' was unused by DAGMAN. Is it a typo?
06/09/22 13:31:45 	assigned HTCondor ID (64.0.0)
06/09/22 13:31:45 Just submitted 2 jobs this cycle...
06/09/22 13:31:45 DAG status: 0 (DAG_STATUS_OK)
06/09/22 13:31:45 Of 6 nodes total:
06/09/22 13:31:45  Done     Pre   Queued    Post   Ready   Un-Ready   Failed
06/09/22 13:31:45   ===     ===      ===     ===     ===        ===      ===
06/09/22 13:31:45     0       0        2       0       0          4        0
06/09/22 13:31:45 0 job proc(s) currently held
06/09/22 13:31:45 DAGMan Runtime Statistics: [ EventCycleTimeCount = 0.0; EventCycleTimeSum = 0.0; LogProcessCycleTimeCount = 0.0; LogProcessCycleTimeSum = 0.0; SleepCycleTimeCount = 0.0; SleepCycleTimeSum = 0.0; SubmitCycleTimeAvg = 0.01866412162780762; SubmitCycleTimeCount = 1.0; SubmitCycleTimeMax = 0.01866412162780762; SubmitCycleTimeMin = 0.01866412162780762; SubmitCycleTimeStd = 0.01866412162780762; SubmitCycleTimeSum = 0.01866412162780762; ]
06/09/22 13:31:50 Currently monitoring 1 HTCondor log file(s)
06/09/22 13:31:50 Reassigning the id of job create_dir_peakfinding-workflow_0_local from (63.0.0) to (63.0.0)
06/09/22 13:31:50 Event: ULOG_SUBMIT for HTCondor Node create_dir_peakfinding-workflow_0_local (63.0.0) {06/09/22 13:31:45}
06/09/22 13:31:50 Number of idle job procs: 1
06/09/22 13:31:50 Reassigning the id of job stage_worker_local_peakfinding-workflow_0_local from (64.0.0) to (64.0.0)
06/09/22 13:31:50 Event: ULOG_SUBMIT for HTCondor Node stage_worker_local_peakfinding-workflow_0_local (64.0.0) {06/09/22 13:31:45}
06/09/22 13:31:50 Number of idle job procs: 2
06/09/22 13:31:50 Event: ULOG_EXECUTE for HTCondor Node create_dir_peakfinding-workflow_0_local (63.0.0) {06/09/22 13:31:47}
06/09/22 13:31:50 Number of idle job procs: 1
06/09/22 13:31:50 Event: ULOG_EXECUTE for HTCondor Node stage_worker_local_peakfinding-workflow_0_local (64.0.0) {06/09/22 13:31:47}
06/09/22 13:31:50 Number of idle job procs: 0
06/09/22 13:31:50 Event: ULOG_JOB_TERMINATED for HTCondor Node create_dir_peakfinding-workflow_0_local (63.0.0) {06/09/22 13:31:50}
06/09/22 13:31:50 Number of idle job procs: 0
06/09/22 13:31:50 Node create_dir_peakfinding-workflow_0_local job proc (63.0.0) completed successfully.
06/09/22 13:31:50 Node create_dir_peakfinding-workflow_0_local job completed
06/09/22 13:31:50 Running POST script of Node create_dir_peakfinding-workflow_0_local...
06/09/22 13:31:50 Warning: mysin has length 0 (ignore if produced by DAGMan; see gittrac #4987, #5031)
06/09/22 13:31:50 DAG status: 0 (DAG_STATUS_OK)
06/09/22 13:31:50 Of 6 nodes total:
06/09/22 13:31:50  Done     Pre   Queued    Post   Ready   Un-Ready   Failed
06/09/22 13:31:50   ===     ===      ===     ===     ===        ===      ===
06/09/22 13:31:50     0       0        1       1       0          4        0
06/09/22 13:31:50 0 job proc(s) currently held
06/09/22 13:31:50 DAGMan Runtime Statistics: [ EventCycleTimeAvg = 0.01882600784301758; EventCycleTimeCount = 1.0; EventCycleTimeMax = 0.01882600784301758; EventCycleTimeMin = 0.01882600784301758; EventCycleTimeStd = 0.01882600784301758; EventCycleTimeSum = 0.01882600784301758; LogProcessCycleTimeAvg = 0.005263090133666992; LogProcessCycleTimeCount = 1.0; LogProcessCycleTimeMax = 0.005263090133666992; LogProcessCycleTimeMin = 0.005263090133666992; LogProcessCycleTimeStd = 0.005263090133666992; LogProcessCycleTimeSum = 0.005263090133666992; SleepCycleTimeAvg = 5.001282930374146; SleepCycleTimeCount = 1.0; SleepCycleTimeMax = 5.001282930374146; SleepCycleTimeMin = 5.001282930374146; SleepCycleTimeStd = 5.001282930374146; SleepCycleTimeSum = 5.001282930374146; SubmitCycleTimeAvg = 0.009353518486022949; SubmitCycleTimeCount = 2.0; SubmitCycleTimeMax = 0.01866412162780762; SubmitCycleTimeMin = 4.291534423828125E-05; SubmitCycleTimeStd = 0.01316718123698543; SubmitCycleTimeSum = 0.0187070369720459; ]
06/09/22 13:31:50 Initializing user log writer for /Users/bianyiyang/airflow/dags/CRUX/workflow_pegasus/bianyiyang/pegasus/peakfinding-workflow/run0008/./peakfinding-workflow-0.dag.nodes.log, (63.0.0)
06/09/22 13:31:55 Currently monitoring 1 HTCondor log file(s)
06/09/22 13:31:55 Event: ULOG_POST_SCRIPT_TERMINATED for HTCondor Node create_dir_peakfinding-workflow_0_local (63.0.0) {06/09/22 13:31:50}
06/09/22 13:31:55 POST Script of node create_dir_peakfinding-workflow_0_local completed successfully.
06/09/22 13:31:55 Event: ULOG_JOB_TERMINATED for HTCondor Node stage_worker_local_peakfinding-workflow_0_local (64.0.0) {06/09/22 13:31:51}
06/09/22 13:31:55 Number of idle job procs: 0
06/09/22 13:31:55 Node stage_worker_local_peakfinding-workflow_0_local job proc (64.0.0) completed successfully.
06/09/22 13:31:55 Node stage_worker_local_peakfinding-workflow_0_local job completed
06/09/22 13:31:55 Running POST script of Node stage_worker_local_peakfinding-workflow_0_local...
06/09/22 13:31:55 Warning: mysin has length 0 (ignore if produced by DAGMan; see gittrac #4987, #5031)
06/09/22 13:31:55 DAG status: 0 (DAG_STATUS_OK)
06/09/22 13:31:55 Of 6 nodes total:
06/09/22 13:31:55  Done     Pre   Queued    Post   Ready   Un-Ready   Failed
06/09/22 13:31:55   ===     ===      ===     ===     ===        ===      ===
06/09/22 13:31:55     1       0        0       1       0          4        0
06/09/22 13:31:55 0 job proc(s) currently held
06/09/22 13:31:55 DAGMan Runtime Statistics: [ EventCycleTimeAvg = 0.01218247413635254; EventCycleTimeCount = 2.0; EventCycleTimeMax = 0.01882600784301758; EventCycleTimeMin = 0.0055389404296875; EventCycleTimeStd = 0.009395375470048498; EventCycleTimeSum = 0.02436494827270508; LogProcessCycleTimeAvg = 0.004755616188049316; LogProcessCycleTimeCount = 2.0; LogProcessCycleTimeMax = 0.005263090133666992; LogProcessCycleTimeMin = 0.004248142242431641; LogProcessCycleTimeStd = 0.0007176765364435035; LogProcessCycleTimeSum = 0.009511232376098633; SleepCycleTimeAvg = 5.16199254989624; SleepCycleTimeCount = 2.0; SleepCycleTimeMax = 5.322702169418335; SleepCycleTimeMin = 5.001282930374146; SleepCycleTimeStd = 0.2272777235319663; SleepCycleTimeSum = 10.32398509979248; SubmitCycleTimeAvg = 0.006244341532389323; SubmitCycleTimeCount = 3.0; SubmitCycleTimeMax = 0.01866412162780762; SubmitCycleTimeMin = 2.598762512207031E-05; SubmitCycleTimeStd = 0.01075584840218706; SubmitCycleTimeSum = 0.01873302459716797; ]
06/09/22 13:31:56 Initializing user log writer for /Users/bianyiyang/airflow/dags/CRUX/workflow_pegasus/bianyiyang/pegasus/peakfinding-workflow/run0008/./peakfinding-workflow-0.dag.nodes.log, (64.0.0)
06/09/22 13:32:00 Currently monitoring 1 HTCondor log file(s)
06/09/22 13:32:00 Event: ULOG_POST_SCRIPT_TERMINATED for HTCondor Node stage_worker_local_peakfinding-workflow_0_local (64.0.0) {06/09/22 13:31:56}
06/09/22 13:32:00 POST Script of node stage_worker_local_peakfinding-workflow_0_local completed successfully.
06/09/22 13:32:00 DAG status: 0 (DAG_STATUS_OK)
06/09/22 13:32:00 Of 6 nodes total:
06/09/22 13:32:00  Done     Pre   Queued    Post   Ready   Un-Ready   Failed
06/09/22 13:32:00   ===     ===      ===     ===     ===        ===      ===
06/09/22 13:32:00     2       0        0       0       1          3        0
06/09/22 13:32:00 0 job proc(s) currently held
06/09/22 13:32:00 DAGMan Runtime Statistics: [ EventCycleTimeAvg = 0.009614308675130209; EventCycleTimeCount = 3.0; EventCycleTimeMax = 0.01882600784301758; EventCycleTimeMin = 0.004477977752685547; EventCycleTimeStd = 0.007995183651439185; EventCycleTimeSum = 0.02884292602539062; LogProcessCycleTimeAvg = 0.003270387649536133; LogProcessCycleTimeCount = 3.0; LogProcessCycleTimeMax = 0.005263090133666992; LogProcessCycleTimeMin = 0.0002999305725097656; LogProcessCycleTimeStd = 0.002622068122746393; LogProcessCycleTimeSum = 0.009811162948608398; SleepCycleTimeAvg = 4.90529465675354; SleepCycleTimeCount = 3.0; SleepCycleTimeMax = 5.322702169418335; SleepCycleTimeMin = 4.39189887046814; SleepCycleTimeStd = 0.472767391894407; SleepCycleTimeSum = 14.71588397026062; SubmitCycleTimeAvg = 0.004692733287811279; SubmitCycleTimeCount = 4.0; SubmitCycleTimeMax = 0.01866412162780762; SubmitCycleTimeMin = 2.598762512207031E-05; SubmitCycleTimeStd = 0.009314261599600379; SubmitCycleTimeSum = 0.01877093315124512; ]
06/09/22 13:32:05 Submitting HTCondor Node stage_in_local_local_0_0 job(s)...
06/09/22 13:32:05 Submitting node stage_in_local_local_0_0 from file 00/00/stage_in_local_local_0_0.sub using direct job submission
06/09/22 13:32:05 Submit warning: Submit:0:the line 'JOB = stage_in_local_local_0_0' was unused by DAGMAN. Is it a typo?
06/09/22 13:32:05 	assigned HTCondor ID (65.0.0)
06/09/22 13:32:05 Just submitted 1 job this cycle...
06/09/22 13:32:05 DAG status: 0 (DAG_STATUS_OK)
06/09/22 13:32:05 Of 6 nodes total:
06/09/22 13:32:05  Done     Pre   Queued    Post   Ready   Un-Ready   Failed
06/09/22 13:32:05   ===     ===      ===     ===     ===        ===      ===
06/09/22 13:32:05     2       0        1       0       0          3        0
06/09/22 13:32:05 0 job proc(s) currently held
06/09/22 13:32:05 DAGMan Runtime Statistics: [ EventCycleTimeAvg = 0.007361233234405518; EventCycleTimeCount = 4.0; EventCycleTimeMax = 0.01882600784301758; EventCycleTimeMin = 0.0006020069122314453; EventCycleTimeStd = 0.007932257151228394; EventCycleTimeSum = 0.02944493293762207; LogProcessCycleTimeAvg = 0.003270387649536133; LogProcessCycleTimeCount = 3.0; LogProcessCycleTimeMax = 0.005263090133666992; LogProcessCycleTimeMin = 0.0002999305725097656; LogProcessCycleTimeStd = 0.002622068122746393; LogProcessCycleTimeSum = 0.009811162948608398; SleepCycleTimeAvg = 4.929212987422943; SleepCycleTimeCount = 4.0; SleepCycleTimeMax = 5.322702169418335; SleepCycleTimeMin = 4.39189887046814; SleepCycleTimeStd = 0.3889657449276695; SleepCycleTimeSum = 19.71685194969177; SubmitCycleTimeAvg = 0.005695581436157227; SubmitCycleTimeCount = 5.0; SubmitCycleTimeMax = 0.01866412162780762; SubmitCycleTimeMin = 2.598762512207031E-05; SubmitCycleTimeStd = 0.008372283075872861; SubmitCycleTimeSum = 0.02847790718078613; ]
06/09/22 13:32:10 Currently monitoring 1 HTCondor log file(s)
06/09/22 13:32:10 Reassigning the id of job stage_in_local_local_0_0 from (65.0.0) to (65.0.0)
06/09/22 13:32:10 Event: ULOG_SUBMIT for HTCondor Node stage_in_local_local_0_0 (65.0.0) {06/09/22 13:32:05}
06/09/22 13:32:10 Number of idle job procs: 1
06/09/22 13:32:10 Event: ULOG_EXECUTE for HTCondor Node stage_in_local_local_0_0 (65.0.0) {06/09/22 13:32:05}
06/09/22 13:32:10 Number of idle job procs: 0
06/09/22 13:32:10 Event: ULOG_JOB_TERMINATED for HTCondor Node stage_in_local_local_0_0 (65.0.0) {06/09/22 13:32:08}
06/09/22 13:32:10 Number of idle job procs: 0
06/09/22 13:32:10 Node stage_in_local_local_0_0 job proc (65.0.0) completed successfully.
06/09/22 13:32:10 Node stage_in_local_local_0_0 job completed
06/09/22 13:32:10 Running POST script of Node stage_in_local_local_0_0...
06/09/22 13:32:10 Warning: mysin has length 0 (ignore if produced by DAGMan; see gittrac #4987, #5031)
06/09/22 13:32:10 DAG status: 0 (DAG_STATUS_OK)
06/09/22 13:32:10 Of 6 nodes total:
06/09/22 13:32:10  Done     Pre   Queued    Post   Ready   Un-Ready   Failed
06/09/22 13:32:10   ===     ===      ===     ===     ===        ===      ===
06/09/22 13:32:10     2       0        0       1       0          3        0
06/09/22 13:32:10 0 job proc(s) currently held
06/09/22 13:32:10 DAGMan Runtime Statistics: [ EventCycleTimeAvg = 0.007876205444335937; EventCycleTimeCount = 5.0; EventCycleTimeMax = 0.01882600784301758; EventCycleTimeMin = 0.0006020069122314453; EventCycleTimeStd = 0.006965379352189915; EventCycleTimeSum = 0.03938102722167969; LogProcessCycleTimeAvg = 0.004671990871429443; LogProcessCycleTimeCount = 4.0; LogProcessCycleTimeMax = 0.008876800537109375; LogProcessCycleTimeMin = 0.0002999305725097656; LogProcessCycleTimeStd = 0.003527245458810888; LogProcessCycleTimeSum = 0.01868796348571777; SleepCycleTimeAvg = 4.943480968475342; SleepCycleTimeCount = 5.0; SleepCycleTimeMax = 5.322702169418335; SleepCycleTimeMin = 4.39189887046814; SleepCycleTimeStd = 0.3383616991651252; SleepCycleTimeSum = 24.71740484237671; SubmitCycleTimeAvg = 0.004748185475667317; SubmitCycleTimeCount = 6.0; SubmitCycleTimeMax = 0.01866412162780762; SubmitCycleTimeMin = 1.120567321777344E-05; SubmitCycleTimeStd = 0.00783973556682579; SubmitCycleTimeSum = 0.02848911285400391; ]
06/09/22 13:32:10 Initializing user log writer for /Users/bianyiyang/airflow/dags/CRUX/workflow_pegasus/bianyiyang/pegasus/peakfinding-workflow/run0008/./peakfinding-workflow-0.dag.nodes.log, (65.0.0)
06/09/22 13:32:15 Currently monitoring 1 HTCondor log file(s)
06/09/22 13:32:15 Event: ULOG_POST_SCRIPT_TERMINATED for HTCondor Node stage_in_local_local_0_0 (65.0.0) {06/09/22 13:32:10}
06/09/22 13:32:15 POST Script of node stage_in_local_local_0_0 completed successfully.
06/09/22 13:32:15 DAG status: 0 (DAG_STATUS_OK)
06/09/22 13:32:15 Of 6 nodes total:
06/09/22 13:32:15  Done     Pre   Queued    Post   Ready   Un-Ready   Failed
06/09/22 13:32:15   ===     ===      ===     ===     ===        ===      ===
06/09/22 13:32:15     3       0        0       0       1          2        0
06/09/22 13:32:15 0 job proc(s) currently held
06/09/22 13:32:15 DAGMan Runtime Statistics: [ EventCycleTimeAvg = 0.00808266798655192; EventCycleTimeCount = 6.0; EventCycleTimeMax = 0.01882600784301758; EventCycleTimeMin = 0.0006020069122314453; EventCycleTimeStd = 0.006250517442897076; EventCycleTimeSum = 0.04849600791931152; LogProcessCycleTimeAvg = 0.00379018783569336; LogProcessCycleTimeCount = 5.0; LogProcessCycleTimeMax = 0.008876800537109375; LogProcessCycleTimeMin = 0.0002629756927490234; LogProcessCycleTimeStd = 0.003635791298217403; LogProcessCycleTimeSum = 0.0189509391784668; SleepCycleTimeAvg = 5.036296327908834; SleepCycleTimeCount = 6.0; SleepCycleTimeMax = 5.500373125076294; SleepCycleTimeMin = 4.39189887046814; SleepCycleTimeStd = 0.378522201792894; SleepCycleTimeSum = 30.217777967453; SubmitCycleTimeAvg = 0.004077025822230748; SubmitCycleTimeCount = 7.0; SubmitCycleTimeMax = 0.01866412162780762; SubmitCycleTimeMin = 1.120567321777344E-05; SubmitCycleTimeStd = 0.007373673785452456; SubmitCycleTimeSum = 0.02853918075561523; ]
06/09/22 13:32:20 Submitting HTCondor Node generate_source_ID0000001 job(s)...
06/09/22 13:32:20 Submitting node generate_source_ID0000001 from file 00/00/generate_source_ID0000001.sub using direct job submission
06/09/22 13:32:20 Submit warning: Submit:0:the line 'JOB = generate_source_ID0000001' was unused by DAGMAN. Is it a typo?
06/09/22 13:32:20 	assigned HTCondor ID (66.0.0)
06/09/22 13:32:20 Just submitted 1 job this cycle...
06/09/22 13:32:20 DAG status: 0 (DAG_STATUS_OK)
06/09/22 13:32:20 Of 6 nodes total:
06/09/22 13:32:20  Done     Pre   Queued    Post   Ready   Un-Ready   Failed
06/09/22 13:32:20   ===     ===      ===     ===     ===        ===      ===
06/09/22 13:32:20     3       0        1       0       0          2        0
06/09/22 13:32:20 0 job proc(s) currently held
06/09/22 13:32:20 DAGMan Runtime Statistics: [ EventCycleTimeAvg = 0.00701829365321568; EventCycleTimeCount = 7.0; EventCycleTimeMax = 0.01882600784301758; EventCycleTimeMin = 0.0006020069122314453; EventCycleTimeStd = 0.006362996356818742; EventCycleTimeSum = 0.04912805557250977; LogProcessCycleTimeAvg = 0.00379018783569336; LogProcessCycleTimeCount = 5.0; LogProcessCycleTimeMax = 0.008876800537109375; LogProcessCycleTimeMin = 0.0002629756927490234; LogProcessCycleTimeStd = 0.003635791298217403; LogProcessCycleTimeSum = 0.0189509391784668; SleepCycleTimeAvg = 5.031144142150879; SleepCycleTimeCount = 7.0; SleepCycleTimeMax = 5.500373125076294; SleepCycleTimeMin = 4.39189887046814; SleepCycleTimeStd = 0.345810684481707; SleepCycleTimeSum = 35.21800899505615; SubmitCycleTimeAvg = 0.005417913198471069; SubmitCycleTimeCount = 8.0; SubmitCycleTimeMax = 0.01866412162780762; SubmitCycleTimeMin = 1.120567321777344E-05; SubmitCycleTimeStd = 0.007809455917468708; SubmitCycleTimeSum = 0.04334330558776855; ]
06/09/22 13:32:25 Currently monitoring 1 HTCondor log file(s)
06/09/22 13:32:25 Reassigning the id of job generate_source_ID0000001 from (66.0.0) to (66.0.0)
06/09/22 13:32:25 Event: ULOG_SUBMIT for HTCondor Node generate_source_ID0000001 (66.0.0) {06/09/22 13:32:20}
06/09/22 13:32:25 Number of idle job procs: 1
06/09/22 13:32:25 Event: ULOG_EXECUTE for HTCondor Node generate_source_ID0000001 (66.0.0) {06/09/22 13:32:23}
06/09/22 13:32:25 Number of idle job procs: 0
06/09/22 13:32:30 Currently monitoring 1 HTCondor log file(s)
06/09/22 13:32:30 Event: ULOG_JOB_TERMINATED for HTCondor Node generate_source_ID0000001 (66.0.0) {06/09/22 13:32:26}
06/09/22 13:32:30 Number of idle job procs: 0
06/09/22 13:32:30 Node generate_source_ID0000001 job proc (66.0.0) failed with status 126.
06/09/22 13:32:30 Node generate_source_ID0000001 job completed
06/09/22 13:32:30 Running POST script of Node generate_source_ID0000001...
06/09/22 13:32:30 Warning: mysin has length 0 (ignore if produced by DAGMan; see gittrac #4987, #5031)
06/09/22 13:32:30 DAG status: 0 (DAG_STATUS_OK)
06/09/22 13:32:30 Of 6 nodes total:
06/09/22 13:32:30  Done     Pre   Queued    Post   Ready   Un-Ready   Failed
06/09/22 13:32:30   ===     ===      ===     ===     ===        ===      ===
06/09/22 13:32:30     3       0        0       1       0          2        0
06/09/22 13:32:30 0 job proc(s) currently held
06/09/22 13:32:30 DAGMan Runtime Statistics: [ EventCycleTimeAvg = 0.007148981094360352; EventCycleTimeCount = 9.0; EventCycleTimeMax = 0.01882600784301758; EventCycleTimeMin = 0.0002009868621826172; EventCycleTimeStd = 0.006644022100274085; EventCycleTimeSum = 0.06434082984924316; LogProcessCycleTimeAvg = 0.003589664186750139; LogProcessCycleTimeCount = 7.0; LogProcessCycleTimeMax = 0.008876800537109375; LogProcessCycleTimeMin = 0.0001828670501708984; LogProcessCycleTimeStd = 0.003426935098101166; LogProcessCycleTimeSum = 0.02512764930725098; SleepCycleTimeAvg = 5.024401346842448; SleepCycleTimeCount = 9.0; SleepCycleTimeMax = 5.500373125076294; SleepCycleTimeMin = 4.39189887046814; SleepCycleTimeStd = 0.2997796380346088; SleepCycleTimeSum = 45.21961212158203; SubmitCycleTimeAvg = 0.004340124130249023; SubmitCycleTimeCount = 10.0; SubmitCycleTimeMax = 0.01866412162780762; SubmitCycleTimeMin = 6.914138793945312E-06; SubmitCycleTimeStd = 0.007252427607700076; SubmitCycleTimeSum = 0.04340124130249023; ]
06/09/22 13:32:31 Initializing user log writer for /Users/bianyiyang/airflow/dags/CRUX/workflow_pegasus/bianyiyang/pegasus/peakfinding-workflow/run0008/./peakfinding-workflow-0.dag.nodes.log, (66.0.0)
06/09/22 13:32:35 Currently monitoring 1 HTCondor log file(s)
06/09/22 13:32:35 Event: ULOG_POST_SCRIPT_TERMINATED for HTCondor Node generate_source_ID0000001 (66.0.0) {06/09/22 13:32:31}
06/09/22 13:32:35 POST Script of node generate_source_ID0000001 failed with status 1
06/09/22 13:32:35 POST for Node generate_source_ID0000001 returned 1
06/09/22 13:32:35 Retrying node generate_source_ID0000001 (retry #1 of 1)...
06/09/22 13:32:35 DAG status: 0 (DAG_STATUS_OK)
06/09/22 13:32:35 Of 6 nodes total:
06/09/22 13:32:35  Done     Pre   Queued    Post   Ready   Un-Ready   Failed
06/09/22 13:32:35   ===     ===      ===     ===     ===        ===      ===
06/09/22 13:32:35     3       0        0       0       1          2        0
06/09/22 13:32:35 0 job proc(s) currently held
06/09/22 13:32:35 DAGMan Runtime Statistics: [ EventCycleTimeAvg = 0.007062172889709473; EventCycleTimeCount = 10.0; EventCycleTimeMax = 0.01882600784301758; EventCycleTimeMin = 0.0002009868621826172; EventCycleTimeStd = 0.006270056238866758; EventCycleTimeSum = 0.07062172889709473; LogProcessCycleTimeAvg = 0.003177464008331299; LogProcessCycleTimeCount = 8.0; LogProcessCycleTimeMax = 0.008876800537109375; LogProcessCycleTimeMin = 0.0001828670501708984; LogProcessCycleTimeStd = 0.00338015655335969; LogProcessCycleTimeSum = 0.02541971206665039; SleepCycleTimeAvg = 4.951269125938415; SleepCycleTimeCount = 10.0; SleepCycleTimeMax = 5.500373125076294; SleepCycleTimeMin = 4.293079137802124; SleepCycleTimeStd = 0.3651927355875633; SleepCycleTimeSum = 49.51269125938416; SubmitCycleTimeAvg = 0.003949035297740589; SubmitCycleTimeCount = 11.0; SubmitCycleTimeMax = 0.01866412162780762; SubmitCycleTimeMin = 6.914138793945312E-06; SubmitCycleTimeStd = 0.007001456334826214; SubmitCycleTimeSum = 0.04343938827514648; ]
06/09/22 13:32:40 Reassigning the id of job generate_source_ID0000001 from (66.0.0) to (-1.-1.-1)
06/09/22 13:32:40 Submitting HTCondor Node generate_source_ID0000001 job(s)...
06/09/22 13:32:40 Submitting node generate_source_ID0000001 from file 00/00/generate_source_ID0000001.sub using direct job submission
06/09/22 13:32:40 Submit warning: Submit:0:the line 'JOB = generate_source_ID0000001' was unused by DAGMAN. Is it a typo?
06/09/22 13:32:40 	assigned HTCondor ID (67.0.0)
06/09/22 13:32:40 Just submitted 1 job this cycle...
06/09/22 13:32:40 DAG status: 0 (DAG_STATUS_OK)
06/09/22 13:32:40 Of 6 nodes total:
06/09/22 13:32:40  Done     Pre   Queued    Post   Ready   Un-Ready   Failed
06/09/22 13:32:40   ===     ===      ===     ===     ===        ===      ===
06/09/22 13:32:40     3       0        1       0       0          2        0
06/09/22 13:32:40 0 job proc(s) currently held
06/09/22 13:32:40 DAGMan Runtime Statistics: [ EventCycleTimeAvg = 0.006480693817138672; EventCycleTimeCount = 11.0; EventCycleTimeMax = 0.01882600784301758; EventCycleTimeMin = 0.0002009868621826172; EventCycleTimeStd = 0.006253122559562745; EventCycleTimeSum = 0.07128763198852539; LogProcessCycleTimeAvg = 0.003177464008331299; LogProcessCycleTimeCount = 8.0; LogProcessCycleTimeMax = 0.008876800537109375; LogProcessCycleTimeMin = 0.0001828670501708984; LogProcessCycleTimeStd = 0.00338015655335969; LogProcessCycleTimeSum = 0.02541971206665039; SleepCycleTimeAvg = 4.955711299722845; SleepCycleTimeCount = 11.0; SleepCycleTimeMax = 5.500373125076294; SleepCycleTimeMin = 4.293079137802124; SleepCycleTimeStd = 0.3467653712534967; SleepCycleTimeSum = 54.51282429695129; SubmitCycleTimeAvg = 0.007348120212554932; SubmitCycleTimeCount = 12.0; SubmitCycleTimeMax = 0.0447380542755127; SubmitCycleTimeMin = 6.914138793945312E-06; SubmitCycleTimeStd = 0.01353548413398989; SubmitCycleTimeSum = 0.08817744255065918; ]
06/09/22 13:32:45 Currently monitoring 1 HTCondor log file(s)
06/09/22 13:32:45 Reassigning the id of job generate_source_ID0000001 from (67.0.0) to (67.0.0)
06/09/22 13:32:45 Event: ULOG_SUBMIT for HTCondor Node generate_source_ID0000001 (67.0.0) {06/09/22 13:32:40}
06/09/22 13:32:45 Number of idle job procs: 1
06/09/22 13:32:45 Event: ULOG_EXECUTE for HTCondor Node generate_source_ID0000001 (67.0.0) {06/09/22 13:32:40}
06/09/22 13:32:45 Number of idle job procs: 0
06/09/22 13:32:45 Event: ULOG_JOB_TERMINATED for HTCondor Node generate_source_ID0000001 (67.0.0) {06/09/22 13:32:43}
06/09/22 13:32:45 Number of idle job procs: 0
06/09/22 13:32:45 Node generate_source_ID0000001 job proc (67.0.0) failed with status 126.
06/09/22 13:32:45 Node generate_source_ID0000001 job completed
06/09/22 13:32:45 Running POST script of Node generate_source_ID0000001...
06/09/22 13:32:45 Warning: mysin has length 0 (ignore if produced by DAGMan; see gittrac #4987, #5031)
06/09/22 13:32:45 DAG status: 0 (DAG_STATUS_OK)
06/09/22 13:32:45 Of 6 nodes total:
06/09/22 13:32:45  Done     Pre   Queued    Post   Ready   Un-Ready   Failed
06/09/22 13:32:45   ===     ===      ===     ===     ===        ===      ===
06/09/22 13:32:45     3       0        0       1       0          2        0
06/09/22 13:32:45 0 job proc(s) currently held
06/09/22 13:32:45 DAGMan Runtime Statistics: [ EventCycleTimeAvg = 0.009780804316202799; EventCycleTimeCount = 12.0; EventCycleTimeMax = 0.0460820198059082; EventCycleTimeMin = 0.0002009868621826172; EventCycleTimeStd = 0.01289323884073114; EventCycleTimeSum = 0.1173696517944336; LogProcessCycleTimeAvg = 0.003502077526516384; LogProcessCycleTimeCount = 9.0; LogProcessCycleTimeMax = 0.008876800537109375; LogProcessCycleTimeMin = 0.0001828670501708984; LogProcessCycleTimeStd = 0.003308419782957476; LogProcessCycleTimeSum = 0.03151869773864746; SleepCycleTimeAvg = 4.959438284238179; SleepCycleTimeCount = 12.0; SleepCycleTimeMax = 5.500373125076294; SleepCycleTimeMin = 4.293079137802124; SleepCycleTimeStd = 0.3308797861347035; SleepCycleTimeSum = 59.51325941085815; SubmitCycleTimeAvg = 0.006783815530630259; SubmitCycleTimeCount = 13.0; SubmitCycleTimeMax = 0.0447380542755127; SubmitCycleTimeMin = 6.914138793945312E-06; SubmitCycleTimeStd = 0.01311798778683613; SubmitCycleTimeSum = 0.08818960189819336; ]
06/09/22 13:32:45 Initializing user log writer for /Users/bianyiyang/airflow/dags/CRUX/workflow_pegasus/bianyiyang/pegasus/peakfinding-workflow/run0008/./peakfinding-workflow-0.dag.nodes.log, (67.0.0)
06/09/22 13:32:50 Currently monitoring 1 HTCondor log file(s)
06/09/22 13:32:50 Event: ULOG_POST_SCRIPT_TERMINATED for HTCondor Node generate_source_ID0000001 (67.0.0) {06/09/22 13:32:45}
06/09/22 13:32:50 POST Script of node generate_source_ID0000001 failed with status 1
06/09/22 13:32:50 POST for Node generate_source_ID0000001 returned 1
06/09/22 13:32:50 DAG status: 2 (DAG_STATUS_NODE_FAILED)
06/09/22 13:32:50 Of 6 nodes total:
06/09/22 13:32:50  Done     Pre   Queued    Post   Ready   Un-Ready   Failed
06/09/22 13:32:50   ===     ===      ===     ===     ===        ===      ===
06/09/22 13:32:50     3       0        0       0       0          2        1
06/09/22 13:32:50 0 job proc(s) currently held
06/09/22 13:32:50 DAGMan Runtime Statistics: [ EventCycleTimeAvg = 0.009536192967341496; EventCycleTimeCount = 13.0; EventCycleTimeMax = 0.0460820198059082; EventCycleTimeMin = 0.0002009868621826172; EventCycleTimeStd = 0.01237580267065613; EventCycleTimeSum = 0.1239705085754395; LogProcessCycleTimeAvg = 0.003177285194396973; LogProcessCycleTimeCount = 10.0; LogProcessCycleTimeMax = 0.008876800537109375; LogProcessCycleTimeMin = 0.0001828670501708984; LogProcessCycleTimeStd = 0.003283954881819517; LogProcessCycleTimeSum = 0.03177285194396973; SleepCycleTimeAvg = 4.990236410727868; SleepCycleTimeCount = 13.0; SleepCycleTimeMax = 5.500373125076294; SleepCycleTimeMin = 4.293079137802124; SleepCycleTimeStd = 0.3356915248732657; SleepCycleTimeSum = 64.87307333946228; SubmitCycleTimeAvg = 0.006304826055254255; SubmitCycleTimeCount = 14.0; SubmitCycleTimeMax = 0.0447380542755127; SubmitCycleTimeMin = 6.914138793945312E-06; SubmitCycleTimeStd = 0.01273014493208874; SubmitCycleTimeSum = 0.08826756477355957; ]
06/09/22 13:32:50 ERROR: the following job(s) failed:
06/09/22 13:32:50 ---------------------- Job ----------------------
06/09/22 13:32:50       Node Name: generate_source_ID0000001
06/09/22 13:32:50            Noop: false
06/09/22 13:32:50          NodeID: 3
06/09/22 13:32:50     Node Status: STATUS_ERROR    
06/09/22 13:32:50 Node return val: 1
06/09/22 13:32:50           Error: Job exited with status 126 and POST Script failed with status 1 (after 1 node retries)
06/09/22 13:32:50 Job Submit File: 00/00/generate_source_ID0000001.sub
06/09/22 13:32:50     POST Script: /usr/local/Homebrew/bin/pegasus-exitcode  -r $RETURN -s PegasusLite:+exitcode+0 -l peakfinding-workflow-0.exitcode.log -M peakfinding-workflow-0.cache.meta   .//00/00/generate_source_ID0000001.out
06/09/22 13:32:50           Retry: 1
06/09/22 13:32:50  HTCondor Job ID: (67.0.0)
06/09/22 13:32:50 PARENTS: stage_in_local_local_0_0 WAITING: 0 CHILDREN: clean_up_local_level_3_0
06/09/22 13:32:50 ---------------------------------------	<END>
06/09/22 13:32:50 Aborting DAG...
06/09/22 13:32:50 Writing Rescue DAG to peakfinding-workflow-0.dag.rescue001...
06/09/22 13:32:50 Removing submitted jobs...
06/09/22 13:32:50 Removing any/all submitted HTCondor jobs...
06/09/22 13:32:50 Running: /usr/local/condor/bin/condor_rm -const DAGManJobId==62
06/09/22 13:32:50 Note: 0 total job deferrals because of -MaxJobs limit (0)
06/09/22 13:32:50 Note: 0 total job deferrals because of -MaxIdle limit (1000)
06/09/22 13:32:50 Note: 0 total job deferrals because of node category throttles
06/09/22 13:32:50 Note: 0 total PRE script deferrals because of -MaxPre limit (20) or DEFER
06/09/22 13:32:50 Note: 0 total POST script deferrals because of -MaxPost limit (20) or DEFER
06/09/22 13:32:50 Note: 0 total HOLD script deferrals because of -MaxHold limit (20) or DEFER
06/09/22 13:32:50 DAG status: 2 (DAG_STATUS_NODE_FAILED)
06/09/22 13:32:50 Of 6 nodes total:
06/09/22 13:32:50  Done     Pre   Queued    Post   Ready   Un-Ready   Failed
06/09/22 13:32:50   ===     ===      ===     ===     ===        ===      ===
06/09/22 13:32:50     3       0        0       0       0          2        1
06/09/22 13:32:50 0 job proc(s) currently held
06/09/22 13:32:50 DAGMan Runtime Statistics: [ EventCycleTimeAvg = 0.009536192967341496; EventCycleTimeCount = 13.0; EventCycleTimeMax = 0.0460820198059082; EventCycleTimeMin = 0.0002009868621826172; EventCycleTimeStd = 0.01237580267065613; EventCycleTimeSum = 0.1239705085754395; LogProcessCycleTimeAvg = 0.003177285194396973; LogProcessCycleTimeCount = 10.0; LogProcessCycleTimeMax = 0.008876800537109375; LogProcessCycleTimeMin = 0.0001828670501708984; LogProcessCycleTimeStd = 0.003283954881819517; LogProcessCycleTimeSum = 0.03177285194396973; SleepCycleTimeAvg = 4.990236410727868; SleepCycleTimeCount = 13.0; SleepCycleTimeMax = 5.500373125076294; SleepCycleTimeMin = 4.293079137802124; SleepCycleTimeStd = 0.3356915248732657; SleepCycleTimeSum = 64.87307333946228; SubmitCycleTimeAvg = 0.006304826055254255; SubmitCycleTimeCount = 14.0; SubmitCycleTimeMax = 0.0447380542755127; SubmitCycleTimeMin = 6.914138793945312E-06; SubmitCycleTimeStd = 0.01273014493208874; SubmitCycleTimeSum = 0.08826756477355957; ]
06/09/22 13:32:50 Wrote metrics file peakfinding-workflow-0.dag.metrics.
06/09/22 13:32:50 DAGMan Runtime Statistics: [ EventCycleTimeAvg = 0.009536192967341496; EventCycleTimeCount = 13.0; EventCycleTimeMax = 0.0460820198059082; EventCycleTimeMin = 0.0002009868621826172; EventCycleTimeStd = 0.01237580267065613; EventCycleTimeSum = 0.1239705085754395; LogProcessCycleTimeAvg = 0.003177285194396973; LogProcessCycleTimeCount = 10.0; LogProcessCycleTimeMax = 0.008876800537109375; LogProcessCycleTimeMin = 0.0001828670501708984; LogProcessCycleTimeStd = 0.003283954881819517; LogProcessCycleTimeSum = 0.03177285194396973; SleepCycleTimeAvg = 4.990236410727868; SleepCycleTimeCount = 13.0; SleepCycleTimeMax = 5.500373125076294; SleepCycleTimeMin = 4.293079137802124; SleepCycleTimeStd = 0.3356915248732657; SleepCycleTimeSum = 64.87307333946228; SubmitCycleTimeAvg = 0.006304826055254255; SubmitCycleTimeCount = 14.0; SubmitCycleTimeMax = 0.0447380542755127; SubmitCycleTimeMin = 6.914138793945312E-06; SubmitCycleTimeStd = 0.01273014493208874; SubmitCycleTimeSum = 0.08826756477355957; ]
06/09/22 13:32:50 **** condor_scheduniv_exec.62.0 (condor_DAGMAN) pid 23512 EXITING WITH STATUS 1
