06/08/22 22:34:03 ******************************************************
06/08/22 22:34:03 ** condor_scheduniv_exec.33.0 (CONDOR_DAGMAN) STARTING UP
06/08/22 22:34:03 ** /usr/local/condor/bin/condor_dagman
06/08/22 22:34:03 ** SubsystemInfo: name=DAGMAN type=DAGMAN(10) class=DAEMON(1)
06/08/22 22:34:03 ** Configuration: subsystem:DAGMAN local:<NONE> class:DAEMON
06/08/22 22:34:03 ** $CondorVersion: 9.8.0 Apr 21 2022 BuildID: 584246 $
06/08/22 22:34:03 ** $CondorPlatform: x86_64_MacOSX15 $
06/08/22 22:34:03 ** PID = 5278
06/08/22 22:34:03 ** Log last touched time unavailable (No such file or directory)
06/08/22 22:34:03 ******************************************************
06/08/22 22:34:03 Using config source: /etc/condor/condor_config
06/08/22 22:34:03 Using local config sources: 
06/08/22 22:34:03    /usr/local/condor/local/config.d/00-htcondor-9.0.config
06/08/22 22:34:03    /usr/local/condor/local/config.d/00-minicondor
06/08/22 22:34:03 config Macros = 68, Sorted = 67, StringBytes = 2008, TablesBytes = 2504
06/08/22 22:34:03 CLASSAD_CACHING is ENABLED
06/08/22 22:34:03 Daemon Log is logging: D_ALWAYS D_ERROR
06/08/22 22:34:03 DaemonCore: No command port requested.
06/08/22 22:34:03 DAGMAN_USE_STRICT setting: 1
06/08/22 22:34:03 DAGMAN_VERBOSITY setting: 3
06/08/22 22:34:03 DAGMAN_DEBUG_CACHE_SIZE setting: 5242880
06/08/22 22:34:03 DAGMAN_DEBUG_CACHE_ENABLE setting: False
06/08/22 22:34:03 DAGMAN_SUBMIT_DELAY setting: 0
06/08/22 22:34:03 DAGMAN_MAX_SUBMIT_ATTEMPTS setting: 6
06/08/22 22:34:03 DAGMAN_STARTUP_CYCLE_DETECT setting: False
06/08/22 22:34:03 DAGMAN_MAX_SUBMITS_PER_INTERVAL setting: 100
06/08/22 22:34:03 DAGMAN_AGGRESSIVE_SUBMIT setting: False
06/08/22 22:34:03 DAGMAN_USER_LOG_SCAN_INTERVAL setting: 5
06/08/22 22:34:03 DAGMAN_QUEUE_UPDATE_INTERVAL setting: 300
06/08/22 22:34:03 DAGMAN_DEFAULT_PRIORITY setting: 0
06/08/22 22:34:03 DAGMAN_SUPPRESS_NOTIFICATION setting: True
06/08/22 22:34:03 allow_events (DAGMAN_ALLOW_EVENTS) setting: 114
06/08/22 22:34:03 DAGMAN_RETRY_SUBMIT_FIRST setting: True
06/08/22 22:34:03 DAGMAN_RETRY_NODE_FIRST setting: False
06/08/22 22:34:03 DAGMAN_MAX_JOBS_IDLE setting: 1000
06/08/22 22:34:03 DAGMAN_MAX_JOBS_SUBMITTED setting: 0
06/08/22 22:34:03 DAGMAN_MAX_PRE_SCRIPTS setting: 20
06/08/22 22:34:03 DAGMAN_MAX_POST_SCRIPTS setting: 20
06/08/22 22:34:03 DAGMAN_MAX_HOLD_SCRIPTS setting: 20
06/08/22 22:34:03 DAGMAN_MUNGE_NODE_NAMES setting: True
06/08/22 22:34:03 DAGMAN_PROHIBIT_MULTI_JOBS setting: False
06/08/22 22:34:03 DAGMAN_SUBMIT_DEPTH_FIRST setting: False
06/08/22 22:34:03 DAGMAN_ALWAYS_RUN_POST setting: False
06/08/22 22:34:03 DAGMAN_CONDOR_SUBMIT_EXE setting: /usr/local/condor/bin/condor_submit
06/08/22 22:34:03 DAGMAN_USE_DIRECT_SUBMIT setting: True
06/08/22 22:34:03 DAGMAN_ABORT_DUPLICATES setting: True
06/08/22 22:34:03 DAGMAN_ABORT_ON_SCARY_SUBMIT setting: True
06/08/22 22:34:03 DAGMAN_PENDING_REPORT_INTERVAL setting: 600
06/08/22 22:34:03 DAGMAN_AUTO_RESCUE setting: True
06/08/22 22:34:03 DAGMAN_MAX_RESCUE_NUM setting: 100
06/08/22 22:34:03 DAGMAN_WRITE_PARTIAL_RESCUE setting: True
06/08/22 22:34:03 DAGMAN_DEFAULT_NODE_LOG setting: @(DAG_DIR)/@(DAG_FILE).nodes.log
06/08/22 22:34:03 DAGMAN_GENERATE_SUBDAG_SUBMITS setting: True
06/08/22 22:34:03 DAGMAN_MAX_JOB_HOLDS setting: 100
06/08/22 22:34:03 DAGMAN_HOLD_CLAIM_TIME setting: 20
06/08/22 22:34:03 ALL_DEBUG setting: 
06/08/22 22:34:03 DAGMAN_DEBUG setting: 
06/08/22 22:34:03 DAGMAN_SUPPRESS_JOB_LOGS setting: False
06/08/22 22:34:03 DAGMAN_REMOVE_NODE_JOBS setting: True
06/08/22 22:34:03 DAGMAN will adjust edges after parsing
06/08/22 22:34:03 argv[0] == "condor_scheduniv_exec.33.0"
06/08/22 22:34:03 argv[1] == "-Lockfile"
06/08/22 22:34:03 argv[2] == "peakfinding-workflow-0.dag.lock"
06/08/22 22:34:03 argv[3] == "-AutoRescue"
06/08/22 22:34:03 argv[4] == "1"
06/08/22 22:34:03 argv[5] == "-DoRescueFrom"
06/08/22 22:34:03 argv[6] == "0"
06/08/22 22:34:03 argv[7] == "-Dag"
06/08/22 22:34:03 argv[8] == "peakfinding-workflow-0.dag"
06/08/22 22:34:03 argv[9] == "-MaxPost"
06/08/22 22:34:03 argv[10] == "20"
06/08/22 22:34:03 argv[11] == "-Suppress_notification"
06/08/22 22:34:03 argv[12] == "-CsdVersion"
06/08/22 22:34:03 argv[13] == "$CondorVersion: 9.8.0 Apr 21 2022 BuildID: 584246 $"
06/08/22 22:34:03 argv[14] == "-Dagman"
06/08/22 22:34:03 argv[15] == "/usr/local/condor/bin/condor_dagman"
06/08/22 22:34:03 Can't open directory "/etc/condor/passwords.d" as PRIV_ROOT, errno: 13 (Permission denied)
06/08/22 22:34:03 Can't open directory "/etc/condor/passwords.d" as PRIV_ROOT, errno: 13 (Permission denied)
06/08/22 22:34:03 Workflow batch-id: <33.0>
06/08/22 22:34:03 Workflow batch-name: <peakfinding-workflow-0.dag+33>
06/08/22 22:34:03 Workflow accounting_group: <>
06/08/22 22:34:03 Workflow accounting_group_user: <>
06/08/22 22:34:03 Warning: failed to get attribute DAGNodeName
06/08/22 22:34:03 DAGMAN_LOG_ON_NFS_IS_ERROR setting: False
06/08/22 22:34:03 Default node log file is: </Users/bianyiyang/airflow/dags/CRUX/workflow_pegasus/bianyiyang/pegasus/peakfinding-workflow/run0003/./peakfinding-workflow-0.dag.nodes.log>
06/08/22 22:34:03 DAG Lockfile will be written to peakfinding-workflow-0.dag.lock
06/08/22 22:34:03 DAG Input file is peakfinding-workflow-0.dag
06/08/22 22:34:03 Parsing 1 dagfiles
06/08/22 22:34:03 Parsing peakfinding-workflow-0.dag ...
06/08/22 22:34:03 Adjusting edges
06/08/22 22:34:03 Warning: category registration has no assigned nodes, so the throttle setting (1) will have no effect
06/08/22 22:34:03 Warning: category stageout has no assigned nodes, so the throttle setting (10) will have no effect
06/08/22 22:34:03 Dag contains 6 total jobs
06/08/22 22:34:03 Warning: ProcessId not confirmed unique
06/08/22 22:34:03 Bootstrapping...
06/08/22 22:34:03 Number of pre-completed nodes: 0
06/08/22 22:34:03 MultiLogFiles: truncating log file /Users/bianyiyang/airflow/dags/CRUX/workflow_pegasus/bianyiyang/pegasus/peakfinding-workflow/run0003/./peakfinding-workflow-0.dag.nodes.log
06/08/22 22:34:03 DAG status: 0 (DAG_STATUS_OK)
06/08/22 22:34:03 Of 6 nodes total:
06/08/22 22:34:03  Done     Pre   Queued    Post   Ready   Un-Ready   Failed
06/08/22 22:34:03   ===     ===      ===     ===     ===        ===      ===
06/08/22 22:34:03     0       0        0       0       2          4        0
06/08/22 22:34:03 0 job proc(s) currently held
06/08/22 22:34:03 DAGMan Runtime Statistics: [ EventCycleTimeCount = 0.0; EventCycleTimeSum = 0.0; LogProcessCycleTimeCount = 0.0; LogProcessCycleTimeSum = 0.0; SleepCycleTimeCount = 0.0; SleepCycleTimeSum = 0.0; SubmitCycleTimeCount = 0.0; SubmitCycleTimeSum = 0.0; ]
06/08/22 22:34:03 Registering condor_event_timer...
06/08/22 22:34:04 Submitting HTCondor Node create_dir_peakfinding-workflow_0_local job(s)...
06/08/22 22:34:04 Submitting node create_dir_peakfinding-workflow_0_local from file 00/00/create_dir_peakfinding-workflow_0_local.sub using direct job submission
06/08/22 22:34:04 Submit warning: Submit:0:the line 'JOB = create_dir_peakfinding-workflow_0_local' was unused by DAGMAN. Is it a typo?
06/08/22 22:34:04 	assigned HTCondor ID (34.0.0)
06/08/22 22:34:04 Submitting HTCondor Node stage_worker_local_peakfinding-workflow_0_local job(s)...
06/08/22 22:34:04 Submitting node stage_worker_local_peakfinding-workflow_0_local from file 00/00/stage_worker_local_peakfinding-workflow_0_local.sub using direct job submission
06/08/22 22:34:04 Submit warning: Submit:0:the line 'JOB = stage_worker_local_peakfinding-workflow_0_local' was unused by DAGMAN. Is it a typo?
06/08/22 22:34:04 	assigned HTCondor ID (35.0.0)
06/08/22 22:34:04 Just submitted 2 jobs this cycle...
06/08/22 22:34:04 DAG status: 0 (DAG_STATUS_OK)
06/08/22 22:34:04 Of 6 nodes total:
06/08/22 22:34:04  Done     Pre   Queued    Post   Ready   Un-Ready   Failed
06/08/22 22:34:04   ===     ===      ===     ===     ===        ===      ===
06/08/22 22:34:04     0       0        2       0       0          4        0
06/08/22 22:34:04 0 job proc(s) currently held
06/08/22 22:34:04 DAGMan Runtime Statistics: [ EventCycleTimeCount = 0.0; EventCycleTimeSum = 0.0; LogProcessCycleTimeCount = 0.0; LogProcessCycleTimeSum = 0.0; SleepCycleTimeCount = 0.0; SleepCycleTimeSum = 0.0; SubmitCycleTimeAvg = 0.0116279125213623; SubmitCycleTimeCount = 1.0; SubmitCycleTimeMax = 0.0116279125213623; SubmitCycleTimeMin = 0.0116279125213623; SubmitCycleTimeStd = 0.0116279125213623; SubmitCycleTimeSum = 0.0116279125213623; ]
06/08/22 22:34:09 Currently monitoring 1 HTCondor log file(s)
06/08/22 22:34:09 Reassigning the id of job create_dir_peakfinding-workflow_0_local from (34.0.0) to (34.0.0)
06/08/22 22:34:09 Event: ULOG_SUBMIT for HTCondor Node create_dir_peakfinding-workflow_0_local (34.0.0) {06/08/22 22:34:04}
06/08/22 22:34:09 Number of idle job procs: 1
06/08/22 22:34:09 Reassigning the id of job stage_worker_local_peakfinding-workflow_0_local from (35.0.0) to (35.0.0)
06/08/22 22:34:09 Event: ULOG_SUBMIT for HTCondor Node stage_worker_local_peakfinding-workflow_0_local (35.0.0) {06/08/22 22:34:04}
06/08/22 22:34:09 Number of idle job procs: 2
06/08/22 22:34:09 Event: ULOG_EXECUTE for HTCondor Node create_dir_peakfinding-workflow_0_local (34.0.0) {06/08/22 22:34:06}
06/08/22 22:34:09 Number of idle job procs: 1
06/08/22 22:34:09 Event: ULOG_EXECUTE for HTCondor Node stage_worker_local_peakfinding-workflow_0_local (35.0.0) {06/08/22 22:34:06}
06/08/22 22:34:09 Number of idle job procs: 0
06/08/22 22:34:09 Event: ULOG_JOB_TERMINATED for HTCondor Node create_dir_peakfinding-workflow_0_local (34.0.0) {06/08/22 22:34:09}
06/08/22 22:34:09 Number of idle job procs: 0
06/08/22 22:34:09 Node create_dir_peakfinding-workflow_0_local job proc (34.0.0) completed successfully.
06/08/22 22:34:09 Node create_dir_peakfinding-workflow_0_local job completed
06/08/22 22:34:09 Running POST script of Node create_dir_peakfinding-workflow_0_local...
06/08/22 22:34:09 Warning: mysin has length 0 (ignore if produced by DAGMan; see gittrac #4987, #5031)
06/08/22 22:34:09 DAG status: 0 (DAG_STATUS_OK)
06/08/22 22:34:09 Of 6 nodes total:
06/08/22 22:34:09  Done     Pre   Queued    Post   Ready   Un-Ready   Failed
06/08/22 22:34:09   ===     ===      ===     ===     ===        ===      ===
06/08/22 22:34:09     0       0        1       1       0          4        0
06/08/22 22:34:09 0 job proc(s) currently held
06/08/22 22:34:09 DAGMan Runtime Statistics: [ EventCycleTimeAvg = 0.01178598403930664; EventCycleTimeCount = 1.0; EventCycleTimeMax = 0.01178598403930664; EventCycleTimeMin = 0.01178598403930664; EventCycleTimeStd = 0.01178598403930664; EventCycleTimeSum = 0.01178598403930664; LogProcessCycleTimeAvg = 0.005539894104003906; LogProcessCycleTimeCount = 1.0; LogProcessCycleTimeMax = 0.005539894104003906; LogProcessCycleTimeMin = 0.005539894104003906; LogProcessCycleTimeStd = 0.005539894104003906; LogProcessCycleTimeSum = 0.005539894104003906; SleepCycleTimeAvg = 5.000503063201904; SleepCycleTimeCount = 1.0; SleepCycleTimeMax = 5.000503063201904; SleepCycleTimeMin = 5.000503063201904; SleepCycleTimeStd = 5.000503063201904; SleepCycleTimeSum = 5.000503063201904; SubmitCycleTimeAvg = 0.005832433700561523; SubmitCycleTimeCount = 2.0; SubmitCycleTimeMax = 0.0116279125213623; SubmitCycleTimeMin = 3.695487976074219E-05; SubmitCycleTimeStd = 0.008196044748822497; SubmitCycleTimeSum = 0.01166486740112305; ]
06/08/22 22:34:09 Initializing user log writer for /Users/bianyiyang/airflow/dags/CRUX/workflow_pegasus/bianyiyang/pegasus/peakfinding-workflow/run0003/./peakfinding-workflow-0.dag.nodes.log, (34.0.0)
06/08/22 22:34:14 Currently monitoring 1 HTCondor log file(s)
06/08/22 22:34:14 Event: ULOG_POST_SCRIPT_TERMINATED for HTCondor Node create_dir_peakfinding-workflow_0_local (34.0.0) {06/08/22 22:34:09}
06/08/22 22:34:14 POST Script of node create_dir_peakfinding-workflow_0_local completed successfully.
06/08/22 22:34:14 Event: ULOG_JOB_TERMINATED for HTCondor Node stage_worker_local_peakfinding-workflow_0_local (35.0.0) {06/08/22 22:34:10}
06/08/22 22:34:14 Number of idle job procs: 0
06/08/22 22:34:14 Node stage_worker_local_peakfinding-workflow_0_local job proc (35.0.0) completed successfully.
06/08/22 22:34:14 Node stage_worker_local_peakfinding-workflow_0_local job completed
06/08/22 22:34:14 Running POST script of Node stage_worker_local_peakfinding-workflow_0_local...
06/08/22 22:34:14 Warning: mysin has length 0 (ignore if produced by DAGMan; see gittrac #4987, #5031)
06/08/22 22:34:14 DAG status: 0 (DAG_STATUS_OK)
06/08/22 22:34:14 Of 6 nodes total:
06/08/22 22:34:14  Done     Pre   Queued    Post   Ready   Un-Ready   Failed
06/08/22 22:34:14   ===     ===      ===     ===     ===        ===      ===
06/08/22 22:34:14     1       0        0       1       0          4        0
06/08/22 22:34:14 0 job proc(s) currently held
06/08/22 22:34:14 DAGMan Runtime Statistics: [ EventCycleTimeAvg = 0.008798003196716309; EventCycleTimeCount = 2.0; EventCycleTimeMax = 0.01178598403930664; EventCycleTimeMin = 0.005810022354125977; EventCycleTimeStd = 0.004225643031702236; EventCycleTimeSum = 0.01759600639343262; LogProcessCycleTimeAvg = 0.005518913269042969; LogProcessCycleTimeCount = 2.0; LogProcessCycleTimeMax = 0.005539894104003906; LogProcessCycleTimeMin = 0.005497932434082031; LogProcessCycleTimeStd = 2.96713813516694E-05; LogProcessCycleTimeSum = 0.01103782653808594; SleepCycleTimeAvg = 5.162129044532776; SleepCycleTimeCount = 2.0; SleepCycleTimeMax = 5.323755025863647; SleepCycleTimeMin = 5.000503063201904; SleepCycleTimeStd = 0.2285736548299793; SleepCycleTimeSum = 10.32425808906555; SubmitCycleTimeAvg = 0.003905296325683594; SubmitCycleTimeCount = 3.0; SubmitCycleTimeMax = 0.0116279125213623; SubmitCycleTimeMin = 3.695487976074219E-05; SubmitCycleTimeStd = 0.006687985507408386; SubmitCycleTimeSum = 0.01171588897705078; ]
06/08/22 22:34:15 Initializing user log writer for /Users/bianyiyang/airflow/dags/CRUX/workflow_pegasus/bianyiyang/pegasus/peakfinding-workflow/run0003/./peakfinding-workflow-0.dag.nodes.log, (35.0.0)
06/08/22 22:34:19 Currently monitoring 1 HTCondor log file(s)
06/08/22 22:34:19 Event: ULOG_POST_SCRIPT_TERMINATED for HTCondor Node stage_worker_local_peakfinding-workflow_0_local (35.0.0) {06/08/22 22:34:15}
06/08/22 22:34:19 POST Script of node stage_worker_local_peakfinding-workflow_0_local completed successfully.
06/08/22 22:34:19 DAG status: 0 (DAG_STATUS_OK)
06/08/22 22:34:19 Of 6 nodes total:
06/08/22 22:34:19  Done     Pre   Queued    Post   Ready   Un-Ready   Failed
06/08/22 22:34:19   ===     ===      ===     ===     ===        ===      ===
06/08/22 22:34:19     2       0        0       0       1          3        0
06/08/22 22:34:19 0 job proc(s) currently held
06/08/22 22:34:19 DAGMan Runtime Statistics: [ EventCycleTimeAvg = 0.007795651753743489; EventCycleTimeCount = 3.0; EventCycleTimeMax = 0.01178598403930664; EventCycleTimeMin = 0.005790948867797852; EventCycleTimeStd = 0.003455742288044049; EventCycleTimeSum = 0.02338695526123047; LogProcessCycleTimeAvg = 0.003772258758544922; LogProcessCycleTimeCount = 3.0; LogProcessCycleTimeMax = 0.005539894104003906; LogProcessCycleTimeMin = 0.0002789497375488281; LogProcessCycleTimeStd = 0.003025367107073978; LogProcessCycleTimeSum = 0.01131677627563477; SleepCycleTimeAvg = 4.932217359542847; SleepCycleTimeCount = 3.0; SleepCycleTimeMax = 5.323755025863647; SleepCycleTimeMin = 4.472393989562988; SleepCycleTimeStd = 0.4297686662914044; SleepCycleTimeSum = 14.79665207862854; SubmitCycleTimeAvg = 0.002941489219665527; SubmitCycleTimeCount = 4.0; SubmitCycleTimeMax = 0.0116279125213623; SubmitCycleTimeMin = 3.695487976074219E-05; SubmitCycleTimeStd = 0.00579095242442727; SubmitCycleTimeSum = 0.01176595687866211; ]
06/08/22 22:34:24 Submitting HTCondor Node stage_in_remote_local_0_0 job(s)...
06/08/22 22:34:24 Submitting node stage_in_remote_local_0_0 from file 00/00/stage_in_remote_local_0_0.sub using direct job submission
06/08/22 22:34:24 Submit warning: Submit:0:the line 'JOB = stage_in_remote_local_0_0' was unused by DAGMAN. Is it a typo?
06/08/22 22:34:24 	assigned HTCondor ID (36.0.0)
06/08/22 22:34:24 Just submitted 1 job this cycle...
06/08/22 22:34:24 DAG status: 0 (DAG_STATUS_OK)
06/08/22 22:34:24 Of 6 nodes total:
06/08/22 22:34:24  Done     Pre   Queued    Post   Ready   Un-Ready   Failed
06/08/22 22:34:24   ===     ===      ===     ===     ===        ===      ===
06/08/22 22:34:24     2       0        1       0       0          3        0
06/08/22 22:34:24 0 job proc(s) currently held
06/08/22 22:34:24 DAGMan Runtime Statistics: [ EventCycleTimeAvg = 0.006027519702911377; EventCycleTimeCount = 4.0; EventCycleTimeMax = 0.01178598403930664; EventCycleTimeMin = 0.0007231235504150391; EventCycleTimeStd = 0.004524002686151173; EventCycleTimeSum = 0.02411007881164551; LogProcessCycleTimeAvg = 0.003772258758544922; LogProcessCycleTimeCount = 3.0; LogProcessCycleTimeMax = 0.005539894104003906; LogProcessCycleTimeMin = 0.0002789497375488281; LogProcessCycleTimeStd = 0.003025367107073978; LogProcessCycleTimeSum = 0.01131677627563477; SleepCycleTimeAvg = 4.949262976646423; SleepCycleTimeCount = 4.0; SleepCycleTimeMax = 5.323755025863647; SleepCycleTimeMin = 4.472393989562988; SleepCycleTimeStd = 0.3525567802028897; SleepCycleTimeSum = 19.79705190658569; SubmitCycleTimeAvg = 0.007848358154296875; SubmitCycleTimeCount = 5.0; SubmitCycleTimeMax = 0.02747583389282227; SubmitCycleTimeMin = 3.695487976074219E-05; SubmitCycleTimeStd = 0.01206391981052328; SubmitCycleTimeSum = 0.03924179077148438; ]
06/08/22 22:34:29 Currently monitoring 1 HTCondor log file(s)
06/08/22 22:34:29 Reassigning the id of job stage_in_remote_local_0_0 from (36.0.0) to (36.0.0)
06/08/22 22:34:29 Event: ULOG_SUBMIT for HTCondor Node stage_in_remote_local_0_0 (36.0.0) {06/08/22 22:34:24}
06/08/22 22:34:29 Number of idle job procs: 1
06/08/22 22:34:29 Event: ULOG_EXECUTE for HTCondor Node stage_in_remote_local_0_0 (36.0.0) {06/08/22 22:34:24}
06/08/22 22:34:29 Number of idle job procs: 0
06/08/22 22:41:44 Currently monitoring 1 HTCondor log file(s)
06/08/22 22:41:44 Event: ULOG_JOB_TERMINATED for HTCondor Node stage_in_remote_local_0_0 (36.0.0) {06/08/22 22:41:40}
06/08/22 22:41:44 Number of idle job procs: 0
06/08/22 22:41:44 Node stage_in_remote_local_0_0 job proc (36.0.0) failed with status 1.
06/08/22 22:41:44 Node stage_in_remote_local_0_0 job completed
06/08/22 22:41:44 Running POST script of Node stage_in_remote_local_0_0...
06/08/22 22:41:44 Warning: mysin has length 0 (ignore if produced by DAGMan; see gittrac #4987, #5031)
06/08/22 22:41:44 DAG status: 0 (DAG_STATUS_OK)
06/08/22 22:41:44 Of 6 nodes total:
06/08/22 22:41:44  Done     Pre   Queued    Post   Ready   Un-Ready   Failed
06/08/22 22:41:44   ===     ===      ===     ===     ===        ===      ===
06/08/22 22:41:44     2       0        0       1       0          3        0
06/08/22 22:41:44 0 job proc(s) currently held
06/08/22 22:41:44 DAGMan Runtime Statistics: [ EventCycleTimeAvg = 0.000710904598236084; EventCycleTimeCount = 92.0; EventCycleTimeMax = 0.02835202217102051; EventCycleTimeMin = 1.287460327148438E-05; EventCycleTimeStd = 0.003392875397901776; EventCycleTimeSum = 0.06540322303771973; LogProcessCycleTimeAvg = 0.003461980819702149; LogProcessCycleTimeCount = 5.0; LogProcessCycleTimeMax = 0.005539894104003906; LogProcessCycleTimeMin = 0.0002789497375488281; LogProcessCycleTimeStd = 0.002783827192702911; LogProcessCycleTimeSum = 0.01730990409851074; SleepCycleTimeAvg = 4.998852377352507; SleepCycleTimeCount = 92.0; SleepCycleTimeMax = 5.323755025863647; SleepCycleTimeMin = 4.472393989562988; SleepCycleTimeStd = 0.0648916280920782; SleepCycleTimeSum = 459.8944187164307; SubmitCycleTimeAvg = 0.0004387799129691176; SubmitCycleTimeCount = 93.0; SubmitCycleTimeMax = 0.02747583389282227; SubmitCycleTimeMin = 4.76837158203125E-06; SubmitCycleTimeStd = 0.003079146197279602; SubmitCycleTimeSum = 0.04080653190612793; ]
06/08/22 22:41:44 Initializing user log writer for /Users/bianyiyang/airflow/dags/CRUX/workflow_pegasus/bianyiyang/pegasus/peakfinding-workflow/run0003/./peakfinding-workflow-0.dag.nodes.log, (36.0.0)
06/08/22 22:41:49 Currently monitoring 1 HTCondor log file(s)
06/08/22 22:41:49 Event: ULOG_POST_SCRIPT_TERMINATED for HTCondor Node stage_in_remote_local_0_0 (36.0.0) {06/08/22 22:41:44}
06/08/22 22:41:49 POST Script of node stage_in_remote_local_0_0 failed with status 1
06/08/22 22:41:49 POST for Node stage_in_remote_local_0_0 returned 1
06/08/22 22:41:49 Retrying node stage_in_remote_local_0_0 (retry #1 of 1)...
06/08/22 22:41:49 DAG status: 0 (DAG_STATUS_OK)
06/08/22 22:41:49 Of 6 nodes total:
06/08/22 22:41:49  Done     Pre   Queued    Post   Ready   Un-Ready   Failed
06/08/22 22:41:49   ===     ===      ===     ===     ===        ===      ===
06/08/22 22:41:49     2       0        0       0       1          3        0
06/08/22 22:41:49 0 job proc(s) currently held
06/08/22 22:41:49 DAGMan Runtime Statistics: [ EventCycleTimeAvg = 0.0007652390387750441; EventCycleTimeCount = 93.0; EventCycleTimeMax = 0.02835202217102051; EventCycleTimeMin = 1.287460327148438E-05; EventCycleTimeStd = 0.003414825744299042; EventCycleTimeSum = 0.0711672306060791; LogProcessCycleTimeAvg = 0.003036657969156901; LogProcessCycleTimeCount = 6.0; LogProcessCycleTimeMax = 0.005539894104003906; LogProcessCycleTimeMin = 0.0002789497375488281; LogProcessCycleTimeStd = 0.002699102116304855; LogProcessCycleTimeSum = 0.01821994781494141; SleepCycleTimeAvg = 5.001974244271556; SleepCycleTimeCount = 93.0; SleepCycleTimeMax = 5.323755025863647; SleepCycleTimeMin = 4.472393989562988; SleepCycleTimeStd = 0.07121471353980827; SleepCycleTimeSum = 465.1836047172546; SubmitCycleTimeAvg = 0.0004350378158244681; SubmitCycleTimeCount = 94.0; SubmitCycleTimeMax = 0.02747583389282227; SubmitCycleTimeMin = 4.76837158203125E-06; SubmitCycleTimeStd = 0.003062761802298674; SubmitCycleTimeSum = 0.0408935546875; ]
06/08/22 22:41:54 Reassigning the id of job stage_in_remote_local_0_0 from (36.0.0) to (-1.-1.-1)
06/08/22 22:41:54 Submitting HTCondor Node stage_in_remote_local_0_0 job(s)...
06/08/22 22:41:54 Submitting node stage_in_remote_local_0_0 from file 00/00/stage_in_remote_local_0_0.sub using direct job submission
06/08/22 22:41:54 Submit warning: Submit:0:the line 'JOB = stage_in_remote_local_0_0' was unused by DAGMAN. Is it a typo?
06/08/22 22:41:54 	assigned HTCondor ID (38.0.0)
06/08/22 22:41:54 Just submitted 1 job this cycle...
06/08/22 22:41:54 DAG status: 0 (DAG_STATUS_OK)
06/08/22 22:41:54 Of 6 nodes total:
06/08/22 22:41:54  Done     Pre   Queued    Post   Ready   Un-Ready   Failed
06/08/22 22:41:54   ===     ===      ===     ===     ===        ===      ===
06/08/22 22:41:54     2       0        1       0       0          3        0
06/08/22 22:41:54 0 job proc(s) currently held
06/08/22 22:41:54 DAGMan Runtime Statistics: [ EventCycleTimeAvg = 0.0007731102882547581; EventCycleTimeCount = 94.0; EventCycleTimeMax = 0.02835202217102051; EventCycleTimeMin = 1.287460327148438E-05; EventCycleTimeStd = 0.003397274099877626; EventCycleTimeSum = 0.07267236709594727; LogProcessCycleTimeAvg = 0.003036657969156901; LogProcessCycleTimeCount = 6.0; LogProcessCycleTimeMax = 0.005539894104003906; LogProcessCycleTimeMin = 0.0002789497375488281; LogProcessCycleTimeStd = 0.002699102116304855; LogProcessCycleTimeSum = 0.01821994781494141; SleepCycleTimeAvg = 5.001966303967415; SleepCycleTimeCount = 94.0; SleepCycleTimeMax = 5.323755025863647; SleepCycleTimeMin = 4.472393989562988; SleepCycleTimeStd = 0.07083084576746422; SleepCycleTimeSum = 470.184832572937; SubmitCycleTimeAvg = 0.0005924174660130551; SubmitCycleTimeCount = 95.0; SubmitCycleTimeMax = 0.02747583389282227; SubmitCycleTimeMin = 4.76837158203125E-06; SubmitCycleTimeStd = 0.003410822607149312; SubmitCycleTimeSum = 0.05627965927124023; ]
06/08/22 22:41:59 Currently monitoring 1 HTCondor log file(s)
06/08/22 22:41:59 Reassigning the id of job stage_in_remote_local_0_0 from (38.0.0) to (38.0.0)
06/08/22 22:41:59 Event: ULOG_SUBMIT for HTCondor Node stage_in_remote_local_0_0 (38.0.0) {06/08/22 22:41:54}
06/08/22 22:41:59 Number of idle job procs: 1
06/08/22 22:41:59 Event: ULOG_EXECUTE for HTCondor Node stage_in_remote_local_0_0 (38.0.0) {06/08/22 22:41:54}
06/08/22 22:41:59 Number of idle job procs: 0
06/08/22 22:49:14 Currently monitoring 1 HTCondor log file(s)
06/08/22 22:49:14 Event: ULOG_JOB_TERMINATED for HTCondor Node stage_in_remote_local_0_0 (38.0.0) {06/08/22 22:49:13}
06/08/22 22:49:14 Number of idle job procs: 0
06/08/22 22:49:14 Node stage_in_remote_local_0_0 job proc (38.0.0) failed with status 1.
06/08/22 22:49:14 Node stage_in_remote_local_0_0 job completed
06/08/22 22:49:14 Running POST script of Node stage_in_remote_local_0_0...
06/08/22 22:49:14 Warning: mysin has length 0 (ignore if produced by DAGMan; see gittrac #4987, #5031)
06/08/22 22:49:14 DAG status: 0 (DAG_STATUS_OK)
06/08/22 22:49:14 Of 6 nodes total:
06/08/22 22:49:14  Done     Pre   Queued    Post   Ready   Un-Ready   Failed
06/08/22 22:49:14   ===     ===      ===     ===     ===        ===      ===
06/08/22 22:49:14     2       0        0       1       0          3        0
06/08/22 22:49:14 0 job proc(s) currently held
06/08/22 22:49:14 DAGMan Runtime Statistics: [ EventCycleTimeAvg = 0.0006118069638262738; EventCycleTimeCount = 182.0; EventCycleTimeMax = 0.02835202217102051; EventCycleTimeMin = 1.287460327148438E-05; EventCycleTimeStd = 0.002871266173102324; EventCycleTimeSum = 0.1113488674163818; LogProcessCycleTimeAvg = 0.003011465072631836; LogProcessCycleTimeCount = 8.0; LogProcessCycleTimeMax = 0.005539894104003906; LogProcessCycleTimeMin = 0.0002789497375488281; LogProcessCycleTimeStd = 0.002643336361483321; LogProcessCycleTimeSum = 0.02409172058105469; SleepCycleTimeAvg = 5.001905050906506; SleepCycleTimeCount = 182.0; SleepCycleTimeMax = 5.323755025863647; SleepCycleTimeMin = 4.472393989562988; SleepCycleTimeStd = 0.05080198573948583; SleepCycleTimeSum = 910.3467192649841; SubmitCycleTimeAvg = 0.0003168335377844305; SubmitCycleTimeCount = 183.0; SubmitCycleTimeMax = 0.02747583389282227; SubmitCycleTimeMin = 4.76837158203125E-06; SubmitCycleTimeStd = 0.002468044251290972; SubmitCycleTimeSum = 0.05798053741455078; ]
06/08/22 22:49:15 Initializing user log writer for /Users/bianyiyang/airflow/dags/CRUX/workflow_pegasus/bianyiyang/pegasus/peakfinding-workflow/run0003/./peakfinding-workflow-0.dag.nodes.log, (38.0.0)
06/08/22 22:49:19 Currently monitoring 1 HTCondor log file(s)
06/08/22 22:49:19 Event: ULOG_POST_SCRIPT_TERMINATED for HTCondor Node stage_in_remote_local_0_0 (38.0.0) {06/08/22 22:49:15}
06/08/22 22:49:19 POST Script of node stage_in_remote_local_0_0 failed with status 1
06/08/22 22:49:19 POST for Node stage_in_remote_local_0_0 returned 1
06/08/22 22:49:19 DAG status: 2 (DAG_STATUS_NODE_FAILED)
06/08/22 22:49:19 Of 6 nodes total:
06/08/22 22:49:19  Done     Pre   Queued    Post   Ready   Un-Ready   Failed
06/08/22 22:49:19   ===     ===      ===     ===     ===        ===      ===
06/08/22 22:49:19     2       0        0       0       0          3        1
06/08/22 22:49:19 0 job proc(s) currently held
06/08/22 22:49:19 DAGMan Runtime Statistics: [ EventCycleTimeAvg = 0.0006395780323633079; EventCycleTimeCount = 183.0; EventCycleTimeMax = 0.02835202217102051; EventCycleTimeMin = 1.287460327148438E-05; EventCycleTimeStd = 0.002887907080198487; EventCycleTimeSum = 0.1170427799224854; LogProcessCycleTimeAvg = 0.002698871824476454; LogProcessCycleTimeCount = 9.0; LogProcessCycleTimeMax = 0.005539894104003906; LogProcessCycleTimeMin = 0.0001981258392333984; LogProcessCycleTimeStd = 0.002644476239083722; LogProcessCycleTimeSum = 0.02428984642028809; SleepCycleTimeAvg = 4.998083093778683; SleepCycleTimeCount = 183.0; SleepCycleTimeMax = 5.323755025863647; SleepCycleTimeMin = 4.302486896514893; SleepCycleTimeStd = 0.07238651467213195; SleepCycleTimeSum = 914.649206161499; SubmitCycleTimeAvg = 0.0003153344859247622; SubmitCycleTimeCount = 184.0; SubmitCycleTimeMax = 0.02747583389282227; SubmitCycleTimeMin = 4.76837158203125E-06; SubmitCycleTimeStd = 0.002461375718045267; SubmitCycleTimeSum = 0.05802154541015625; ]
06/08/22 22:49:19 ERROR: the following job(s) failed:
06/08/22 22:49:19 ---------------------- Job ----------------------
06/08/22 22:49:19       Node Name: stage_in_remote_local_0_0
06/08/22 22:49:19            Noop: false
06/08/22 22:49:19          NodeID: 2
06/08/22 22:49:19     Node Status: STATUS_ERROR    
06/08/22 22:49:19 Node return val: 1
06/08/22 22:49:19           Error: Job exited with status 1 and POST Script failed with status 1 (after 1 node retries)
06/08/22 22:49:19 Job Submit File: 00/00/stage_in_remote_local_0_0.sub
06/08/22 22:49:19     POST Script: /usr/local/Homebrew/bin/pegasus-exitcode  -r $RETURN -l peakfinding-workflow-0.exitcode.log -M peakfinding-workflow-0.cache.meta   .//00/00/stage_in_remote_local_0_0.out
06/08/22 22:49:19           Retry: 1
06/08/22 22:49:19  HTCondor Job ID: (38.0.0)
06/08/22 22:49:19 PARENTS: stage_worker_local_peakfinding-workflow_0_local create_dir_peakfinding-workflow_0_local WAITING: 0 CHILDREN: generate_source_py_ID0000001
06/08/22 22:49:19 ---------------------------------------	<END>
06/08/22 22:49:19 Aborting DAG...
06/08/22 22:49:19 Writing Rescue DAG to peakfinding-workflow-0.dag.rescue001...
06/08/22 22:49:19 Removing submitted jobs...
06/08/22 22:49:19 Removing any/all submitted HTCondor jobs...
06/08/22 22:49:19 Running: /usr/local/condor/bin/condor_rm -const DAGManJobId==33
06/08/22 22:49:19 Note: 0 total job deferrals because of -MaxJobs limit (0)
06/08/22 22:49:19 Note: 0 total job deferrals because of -MaxIdle limit (1000)
06/08/22 22:49:19 Note: 0 total job deferrals because of node category throttles
06/08/22 22:49:19 Note: 0 total PRE script deferrals because of -MaxPre limit (20) or DEFER
06/08/22 22:49:19 Note: 0 total POST script deferrals because of -MaxPost limit (20) or DEFER
06/08/22 22:49:19 Note: 0 total HOLD script deferrals because of -MaxHold limit (20) or DEFER
06/08/22 22:49:19 DAG status: 2 (DAG_STATUS_NODE_FAILED)
06/08/22 22:49:19 Of 6 nodes total:
06/08/22 22:49:19  Done     Pre   Queued    Post   Ready   Un-Ready   Failed
06/08/22 22:49:19   ===     ===      ===     ===     ===        ===      ===
06/08/22 22:49:19     2       0        0       0       0          3        1
06/08/22 22:49:19 0 job proc(s) currently held
06/08/22 22:49:19 DAGMan Runtime Statistics: [ EventCycleTimeAvg = 0.0006395780323633079; EventCycleTimeCount = 183.0; EventCycleTimeMax = 0.02835202217102051; EventCycleTimeMin = 1.287460327148438E-05; EventCycleTimeStd = 0.002887907080198487; EventCycleTimeSum = 0.1170427799224854; LogProcessCycleTimeAvg = 0.002698871824476454; LogProcessCycleTimeCount = 9.0; LogProcessCycleTimeMax = 0.005539894104003906; LogProcessCycleTimeMin = 0.0001981258392333984; LogProcessCycleTimeStd = 0.002644476239083722; LogProcessCycleTimeSum = 0.02428984642028809; SleepCycleTimeAvg = 4.998083093778683; SleepCycleTimeCount = 183.0; SleepCycleTimeMax = 5.323755025863647; SleepCycleTimeMin = 4.302486896514893; SleepCycleTimeStd = 0.07238651467213195; SleepCycleTimeSum = 914.649206161499; SubmitCycleTimeAvg = 0.0003153344859247622; SubmitCycleTimeCount = 184.0; SubmitCycleTimeMax = 0.02747583389282227; SubmitCycleTimeMin = 4.76837158203125E-06; SubmitCycleTimeStd = 0.002461375718045267; SubmitCycleTimeSum = 0.05802154541015625; ]
06/08/22 22:49:19 Wrote metrics file peakfinding-workflow-0.dag.metrics.
06/08/22 22:49:19 DAGMan Runtime Statistics: [ EventCycleTimeAvg = 0.0006395780323633079; EventCycleTimeCount = 183.0; EventCycleTimeMax = 0.02835202217102051; EventCycleTimeMin = 1.287460327148438E-05; EventCycleTimeStd = 0.002887907080198487; EventCycleTimeSum = 0.1170427799224854; LogProcessCycleTimeAvg = 0.002698871824476454; LogProcessCycleTimeCount = 9.0; LogProcessCycleTimeMax = 0.005539894104003906; LogProcessCycleTimeMin = 0.0001981258392333984; LogProcessCycleTimeStd = 0.002644476239083722; LogProcessCycleTimeSum = 0.02428984642028809; SleepCycleTimeAvg = 4.998083093778683; SleepCycleTimeCount = 183.0; SleepCycleTimeMax = 5.323755025863647; SleepCycleTimeMin = 4.302486896514893; SleepCycleTimeStd = 0.07238651467213195; SleepCycleTimeSum = 914.649206161499; SubmitCycleTimeAvg = 0.0003153344859247622; SubmitCycleTimeCount = 184.0; SubmitCycleTimeMax = 0.02747583389282227; SubmitCycleTimeMin = 4.76837158203125E-06; SubmitCycleTimeStd = 0.002461375718045267; SubmitCycleTimeSum = 0.05802154541015625; ]
06/08/22 22:49:19 **** condor_scheduniv_exec.33.0 (condor_DAGMAN) pid 5278 EXITING WITH STATUS 1
