06/08/22 22:43:38 ******************************************************
06/08/22 22:43:38 ** condor_scheduniv_exec.39.0 (CONDOR_DAGMAN) STARTING UP
06/08/22 22:43:38 ** /usr/local/condor/bin/condor_dagman
06/08/22 22:43:38 ** SubsystemInfo: name=DAGMAN type=DAGMAN(10) class=DAEMON(1)
06/08/22 22:43:38 ** Configuration: subsystem:DAGMAN local:<NONE> class:DAEMON
06/08/22 22:43:38 ** $CondorVersion: 9.8.0 Apr 21 2022 BuildID: 584246 $
06/08/22 22:43:38 ** $CondorPlatform: x86_64_MacOSX15 $
06/08/22 22:43:38 ** PID = 7594
06/08/22 22:43:38 ** Log last touched time unavailable (No such file or directory)
06/08/22 22:43:38 ******************************************************
06/08/22 22:43:38 Using config source: /etc/condor/condor_config
06/08/22 22:43:38 Using local config sources: 
06/08/22 22:43:38    /usr/local/condor/local/config.d/00-htcondor-9.0.config
06/08/22 22:43:38    /usr/local/condor/local/config.d/00-minicondor
06/08/22 22:43:38 config Macros = 68, Sorted = 67, StringBytes = 2008, TablesBytes = 2504
06/08/22 22:43:38 CLASSAD_CACHING is ENABLED
06/08/22 22:43:38 Daemon Log is logging: D_ALWAYS D_ERROR
06/08/22 22:43:38 DaemonCore: No command port requested.
06/08/22 22:43:38 DAGMAN_USE_STRICT setting: 1
06/08/22 22:43:38 DAGMAN_VERBOSITY setting: 3
06/08/22 22:43:38 DAGMAN_DEBUG_CACHE_SIZE setting: 5242880
06/08/22 22:43:38 DAGMAN_DEBUG_CACHE_ENABLE setting: False
06/08/22 22:43:38 DAGMAN_SUBMIT_DELAY setting: 0
06/08/22 22:43:38 DAGMAN_MAX_SUBMIT_ATTEMPTS setting: 6
06/08/22 22:43:38 DAGMAN_STARTUP_CYCLE_DETECT setting: False
06/08/22 22:43:38 DAGMAN_MAX_SUBMITS_PER_INTERVAL setting: 100
06/08/22 22:43:38 DAGMAN_AGGRESSIVE_SUBMIT setting: False
06/08/22 22:43:38 DAGMAN_USER_LOG_SCAN_INTERVAL setting: 5
06/08/22 22:43:38 DAGMAN_QUEUE_UPDATE_INTERVAL setting: 300
06/08/22 22:43:38 DAGMAN_DEFAULT_PRIORITY setting: 0
06/08/22 22:43:38 DAGMAN_SUPPRESS_NOTIFICATION setting: True
06/08/22 22:43:38 allow_events (DAGMAN_ALLOW_EVENTS) setting: 114
06/08/22 22:43:38 DAGMAN_RETRY_SUBMIT_FIRST setting: True
06/08/22 22:43:38 DAGMAN_RETRY_NODE_FIRST setting: False
06/08/22 22:43:38 DAGMAN_MAX_JOBS_IDLE setting: 1000
06/08/22 22:43:38 DAGMAN_MAX_JOBS_SUBMITTED setting: 0
06/08/22 22:43:38 DAGMAN_MAX_PRE_SCRIPTS setting: 20
06/08/22 22:43:38 DAGMAN_MAX_POST_SCRIPTS setting: 20
06/08/22 22:43:38 DAGMAN_MAX_HOLD_SCRIPTS setting: 20
06/08/22 22:43:38 DAGMAN_MUNGE_NODE_NAMES setting: True
06/08/22 22:43:38 DAGMAN_PROHIBIT_MULTI_JOBS setting: False
06/08/22 22:43:38 DAGMAN_SUBMIT_DEPTH_FIRST setting: False
06/08/22 22:43:38 DAGMAN_ALWAYS_RUN_POST setting: False
06/08/22 22:43:38 DAGMAN_CONDOR_SUBMIT_EXE setting: /usr/local/condor/bin/condor_submit
06/08/22 22:43:38 DAGMAN_USE_DIRECT_SUBMIT setting: True
06/08/22 22:43:38 DAGMAN_ABORT_DUPLICATES setting: True
06/08/22 22:43:38 DAGMAN_ABORT_ON_SCARY_SUBMIT setting: True
06/08/22 22:43:38 DAGMAN_PENDING_REPORT_INTERVAL setting: 600
06/08/22 22:43:38 DAGMAN_AUTO_RESCUE setting: True
06/08/22 22:43:38 DAGMAN_MAX_RESCUE_NUM setting: 100
06/08/22 22:43:38 DAGMAN_WRITE_PARTIAL_RESCUE setting: True
06/08/22 22:43:38 DAGMAN_DEFAULT_NODE_LOG setting: @(DAG_DIR)/@(DAG_FILE).nodes.log
06/08/22 22:43:38 DAGMAN_GENERATE_SUBDAG_SUBMITS setting: True
06/08/22 22:43:38 DAGMAN_MAX_JOB_HOLDS setting: 100
06/08/22 22:43:38 DAGMAN_HOLD_CLAIM_TIME setting: 20
06/08/22 22:43:38 ALL_DEBUG setting: 
06/08/22 22:43:38 DAGMAN_DEBUG setting: 
06/08/22 22:43:38 DAGMAN_SUPPRESS_JOB_LOGS setting: False
06/08/22 22:43:38 DAGMAN_REMOVE_NODE_JOBS setting: True
06/08/22 22:43:38 DAGMAN will adjust edges after parsing
06/08/22 22:43:38 argv[0] == "condor_scheduniv_exec.39.0"
06/08/22 22:43:38 argv[1] == "-Lockfile"
06/08/22 22:43:38 argv[2] == "peakfinding-workflow-0.dag.lock"
06/08/22 22:43:38 argv[3] == "-AutoRescue"
06/08/22 22:43:38 argv[4] == "1"
06/08/22 22:43:38 argv[5] == "-DoRescueFrom"
06/08/22 22:43:38 argv[6] == "0"
06/08/22 22:43:38 argv[7] == "-Dag"
06/08/22 22:43:38 argv[8] == "peakfinding-workflow-0.dag"
06/08/22 22:43:38 argv[9] == "-MaxPost"
06/08/22 22:43:38 argv[10] == "20"
06/08/22 22:43:38 argv[11] == "-Suppress_notification"
06/08/22 22:43:38 argv[12] == "-CsdVersion"
06/08/22 22:43:38 argv[13] == "$CondorVersion: 9.8.0 Apr 21 2022 BuildID: 584246 $"
06/08/22 22:43:38 argv[14] == "-Dagman"
06/08/22 22:43:38 argv[15] == "/usr/local/condor/bin/condor_dagman"
06/08/22 22:43:38 Can't open directory "/etc/condor/passwords.d" as PRIV_ROOT, errno: 13 (Permission denied)
06/08/22 22:43:38 Can't open directory "/etc/condor/passwords.d" as PRIV_ROOT, errno: 13 (Permission denied)
06/08/22 22:43:38 Workflow batch-id: <39.0>
06/08/22 22:43:38 Workflow batch-name: <peakfinding-workflow-0.dag+39>
06/08/22 22:43:38 Workflow accounting_group: <>
06/08/22 22:43:38 Workflow accounting_group_user: <>
06/08/22 22:43:38 Warning: failed to get attribute DAGNodeName
06/08/22 22:43:38 DAGMAN_LOG_ON_NFS_IS_ERROR setting: False
06/08/22 22:43:38 Default node log file is: </Users/bianyiyang/airflow/dags/CRUX/workflow_pegasus/bianyiyang/pegasus/peakfinding-workflow/run0004/./peakfinding-workflow-0.dag.nodes.log>
06/08/22 22:43:38 DAG Lockfile will be written to peakfinding-workflow-0.dag.lock
06/08/22 22:43:38 DAG Input file is peakfinding-workflow-0.dag
06/08/22 22:43:38 Parsing 1 dagfiles
06/08/22 22:43:38 Parsing peakfinding-workflow-0.dag ...
06/08/22 22:43:38 Adjusting edges
06/08/22 22:43:38 Warning: category registration has no assigned nodes, so the throttle setting (1) will have no effect
06/08/22 22:43:38 Warning: category stageout has no assigned nodes, so the throttle setting (10) will have no effect
06/08/22 22:43:38 Dag contains 6 total jobs
06/08/22 22:43:38 Warning: ProcessId not confirmed unique
06/08/22 22:43:38 Bootstrapping...
06/08/22 22:43:38 Number of pre-completed nodes: 0
06/08/22 22:43:38 MultiLogFiles: truncating log file /Users/bianyiyang/airflow/dags/CRUX/workflow_pegasus/bianyiyang/pegasus/peakfinding-workflow/run0004/./peakfinding-workflow-0.dag.nodes.log
06/08/22 22:43:38 DAG status: 0 (DAG_STATUS_OK)
06/08/22 22:43:38 Of 6 nodes total:
06/08/22 22:43:38  Done     Pre   Queued    Post   Ready   Un-Ready   Failed
06/08/22 22:43:38   ===     ===      ===     ===     ===        ===      ===
06/08/22 22:43:38     0       0        0       0       2          4        0
06/08/22 22:43:38 0 job proc(s) currently held
06/08/22 22:43:38 DAGMan Runtime Statistics: [ EventCycleTimeCount = 0.0; EventCycleTimeSum = 0.0; LogProcessCycleTimeCount = 0.0; LogProcessCycleTimeSum = 0.0; SleepCycleTimeCount = 0.0; SleepCycleTimeSum = 0.0; SubmitCycleTimeCount = 0.0; SubmitCycleTimeSum = 0.0; ]
06/08/22 22:43:38 Registering condor_event_timer...
06/08/22 22:43:39 Submitting HTCondor Node create_dir_peakfinding-workflow_0_local job(s)...
06/08/22 22:43:39 Submitting node create_dir_peakfinding-workflow_0_local from file 00/00/create_dir_peakfinding-workflow_0_local.sub using direct job submission
06/08/22 22:43:39 Submit warning: Submit:0:the line 'JOB = create_dir_peakfinding-workflow_0_local' was unused by DAGMAN. Is it a typo?
06/08/22 22:43:39 	assigned HTCondor ID (40.0.0)
06/08/22 22:43:39 Submitting HTCondor Node stage_worker_local_peakfinding-workflow_0_local job(s)...
06/08/22 22:43:39 Submitting node stage_worker_local_peakfinding-workflow_0_local from file 00/00/stage_worker_local_peakfinding-workflow_0_local.sub using direct job submission
06/08/22 22:43:39 Submit warning: Submit:0:the line 'JOB = stage_worker_local_peakfinding-workflow_0_local' was unused by DAGMAN. Is it a typo?
06/08/22 22:43:39 	assigned HTCondor ID (41.0.0)
06/08/22 22:43:39 Just submitted 2 jobs this cycle...
06/08/22 22:43:39 DAG status: 0 (DAG_STATUS_OK)
06/08/22 22:43:39 Of 6 nodes total:
06/08/22 22:43:39  Done     Pre   Queued    Post   Ready   Un-Ready   Failed
06/08/22 22:43:39   ===     ===      ===     ===     ===        ===      ===
06/08/22 22:43:39     0       0        2       0       0          4        0
06/08/22 22:43:39 0 job proc(s) currently held
06/08/22 22:43:39 DAGMan Runtime Statistics: [ EventCycleTimeCount = 0.0; EventCycleTimeSum = 0.0; LogProcessCycleTimeCount = 0.0; LogProcessCycleTimeSum = 0.0; SleepCycleTimeCount = 0.0; SleepCycleTimeSum = 0.0; SubmitCycleTimeAvg = 0.01085805892944336; SubmitCycleTimeCount = 1.0; SubmitCycleTimeMax = 0.01085805892944336; SubmitCycleTimeMin = 0.01085805892944336; SubmitCycleTimeStd = 0.01085805892944336; SubmitCycleTimeSum = 0.01085805892944336; ]
06/08/22 22:43:44 Currently monitoring 1 HTCondor log file(s)
06/08/22 22:43:44 Reassigning the id of job create_dir_peakfinding-workflow_0_local from (40.0.0) to (40.0.0)
06/08/22 22:43:44 Event: ULOG_SUBMIT for HTCondor Node create_dir_peakfinding-workflow_0_local (40.0.0) {06/08/22 22:43:39}
06/08/22 22:43:44 Number of idle job procs: 1
06/08/22 22:43:44 Reassigning the id of job stage_worker_local_peakfinding-workflow_0_local from (41.0.0) to (41.0.0)
06/08/22 22:43:44 Event: ULOG_SUBMIT for HTCondor Node stage_worker_local_peakfinding-workflow_0_local (41.0.0) {06/08/22 22:43:39}
06/08/22 22:43:44 Number of idle job procs: 2
06/08/22 22:43:44 Event: ULOG_EXECUTE for HTCondor Node create_dir_peakfinding-workflow_0_local (40.0.0) {06/08/22 22:43:43}
06/08/22 22:43:44 Number of idle job procs: 1
06/08/22 22:43:44 Event: ULOG_EXECUTE for HTCondor Node stage_worker_local_peakfinding-workflow_0_local (41.0.0) {06/08/22 22:43:43}
06/08/22 22:43:44 Number of idle job procs: 0
06/08/22 22:43:49 Currently monitoring 1 HTCondor log file(s)
06/08/22 22:43:49 Event: ULOG_JOB_TERMINATED for HTCondor Node create_dir_peakfinding-workflow_0_local (40.0.0) {06/08/22 22:43:46}
06/08/22 22:43:49 Number of idle job procs: 0
06/08/22 22:43:49 Node create_dir_peakfinding-workflow_0_local job proc (40.0.0) completed successfully.
06/08/22 22:43:49 Node create_dir_peakfinding-workflow_0_local job completed
06/08/22 22:43:49 Running POST script of Node create_dir_peakfinding-workflow_0_local...
06/08/22 22:43:49 Warning: mysin has length 0 (ignore if produced by DAGMan; see gittrac #4987, #5031)
06/08/22 22:43:49 Event: ULOG_JOB_TERMINATED for HTCondor Node stage_worker_local_peakfinding-workflow_0_local (41.0.0) {06/08/22 22:43:47}
06/08/22 22:43:49 Number of idle job procs: 0
06/08/22 22:43:49 Node stage_worker_local_peakfinding-workflow_0_local job proc (41.0.0) completed successfully.
06/08/22 22:43:49 Node stage_worker_local_peakfinding-workflow_0_local job completed
06/08/22 22:43:49 Running POST script of Node stage_worker_local_peakfinding-workflow_0_local...
06/08/22 22:43:49 Warning: mysin has length 0 (ignore if produced by DAGMan; see gittrac #4987, #5031)
06/08/22 22:43:49 DAG status: 0 (DAG_STATUS_OK)
06/08/22 22:43:49 Of 6 nodes total:
06/08/22 22:43:49  Done     Pre   Queued    Post   Ready   Un-Ready   Failed
06/08/22 22:43:49   ===     ===      ===     ===     ===        ===      ===
06/08/22 22:43:49     0       0        0       2       0          4        0
06/08/22 22:43:49 0 job proc(s) currently held
06/08/22 22:43:49 DAGMan Runtime Statistics: [ EventCycleTimeAvg = 0.005906939506530762; EventCycleTimeCount = 2.0; EventCycleTimeMax = 0.01109790802001953; EventCycleTimeMin = 0.0007159709930419922; EventCycleTimeStd = 0.007341138073627522; EventCycleTimeSum = 0.01181387901306152; LogProcessCycleTimeAvg = 0.005019426345825195; LogProcessCycleTimeCount = 2.0; LogProcessCycleTimeMax = 0.009398937225341797; LogProcessCycleTimeMin = 0.0006399154663085938; LogProcessCycleTimeStd = 0.0061935636823729; LogProcessCycleTimeSum = 0.01003885269165039; SleepCycleTimeAvg = 5.008983016014099; SleepCycleTimeCount = 2.0; SleepCycleTimeMax = 5.010202169418335; SleepCycleTimeMin = 5.007763862609863; SleepCycleTimeStd = 0.001724143278883653; SleepCycleTimeSum = 10.0179660320282; SubmitCycleTimeAvg = 0.003653685251871745; SubmitCycleTimeCount = 3.0; SubmitCycleTimeMax = 0.01085805892944336; SubmitCycleTimeMin = 4.911422729492188E-05; SubmitCycleTimeStd = 0.006239171078669582; SubmitCycleTimeSum = 0.01096105575561523; ]
06/08/22 22:43:49 Initializing user log writer for /Users/bianyiyang/airflow/dags/CRUX/workflow_pegasus/bianyiyang/pegasus/peakfinding-workflow/run0004/./peakfinding-workflow-0.dag.nodes.log, (40.0.0)
06/08/22 22:43:49 Initializing user log writer for /Users/bianyiyang/airflow/dags/CRUX/workflow_pegasus/bianyiyang/pegasus/peakfinding-workflow/run0004/./peakfinding-workflow-0.dag.nodes.log, (41.0.0)
06/08/22 22:43:54 Currently monitoring 1 HTCondor log file(s)
06/08/22 22:43:54 Event: ULOG_POST_SCRIPT_TERMINATED for HTCondor Node create_dir_peakfinding-workflow_0_local (40.0.0) {06/08/22 22:43:49}
06/08/22 22:43:54 POST Script of node create_dir_peakfinding-workflow_0_local completed successfully.
06/08/22 22:43:54 Event: ULOG_POST_SCRIPT_TERMINATED for HTCondor Node stage_worker_local_peakfinding-workflow_0_local (41.0.0) {06/08/22 22:43:49}
06/08/22 22:43:54 POST Script of node stage_worker_local_peakfinding-workflow_0_local completed successfully.
06/08/22 22:43:54 DAG status: 0 (DAG_STATUS_OK)
06/08/22 22:43:54 Of 6 nodes total:
06/08/22 22:43:54  Done     Pre   Queued    Post   Ready   Un-Ready   Failed
06/08/22 22:43:54   ===     ===      ===     ===     ===        ===      ===
06/08/22 22:43:54     2       0        0       0       1          3        0
06/08/22 22:43:54 0 job proc(s) currently held
06/08/22 22:43:54 DAGMan Runtime Statistics: [ EventCycleTimeAvg = 0.007181962331136067; EventCycleTimeCount = 3.0; EventCycleTimeMax = 0.01109790802001953; EventCycleTimeMin = 0.0007159709930419922; EventCycleTimeStd = 0.005641205874440791; EventCycleTimeSum = 0.0215458869934082; LogProcessCycleTimeAvg = 0.003449598948160807; LogProcessCycleTimeCount = 3.0; LogProcessCycleTimeMax = 0.009398937225341797; LogProcessCycleTimeMin = 0.0003099441528320312; LogProcessCycleTimeStd = 0.005154918982794736; LogProcessCycleTimeSum = 0.01034879684448242; SleepCycleTimeAvg = 5.121230363845825; SleepCycleTimeCount = 3.0; SleepCycleTimeMax = 5.345725059509277; SleepCycleTimeMin = 5.007763862609863; SleepCycleTimeStd = 0.1944219319438848; SleepCycleTimeSum = 15.36369109153748; SubmitCycleTimeAvg = 0.002748548984527588; SubmitCycleTimeCount = 4.0; SubmitCycleTimeMax = 0.01085805892944336; SubmitCycleTimeMin = 3.314018249511719E-05; SubmitCycleTimeStd = 0.00540634724027707; SubmitCycleTimeSum = 0.01099419593811035; ]
06/08/22 22:43:59 Submitting HTCondor Node stage_in_remote_local_0_0 job(s)...
06/08/22 22:43:59 Submitting node stage_in_remote_local_0_0 from file 00/00/stage_in_remote_local_0_0.sub using direct job submission
06/08/22 22:43:59 Submit warning: Submit:0:the line 'JOB = stage_in_remote_local_0_0' was unused by DAGMAN. Is it a typo?
06/08/22 22:43:59 	assigned HTCondor ID (42.0.0)
06/08/22 22:43:59 Just submitted 1 job this cycle...
06/08/22 22:43:59 DAG status: 0 (DAG_STATUS_OK)
06/08/22 22:43:59 Of 6 nodes total:
06/08/22 22:43:59  Done     Pre   Queued    Post   Ready   Un-Ready   Failed
06/08/22 22:43:59   ===     ===      ===     ===     ===        ===      ===
06/08/22 22:43:59     2       0        1       0       0          3        0
06/08/22 22:43:59 0 job proc(s) currently held
06/08/22 22:43:59 DAGMan Runtime Statistics: [ EventCycleTimeAvg = 0.005505979061126709; EventCycleTimeCount = 4.0; EventCycleTimeMax = 0.01109790802001953; EventCycleTimeMin = 0.0004780292510986328; EventCycleTimeStd = 0.00569659098326551; EventCycleTimeSum = 0.02202391624450684; LogProcessCycleTimeAvg = 0.003449598948160807; LogProcessCycleTimeCount = 3.0; LogProcessCycleTimeMax = 0.009398937225341797; LogProcessCycleTimeMin = 0.0003099441528320312; LogProcessCycleTimeStd = 0.005154918982794736; LogProcessCycleTimeSum = 0.01034879684448242; SleepCycleTimeAvg = 5.092066287994385; SleepCycleTimeCount = 4.0; SleepCycleTimeMax = 5.345725059509277; SleepCycleTimeMin = 5.004574060440063; SleepCycleTimeStd = 0.1691215490752218; SleepCycleTimeSum = 20.36826515197754; SubmitCycleTimeAvg = 0.005139875411987305; SubmitCycleTimeCount = 5.0; SubmitCycleTimeMax = 0.01470518112182617; SubmitCycleTimeMin = 3.314018249511719E-05; SubmitCycleTimeStd = 0.007107295777943596; SubmitCycleTimeSum = 0.02569937705993652; ]
06/08/22 22:44:04 Currently monitoring 1 HTCondor log file(s)
06/08/22 22:44:04 Reassigning the id of job stage_in_remote_local_0_0 from (42.0.0) to (42.0.0)
06/08/22 22:44:04 Event: ULOG_SUBMIT for HTCondor Node stage_in_remote_local_0_0 (42.0.0) {06/08/22 22:43:59}
06/08/22 22:44:04 Number of idle job procs: 1
06/08/22 22:44:04 Event: ULOG_EXECUTE for HTCondor Node stage_in_remote_local_0_0 (42.0.0) {06/08/22 22:43:59}
06/08/22 22:44:04 Number of idle job procs: 0
06/08/22 22:44:04 Event: ULOG_JOB_TERMINATED for HTCondor Node stage_in_remote_local_0_0 (42.0.0) {06/08/22 22:44:02}
06/08/22 22:44:04 Number of idle job procs: 0
06/08/22 22:44:04 Node stage_in_remote_local_0_0 job proc (42.0.0) completed successfully.
06/08/22 22:44:04 Node stage_in_remote_local_0_0 job completed
06/08/22 22:44:04 Running POST script of Node stage_in_remote_local_0_0...
06/08/22 22:44:04 Warning: mysin has length 0 (ignore if produced by DAGMan; see gittrac #4987, #5031)
06/08/22 22:44:04 DAG status: 0 (DAG_STATUS_OK)
06/08/22 22:44:04 Of 6 nodes total:
06/08/22 22:44:04  Done     Pre   Queued    Post   Ready   Un-Ready   Failed
06/08/22 22:44:04   ===     ===      ===     ===     ===        ===      ===
06/08/22 22:44:04     2       0        0       1       0          3        0
06/08/22 22:44:04 0 job proc(s) currently held
06/08/22 22:44:04 DAGMan Runtime Statistics: [ EventCycleTimeAvg = 0.007391166687011719; EventCycleTimeCount = 5.0; EventCycleTimeMax = 0.01493191719055176; EventCycleTimeMin = 0.0004780292510986328; EventCycleTimeStd = 0.006489069544003688; EventCycleTimeSum = 0.03695583343505859; LogProcessCycleTimeAvg = 0.003955185413360596; LogProcessCycleTimeCount = 4.0; LogProcessCycleTimeMax = 0.009398937225341797; LogProcessCycleTimeMin = 0.0003099441528320312; LogProcessCycleTimeStd = 0.00432873312967638; LogProcessCycleTimeSum = 0.01582074165344238; SleepCycleTimeAvg = 5.074223232269287; SleepCycleTimeCount = 5.0; SleepCycleTimeMax = 5.345725059509277; SleepCycleTimeMin = 5.002851009368896; SleepCycleTimeStd = 0.1518006816824036; SleepCycleTimeSum = 25.37111616134644; SubmitCycleTimeAvg = 0.00428620974222819; SubmitCycleTimeCount = 6.0; SubmitCycleTimeMax = 0.01470518112182617; SubmitCycleTimeMin = 1.788139343261719E-05; SubmitCycleTimeStd = 0.006692039530254702; SubmitCycleTimeSum = 0.02571725845336914; ]
06/08/22 22:44:05 Initializing user log writer for /Users/bianyiyang/airflow/dags/CRUX/workflow_pegasus/bianyiyang/pegasus/peakfinding-workflow/run0004/./peakfinding-workflow-0.dag.nodes.log, (42.0.0)
06/08/22 22:44:09 Currently monitoring 1 HTCondor log file(s)
06/08/22 22:44:09 Event: ULOG_POST_SCRIPT_TERMINATED for HTCondor Node stage_in_remote_local_0_0 (42.0.0) {06/08/22 22:44:05}
06/08/22 22:44:09 POST Script of node stage_in_remote_local_0_0 completed successfully.
06/08/22 22:44:09 DAG status: 0 (DAG_STATUS_OK)
06/08/22 22:44:09 Of 6 nodes total:
06/08/22 22:44:09  Done     Pre   Queued    Post   Ready   Un-Ready   Failed
06/08/22 22:44:09   ===     ===      ===     ===     ===        ===      ===
06/08/22 22:44:09     3       0        0       0       1          2        0
06/08/22 22:44:09 0 job proc(s) currently held
06/08/22 22:44:09 DAGMan Runtime Statistics: [ EventCycleTimeAvg = 0.00711512565612793; EventCycleTimeCount = 6.0; EventCycleTimeMax = 0.01493191719055176; EventCycleTimeMin = 0.0004780292510986328; EventCycleTimeStd = 0.005843253438104605; EventCycleTimeSum = 0.04269075393676758; LogProcessCycleTimeAvg = 0.003215980529785156; LogProcessCycleTimeCount = 5.0; LogProcessCycleTimeMax = 0.009398937225341797; LogProcessCycleTimeMin = 0.0002591609954833984; LogProcessCycleTimeStd = 0.004097019304381821; LogProcessCycleTimeSum = 0.01607990264892578; SleepCycleTimeAvg = 4.947280367215474; SleepCycleTimeCount = 6.0; SleepCycleTimeMax = 5.345725059509277; SleepCycleTimeMin = 4.312566041946411; SleepCycleTimeStd = 0.339295893720838; SleepCycleTimeSum = 29.68368220329285; SubmitCycleTimeAvg = 0.003680876323154995; SubmitCycleTimeCount = 7.0; SubmitCycleTimeMax = 0.01470518112182617; SubmitCycleTimeMin = 1.788139343261719E-05; SubmitCycleTimeStd = 0.006315417172797921; SubmitCycleTimeSum = 0.02576613426208496; ]
06/08/22 22:44:14 Submitting HTCondor Node generate_source_py_ID0000001 job(s)...
06/08/22 22:44:14 Submitting node generate_source_py_ID0000001 from file 00/00/generate_source_py_ID0000001.sub using direct job submission
06/08/22 22:44:14 Submit warning: Submit:0:the line 'JOB = generate_source_py_ID0000001' was unused by DAGMAN. Is it a typo?
06/08/22 22:44:14 	assigned HTCondor ID (43.0.0)
06/08/22 22:44:14 Just submitted 1 job this cycle...
06/08/22 22:44:14 DAG status: 0 (DAG_STATUS_OK)
06/08/22 22:44:14 Of 6 nodes total:
06/08/22 22:44:14  Done     Pre   Queued    Post   Ready   Un-Ready   Failed
06/08/22 22:44:14   ===     ===      ===     ===     ===        ===      ===
06/08/22 22:44:14     3       0        1       0       0          2        0
06/08/22 22:44:14 0 job proc(s) currently held
06/08/22 22:44:14 DAGMan Runtime Statistics: [ EventCycleTimeAvg = 0.006195953914097377; EventCycleTimeCount = 7.0; EventCycleTimeMax = 0.01493191719055176; EventCycleTimeMin = 0.0004780292510986328; EventCycleTimeStd = 0.005862349852323166; EventCycleTimeSum = 0.04337167739868164; LogProcessCycleTimeAvg = 0.003215980529785156; LogProcessCycleTimeCount = 5.0; LogProcessCycleTimeMax = 0.009398937225341797; LogProcessCycleTimeMin = 0.0002591609954833984; LogProcessCycleTimeStd = 0.004097019304381821; LogProcessCycleTimeSum = 0.01607990264892578; SleepCycleTimeAvg = 4.955176183155605; SleepCycleTimeCount = 7.0; SleepCycleTimeMax = 5.345725059509277; SleepCycleTimeMin = 4.312566041946411; SleepCycleTimeStd = 0.3104370472071631; SleepCycleTimeSum = 34.68623328208923; SubmitCycleTimeAvg = 0.005096882581710815; SubmitCycleTimeCount = 8.0; SubmitCycleTimeMax = 0.01500892639160156; SubmitCycleTimeMin = 1.788139343261719E-05; SubmitCycleTimeStd = 0.007087122052990637; SubmitCycleTimeSum = 0.04077506065368652; ]
06/08/22 22:44:19 Currently monitoring 1 HTCondor log file(s)
06/08/22 22:44:19 Reassigning the id of job generate_source_py_ID0000001 from (43.0.0) to (43.0.0)
06/08/22 22:44:19 Event: ULOG_SUBMIT for HTCondor Node generate_source_py_ID0000001 (43.0.0) {06/08/22 22:44:14}
06/08/22 22:44:19 Number of idle job procs: 1
06/08/22 22:44:24 Currently monitoring 1 HTCondor log file(s)
06/08/22 22:44:24 Event: ULOG_EXECUTE for HTCondor Node generate_source_py_ID0000001 (43.0.0) {06/08/22 22:44:19}
06/08/22 22:44:24 Number of idle job procs: 0
06/08/22 22:44:24 Event: ULOG_JOB_TERMINATED for HTCondor Node generate_source_py_ID0000001 (43.0.0) {06/08/22 22:44:22}
06/08/22 22:44:24 Number of idle job procs: 0
06/08/22 22:44:24 Node generate_source_py_ID0000001 job proc (43.0.0) failed with status 126.
06/08/22 22:44:24 Node generate_source_py_ID0000001 job completed
06/08/22 22:44:24 Running POST script of Node generate_source_py_ID0000001...
06/08/22 22:44:24 Warning: mysin has length 0 (ignore if produced by DAGMan; see gittrac #4987, #5031)
06/08/22 22:44:24 DAG status: 0 (DAG_STATUS_OK)
06/08/22 22:44:24 Of 6 nodes total:
06/08/22 22:44:24  Done     Pre   Queued    Post   Ready   Un-Ready   Failed
06/08/22 22:44:24   ===     ===      ===     ===     ===        ===      ===
06/08/22 22:44:24     3       0        0       1       0          2        0
06/08/22 22:44:24 0 job proc(s) currently held
06/08/22 22:44:24 DAGMan Runtime Statistics: [ EventCycleTimeAvg = 0.006542311774359809; EventCycleTimeCount = 9.0; EventCycleTimeMax = 0.01520800590515137; EventCycleTimeMin = 0.0003011226654052734; EventCycleTimeStd = 0.006335310937317201; EventCycleTimeSum = 0.05888080596923828; LogProcessCycleTimeAvg = 0.003309828894478934; LogProcessCycleTimeCount = 7.0; LogProcessCycleTimeMax = 0.009398937225341797; LogProcessCycleTimeMin = 0.0002591609954833984; LogProcessCycleTimeStd = 0.003847781719354829; LogProcessCycleTimeSum = 0.02316880226135254; SleepCycleTimeAvg = 4.965478685167101; SleepCycleTimeCount = 9.0; SleepCycleTimeMax = 5.345725059509277; SleepCycleTimeMin = 4.312566041946411; SleepCycleTimeStd = 0.2696227112447571; SleepCycleTimeSum = 44.68930816650391; SubmitCycleTimeAvg = 0.004087591171264648; SubmitCycleTimeCount = 10.0; SubmitCycleTimeMax = 0.01500892639160156; SubmitCycleTimeMin = 1.788139343261719E-05; SubmitCycleTimeStd = 0.006602524578165387; SubmitCycleTimeSum = 0.04087591171264648; ]
06/08/22 22:44:24 Initializing user log writer for /Users/bianyiyang/airflow/dags/CRUX/workflow_pegasus/bianyiyang/pegasus/peakfinding-workflow/run0004/./peakfinding-workflow-0.dag.nodes.log, (43.0.0)
06/08/22 22:44:29 Currently monitoring 1 HTCondor log file(s)
06/08/22 22:44:29 Event: ULOG_POST_SCRIPT_TERMINATED for HTCondor Node generate_source_py_ID0000001 (43.0.0) {06/08/22 22:44:24}
06/08/22 22:44:29 POST Script of node generate_source_py_ID0000001 failed with status 1
06/08/22 22:44:29 POST for Node generate_source_py_ID0000001 returned 1
06/08/22 22:44:29 Retrying node generate_source_py_ID0000001 (retry #1 of 1)...
06/08/22 22:44:29 DAG status: 0 (DAG_STATUS_OK)
06/08/22 22:44:29 Of 6 nodes total:
06/08/22 22:44:29  Done     Pre   Queued    Post   Ready   Un-Ready   Failed
06/08/22 22:44:29   ===     ===      ===     ===     ===        ===      ===
06/08/22 22:44:29     3       0        0       0       1          2        0
06/08/22 22:44:29 0 job proc(s) currently held
06/08/22 22:44:29 DAGMan Runtime Statistics: [ EventCycleTimeAvg = 0.006628489494323731; EventCycleTimeCount = 10.0; EventCycleTimeMax = 0.01520800590515137; EventCycleTimeMin = 0.0003011226654052734; EventCycleTimeStd = 0.005979202021522082; EventCycleTimeSum = 0.0662848949432373; LogProcessCycleTimeAvg = 0.002938956022262573; LogProcessCycleTimeCount = 8.0; LogProcessCycleTimeMax = 0.009398937225341797; LogProcessCycleTimeMin = 0.0002591609954833984; LogProcessCycleTimeStd = 0.003713588165684504; LogProcessCycleTimeSum = 0.02351164817810059; SleepCycleTimeAvg = 5.021655011177063; SleepCycleTimeCount = 10.0; SleepCycleTimeMax = 5.527241945266724; SleepCycleTimeMin = 4.312566041946411; SleepCycleTimeStd = 0.3101238848714449; SleepCycleTimeSum = 50.21655011177063; SubmitCycleTimeAvg = 0.003720543601296165; SubmitCycleTimeCount = 11.0; SubmitCycleTimeMax = 0.01500892639160156; SubmitCycleTimeMin = 1.788139343261719E-05; SubmitCycleTimeStd = 0.006380905956803288; SubmitCycleTimeSum = 0.04092597961425781; ]
06/08/22 22:44:34 Reassigning the id of job generate_source_py_ID0000001 from (43.0.0) to (-1.-1.-1)
06/08/22 22:44:34 Submitting HTCondor Node generate_source_py_ID0000001 job(s)...
06/08/22 22:44:34 Submitting node generate_source_py_ID0000001 from file 00/00/generate_source_py_ID0000001.sub using direct job submission
06/08/22 22:44:34 Submit warning: Submit:0:the line 'JOB = generate_source_py_ID0000001' was unused by DAGMAN. Is it a typo?
06/08/22 22:44:34 	assigned HTCondor ID (44.0.0)
06/08/22 22:44:34 Just submitted 1 job this cycle...
06/08/22 22:44:34 DAG status: 0 (DAG_STATUS_OK)
06/08/22 22:44:34 Of 6 nodes total:
06/08/22 22:44:34  Done     Pre   Queued    Post   Ready   Un-Ready   Failed
06/08/22 22:44:34   ===     ===      ===     ===     ===        ===      ===
06/08/22 22:44:34     3       0        1       0       0          2        0
06/08/22 22:44:34 0 job proc(s) currently held
06/08/22 22:44:34 DAGMan Runtime Statistics: [ EventCycleTimeAvg = 0.00609499757940119; EventCycleTimeCount = 11.0; EventCycleTimeMax = 0.01520800590515137; EventCycleTimeMin = 0.0003011226654052734; EventCycleTimeStd = 0.005941929062932449; EventCycleTimeSum = 0.06704497337341309; LogProcessCycleTimeAvg = 0.002938956022262573; LogProcessCycleTimeCount = 8.0; LogProcessCycleTimeMax = 0.009398937225341797; LogProcessCycleTimeMin = 0.0002591609954833984; LogProcessCycleTimeStd = 0.003713588165684504; LogProcessCycleTimeSum = 0.02351164817810059; SleepCycleTimeAvg = 5.019834084944292; SleepCycleTimeCount = 11.0; SleepCycleTimeMax = 5.527241945266724; SleepCycleTimeMin = 4.312566041946411; SleepCycleTimeStd = 0.2942713289920932; SleepCycleTimeSum = 55.21817493438721; SubmitCycleTimeAvg = 0.004179418087005615; SubmitCycleTimeCount = 12.0; SubmitCycleTimeMax = 0.01500892639160156; SubmitCycleTimeMin = 1.788139343261719E-05; SubmitCycleTimeStd = 0.006288187287977583; SubmitCycleTimeSum = 0.05015301704406738; ]
06/08/22 22:44:39 Currently monitoring 1 HTCondor log file(s)
06/08/22 22:44:39 Reassigning the id of job generate_source_py_ID0000001 from (44.0.0) to (44.0.0)
06/08/22 22:44:39 Event: ULOG_SUBMIT for HTCondor Node generate_source_py_ID0000001 (44.0.0) {06/08/22 22:44:34}
06/08/22 22:44:39 Number of idle job procs: 1
06/08/22 22:44:39 Event: ULOG_EXECUTE for HTCondor Node generate_source_py_ID0000001 (44.0.0) {06/08/22 22:44:34}
06/08/22 22:44:39 Number of idle job procs: 0
06/08/22 22:44:39 Event: ULOG_JOB_TERMINATED for HTCondor Node generate_source_py_ID0000001 (44.0.0) {06/08/22 22:44:37}
06/08/22 22:44:39 Number of idle job procs: 0
06/08/22 22:44:39 Node generate_source_py_ID0000001 job proc (44.0.0) failed with status 126.
06/08/22 22:44:39 Node generate_source_py_ID0000001 job completed
06/08/22 22:44:39 Running POST script of Node generate_source_py_ID0000001...
06/08/22 22:44:39 Warning: mysin has length 0 (ignore if produced by DAGMan; see gittrac #4987, #5031)
06/08/22 22:44:39 DAG status: 0 (DAG_STATUS_OK)
06/08/22 22:44:39 Of 6 nodes total:
06/08/22 22:44:39  Done     Pre   Queued    Post   Ready   Un-Ready   Failed
06/08/22 22:44:39   ===     ===      ===     ===     ===        ===      ===
06/08/22 22:44:39     3       0        0       1       0          2        0
06/08/22 22:44:39 0 job proc(s) currently held
06/08/22 22:44:39 DAGMan Runtime Statistics: [ EventCycleTimeAvg = 0.00637592871983846; EventCycleTimeCount = 12.0; EventCycleTimeMax = 0.01520800590515137; EventCycleTimeMin = 0.0003011226654052734; EventCycleTimeStd = 0.005748382810031388; EventCycleTimeSum = 0.07651114463806152; LogProcessCycleTimeAvg = 0.003348191579182943; LogProcessCycleTimeCount = 9.0; LogProcessCycleTimeMax = 0.009398937225341797; LogProcessCycleTimeMin = 0.0002591609954833984; LogProcessCycleTimeStd = 0.003684312500413656; LogProcessCycleTimeSum = 0.03013372421264648; SleepCycleTimeAvg = 5.018286645412445; SleepCycleTimeCount = 12.0; SleepCycleTimeMax = 5.527241945266724; SleepCycleTimeMin = 4.312566041946411; SleepCycleTimeStd = 0.2806279053365818; SleepCycleTimeSum = 60.21943974494934; SubmitCycleTimeAvg = 0.003860235214233398; SubmitCycleTimeCount = 13.0; SubmitCycleTimeMax = 0.01500892639160156; SubmitCycleTimeMin = 1.788139343261719E-05; SubmitCycleTimeStd = 0.006129486215783827; SubmitCycleTimeSum = 0.05018305778503418; ]
06/08/22 22:44:39 Initializing user log writer for /Users/bianyiyang/airflow/dags/CRUX/workflow_pegasus/bianyiyang/pegasus/peakfinding-workflow/run0004/./peakfinding-workflow-0.dag.nodes.log, (44.0.0)
06/08/22 22:44:44 Currently monitoring 1 HTCondor log file(s)
06/08/22 22:44:44 Event: ULOG_POST_SCRIPT_TERMINATED for HTCondor Node generate_source_py_ID0000001 (44.0.0) {06/08/22 22:44:39}
06/08/22 22:44:44 POST Script of node generate_source_py_ID0000001 failed with status 1
06/08/22 22:44:44 POST for Node generate_source_py_ID0000001 returned 1
06/08/22 22:44:44 DAG status: 2 (DAG_STATUS_NODE_FAILED)
06/08/22 22:44:44 Of 6 nodes total:
06/08/22 22:44:44  Done     Pre   Queued    Post   Ready   Un-Ready   Failed
06/08/22 22:44:44   ===     ===      ===     ===     ===        ===      ===
06/08/22 22:44:44     3       0        0       0       0          2        1
06/08/22 22:44:45 0 job proc(s) currently held
06/08/22 22:44:45 DAGMan Runtime Statistics: [ EventCycleTimeAvg = 0.006416174081655649; EventCycleTimeCount = 13.0; EventCycleTimeMax = 0.01520800590515137; EventCycleTimeMin = 0.0003011226654052734; EventCycleTimeStd = 0.005505570101757281; EventCycleTimeSum = 0.08341026306152344; LogProcessCycleTimeAvg = 0.003042769432067871; LogProcessCycleTimeCount = 10.0; LogProcessCycleTimeMax = 0.009398937225341797; LogProcessCycleTimeMin = 0.0002591609954833984; LogProcessCycleTimeStd = 0.003605377322232089; LogProcessCycleTimeSum = 0.03042769432067871; SleepCycleTimeAvg = 5.044617671232957; SleepCycleTimeCount = 13.0; SleepCycleTimeMax = 5.527241945266724; SleepCycleTimeMin = 4.312566041946411; SleepCycleTimeStd = 0.2849606126917989; SleepCycleTimeSum = 65.58002972602844; SubmitCycleTimeAvg = 0.003588284764971052; SubmitCycleTimeCount = 14.0; SubmitCycleTimeMax = 0.01500892639160156; SubmitCycleTimeMin = 1.788139343261719E-05; SubmitCycleTimeStd = 0.005976282596559592; SubmitCycleTimeSum = 0.05023598670959473; ]
06/08/22 22:44:45 ERROR: the following job(s) failed:
06/08/22 22:44:45 ---------------------- Job ----------------------
06/08/22 22:44:45       Node Name: generate_source_py_ID0000001
06/08/22 22:44:45            Noop: false
06/08/22 22:44:45          NodeID: 3
06/08/22 22:44:45     Node Status: STATUS_ERROR    
06/08/22 22:44:45 Node return val: 1
06/08/22 22:44:45           Error: Job exited with status 126 and POST Script failed with status 1 (after 1 node retries)
06/08/22 22:44:45 Job Submit File: 00/00/generate_source_py_ID0000001.sub
06/08/22 22:44:45     POST Script: /usr/local/Homebrew/bin/pegasus-exitcode  -r $RETURN -s PegasusLite:+exitcode+0 -l peakfinding-workflow-0.exitcode.log -M peakfinding-workflow-0.cache.meta   .//00/00/generate_source_py_ID0000001.out
06/08/22 22:44:45           Retry: 1
06/08/22 22:44:45  HTCondor Job ID: (44.0.0)
06/08/22 22:44:45 PARENTS: stage_in_remote_local_0_0 WAITING: 0 CHILDREN: clean_up_local_level_3_0
06/08/22 22:44:45 ---------------------------------------	<END>
06/08/22 22:44:45 Aborting DAG...
06/08/22 22:44:45 Writing Rescue DAG to peakfinding-workflow-0.dag.rescue001...
06/08/22 22:44:45 Removing submitted jobs...
06/08/22 22:44:45 Removing any/all submitted HTCondor jobs...
06/08/22 22:44:45 Running: /usr/local/condor/bin/condor_rm -const DAGManJobId==39
06/08/22 22:44:45 Note: 0 total job deferrals because of -MaxJobs limit (0)
06/08/22 22:44:45 Note: 0 total job deferrals because of -MaxIdle limit (1000)
06/08/22 22:44:45 Note: 0 total job deferrals because of node category throttles
06/08/22 22:44:45 Note: 0 total PRE script deferrals because of -MaxPre limit (20) or DEFER
06/08/22 22:44:45 Note: 0 total POST script deferrals because of -MaxPost limit (20) or DEFER
06/08/22 22:44:45 Note: 0 total HOLD script deferrals because of -MaxHold limit (20) or DEFER
06/08/22 22:44:45 DAG status: 2 (DAG_STATUS_NODE_FAILED)
06/08/22 22:44:45 Of 6 nodes total:
06/08/22 22:44:45  Done     Pre   Queued    Post   Ready   Un-Ready   Failed
06/08/22 22:44:45   ===     ===      ===     ===     ===        ===      ===
06/08/22 22:44:45     3       0        0       0       0          2        1
06/08/22 22:44:45 0 job proc(s) currently held
06/08/22 22:44:45 DAGMan Runtime Statistics: [ EventCycleTimeAvg = 0.006416174081655649; EventCycleTimeCount = 13.0; EventCycleTimeMax = 0.01520800590515137; EventCycleTimeMin = 0.0003011226654052734; EventCycleTimeStd = 0.005505570101757281; EventCycleTimeSum = 0.08341026306152344; LogProcessCycleTimeAvg = 0.003042769432067871; LogProcessCycleTimeCount = 10.0; LogProcessCycleTimeMax = 0.009398937225341797; LogProcessCycleTimeMin = 0.0002591609954833984; LogProcessCycleTimeStd = 0.003605377322232089; LogProcessCycleTimeSum = 0.03042769432067871; SleepCycleTimeAvg = 5.044617671232957; SleepCycleTimeCount = 13.0; SleepCycleTimeMax = 5.527241945266724; SleepCycleTimeMin = 4.312566041946411; SleepCycleTimeStd = 0.2849606126917989; SleepCycleTimeSum = 65.58002972602844; SubmitCycleTimeAvg = 0.003588284764971052; SubmitCycleTimeCount = 14.0; SubmitCycleTimeMax = 0.01500892639160156; SubmitCycleTimeMin = 1.788139343261719E-05; SubmitCycleTimeStd = 0.005976282596559592; SubmitCycleTimeSum = 0.05023598670959473; ]
06/08/22 22:44:45 Wrote metrics file peakfinding-workflow-0.dag.metrics.
06/08/22 22:44:45 DAGMan Runtime Statistics: [ EventCycleTimeAvg = 0.006416174081655649; EventCycleTimeCount = 13.0; EventCycleTimeMax = 0.01520800590515137; EventCycleTimeMin = 0.0003011226654052734; EventCycleTimeStd = 0.005505570101757281; EventCycleTimeSum = 0.08341026306152344; LogProcessCycleTimeAvg = 0.003042769432067871; LogProcessCycleTimeCount = 10.0; LogProcessCycleTimeMax = 0.009398937225341797; LogProcessCycleTimeMin = 0.0002591609954833984; LogProcessCycleTimeStd = 0.003605377322232089; LogProcessCycleTimeSum = 0.03042769432067871; SleepCycleTimeAvg = 5.044617671232957; SleepCycleTimeCount = 13.0; SleepCycleTimeMax = 5.527241945266724; SleepCycleTimeMin = 4.312566041946411; SleepCycleTimeStd = 0.2849606126917989; SleepCycleTimeSum = 65.58002972602844; SubmitCycleTimeAvg = 0.003588284764971052; SubmitCycleTimeCount = 14.0; SubmitCycleTimeMax = 0.01500892639160156; SubmitCycleTimeMin = 1.788139343261719E-05; SubmitCycleTimeStd = 0.005976282596559592; SubmitCycleTimeSum = 0.05023598670959473; ]
06/08/22 22:44:45 **** condor_scheduniv_exec.39.0 (condor_DAGMAN) pid 7594 EXITING WITH STATUS 1
