06/08/22 23:01:20 ******************************************************
06/08/22 23:01:20 ** condor_scheduniv_exec.51.0 (CONDOR_DAGMAN) STARTING UP
06/08/22 23:01:20 ** /usr/local/condor/bin/condor_dagman
06/08/22 23:01:20 ** SubsystemInfo: name=DAGMAN type=DAGMAN(10) class=DAEMON(1)
06/08/22 23:01:20 ** Configuration: subsystem:DAGMAN local:<NONE> class:DAEMON
06/08/22 23:01:20 ** $CondorVersion: 9.8.0 Apr 21 2022 BuildID: 584246 $
06/08/22 23:01:20 ** $CondorPlatform: x86_64_MacOSX15 $
06/08/22 23:01:20 ** PID = 11167
06/08/22 23:01:20 ** Log last touched time unavailable (No such file or directory)
06/08/22 23:01:20 ******************************************************
06/08/22 23:01:20 Using config source: /etc/condor/condor_config
06/08/22 23:01:20 Using local config sources: 
06/08/22 23:01:20    /usr/local/condor/local/config.d/00-htcondor-9.0.config
06/08/22 23:01:20    /usr/local/condor/local/config.d/00-minicondor
06/08/22 23:01:20 config Macros = 68, Sorted = 67, StringBytes = 2011, TablesBytes = 2504
06/08/22 23:01:20 CLASSAD_CACHING is ENABLED
06/08/22 23:01:20 Daemon Log is logging: D_ALWAYS D_ERROR
06/08/22 23:01:20 DaemonCore: No command port requested.
06/08/22 23:01:20 DAGMAN_USE_STRICT setting: 1
06/08/22 23:01:20 DAGMAN_VERBOSITY setting: 3
06/08/22 23:01:20 DAGMAN_DEBUG_CACHE_SIZE setting: 5242880
06/08/22 23:01:20 DAGMAN_DEBUG_CACHE_ENABLE setting: False
06/08/22 23:01:20 DAGMAN_SUBMIT_DELAY setting: 0
06/08/22 23:01:20 DAGMAN_MAX_SUBMIT_ATTEMPTS setting: 6
06/08/22 23:01:20 DAGMAN_STARTUP_CYCLE_DETECT setting: False
06/08/22 23:01:20 DAGMAN_MAX_SUBMITS_PER_INTERVAL setting: 100
06/08/22 23:01:20 DAGMAN_AGGRESSIVE_SUBMIT setting: False
06/08/22 23:01:20 DAGMAN_USER_LOG_SCAN_INTERVAL setting: 5
06/08/22 23:01:20 DAGMAN_QUEUE_UPDATE_INTERVAL setting: 300
06/08/22 23:01:20 DAGMAN_DEFAULT_PRIORITY setting: 0
06/08/22 23:01:20 DAGMAN_SUPPRESS_NOTIFICATION setting: True
06/08/22 23:01:20 allow_events (DAGMAN_ALLOW_EVENTS) setting: 114
06/08/22 23:01:20 DAGMAN_RETRY_SUBMIT_FIRST setting: True
06/08/22 23:01:20 DAGMAN_RETRY_NODE_FIRST setting: False
06/08/22 23:01:20 DAGMAN_MAX_JOBS_IDLE setting: 1000
06/08/22 23:01:20 DAGMAN_MAX_JOBS_SUBMITTED setting: 0
06/08/22 23:01:20 DAGMAN_MAX_PRE_SCRIPTS setting: 20
06/08/22 23:01:20 DAGMAN_MAX_POST_SCRIPTS setting: 20
06/08/22 23:01:20 DAGMAN_MAX_HOLD_SCRIPTS setting: 20
06/08/22 23:01:20 DAGMAN_MUNGE_NODE_NAMES setting: True
06/08/22 23:01:20 DAGMAN_PROHIBIT_MULTI_JOBS setting: False
06/08/22 23:01:20 DAGMAN_SUBMIT_DEPTH_FIRST setting: False
06/08/22 23:01:20 DAGMAN_ALWAYS_RUN_POST setting: False
06/08/22 23:01:20 DAGMAN_CONDOR_SUBMIT_EXE setting: /usr/local/condor/bin/condor_submit
06/08/22 23:01:20 DAGMAN_USE_DIRECT_SUBMIT setting: True
06/08/22 23:01:20 DAGMAN_ABORT_DUPLICATES setting: True
06/08/22 23:01:20 DAGMAN_ABORT_ON_SCARY_SUBMIT setting: True
06/08/22 23:01:20 DAGMAN_PENDING_REPORT_INTERVAL setting: 600
06/08/22 23:01:20 DAGMAN_AUTO_RESCUE setting: True
06/08/22 23:01:20 DAGMAN_MAX_RESCUE_NUM setting: 100
06/08/22 23:01:20 DAGMAN_WRITE_PARTIAL_RESCUE setting: True
06/08/22 23:01:20 DAGMAN_DEFAULT_NODE_LOG setting: @(DAG_DIR)/@(DAG_FILE).nodes.log
06/08/22 23:01:20 DAGMAN_GENERATE_SUBDAG_SUBMITS setting: True
06/08/22 23:01:20 DAGMAN_MAX_JOB_HOLDS setting: 100
06/08/22 23:01:20 DAGMAN_HOLD_CLAIM_TIME setting: 20
06/08/22 23:01:20 ALL_DEBUG setting: 
06/08/22 23:01:20 DAGMAN_DEBUG setting: 
06/08/22 23:01:20 DAGMAN_SUPPRESS_JOB_LOGS setting: False
06/08/22 23:01:20 DAGMAN_REMOVE_NODE_JOBS setting: True
06/08/22 23:01:20 DAGMAN will adjust edges after parsing
06/08/22 23:01:20 argv[0] == "condor_scheduniv_exec.51.0"
06/08/22 23:01:20 argv[1] == "-Lockfile"
06/08/22 23:01:20 argv[2] == "peakfinding-workflow-0.dag.lock"
06/08/22 23:01:20 argv[3] == "-AutoRescue"
06/08/22 23:01:20 argv[4] == "1"
06/08/22 23:01:20 argv[5] == "-DoRescueFrom"
06/08/22 23:01:20 argv[6] == "0"
06/08/22 23:01:20 argv[7] == "-Dag"
06/08/22 23:01:20 argv[8] == "peakfinding-workflow-0.dag"
06/08/22 23:01:20 argv[9] == "-MaxPost"
06/08/22 23:01:20 argv[10] == "20"
06/08/22 23:01:20 argv[11] == "-Suppress_notification"
06/08/22 23:01:20 argv[12] == "-CsdVersion"
06/08/22 23:01:20 argv[13] == "$CondorVersion: 9.8.0 Apr 21 2022 BuildID: 584246 $"
06/08/22 23:01:20 argv[14] == "-Dagman"
06/08/22 23:01:20 argv[15] == "/usr/local/condor/bin/condor_dagman"
06/08/22 23:01:20 Can't open directory "/etc/condor/passwords.d" as PRIV_ROOT, errno: 13 (Permission denied)
06/08/22 23:01:20 Can't open directory "/etc/condor/passwords.d" as PRIV_ROOT, errno: 13 (Permission denied)
06/08/22 23:01:20 Workflow batch-id: <51.0>
06/08/22 23:01:20 Workflow batch-name: <peakfinding-workflow-0.dag+51>
06/08/22 23:01:20 Workflow accounting_group: <>
06/08/22 23:01:20 Workflow accounting_group_user: <>
06/08/22 23:01:20 Warning: failed to get attribute DAGNodeName
06/08/22 23:01:20 DAGMAN_LOG_ON_NFS_IS_ERROR setting: False
06/08/22 23:01:20 Default node log file is: </Users/bianyiyang/airflow/dags/CRUX/workflow_pegasus/bianyiyang/pegasus/peakfinding-workflow/run0006/./peakfinding-workflow-0.dag.nodes.log>
06/08/22 23:01:20 DAG Lockfile will be written to peakfinding-workflow-0.dag.lock
06/08/22 23:01:20 DAG Input file is peakfinding-workflow-0.dag
06/08/22 23:01:20 Parsing 1 dagfiles
06/08/22 23:01:20 Parsing peakfinding-workflow-0.dag ...
06/08/22 23:01:20 Adjusting edges
06/08/22 23:01:20 Warning: category registration has no assigned nodes, so the throttle setting (1) will have no effect
06/08/22 23:01:20 Warning: category stageout has no assigned nodes, so the throttle setting (10) will have no effect
06/08/22 23:01:20 Dag contains 6 total jobs
06/08/22 23:01:20 Warning: ProcessId not confirmed unique
06/08/22 23:01:20 Bootstrapping...
06/08/22 23:01:20 Number of pre-completed nodes: 0
06/08/22 23:01:20 MultiLogFiles: truncating log file /Users/bianyiyang/airflow/dags/CRUX/workflow_pegasus/bianyiyang/pegasus/peakfinding-workflow/run0006/./peakfinding-workflow-0.dag.nodes.log
06/08/22 23:01:20 DAG status: 0 (DAG_STATUS_OK)
06/08/22 23:01:20 Of 6 nodes total:
06/08/22 23:01:20  Done     Pre   Queued    Post   Ready   Un-Ready   Failed
06/08/22 23:01:20   ===     ===      ===     ===     ===        ===      ===
06/08/22 23:01:20     0       0        0       0       2          4        0
06/08/22 23:01:20 0 job proc(s) currently held
06/08/22 23:01:20 DAGMan Runtime Statistics: [ EventCycleTimeCount = 0.0; EventCycleTimeSum = 0.0; LogProcessCycleTimeCount = 0.0; LogProcessCycleTimeSum = 0.0; SleepCycleTimeCount = 0.0; SleepCycleTimeSum = 0.0; SubmitCycleTimeCount = 0.0; SubmitCycleTimeSum = 0.0; ]
06/08/22 23:01:20 Registering condor_event_timer...
06/08/22 23:01:21 Submitting HTCondor Node create_dir_peakfinding-workflow_0_local job(s)...
06/08/22 23:01:21 Submitting node create_dir_peakfinding-workflow_0_local from file 00/00/create_dir_peakfinding-workflow_0_local.sub using direct job submission
06/08/22 23:01:21 Submit warning: Submit:0:the line 'JOB = create_dir_peakfinding-workflow_0_local' was unused by DAGMAN. Is it a typo?
06/08/22 23:01:21 	assigned HTCondor ID (52.0.0)
06/08/22 23:01:21 Submitting HTCondor Node stage_worker_local_peakfinding-workflow_0_local job(s)...
06/08/22 23:01:21 Submitting node stage_worker_local_peakfinding-workflow_0_local from file 00/00/stage_worker_local_peakfinding-workflow_0_local.sub using direct job submission
06/08/22 23:01:21 Submit warning: Submit:0:the line 'JOB = stage_worker_local_peakfinding-workflow_0_local' was unused by DAGMAN. Is it a typo?
06/08/22 23:01:21 	assigned HTCondor ID (53.0.0)
06/08/22 23:01:21 Just submitted 2 jobs this cycle...
06/08/22 23:01:21 DAG status: 0 (DAG_STATUS_OK)
06/08/22 23:01:21 Of 6 nodes total:
06/08/22 23:01:21  Done     Pre   Queued    Post   Ready   Un-Ready   Failed
06/08/22 23:01:21   ===     ===      ===     ===     ===        ===      ===
06/08/22 23:01:21     0       0        2       0       0          4        0
06/08/22 23:01:21 0 job proc(s) currently held
06/08/22 23:01:21 DAGMan Runtime Statistics: [ EventCycleTimeCount = 0.0; EventCycleTimeSum = 0.0; LogProcessCycleTimeCount = 0.0; LogProcessCycleTimeSum = 0.0; SleepCycleTimeCount = 0.0; SleepCycleTimeSum = 0.0; SubmitCycleTimeAvg = 0.01276707649230957; SubmitCycleTimeCount = 1.0; SubmitCycleTimeMax = 0.01276707649230957; SubmitCycleTimeMin = 0.01276707649230957; SubmitCycleTimeStd = 0.01276707649230957; SubmitCycleTimeSum = 0.01276707649230957; ]
06/08/22 23:01:26 Currently monitoring 1 HTCondor log file(s)
06/08/22 23:01:26 Reassigning the id of job create_dir_peakfinding-workflow_0_local from (52.0.0) to (52.0.0)
06/08/22 23:01:26 Event: ULOG_SUBMIT for HTCondor Node create_dir_peakfinding-workflow_0_local (52.0.0) {06/08/22 23:01:21}
06/08/22 23:01:26 Number of idle job procs: 1
06/08/22 23:01:26 Reassigning the id of job stage_worker_local_peakfinding-workflow_0_local from (53.0.0) to (53.0.0)
06/08/22 23:01:26 Event: ULOG_SUBMIT for HTCondor Node stage_worker_local_peakfinding-workflow_0_local (53.0.0) {06/08/22 23:01:21}
06/08/22 23:01:26 Number of idle job procs: 2
06/08/22 23:01:26 Event: ULOG_EXECUTE for HTCondor Node create_dir_peakfinding-workflow_0_local (52.0.0) {06/08/22 23:01:22}
06/08/22 23:01:26 Number of idle job procs: 1
06/08/22 23:01:26 Event: ULOG_EXECUTE for HTCondor Node stage_worker_local_peakfinding-workflow_0_local (53.0.0) {06/08/22 23:01:22}
06/08/22 23:01:26 Number of idle job procs: 0
06/08/22 23:01:26 Event: ULOG_JOB_TERMINATED for HTCondor Node create_dir_peakfinding-workflow_0_local (52.0.0) {06/08/22 23:01:24}
06/08/22 23:01:26 Number of idle job procs: 0
06/08/22 23:01:26 Node create_dir_peakfinding-workflow_0_local job proc (52.0.0) completed successfully.
06/08/22 23:01:26 Node create_dir_peakfinding-workflow_0_local job completed
06/08/22 23:01:26 Running POST script of Node create_dir_peakfinding-workflow_0_local...
06/08/22 23:01:26 Warning: mysin has length 0 (ignore if produced by DAGMan; see gittrac #4987, #5031)
06/08/22 23:01:26 Event: ULOG_JOB_TERMINATED for HTCondor Node stage_worker_local_peakfinding-workflow_0_local (53.0.0) {06/08/22 23:01:25}
06/08/22 23:01:26 Number of idle job procs: 0
06/08/22 23:01:26 Node stage_worker_local_peakfinding-workflow_0_local job proc (53.0.0) completed successfully.
06/08/22 23:01:26 Node stage_worker_local_peakfinding-workflow_0_local job completed
06/08/22 23:01:26 Running POST script of Node stage_worker_local_peakfinding-workflow_0_local...
06/08/22 23:01:26 Warning: mysin has length 0 (ignore if produced by DAGMan; see gittrac #4987, #5031)
06/08/22 23:01:26 DAG status: 0 (DAG_STATUS_OK)
06/08/22 23:01:26 Of 6 nodes total:
06/08/22 23:01:26  Done     Pre   Queued    Post   Ready   Un-Ready   Failed
06/08/22 23:01:26   ===     ===      ===     ===     ===        ===      ===
06/08/22 23:01:26     0       0        0       2       0          4        0
06/08/22 23:01:26 0 job proc(s) currently held
06/08/22 23:01:26 DAGMan Runtime Statistics: [ EventCycleTimeAvg = 0.01291704177856445; EventCycleTimeCount = 1.0; EventCycleTimeMax = 0.01291704177856445; EventCycleTimeMin = 0.01291704177856445; EventCycleTimeStd = 0.01291704177856445; EventCycleTimeSum = 0.01291704177856445; LogProcessCycleTimeAvg = 0.009598016738891602; LogProcessCycleTimeCount = 1.0; LogProcessCycleTimeMax = 0.009598016738891602; LogProcessCycleTimeMin = 0.009598016738891602; LogProcessCycleTimeStd = 0.009598016738891602; LogProcessCycleTimeSum = 0.009598016738891602; SleepCycleTimeAvg = 5.001244068145752; SleepCycleTimeCount = 1.0; SleepCycleTimeMax = 5.001244068145752; SleepCycleTimeMin = 5.001244068145752; SleepCycleTimeStd = 5.001244068145752; SleepCycleTimeSum = 5.001244068145752; SubmitCycleTimeAvg = 0.006413102149963379; SubmitCycleTimeCount = 2.0; SubmitCycleTimeMax = 0.01276707649230957; SubmitCycleTimeMin = 5.91278076171875E-05; SubmitCycleTimeStd = 0.008985876689916652; SubmitCycleTimeSum = 0.01282620429992676; ]
06/08/22 23:01:26 Initializing user log writer for /Users/bianyiyang/airflow/dags/CRUX/workflow_pegasus/bianyiyang/pegasus/peakfinding-workflow/run0006/./peakfinding-workflow-0.dag.nodes.log, (52.0.0)
06/08/22 23:01:26 Initializing user log writer for /Users/bianyiyang/airflow/dags/CRUX/workflow_pegasus/bianyiyang/pegasus/peakfinding-workflow/run0006/./peakfinding-workflow-0.dag.nodes.log, (53.0.0)
06/08/22 23:01:31 Currently monitoring 1 HTCondor log file(s)
06/08/22 23:01:31 Event: ULOG_POST_SCRIPT_TERMINATED for HTCondor Node create_dir_peakfinding-workflow_0_local (52.0.0) {06/08/22 23:01:26}
06/08/22 23:01:31 POST Script of node create_dir_peakfinding-workflow_0_local completed successfully.
06/08/22 23:01:31 Event: ULOG_POST_SCRIPT_TERMINATED for HTCondor Node stage_worker_local_peakfinding-workflow_0_local (53.0.0) {06/08/22 23:01:26}
06/08/22 23:01:31 POST Script of node stage_worker_local_peakfinding-workflow_0_local completed successfully.
06/08/22 23:01:31 DAG status: 0 (DAG_STATUS_OK)
06/08/22 23:01:31 Of 6 nodes total:
06/08/22 23:01:31  Done     Pre   Queued    Post   Ready   Un-Ready   Failed
06/08/22 23:01:31   ===     ===      ===     ===     ===        ===      ===
06/08/22 23:01:31     2       0        0       0       1          3        0
06/08/22 23:01:31 0 job proc(s) currently held
06/08/22 23:01:31 DAGMan Runtime Statistics: [ EventCycleTimeAvg = 0.01141357421875; EventCycleTimeCount = 2.0; EventCycleTimeMax = 0.01291704177856445; EventCycleTimeMin = 0.009910106658935547; EventCycleTimeStd = 0.002126224213677582; EventCycleTimeSum = 0.0228271484375; LogProcessCycleTimeAvg = 0.005027532577514648; LogProcessCycleTimeCount = 2.0; LogProcessCycleTimeMax = 0.009598016738891602; LogProcessCycleTimeMin = 0.0004570484161376953; LogProcessCycleTimeStd = 0.006463640687630709; LogProcessCycleTimeSum = 0.0100550651550293; SleepCycleTimeAvg = 5.163004994392395; SleepCycleTimeCount = 2.0; SleepCycleTimeMax = 5.324765920639038; SleepCycleTimeMin = 5.001244068145752; SleepCycleTimeStd = 0.2287644957600366; SleepCycleTimeSum = 10.32600998878479; SubmitCycleTimeAvg = 0.00429232915242513; SubmitCycleTimeCount = 3.0; SubmitCycleTimeMax = 0.01276707649230957; SubmitCycleTimeMin = 5.078315734863281E-05; SubmitCycleTimeStd = 0.007339347672951311; SubmitCycleTimeSum = 0.01287698745727539; ]
06/08/22 23:01:36 Submitting HTCondor Node stage_in_remote_local_0_0 job(s)...
06/08/22 23:01:36 Submitting node stage_in_remote_local_0_0 from file 00/00/stage_in_remote_local_0_0.sub using direct job submission
06/08/22 23:01:36 Submit warning: Submit:0:the line 'JOB = stage_in_remote_local_0_0' was unused by DAGMAN. Is it a typo?
06/08/22 23:01:36 	assigned HTCondor ID (54.0.0)
06/08/22 23:01:36 Just submitted 1 job this cycle...
06/08/22 23:01:36 DAG status: 0 (DAG_STATUS_OK)
06/08/22 23:01:36 Of 6 nodes total:
06/08/22 23:01:36  Done     Pre   Queued    Post   Ready   Un-Ready   Failed
06/08/22 23:01:36   ===     ===      ===     ===     ===        ===      ===
06/08/22 23:01:36     2       0        1       0       0          3        0
06/08/22 23:01:36 0 job proc(s) currently held
06/08/22 23:01:36 DAGMan Runtime Statistics: [ EventCycleTimeAvg = 0.007899045944213867; EventCycleTimeCount = 3.0; EventCycleTimeMax = 0.01291704177856445; EventCycleTimeMin = 0.0008699893951416016; EventCycleTimeStd = 0.006270258501924478; EventCycleTimeSum = 0.0236971378326416; LogProcessCycleTimeAvg = 0.005027532577514648; LogProcessCycleTimeCount = 2.0; LogProcessCycleTimeMax = 0.009598016738891602; LogProcessCycleTimeMin = 0.0004570484161376953; LogProcessCycleTimeStd = 0.006463640687630709; LogProcessCycleTimeSum = 0.0100550651550293; SleepCycleTimeAvg = 5.109524329503377; SleepCycleTimeCount = 3.0; SleepCycleTimeMax = 5.324765920639038; SleepCycleTimeMin = 5.001244068145752; SleepCycleTimeStd = 0.1864058524056809; SleepCycleTimeSum = 15.32857298851013; SubmitCycleTimeAvg = 0.006981968879699707; SubmitCycleTimeCount = 4.0; SubmitCycleTimeMax = 0.01505088806152344; SubmitCycleTimeMin = 5.078315734863281E-05; SubmitCycleTimeStd = 0.008052784008844717; SubmitCycleTimeSum = 0.02792787551879883; ]
06/08/22 23:01:41 Currently monitoring 1 HTCondor log file(s)
06/08/22 23:01:41 Reassigning the id of job stage_in_remote_local_0_0 from (54.0.0) to (54.0.0)
06/08/22 23:01:41 Event: ULOG_SUBMIT for HTCondor Node stage_in_remote_local_0_0 (54.0.0) {06/08/22 23:01:36}
06/08/22 23:01:41 Number of idle job procs: 1
06/08/22 23:01:41 Event: ULOG_EXECUTE for HTCondor Node stage_in_remote_local_0_0 (54.0.0) {06/08/22 23:01:36}
06/08/22 23:01:41 Number of idle job procs: 0
06/08/22 23:01:41 Event: ULOG_JOB_TERMINATED for HTCondor Node stage_in_remote_local_0_0 (54.0.0) {06/08/22 23:01:39}
06/08/22 23:01:41 Number of idle job procs: 0
06/08/22 23:01:41 Node stage_in_remote_local_0_0 job proc (54.0.0) completed successfully.
06/08/22 23:01:41 Node stage_in_remote_local_0_0 job completed
06/08/22 23:01:41 Running POST script of Node stage_in_remote_local_0_0...
06/08/22 23:01:41 Warning: mysin has length 0 (ignore if produced by DAGMan; see gittrac #4987, #5031)
06/08/22 23:01:41 DAG status: 0 (DAG_STATUS_OK)
06/08/22 23:01:41 Of 6 nodes total:
06/08/22 23:01:41  Done     Pre   Queued    Post   Ready   Un-Ready   Failed
06/08/22 23:01:41   ===     ===      ===     ===     ===        ===      ===
06/08/22 23:01:41     2       0        0       1       0          3        0
06/08/22 23:01:41 0 job proc(s) currently held
06/08/22 23:01:41 DAGMan Runtime Statistics: [ EventCycleTimeAvg = 0.009769558906555176; EventCycleTimeCount = 4.0; EventCycleTimeMax = 0.0153810977935791; EventCycleTimeMin = 0.0008699893951416016; EventCycleTimeStd = 0.006340822982057211; EventCycleTimeSum = 0.0390782356262207; LogProcessCycleTimeAvg = 0.00433802604675293; LogProcessCycleTimeCount = 3.0; LogProcessCycleTimeMax = 0.009598016738891602; LogProcessCycleTimeMin = 0.0004570484161376953; LogProcessCycleTimeStd = 0.004723937260092134; LogProcessCycleTimeSum = 0.01301407814025879; SleepCycleTimeAvg = 5.082260191440582; SleepCycleTimeCount = 4.0; SleepCycleTimeMax = 5.324765920639038; SleepCycleTimeMin = 5.000467777252197; SleepCycleTimeStd = 0.1616727995199544; SleepCycleTimeSum = 20.32904076576233; SubmitCycleTimeAvg = 0.005586767196655273; SubmitCycleTimeCount = 5.0; SubmitCycleTimeMax = 0.01505088806152344; SubmitCycleTimeMin = 5.960464477539062E-06; SubmitCycleTimeStd = 0.007639923847897896; SubmitCycleTimeSum = 0.02793383598327637; ]
06/08/22 23:01:41 Initializing user log writer for /Users/bianyiyang/airflow/dags/CRUX/workflow_pegasus/bianyiyang/pegasus/peakfinding-workflow/run0006/./peakfinding-workflow-0.dag.nodes.log, (54.0.0)
06/08/22 23:01:46 Currently monitoring 1 HTCondor log file(s)
06/08/22 23:01:46 Event: ULOG_POST_SCRIPT_TERMINATED for HTCondor Node stage_in_remote_local_0_0 (54.0.0) {06/08/22 23:01:41}
06/08/22 23:01:46 POST Script of node stage_in_remote_local_0_0 completed successfully.
06/08/22 23:01:46 DAG status: 0 (DAG_STATUS_OK)
06/08/22 23:01:46 Of 6 nodes total:
06/08/22 23:01:46  Done     Pre   Queued    Post   Ready   Un-Ready   Failed
06/08/22 23:01:46   ===     ===      ===     ===     ===        ===      ===
06/08/22 23:01:46     3       0        0       0       1          2        0
06/08/22 23:01:46 0 job proc(s) currently held
06/08/22 23:01:46 DAGMan Runtime Statistics: [ EventCycleTimeAvg = 0.008437681198120116; EventCycleTimeCount = 5.0; EventCycleTimeMax = 0.0153810977935791; EventCycleTimeMin = 0.0008699893951416016; EventCycleTimeStd = 0.006246920698909968; EventCycleTimeSum = 0.04218840599060059; LogProcessCycleTimeAvg = 0.003318488597869873; LogProcessCycleTimeCount = 4.0; LogProcessCycleTimeMax = 0.009598016738891602; LogProcessCycleTimeMin = 0.0002598762512207031; LogProcessCycleTimeStd = 0.004362898340578703; LogProcessCycleTimeSum = 0.01327395439147949; SleepCycleTimeAvg = 5.130978536605835; SleepCycleTimeCount = 5.0; SleepCycleTimeMax = 5.325851917266846; SleepCycleTimeMin = 5.000467777252197; SleepCycleTimeStd = 0.1774005534282905; SleepCycleTimeSum = 25.65489268302917; SubmitCycleTimeAvg = 0.004664301872253418; SubmitCycleTimeCount = 6.0; SubmitCycleTimeMax = 0.01505088806152344; SubmitCycleTimeMin = 5.960464477539062E-06; SubmitCycleTimeStd = 0.007197249667038522; SubmitCycleTimeSum = 0.02798581123352051; ]
06/08/22 23:01:51 Submitting HTCondor Node generate_source_ID0000001 job(s)...
06/08/22 23:01:51 Submitting node generate_source_ID0000001 from file 00/00/generate_source_ID0000001.sub using direct job submission
06/08/22 23:01:51 Submit warning: Submit:0:the line 'JOB = generate_source_ID0000001' was unused by DAGMAN. Is it a typo?
06/08/22 23:01:51 	assigned HTCondor ID (55.0.0)
06/08/22 23:01:51 Just submitted 1 job this cycle...
06/08/22 23:01:51 DAG status: 0 (DAG_STATUS_OK)
06/08/22 23:01:51 Of 6 nodes total:
06/08/22 23:01:51  Done     Pre   Queued    Post   Ready   Un-Ready   Failed
06/08/22 23:01:51   ===     ===      ===     ===     ===        ===      ===
06/08/22 23:01:51     3       0        1       0       0          2        0
06/08/22 23:01:51 0 job proc(s) currently held
06/08/22 23:01:51 DAGMan Runtime Statistics: [ EventCycleTimeAvg = 0.007144729296366374; EventCycleTimeCount = 6.0; EventCycleTimeMax = 0.0153810977935791; EventCycleTimeMin = 0.0006799697875976562; EventCycleTimeStd = 0.006422582214052815; EventCycleTimeSum = 0.04286837577819824; LogProcessCycleTimeAvg = 0.003318488597869873; LogProcessCycleTimeCount = 4.0; LogProcessCycleTimeMax = 0.009598016738891602; LogProcessCycleTimeMin = 0.0002598762512207031; LogProcessCycleTimeStd = 0.004362898340578703; LogProcessCycleTimeSum = 0.01327395439147949; SleepCycleTimeAvg = 5.109340786933899; SleepCycleTimeCount = 6.0; SleepCycleTimeMax = 5.325851917266846; SleepCycleTimeMin = 5.000467777252197; SleepCycleTimeStd = 0.1672899230393947; SleepCycleTimeSum = 30.65604472160339; SubmitCycleTimeAvg = 0.005798407963344029; SubmitCycleTimeCount = 7.0; SubmitCycleTimeMax = 0.01505088806152344; SubmitCycleTimeMin = 5.960464477539062E-06; SubmitCycleTimeStd = 0.007222906526393204; SubmitCycleTimeSum = 0.0405888557434082; ]
06/08/22 23:01:56 Currently monitoring 1 HTCondor log file(s)
06/08/22 23:01:56 Reassigning the id of job generate_source_ID0000001 from (55.0.0) to (55.0.0)
06/08/22 23:01:56 Event: ULOG_SUBMIT for HTCondor Node generate_source_ID0000001 (55.0.0) {06/08/22 23:01:51}
06/08/22 23:01:56 Number of idle job procs: 1
06/08/22 23:02:01 Currently monitoring 1 HTCondor log file(s)
06/08/22 23:02:01 Event: ULOG_EXECUTE for HTCondor Node generate_source_ID0000001 (55.0.0) {06/08/22 23:01:58}
06/08/22 23:02:01 Number of idle job procs: 0
06/08/22 23:02:01 Event: ULOG_JOB_TERMINATED for HTCondor Node generate_source_ID0000001 (55.0.0) {06/08/22 23:02:01}
06/08/22 23:02:01 Number of idle job procs: 0
06/08/22 23:02:01 Node generate_source_ID0000001 job proc (55.0.0) failed with status 126.
06/08/22 23:02:01 Node generate_source_ID0000001 job completed
06/08/22 23:02:01 Running POST script of Node generate_source_ID0000001...
06/08/22 23:02:01 Warning: mysin has length 0 (ignore if produced by DAGMan; see gittrac #4987, #5031)
06/08/22 23:02:01 DAG status: 0 (DAG_STATUS_OK)
06/08/22 23:02:01 Of 6 nodes total:
06/08/22 23:02:01  Done     Pre   Queued    Post   Ready   Un-Ready   Failed
06/08/22 23:02:01   ===     ===      ===     ===     ===        ===      ===
06/08/22 23:02:01     3       0        0       1       0          2        0
06/08/22 23:02:01 0 job proc(s) currently held
06/08/22 23:02:01 DAGMan Runtime Statistics: [ EventCycleTimeAvg = 0.006997793912887573; EventCycleTimeCount = 8.0; EventCycleTimeMax = 0.0153810977935791; EventCycleTimeMin = 0.0003249645233154297; EventCycleTimeStd = 0.006374527421740232; EventCycleTimeSum = 0.05598235130310059; LogProcessCycleTimeAvg = 0.003231287002563477; LogProcessCycleTimeCount = 6.0; LogProcessCycleTimeMax = 0.009598016738891602; LogProcessCycleTimeMin = 0.00025177001953125; LogProcessCycleTimeStd = 0.003819246574553794; LogProcessCycleTimeSum = 0.01938772201538086; SleepCycleTimeAvg = 5.082190483808517; SleepCycleTimeCount = 8.0; SleepCycleTimeMax = 5.325851917266846; SleepCycleTimeMin = 5.000189065933228; SleepCycleTimeStd = 0.1500578616529817; SleepCycleTimeSum = 40.65752387046814; SubmitCycleTimeAvg = 0.004521316952175564; SubmitCycleTimeCount = 9.0; SubmitCycleTimeMax = 0.01505088806152344; SubmitCycleTimeMin = 5.960464477539062E-06; SubmitCycleTimeStd = 0.006749051398986178; SubmitCycleTimeSum = 0.04069185256958008; ]
06/08/22 23:02:02 Initializing user log writer for /Users/bianyiyang/airflow/dags/CRUX/workflow_pegasus/bianyiyang/pegasus/peakfinding-workflow/run0006/./peakfinding-workflow-0.dag.nodes.log, (55.0.0)
06/08/22 23:02:06 Currently monitoring 1 HTCondor log file(s)
06/08/22 23:02:06 Event: ULOG_POST_SCRIPT_TERMINATED for HTCondor Node generate_source_ID0000001 (55.0.0) {06/08/22 23:02:02}
06/08/22 23:02:06 POST Script of node generate_source_ID0000001 failed with status 1
06/08/22 23:02:06 POST for Node generate_source_ID0000001 returned 1
06/08/22 23:02:06 Retrying node generate_source_ID0000001 (retry #1 of 1)...
06/08/22 23:02:06 DAG status: 0 (DAG_STATUS_OK)
06/08/22 23:02:06 Of 6 nodes total:
06/08/22 23:02:06  Done     Pre   Queued    Post   Ready   Un-Ready   Failed
06/08/22 23:02:06   ===     ===      ===     ===     ===        ===      ===
06/08/22 23:02:06     3       0        0       0       1          2        0
06/08/22 23:02:06 0 job proc(s) currently held
06/08/22 23:02:06 DAGMan Runtime Statistics: [ EventCycleTimeAvg = 0.006905688179863824; EventCycleTimeCount = 9.0; EventCycleTimeMax = 0.0153810977935791; EventCycleTimeMin = 0.0003249645233154297; EventCycleTimeStd = 0.005969223237884975; EventCycleTimeSum = 0.06215119361877441; LogProcessCycleTimeAvg = 0.002812113080705915; LogProcessCycleTimeCount = 7.0; LogProcessCycleTimeMax = 0.009598016738891602; LogProcessCycleTimeMin = 0.00025177001953125; LogProcessCycleTimeStd = 0.003658617831238852; LogProcessCycleTimeSum = 0.01968479156494141; SleepCycleTimeAvg = 4.994653436872694; SleepCycleTimeCount = 9.0; SleepCycleTimeMax = 5.325851917266846; SleepCycleTimeMin = 4.294357061386108; SleepCycleTimeStd = 0.2977705541009433; SleepCycleTimeSum = 44.95188093185425; SubmitCycleTimeAvg = 0.004074382781982422; SubmitCycleTimeCount = 10.0; SubmitCycleTimeMax = 0.01505088806152344; SubmitCycleTimeMin = 5.960464477539062E-06; SubmitCycleTimeStd = 0.006518137702791933; SubmitCycleTimeSum = 0.04074382781982422; ]
06/08/22 23:02:11 Reassigning the id of job generate_source_ID0000001 from (55.0.0) to (-1.-1.-1)
06/08/22 23:02:11 Submitting HTCondor Node generate_source_ID0000001 job(s)...
06/08/22 23:02:11 Submitting node generate_source_ID0000001 from file 00/00/generate_source_ID0000001.sub using direct job submission
06/08/22 23:02:11 Submit warning: Submit:0:the line 'JOB = generate_source_ID0000001' was unused by DAGMAN. Is it a typo?
06/08/22 23:02:11 	assigned HTCondor ID (56.0.0)
06/08/22 23:02:11 Just submitted 1 job this cycle...
06/08/22 23:02:11 DAG status: 0 (DAG_STATUS_OK)
06/08/22 23:02:11 Of 6 nodes total:
06/08/22 23:02:11  Done     Pre   Queued    Post   Ready   Un-Ready   Failed
06/08/22 23:02:11   ===     ===      ===     ===     ===        ===      ===
06/08/22 23:02:11     3       0        1       0       0          2        0
06/08/22 23:02:11 0 job proc(s) currently held
06/08/22 23:02:11 DAGMan Runtime Statistics: [ EventCycleTimeAvg = 0.006289505958557129; EventCycleTimeCount = 10.0; EventCycleTimeMax = 0.0153810977935791; EventCycleTimeMin = 0.0003249645233154297; EventCycleTimeStd = 0.005955615988259864; EventCycleTimeSum = 0.06289505958557129; LogProcessCycleTimeAvg = 0.002812113080705915; LogProcessCycleTimeCount = 7.0; LogProcessCycleTimeMax = 0.009598016738891602; LogProcessCycleTimeMin = 0.00025177001953125; LogProcessCycleTimeStd = 0.003658617831238852; LogProcessCycleTimeSum = 0.01968479156494141; SleepCycleTimeAvg = 4.995225811004639; SleepCycleTimeCount = 10.0; SleepCycleTimeMax = 5.325851917266846; SleepCycleTimeMin = 4.294357061386108; SleepCycleTimeStd = 0.2807466054429898; SleepCycleTimeSum = 49.95225811004639; SubmitCycleTimeAvg = 0.005158619447187943; SubmitCycleTimeCount = 11.0; SubmitCycleTimeMax = 0.01600098609924316; SubmitCycleTimeMin = 5.960464477539062E-06; SubmitCycleTimeStd = 0.007153234779401402; SubmitCycleTimeSum = 0.05674481391906738; ]
06/08/22 23:02:16 Currently monitoring 1 HTCondor log file(s)
06/08/22 23:02:16 Reassigning the id of job generate_source_ID0000001 from (56.0.0) to (56.0.0)
06/08/22 23:02:16 Event: ULOG_SUBMIT for HTCondor Node generate_source_ID0000001 (56.0.0) {06/08/22 23:02:11}
06/08/22 23:02:16 Number of idle job procs: 1
06/08/22 23:02:16 Event: ULOG_EXECUTE for HTCondor Node generate_source_ID0000001 (56.0.0) {06/08/22 23:02:11}
06/08/22 23:02:16 Number of idle job procs: 0
06/08/22 23:02:16 Event: ULOG_JOB_TERMINATED for HTCondor Node generate_source_ID0000001 (56.0.0) {06/08/22 23:02:13}
06/08/22 23:02:16 Number of idle job procs: 0
06/08/22 23:02:16 Node generate_source_ID0000001 job proc (56.0.0) failed with status 126.
06/08/22 23:02:16 Node generate_source_ID0000001 job completed
06/08/22 23:02:16 Running POST script of Node generate_source_ID0000001...
06/08/22 23:02:16 Warning: mysin has length 0 (ignore if produced by DAGMan; see gittrac #4987, #5031)
06/08/22 23:02:16 DAG status: 0 (DAG_STATUS_OK)
06/08/22 23:02:16 Of 6 nodes total:
06/08/22 23:02:16  Done     Pre   Queued    Post   Ready   Un-Ready   Failed
06/08/22 23:02:16   ===     ===      ===     ===     ===        ===      ===
06/08/22 23:02:16     3       0        0       1       0          2        0
06/08/22 23:02:16 0 job proc(s) currently held
06/08/22 23:02:16 DAGMan Runtime Statistics: [ EventCycleTimeAvg = 0.007193543694236062; EventCycleTimeCount = 11.0; EventCycleTimeMax = 0.01623392105102539; EventCycleTimeMin = 0.0003249645233154297; EventCycleTimeStd = 0.006396292060444181; EventCycleTimeSum = 0.07912898063659668; LogProcessCycleTimeAvg = 0.003203362226486206; LogProcessCycleTimeCount = 8.0; LogProcessCycleTimeMax = 0.009598016738891602; LogProcessCycleTimeMin = 0.00025177001953125; LogProcessCycleTimeStd = 0.003563408414074658; LogProcessCycleTimeSum = 0.02562689781188965; SleepCycleTimeAvg = 4.995669559998945; SleepCycleTimeCount = 11.0; SleepCycleTimeMax = 5.325851917266846; SleepCycleTimeMin = 4.294357061386108; SleepCycleTimeStd = 0.2663436818583452; SleepCycleTimeSum = 54.9523651599884; SubmitCycleTimeAvg = 0.004729986190795898; SubmitCycleTimeCount = 12.0; SubmitCycleTimeMax = 0.01600098609924316; SubmitCycleTimeMin = 5.960464477539062E-06; SubmitCycleTimeStd = 0.006980098800632026; SubmitCycleTimeSum = 0.05675983428955078; ]
06/08/22 23:02:16 Initializing user log writer for /Users/bianyiyang/airflow/dags/CRUX/workflow_pegasus/bianyiyang/pegasus/peakfinding-workflow/run0006/./peakfinding-workflow-0.dag.nodes.log, (56.0.0)
06/08/22 23:02:21 Currently monitoring 1 HTCondor log file(s)
06/08/22 23:02:21 Event: ULOG_POST_SCRIPT_TERMINATED for HTCondor Node generate_source_ID0000001 (56.0.0) {06/08/22 23:02:16}
06/08/22 23:02:21 POST Script of node generate_source_ID0000001 failed with status 1
06/08/22 23:02:21 POST for Node generate_source_ID0000001 returned 1
06/08/22 23:02:21 DAG status: 2 (DAG_STATUS_NODE_FAILED)
06/08/22 23:02:21 Of 6 nodes total:
06/08/22 23:02:21  Done     Pre   Queued    Post   Ready   Un-Ready   Failed
06/08/22 23:02:21   ===     ===      ===     ===     ===        ===      ===
06/08/22 23:02:21     3       0        0       0       0          2        1
06/08/22 23:02:21 0 job proc(s) currently held
06/08/22 23:02:21 DAGMan Runtime Statistics: [ EventCycleTimeAvg = 0.007117172082265218; EventCycleTimeCount = 12.0; EventCycleTimeMax = 0.01623392105102539; EventCycleTimeMin = 0.0003249645233154297; EventCycleTimeStd = 0.006104360792061212; EventCycleTimeSum = 0.08540606498718262; LogProcessCycleTimeAvg = 0.002877765231662326; LogProcessCycleTimeCount = 9.0; LogProcessCycleTimeMax = 0.009598016738891602; LogProcessCycleTimeMin = 0.00025177001953125; LogProcessCycleTimeStd = 0.003473437089131727; LogProcessCycleTimeSum = 0.02589988708496094; SleepCycleTimeAvg = 5.026031752427419; SleepCycleTimeCount = 12.0; SleepCycleTimeMax = 5.360015869140625; SleepCycleTimeMin = 4.294357061386108; SleepCycleTimeStd = 0.2748678110217839; SleepCycleTimeSum = 60.31238102912903; SubmitCycleTimeAvg = 0.00437013919536884; SubmitCycleTimeCount = 13.0; SubmitCycleTimeMax = 0.01600098609924316; SubmitCycleTimeMin = 5.960464477539062E-06; SubmitCycleTimeStd = 0.006807716149774586; SubmitCycleTimeSum = 0.05681180953979492; ]
06/08/22 23:02:21 ERROR: the following job(s) failed:
06/08/22 23:02:21 ---------------------- Job ----------------------
06/08/22 23:02:21       Node Name: generate_source_ID0000001
06/08/22 23:02:21            Noop: false
06/08/22 23:02:21          NodeID: 3
06/08/22 23:02:21     Node Status: STATUS_ERROR    
06/08/22 23:02:21 Node return val: 1
06/08/22 23:02:21           Error: Job exited with status 126 and POST Script failed with status 1 (after 1 node retries)
06/08/22 23:02:21 Job Submit File: 00/00/generate_source_ID0000001.sub
06/08/22 23:02:21     POST Script: /usr/local/Homebrew/bin/pegasus-exitcode  -r $RETURN -s PegasusLite:+exitcode+0 -l peakfinding-workflow-0.exitcode.log -M peakfinding-workflow-0.cache.meta   .//00/00/generate_source_ID0000001.out
06/08/22 23:02:21           Retry: 1
06/08/22 23:02:21  HTCondor Job ID: (56.0.0)
06/08/22 23:02:21 PARENTS: stage_in_remote_local_0_0 WAITING: 0 CHILDREN: clean_up_local_level_3_0
06/08/22 23:02:21 ---------------------------------------	<END>
06/08/22 23:02:21 Aborting DAG...
06/08/22 23:02:21 Writing Rescue DAG to peakfinding-workflow-0.dag.rescue001...
06/08/22 23:02:21 Removing submitted jobs...
06/08/22 23:02:21 Removing any/all submitted HTCondor jobs...
06/08/22 23:02:21 Running: /usr/local/condor/bin/condor_rm -const DAGManJobId==51
06/08/22 23:02:21 Note: 0 total job deferrals because of -MaxJobs limit (0)
06/08/22 23:02:21 Note: 0 total job deferrals because of -MaxIdle limit (1000)
06/08/22 23:02:21 Note: 0 total job deferrals because of node category throttles
06/08/22 23:02:21 Note: 0 total PRE script deferrals because of -MaxPre limit (20) or DEFER
06/08/22 23:02:21 Note: 0 total POST script deferrals because of -MaxPost limit (20) or DEFER
06/08/22 23:02:21 Note: 0 total HOLD script deferrals because of -MaxHold limit (20) or DEFER
06/08/22 23:02:21 DAG status: 2 (DAG_STATUS_NODE_FAILED)
06/08/22 23:02:21 Of 6 nodes total:
06/08/22 23:02:21  Done     Pre   Queued    Post   Ready   Un-Ready   Failed
06/08/22 23:02:21   ===     ===      ===     ===     ===        ===      ===
06/08/22 23:02:21     3       0        0       0       0          2        1
06/08/22 23:02:21 0 job proc(s) currently held
06/08/22 23:02:21 DAGMan Runtime Statistics: [ EventCycleTimeAvg = 0.007117172082265218; EventCycleTimeCount = 12.0; EventCycleTimeMax = 0.01623392105102539; EventCycleTimeMin = 0.0003249645233154297; EventCycleTimeStd = 0.006104360792061212; EventCycleTimeSum = 0.08540606498718262; LogProcessCycleTimeAvg = 0.002877765231662326; LogProcessCycleTimeCount = 9.0; LogProcessCycleTimeMax = 0.009598016738891602; LogProcessCycleTimeMin = 0.00025177001953125; LogProcessCycleTimeStd = 0.003473437089131727; LogProcessCycleTimeSum = 0.02589988708496094; SleepCycleTimeAvg = 5.026031752427419; SleepCycleTimeCount = 12.0; SleepCycleTimeMax = 5.360015869140625; SleepCycleTimeMin = 4.294357061386108; SleepCycleTimeStd = 0.2748678110217839; SleepCycleTimeSum = 60.31238102912903; SubmitCycleTimeAvg = 0.00437013919536884; SubmitCycleTimeCount = 13.0; SubmitCycleTimeMax = 0.01600098609924316; SubmitCycleTimeMin = 5.960464477539062E-06; SubmitCycleTimeStd = 0.006807716149774586; SubmitCycleTimeSum = 0.05681180953979492; ]
06/08/22 23:02:21 Wrote metrics file peakfinding-workflow-0.dag.metrics.
06/08/22 23:02:21 DAGMan Runtime Statistics: [ EventCycleTimeAvg = 0.007117172082265218; EventCycleTimeCount = 12.0; EventCycleTimeMax = 0.01623392105102539; EventCycleTimeMin = 0.0003249645233154297; EventCycleTimeStd = 0.006104360792061212; EventCycleTimeSum = 0.08540606498718262; LogProcessCycleTimeAvg = 0.002877765231662326; LogProcessCycleTimeCount = 9.0; LogProcessCycleTimeMax = 0.009598016738891602; LogProcessCycleTimeMin = 0.00025177001953125; LogProcessCycleTimeStd = 0.003473437089131727; LogProcessCycleTimeSum = 0.02589988708496094; SleepCycleTimeAvg = 5.026031752427419; SleepCycleTimeCount = 12.0; SleepCycleTimeMax = 5.360015869140625; SleepCycleTimeMin = 4.294357061386108; SleepCycleTimeStd = 0.2748678110217839; SleepCycleTimeSum = 60.31238102912903; SubmitCycleTimeAvg = 0.00437013919536884; SubmitCycleTimeCount = 13.0; SubmitCycleTimeMax = 0.01600098609924316; SubmitCycleTimeMin = 5.960464477539062E-06; SubmitCycleTimeStd = 0.006807716149774586; SubmitCycleTimeSum = 0.05681180953979492; ]
06/08/22 23:02:21 **** condor_scheduniv_exec.51.0 (condor_DAGMAN) pid 11167 EXITING WITH STATUS 1
