06/09/22 13:52:21 ******************************************************
06/09/22 13:52:21 ** condor_scheduniv_exec.74.0 (CONDOR_DAGMAN) STARTING UP
06/09/22 13:52:21 ** /usr/local/condor/bin/condor_dagman
06/09/22 13:52:21 ** SubsystemInfo: name=DAGMAN type=DAGMAN(10) class=DAEMON(1)
06/09/22 13:52:21 ** Configuration: subsystem:DAGMAN local:<NONE> class:DAEMON
06/09/22 13:52:21 ** $CondorVersion: 9.8.0 Apr 21 2022 BuildID: 584246 $
06/09/22 13:52:21 ** $CondorPlatform: x86_64_MacOSX15 $
06/09/22 13:52:21 ** PID = 26387
06/09/22 13:52:21 ** Log last touched time unavailable (No such file or directory)
06/09/22 13:52:21 ******************************************************
06/09/22 13:52:21 Using config source: /etc/condor/condor_config
06/09/22 13:52:21 Using local config sources: 
06/09/22 13:52:21    /usr/local/condor/local/config.d/00-htcondor-9.0.config
06/09/22 13:52:21    /usr/local/condor/local/config.d/00-minicondor
06/09/22 13:52:21 config Macros = 68, Sorted = 67, StringBytes = 2016, TablesBytes = 2504
06/09/22 13:52:21 CLASSAD_CACHING is ENABLED
06/09/22 13:52:21 Daemon Log is logging: D_ALWAYS D_ERROR
06/09/22 13:52:21 DaemonCore: No command port requested.
06/09/22 13:52:21 DAGMAN_USE_STRICT setting: 1
06/09/22 13:52:21 DAGMAN_VERBOSITY setting: 3
06/09/22 13:52:21 DAGMAN_DEBUG_CACHE_SIZE setting: 5242880
06/09/22 13:52:21 DAGMAN_DEBUG_CACHE_ENABLE setting: False
06/09/22 13:52:21 DAGMAN_SUBMIT_DELAY setting: 0
06/09/22 13:52:21 DAGMAN_MAX_SUBMIT_ATTEMPTS setting: 6
06/09/22 13:52:21 DAGMAN_STARTUP_CYCLE_DETECT setting: False
06/09/22 13:52:21 DAGMAN_MAX_SUBMITS_PER_INTERVAL setting: 100
06/09/22 13:52:21 DAGMAN_AGGRESSIVE_SUBMIT setting: False
06/09/22 13:52:21 DAGMAN_USER_LOG_SCAN_INTERVAL setting: 5
06/09/22 13:52:21 DAGMAN_QUEUE_UPDATE_INTERVAL setting: 300
06/09/22 13:52:21 DAGMAN_DEFAULT_PRIORITY setting: 0
06/09/22 13:52:21 DAGMAN_SUPPRESS_NOTIFICATION setting: True
06/09/22 13:52:21 allow_events (DAGMAN_ALLOW_EVENTS) setting: 114
06/09/22 13:52:21 DAGMAN_RETRY_SUBMIT_FIRST setting: True
06/09/22 13:52:21 DAGMAN_RETRY_NODE_FIRST setting: False
06/09/22 13:52:21 DAGMAN_MAX_JOBS_IDLE setting: 1000
06/09/22 13:52:21 DAGMAN_MAX_JOBS_SUBMITTED setting: 0
06/09/22 13:52:21 DAGMAN_MAX_PRE_SCRIPTS setting: 20
06/09/22 13:52:21 DAGMAN_MAX_POST_SCRIPTS setting: 20
06/09/22 13:52:21 DAGMAN_MAX_HOLD_SCRIPTS setting: 20
06/09/22 13:52:21 DAGMAN_MUNGE_NODE_NAMES setting: True
06/09/22 13:52:21 DAGMAN_PROHIBIT_MULTI_JOBS setting: False
06/09/22 13:52:21 DAGMAN_SUBMIT_DEPTH_FIRST setting: False
06/09/22 13:52:21 DAGMAN_ALWAYS_RUN_POST setting: False
06/09/22 13:52:21 DAGMAN_CONDOR_SUBMIT_EXE setting: /usr/local/condor/bin/condor_submit
06/09/22 13:52:21 DAGMAN_USE_DIRECT_SUBMIT setting: True
06/09/22 13:52:21 DAGMAN_ABORT_DUPLICATES setting: True
06/09/22 13:52:21 DAGMAN_ABORT_ON_SCARY_SUBMIT setting: True
06/09/22 13:52:21 DAGMAN_PENDING_REPORT_INTERVAL setting: 600
06/09/22 13:52:21 DAGMAN_AUTO_RESCUE setting: True
06/09/22 13:52:21 DAGMAN_MAX_RESCUE_NUM setting: 100
06/09/22 13:52:21 DAGMAN_WRITE_PARTIAL_RESCUE setting: True
06/09/22 13:52:21 DAGMAN_DEFAULT_NODE_LOG setting: @(DAG_DIR)/@(DAG_FILE).nodes.log
06/09/22 13:52:21 DAGMAN_GENERATE_SUBDAG_SUBMITS setting: True
06/09/22 13:52:21 DAGMAN_MAX_JOB_HOLDS setting: 100
06/09/22 13:52:21 DAGMAN_HOLD_CLAIM_TIME setting: 20
06/09/22 13:52:21 ALL_DEBUG setting: 
06/09/22 13:52:21 DAGMAN_DEBUG setting: 
06/09/22 13:52:21 DAGMAN_SUPPRESS_JOB_LOGS setting: False
06/09/22 13:52:21 DAGMAN_REMOVE_NODE_JOBS setting: True
06/09/22 13:52:21 DAGMAN will adjust edges after parsing
06/09/22 13:52:21 argv[0] == "condor_scheduniv_exec.74.0"
06/09/22 13:52:21 argv[1] == "-Lockfile"
06/09/22 13:52:21 argv[2] == "peakfinding-workflow-0.dag.lock"
06/09/22 13:52:21 argv[3] == "-AutoRescue"
06/09/22 13:52:21 argv[4] == "1"
06/09/22 13:52:21 argv[5] == "-DoRescueFrom"
06/09/22 13:52:21 argv[6] == "0"
06/09/22 13:52:21 argv[7] == "-Dag"
06/09/22 13:52:21 argv[8] == "peakfinding-workflow-0.dag"
06/09/22 13:52:21 argv[9] == "-MaxPost"
06/09/22 13:52:21 argv[10] == "20"
06/09/22 13:52:21 argv[11] == "-Suppress_notification"
06/09/22 13:52:21 argv[12] == "-CsdVersion"
06/09/22 13:52:21 argv[13] == "$CondorVersion: 9.8.0 Apr 21 2022 BuildID: 584246 $"
06/09/22 13:52:21 argv[14] == "-Dagman"
06/09/22 13:52:21 argv[15] == "/usr/local/condor/bin/condor_dagman"
06/09/22 13:52:21 Can't open directory "/etc/condor/passwords.d" as PRIV_ROOT, errno: 13 (Permission denied)
06/09/22 13:52:21 Can't open directory "/etc/condor/passwords.d" as PRIV_ROOT, errno: 13 (Permission denied)
06/09/22 13:52:21 Workflow batch-id: <74.0>
06/09/22 13:52:21 Workflow batch-name: <peakfinding-workflow-0.dag+74>
06/09/22 13:52:21 Workflow accounting_group: <>
06/09/22 13:52:21 Workflow accounting_group_user: <>
06/09/22 13:52:21 Warning: failed to get attribute DAGNodeName
06/09/22 13:52:21 DAGMAN_LOG_ON_NFS_IS_ERROR setting: False
06/09/22 13:52:21 Default node log file is: </Users/bianyiyang/airflow/dags/CRUX/workflow_pegasus/bianyiyang/pegasus/peakfinding-workflow/run0011/./peakfinding-workflow-0.dag.nodes.log>
06/09/22 13:52:21 DAG Lockfile will be written to peakfinding-workflow-0.dag.lock
06/09/22 13:52:21 DAG Input file is peakfinding-workflow-0.dag
06/09/22 13:52:21 Parsing 1 dagfiles
06/09/22 13:52:21 Parsing peakfinding-workflow-0.dag ...
06/09/22 13:52:21 Adjusting edges
06/09/22 13:52:21 Warning: category registration has no assigned nodes, so the throttle setting (1) will have no effect
06/09/22 13:52:21 Warning: category stageout has no assigned nodes, so the throttle setting (10) will have no effect
06/09/22 13:52:21 Dag contains 6 total jobs
06/09/22 13:52:21 Warning: ProcessId not confirmed unique
06/09/22 13:52:21 Bootstrapping...
06/09/22 13:52:21 Number of pre-completed nodes: 0
06/09/22 13:52:21 MultiLogFiles: truncating log file /Users/bianyiyang/airflow/dags/CRUX/workflow_pegasus/bianyiyang/pegasus/peakfinding-workflow/run0011/./peakfinding-workflow-0.dag.nodes.log
06/09/22 13:52:21 DAG status: 0 (DAG_STATUS_OK)
06/09/22 13:52:21 Of 6 nodes total:
06/09/22 13:52:21  Done     Pre   Queued    Post   Ready   Un-Ready   Failed
06/09/22 13:52:21   ===     ===      ===     ===     ===        ===      ===
06/09/22 13:52:21     0       0        0       0       2          4        0
06/09/22 13:52:21 0 job proc(s) currently held
06/09/22 13:52:21 DAGMan Runtime Statistics: [ EventCycleTimeCount = 0.0; EventCycleTimeSum = 0.0; LogProcessCycleTimeCount = 0.0; LogProcessCycleTimeSum = 0.0; SleepCycleTimeCount = 0.0; SleepCycleTimeSum = 0.0; SubmitCycleTimeCount = 0.0; SubmitCycleTimeSum = 0.0; ]
06/09/22 13:52:21 Registering condor_event_timer...
06/09/22 13:52:22 Submitting HTCondor Node create_dir_peakfinding-workflow_0_local job(s)...
06/09/22 13:52:22 Submitting node create_dir_peakfinding-workflow_0_local from file 00/00/create_dir_peakfinding-workflow_0_local.sub using direct job submission
06/09/22 13:52:22 Submit warning: Submit:0:the line 'JOB = create_dir_peakfinding-workflow_0_local' was unused by DAGMAN. Is it a typo?
06/09/22 13:52:22 	assigned HTCondor ID (75.0.0)
06/09/22 13:52:22 Submitting HTCondor Node stage_worker_local_peakfinding-workflow_0_local job(s)...
06/09/22 13:52:22 Submitting node stage_worker_local_peakfinding-workflow_0_local from file 00/00/stage_worker_local_peakfinding-workflow_0_local.sub using direct job submission
06/09/22 13:52:22 Submit warning: Submit:0:the line 'JOB = stage_worker_local_peakfinding-workflow_0_local' was unused by DAGMAN. Is it a typo?
06/09/22 13:52:22 	assigned HTCondor ID (76.0.0)
06/09/22 13:52:22 Just submitted 2 jobs this cycle...
06/09/22 13:52:22 DAG status: 0 (DAG_STATUS_OK)
06/09/22 13:52:22 Of 6 nodes total:
06/09/22 13:52:22  Done     Pre   Queued    Post   Ready   Un-Ready   Failed
06/09/22 13:52:22   ===     ===      ===     ===     ===        ===      ===
06/09/22 13:52:22     0       0        2       0       0          4        0
06/09/22 13:52:22 0 job proc(s) currently held
06/09/22 13:52:22 DAGMan Runtime Statistics: [ EventCycleTimeCount = 0.0; EventCycleTimeSum = 0.0; LogProcessCycleTimeCount = 0.0; LogProcessCycleTimeSum = 0.0; SleepCycleTimeCount = 0.0; SleepCycleTimeSum = 0.0; SubmitCycleTimeAvg = 0.01315593719482422; SubmitCycleTimeCount = 1.0; SubmitCycleTimeMax = 0.01315593719482422; SubmitCycleTimeMin = 0.01315593719482422; SubmitCycleTimeStd = 0.01315593719482422; SubmitCycleTimeSum = 0.01315593719482422; ]
06/09/22 13:52:27 Currently monitoring 1 HTCondor log file(s)
06/09/22 13:52:27 Reassigning the id of job create_dir_peakfinding-workflow_0_local from (75.0.0) to (75.0.0)
06/09/22 13:52:27 Event: ULOG_SUBMIT for HTCondor Node create_dir_peakfinding-workflow_0_local (75.0.0) {06/09/22 13:52:22}
06/09/22 13:52:27 Number of idle job procs: 1
06/09/22 13:52:27 Reassigning the id of job stage_worker_local_peakfinding-workflow_0_local from (76.0.0) to (76.0.0)
06/09/22 13:52:27 Event: ULOG_SUBMIT for HTCondor Node stage_worker_local_peakfinding-workflow_0_local (76.0.0) {06/09/22 13:52:22}
06/09/22 13:52:27 Number of idle job procs: 2
06/09/22 13:52:27 Event: ULOG_EXECUTE for HTCondor Node create_dir_peakfinding-workflow_0_local (75.0.0) {06/09/22 13:52:22}
06/09/22 13:52:27 Number of idle job procs: 1
06/09/22 13:52:27 Event: ULOG_EXECUTE for HTCondor Node stage_worker_local_peakfinding-workflow_0_local (76.0.0) {06/09/22 13:52:22}
06/09/22 13:52:27 Number of idle job procs: 0
06/09/22 13:52:27 Event: ULOG_JOB_TERMINATED for HTCondor Node create_dir_peakfinding-workflow_0_local (75.0.0) {06/09/22 13:52:24}
06/09/22 13:52:27 Number of idle job procs: 0
06/09/22 13:52:27 Node create_dir_peakfinding-workflow_0_local job proc (75.0.0) completed successfully.
06/09/22 13:52:27 Node create_dir_peakfinding-workflow_0_local job completed
06/09/22 13:52:27 Running POST script of Node create_dir_peakfinding-workflow_0_local...
06/09/22 13:52:27 Warning: mysin has length 0 (ignore if produced by DAGMan; see gittrac #4987, #5031)
06/09/22 13:52:27 Event: ULOG_JOB_TERMINATED for HTCondor Node stage_worker_local_peakfinding-workflow_0_local (76.0.0) {06/09/22 13:52:26}
06/09/22 13:52:27 Number of idle job procs: 0
06/09/22 13:52:27 Node stage_worker_local_peakfinding-workflow_0_local job proc (76.0.0) completed successfully.
06/09/22 13:52:27 Node stage_worker_local_peakfinding-workflow_0_local job completed
06/09/22 13:52:27 Running POST script of Node stage_worker_local_peakfinding-workflow_0_local...
06/09/22 13:52:27 Warning: mysin has length 0 (ignore if produced by DAGMan; see gittrac #4987, #5031)
06/09/22 13:52:27 DAG status: 0 (DAG_STATUS_OK)
06/09/22 13:52:27 Of 6 nodes total:
06/09/22 13:52:27  Done     Pre   Queued    Post   Ready   Un-Ready   Failed
06/09/22 13:52:27   ===     ===      ===     ===     ===        ===      ===
06/09/22 13:52:27     0       0        0       2       0          4        0
06/09/22 13:52:27 0 job proc(s) currently held
06/09/22 13:52:27 DAGMan Runtime Statistics: [ EventCycleTimeAvg = 0.01329898834228516; EventCycleTimeCount = 1.0; EventCycleTimeMax = 0.01329898834228516; EventCycleTimeMin = 0.01329898834228516; EventCycleTimeStd = 0.01329898834228516; EventCycleTimeSum = 0.01329898834228516; LogProcessCycleTimeAvg = 0.009531021118164062; LogProcessCycleTimeCount = 1.0; LogProcessCycleTimeMax = 0.009531021118164062; LogProcessCycleTimeMin = 0.009531021118164062; LogProcessCycleTimeStd = 0.009531021118164062; LogProcessCycleTimeSum = 0.009531021118164062; SleepCycleTimeAvg = 5.001131057739258; SleepCycleTimeCount = 1.0; SleepCycleTimeMax = 5.001131057739258; SleepCycleTimeMin = 5.001131057739258; SleepCycleTimeStd = 5.001131057739258; SleepCycleTimeSum = 5.001131057739258; SubmitCycleTimeAvg = 0.006603479385375977; SubmitCycleTimeCount = 2.0; SubmitCycleTimeMax = 0.01315593719482422; SubmitCycleTimeMin = 5.102157592773438E-05; SubmitCycleTimeStd = 0.009266574700999206; SubmitCycleTimeSum = 0.01320695877075195; ]
06/09/22 13:52:27 Initializing user log writer for /Users/bianyiyang/airflow/dags/CRUX/workflow_pegasus/bianyiyang/pegasus/peakfinding-workflow/run0011/./peakfinding-workflow-0.dag.nodes.log, (75.0.0)
06/09/22 13:52:27 Initializing user log writer for /Users/bianyiyang/airflow/dags/CRUX/workflow_pegasus/bianyiyang/pegasus/peakfinding-workflow/run0011/./peakfinding-workflow-0.dag.nodes.log, (76.0.0)
06/09/22 13:52:32 Currently monitoring 1 HTCondor log file(s)
06/09/22 13:52:32 Event: ULOG_POST_SCRIPT_TERMINATED for HTCondor Node create_dir_peakfinding-workflow_0_local (75.0.0) {06/09/22 13:52:27}
06/09/22 13:52:32 POST Script of node create_dir_peakfinding-workflow_0_local completed successfully.
06/09/22 13:52:32 Event: ULOG_POST_SCRIPT_TERMINATED for HTCondor Node stage_worker_local_peakfinding-workflow_0_local (76.0.0) {06/09/22 13:52:27}
06/09/22 13:52:32 POST Script of node stage_worker_local_peakfinding-workflow_0_local completed successfully.
06/09/22 13:52:32 DAG status: 0 (DAG_STATUS_OK)
06/09/22 13:52:32 Of 6 nodes total:
06/09/22 13:52:32  Done     Pre   Queued    Post   Ready   Un-Ready   Failed
06/09/22 13:52:32   ===     ===      ===     ===     ===        ===      ===
06/09/22 13:52:32     2       0        0       0       1          3        0
06/09/22 13:52:32 0 job proc(s) currently held
06/09/22 13:52:32 DAGMan Runtime Statistics: [ EventCycleTimeAvg = 0.01156556606292725; EventCycleTimeCount = 2.0; EventCycleTimeMax = 0.01329898834228516; EventCycleTimeMin = 0.009832143783569336; EventCycleTimeStd = 0.002451429296787641; EventCycleTimeSum = 0.02313113212585449; LogProcessCycleTimeAvg = 0.004941105842590332; LogProcessCycleTimeCount = 2.0; LogProcessCycleTimeMax = 0.009531021118164062; LogProcessCycleTimeMin = 0.0003511905670166016; LogProcessCycleTimeStd = 0.006491120432859812; LogProcessCycleTimeSum = 0.009882211685180664; SleepCycleTimeAvg = 5.163110494613647; SleepCycleTimeCount = 2.0; SleepCycleTimeMax = 5.325089931488037; SleepCycleTimeMin = 5.001131057739258; SleepCycleTimeStd = 0.2290735164533185; SleepCycleTimeSum = 10.32622098922729; SubmitCycleTimeAvg = 0.00441892941792806; SubmitCycleTimeCount = 3.0; SubmitCycleTimeMax = 0.01315593719482422; SubmitCycleTimeMin = 4.982948303222656E-05; SubmitCycleTimeStd = 0.007566470711330966; SubmitCycleTimeSum = 0.01325678825378418; ]
06/09/22 13:52:37 Submitting HTCondor Node stage_in_remote_local_0_0 job(s)...
06/09/22 13:52:37 Submitting node stage_in_remote_local_0_0 from file 00/00/stage_in_remote_local_0_0.sub using direct job submission
06/09/22 13:52:37 Submit warning: Submit:0:the line 'JOB = stage_in_remote_local_0_0' was unused by DAGMAN. Is it a typo?
06/09/22 13:52:37 	assigned HTCondor ID (77.0.0)
06/09/22 13:52:37 Just submitted 1 job this cycle...
06/09/22 13:52:37 DAG status: 0 (DAG_STATUS_OK)
06/09/22 13:52:37 Of 6 nodes total:
06/09/22 13:52:37  Done     Pre   Queued    Post   Ready   Un-Ready   Failed
06/09/22 13:52:37   ===     ===      ===     ===     ===        ===      ===
06/09/22 13:52:37     2       0        1       0       0          3        0
06/09/22 13:52:37 0 job proc(s) currently held
06/09/22 13:52:37 DAGMan Runtime Statistics: [ EventCycleTimeAvg = 0.007949352264404297; EventCycleTimeCount = 3.0; EventCycleTimeMax = 0.01329898834228516; EventCycleTimeMin = 0.0007169246673583984; EventCycleTimeStd = 0.006498904485254242; EventCycleTimeSum = 0.02384805679321289; LogProcessCycleTimeAvg = 0.004941105842590332; LogProcessCycleTimeCount = 2.0; LogProcessCycleTimeMax = 0.009531021118164062; LogProcessCycleTimeMin = 0.0003511905670166016; LogProcessCycleTimeStd = 0.006491120432859812; LogProcessCycleTimeSum = 0.009882211685180664; SleepCycleTimeAvg = 5.108975013097127; SleepCycleTimeCount = 3.0; SleepCycleTimeMax = 5.325089931488037; SleepCycleTimeMin = 5.000704050064087; SleepCycleTimeStd = 0.1871611312404989; SleepCycleTimeSum = 15.32692503929138; SubmitCycleTimeAvg = 0.007122457027435303; SubmitCycleTimeCount = 4.0; SubmitCycleTimeMax = 0.01523303985595703; SubmitCycleTimeMin = 4.982948303222656E-05; SubmitCycleTimeStd = 0.008209987748169381; SubmitCycleTimeSum = 0.02848982810974121; ]
06/09/22 13:52:42 Currently monitoring 1 HTCondor log file(s)
06/09/22 13:52:42 Reassigning the id of job stage_in_remote_local_0_0 from (77.0.0) to (77.0.0)
06/09/22 13:52:42 Event: ULOG_SUBMIT for HTCondor Node stage_in_remote_local_0_0 (77.0.0) {06/09/22 13:52:37}
06/09/22 13:52:42 Number of idle job procs: 1
06/09/22 13:52:42 Event: ULOG_EXECUTE for HTCondor Node stage_in_remote_local_0_0 (77.0.0) {06/09/22 13:52:37}
06/09/22 13:52:42 Number of idle job procs: 0
06/09/22 13:52:42 Event: ULOG_JOB_TERMINATED for HTCondor Node stage_in_remote_local_0_0 (77.0.0) {06/09/22 13:52:40}
06/09/22 13:52:42 Number of idle job procs: 0
06/09/22 13:52:42 Node stage_in_remote_local_0_0 job proc (77.0.0) completed successfully.
06/09/22 13:52:42 Node stage_in_remote_local_0_0 job completed
06/09/22 13:52:42 Running POST script of Node stage_in_remote_local_0_0...
06/09/22 13:52:42 Warning: mysin has length 0 (ignore if produced by DAGMan; see gittrac #4987, #5031)
06/09/22 13:52:42 DAG status: 0 (DAG_STATUS_OK)
06/09/22 13:52:42 Of 6 nodes total:
06/09/22 13:52:42  Done     Pre   Queued    Post   Ready   Un-Ready   Failed
06/09/22 13:52:42   ===     ===      ===     ===     ===        ===      ===
06/09/22 13:52:42     2       0        0       1       0          3        0
06/09/22 13:52:42 0 job proc(s) currently held
06/09/22 13:52:42 DAGMan Runtime Statistics: [ EventCycleTimeAvg = 0.009854018688201904; EventCycleTimeCount = 4.0; EventCycleTimeMax = 0.01556801795959473; EventCycleTimeMin = 0.0007169246673583984; EventCycleTimeStd = 0.006532089233117253; EventCycleTimeSum = 0.03941607475280762; LogProcessCycleTimeAvg = 0.004428704579671224; LogProcessCycleTimeCount = 3.0; LogProcessCycleTimeMax = 0.009531021118164062; LogProcessCycleTimeMin = 0.0003511905670166016; LogProcessCycleTimeStd = 0.004674931806953805; LogProcessCycleTimeSum = 0.01328611373901367; SleepCycleTimeAvg = 5.081800997257233; SleepCycleTimeCount = 4.0; SleepCycleTimeMax = 5.325089931488037; SleepCycleTimeMin = 5.000278949737549; SleepCycleTimeStd = 0.1621929958792342; SleepCycleTimeSum = 20.32720398902893; SubmitCycleTimeAvg = 0.005698966979980469; SubmitCycleTimeCount = 5.0; SubmitCycleTimeMax = 0.01523303985595703; SubmitCycleTimeMin = 5.006790161132812E-06; SubmitCycleTimeStd = 0.007790028478435322; SubmitCycleTimeSum = 0.02849483489990234; ]
06/09/22 13:52:42 Initializing user log writer for /Users/bianyiyang/airflow/dags/CRUX/workflow_pegasus/bianyiyang/pegasus/peakfinding-workflow/run0011/./peakfinding-workflow-0.dag.nodes.log, (77.0.0)
06/09/22 13:52:47 Currently monitoring 1 HTCondor log file(s)
06/09/22 13:52:47 Event: ULOG_POST_SCRIPT_TERMINATED for HTCondor Node stage_in_remote_local_0_0 (77.0.0) {06/09/22 13:52:42}
06/09/22 13:52:47 POST Script of node stage_in_remote_local_0_0 completed successfully.
06/09/22 13:52:47 DAG status: 0 (DAG_STATUS_OK)
06/09/22 13:52:47 Of 6 nodes total:
06/09/22 13:52:47  Done     Pre   Queued    Post   Ready   Un-Ready   Failed
06/09/22 13:52:47   ===     ===      ===     ===     ===        ===      ===
06/09/22 13:52:47     3       0        0       0       1          2        0
06/09/22 13:52:47 0 job proc(s) currently held
06/09/22 13:52:47 DAGMan Runtime Statistics: [ EventCycleTimeAvg = 0.008597612380981445; EventCycleTimeCount = 5.0; EventCycleTimeMax = 0.01556801795959473; EventCycleTimeMin = 0.0007169246673583984; EventCycleTimeStd = 0.006316163895607167; EventCycleTimeSum = 0.04298806190490723; LogProcessCycleTimeAvg = 0.003345012664794922; LogProcessCycleTimeCount = 4.0; LogProcessCycleTimeMax = 0.009531021118164062; LogProcessCycleTimeMin = 9.393692016601562E-05; LogProcessCycleTimeStd = 0.004389481092937066; LogProcessCycleTimeSum = 0.01338005065917969; SleepCycleTimeAvg = 5.128632402420044; SleepCycleTimeCount = 5.0; SleepCycleTimeMax = 5.325089931488037; SleepCycleTimeMin = 5.000278949737549; SleepCycleTimeStd = 0.1752022502190887; SleepCycleTimeSum = 25.64316201210022; SubmitCycleTimeAvg = 0.004751324653625488; SubmitCycleTimeCount = 6.0; SubmitCycleTimeMax = 0.01523303985595703; SubmitCycleTimeMin = 5.006790161132812E-06; SubmitCycleTimeStd = 0.007344099048083676; SubmitCycleTimeSum = 0.02850794792175293; ]
06/09/22 13:52:52 Submitting HTCondor Node generate_source_ID0000001 job(s)...
06/09/22 13:52:52 Submitting node generate_source_ID0000001 from file 00/00/generate_source_ID0000001.sub using direct job submission
06/09/22 13:52:52 Submit warning: Submit:0:the line 'JOB = generate_source_ID0000001' was unused by DAGMAN. Is it a typo?
06/09/22 13:52:52 	assigned HTCondor ID (78.0.0)
06/09/22 13:52:52 Just submitted 1 job this cycle...
06/09/22 13:52:52 DAG status: 0 (DAG_STATUS_OK)
06/09/22 13:52:52 Of 6 nodes total:
06/09/22 13:52:52  Done     Pre   Queued    Post   Ready   Un-Ready   Failed
06/09/22 13:52:52   ===     ===      ===     ===     ===        ===      ===
06/09/22 13:52:52     3       0        1       0       0          2        0
06/09/22 13:52:52 0 job proc(s) currently held
06/09/22 13:52:52 DAGMan Runtime Statistics: [ EventCycleTimeAvg = 0.007210334142049153; EventCycleTimeCount = 6.0; EventCycleTimeMax = 0.01556801795959473; EventCycleTimeMin = 0.0002739429473876953; EventCycleTimeStd = 0.006592600894808337; EventCycleTimeSum = 0.04326200485229492; LogProcessCycleTimeAvg = 0.003345012664794922; LogProcessCycleTimeCount = 4.0; LogProcessCycleTimeMax = 0.009531021118164062; LogProcessCycleTimeMin = 9.393692016601562E-05; LogProcessCycleTimeStd = 0.004389481092937066; LogProcessCycleTimeSum = 0.01338005065917969; SleepCycleTimeAvg = 5.107402364412944; SleepCycleTimeCount = 6.0; SleepCycleTimeMax = 5.325089931488037; SleepCycleTimeMin = 5.000278949737549; SleepCycleTimeStd = 0.1651089030553958; SleepCycleTimeSum = 30.64441418647766; SubmitCycleTimeAvg = 0.00750868661063058; SubmitCycleTimeCount = 7.0; SubmitCycleTimeMax = 0.02405285835266113; SubmitCycleTimeMin = 5.006790161132812E-06; SubmitCycleTimeStd = 0.009907966849474835; SubmitCycleTimeSum = 0.05256080627441406; ]
06/09/22 13:52:57 Currently monitoring 1 HTCondor log file(s)
06/09/22 13:52:57 Reassigning the id of job generate_source_ID0000001 from (78.0.0) to (78.0.0)
06/09/22 13:52:57 Event: ULOG_SUBMIT for HTCondor Node generate_source_ID0000001 (78.0.0) {06/09/22 13:52:52}
06/09/22 13:52:57 Number of idle job procs: 1
06/09/22 13:52:57 Event: ULOG_EXECUTE for HTCondor Node generate_source_ID0000001 (78.0.0) {06/09/22 13:52:56}
06/09/22 13:52:57 Number of idle job procs: 0
06/09/22 13:53:02 Currently monitoring 1 HTCondor log file(s)
06/09/22 13:53:02 Event: ULOG_JOB_TERMINATED for HTCondor Node generate_source_ID0000001 (78.0.0) {06/09/22 13:53:00}
06/09/22 13:53:02 Number of idle job procs: 0
06/09/22 13:53:02 Node generate_source_ID0000001 job proc (78.0.0) failed with status 126.
06/09/22 13:53:02 Node generate_source_ID0000001 job completed
06/09/22 13:53:02 Running POST script of Node generate_source_ID0000001...
06/09/22 13:53:02 Warning: mysin has length 0 (ignore if produced by DAGMan; see gittrac #4987, #5031)
06/09/22 13:53:02 DAG status: 0 (DAG_STATUS_OK)
06/09/22 13:53:02 Of 6 nodes total:
06/09/22 13:53:02  Done     Pre   Queued    Post   Ready   Un-Ready   Failed
06/09/22 13:53:02   ===     ===      ===     ===     ===        ===      ===
06/09/22 13:53:02     3       0        0       1       0          2        0
06/09/22 13:53:02 0 job proc(s) currently held
06/09/22 13:53:02 DAGMan Runtime Statistics: [ EventCycleTimeAvg = 0.008524000644683838; EventCycleTimeCount = 8.0; EventCycleTimeMax = 0.0245969295501709; EventCycleTimeMin = 0.0002739429473876953; EventCycleTimeStd = 0.008888970910471685; EventCycleTimeSum = 0.0681920051574707; LogProcessCycleTimeAvg = 0.003140648206075033; LogProcessCycleTimeCount = 6.0; LogProcessCycleTimeMax = 0.009531021118164062; LogProcessCycleTimeMin = 9.393692016601562E-05; LogProcessCycleTimeStd = 0.003759333003848272; LogProcessCycleTimeSum = 0.0188438892364502; SleepCycleTimeAvg = 5.080645143985748; SleepCycleTimeCount = 8.0; SleepCycleTimeMax = 5.325089931488037; SleepCycleTimeMin = 5.000173091888428; SleepCycleTimeStd = 0.1480770079256571; SleepCycleTimeSum = 40.64516115188599; SubmitCycleTimeAvg = 0.005876196755303277; SubmitCycleTimeCount = 9.0; SubmitCycleTimeMax = 0.02405285835266113; SubmitCycleTimeMin = 5.006790161132812E-06; SubmitCycleTimeStd = 0.009171771236641745; SubmitCycleTimeSum = 0.05288577079772949; ]
06/09/22 13:53:03 Initializing user log writer for /Users/bianyiyang/airflow/dags/CRUX/workflow_pegasus/bianyiyang/pegasus/peakfinding-workflow/run0011/./peakfinding-workflow-0.dag.nodes.log, (78.0.0)
06/09/22 13:53:07 Currently monitoring 1 HTCondor log file(s)
06/09/22 13:53:07 Event: ULOG_POST_SCRIPT_TERMINATED for HTCondor Node generate_source_ID0000001 (78.0.0) {06/09/22 13:53:03}
06/09/22 13:53:07 POST Script of node generate_source_ID0000001 failed with status 1
06/09/22 13:53:07 POST for Node generate_source_ID0000001 returned 1
06/09/22 13:53:07 Retrying node generate_source_ID0000001 (retry #1 of 1)...
06/09/22 13:53:07 DAG status: 0 (DAG_STATUS_OK)
06/09/22 13:53:07 Of 6 nodes total:
06/09/22 13:53:07  Done     Pre   Queued    Post   Ready   Un-Ready   Failed
06/09/22 13:53:07   ===     ===      ===     ===     ===        ===      ===
06/09/22 13:53:07     3       0        0       0       1          2        0
06/09/22 13:53:07 0 job proc(s) currently held
06/09/22 13:53:07 DAGMan Runtime Statistics: [ EventCycleTimeAvg = 0.008206341001722548; EventCycleTimeCount = 9.0; EventCycleTimeMax = 0.0245969295501709; EventCycleTimeMin = 0.0002739429473876953; EventCycleTimeStd = 0.008369303866224895; EventCycleTimeSum = 0.07385706901550293; LogProcessCycleTimeAvg = 0.002751146044049944; LogProcessCycleTimeCount = 7.0; LogProcessCycleTimeMax = 0.009531021118164062; LogProcessCycleTimeMin = 9.393692016601562E-05; LogProcessCycleTimeStd = 0.003583174207469487; LogProcessCycleTimeSum = 0.01925802230834961; SleepCycleTimeAvg = 5.01951101091173; SleepCycleTimeCount = 9.0; SleepCycleTimeMax = 5.325089931488037; SleepCycleTimeMin = 4.53043794631958; SleepCycleTimeStd = 0.229831221295306; SleepCycleTimeSum = 45.17559909820557; SubmitCycleTimeAvg = 0.00529177188873291; SubmitCycleTimeCount = 10.0; SubmitCycleTimeMax = 0.02405285835266113; SubmitCycleTimeMin = 5.006790161132812E-06; SubmitCycleTimeStd = 0.008842516102195197; SubmitCycleTimeSum = 0.0529177188873291; ]
06/09/22 13:53:12 Reassigning the id of job generate_source_ID0000001 from (78.0.0) to (-1.-1.-1)
06/09/22 13:53:12 Submitting HTCondor Node generate_source_ID0000001 job(s)...
06/09/22 13:53:12 Submitting node generate_source_ID0000001 from file 00/00/generate_source_ID0000001.sub using direct job submission
06/09/22 13:53:12 Submit warning: Submit:0:the line 'JOB = generate_source_ID0000001' was unused by DAGMAN. Is it a typo?
06/09/22 13:53:12 	assigned HTCondor ID (79.0.0)
06/09/22 13:53:12 Just submitted 1 job this cycle...
06/09/22 13:53:12 DAG status: 0 (DAG_STATUS_OK)
06/09/22 13:53:12 Of 6 nodes total:
06/09/22 13:53:12  Done     Pre   Queued    Post   Ready   Un-Ready   Failed
06/09/22 13:53:12   ===     ===      ===     ===     ===        ===      ===
06/09/22 13:53:12     3       0        1       0       0          2        0
06/09/22 13:53:12 0 job proc(s) currently held
06/09/22 13:53:12 DAGMan Runtime Statistics: [ EventCycleTimeAvg = 0.007555890083312988; EventCycleTimeCount = 10.0; EventCycleTimeMax = 0.0245969295501709; EventCycleTimeMin = 0.0002739429473876953; EventCycleTimeStd = 0.008154342765225312; EventCycleTimeSum = 0.07555890083312988; LogProcessCycleTimeAvg = 0.002751146044049944; LogProcessCycleTimeCount = 7.0; LogProcessCycleTimeMax = 0.009531021118164062; LogProcessCycleTimeMin = 9.393692016601562E-05; LogProcessCycleTimeStd = 0.003583174207469487; LogProcessCycleTimeSum = 0.01925802230834961; SleepCycleTimeAvg = 5.017693519592285; SleepCycleTimeCount = 10.0; SleepCycleTimeMax = 5.325089931488037; SleepCycleTimeMin = 4.53043794631958; SleepCycleTimeStd = 0.2167631623529905; SleepCycleTimeSum = 50.17693519592285; SubmitCycleTimeAvg = 0.006200790405273438; SubmitCycleTimeCount = 11.0; SubmitCycleTimeMax = 0.02405285835266113; SubmitCycleTimeMin = 5.006790161132812E-06; SubmitCycleTimeStd = 0.008914064348734091; SubmitCycleTimeSum = 0.06820869445800781; ]
06/09/22 13:53:17 Currently monitoring 1 HTCondor log file(s)
06/09/22 13:53:17 Reassigning the id of job generate_source_ID0000001 from (79.0.0) to (79.0.0)
06/09/22 13:53:17 Event: ULOG_SUBMIT for HTCondor Node generate_source_ID0000001 (79.0.0) {06/09/22 13:53:12}
06/09/22 13:53:17 Number of idle job procs: 1
06/09/22 13:53:17 Event: ULOG_EXECUTE for HTCondor Node generate_source_ID0000001 (79.0.0) {06/09/22 13:53:12}
06/09/22 13:53:17 Number of idle job procs: 0
06/09/22 13:53:17 Event: ULOG_JOB_TERMINATED for HTCondor Node generate_source_ID0000001 (79.0.0) {06/09/22 13:53:15}
06/09/22 13:53:17 Number of idle job procs: 0
06/09/22 13:53:17 Node generate_source_ID0000001 job proc (79.0.0) failed with status 126.
06/09/22 13:53:17 Node generate_source_ID0000001 job completed
06/09/22 13:53:17 Running POST script of Node generate_source_ID0000001...
06/09/22 13:53:17 Warning: mysin has length 0 (ignore if produced by DAGMan; see gittrac #4987, #5031)
06/09/22 13:53:17 DAG status: 0 (DAG_STATUS_OK)
06/09/22 13:53:17 Of 6 nodes total:
06/09/22 13:53:17  Done     Pre   Queued    Post   Ready   Un-Ready   Failed
06/09/22 13:53:17   ===     ===      ===     ===     ===        ===      ===
06/09/22 13:53:17     3       0        0       1       0          2        0
06/09/22 13:53:17 0 job proc(s) currently held
06/09/22 13:53:17 DAGMan Runtime Statistics: [ EventCycleTimeAvg = 0.008282726461237127; EventCycleTimeCount = 11.0; EventCycleTimeMax = 0.0245969295501709; EventCycleTimeMin = 0.0002739429473876953; EventCycleTimeStd = 0.008102788264697335; EventCycleTimeSum = 0.0911099910736084; LogProcessCycleTimeAvg = 0.003201603889465332; LogProcessCycleTimeCount = 8.0; LogProcessCycleTimeMax = 0.009531021118164062; LogProcessCycleTimeMin = 9.393692016601562E-05; LogProcessCycleTimeStd = 0.003553628157134195; LogProcessCycleTimeSum = 0.02561283111572266; SleepCycleTimeAvg = 5.01619891686873; SleepCycleTimeCount = 11.0; SleepCycleTimeMax = 5.325089931488037; SleepCycleTimeMin = 4.53043794631958; SleepCycleTimeStd = 0.2056993288959696; SleepCycleTimeSum = 55.17818808555603; SubmitCycleTimeAvg = 0.005685567855834961; SubmitCycleTimeCount = 12.0; SubmitCycleTimeMax = 0.02405285835266113; SubmitCycleTimeMin = 5.006790161132812E-06; SubmitCycleTimeStd = 0.008684601820008823; SubmitCycleTimeSum = 0.06822681427001953; ]
06/09/22 13:53:17 Initializing user log writer for /Users/bianyiyang/airflow/dags/CRUX/workflow_pegasus/bianyiyang/pegasus/peakfinding-workflow/run0011/./peakfinding-workflow-0.dag.nodes.log, (79.0.0)
06/09/22 13:53:22 Currently monitoring 1 HTCondor log file(s)
06/09/22 13:53:22 Event: ULOG_POST_SCRIPT_TERMINATED for HTCondor Node generate_source_ID0000001 (79.0.0) {06/09/22 13:53:17}
06/09/22 13:53:22 POST Script of node generate_source_ID0000001 failed with status 1
06/09/22 13:53:22 POST for Node generate_source_ID0000001 returned 1
06/09/22 13:53:22 DAG status: 2 (DAG_STATUS_NODE_FAILED)
06/09/22 13:53:22 Of 6 nodes total:
06/09/22 13:53:22  Done     Pre   Queued    Post   Ready   Un-Ready   Failed
06/09/22 13:53:22   ===     ===      ===     ===     ===        ===      ===
06/09/22 13:53:22     3       0        0       0       0          2        1
06/09/22 13:53:22 0 job proc(s) currently held
06/09/22 13:53:22 DAGMan Runtime Statistics: [ EventCycleTimeAvg = 0.008146246274312338; EventCycleTimeCount = 12.0; EventCycleTimeMax = 0.0245969295501709; EventCycleTimeMin = 0.0002739429473876953; EventCycleTimeStd = 0.007740158089136092; EventCycleTimeSum = 0.09775495529174805; LogProcessCycleTimeAvg = 0.002877420849270291; LogProcessCycleTimeCount = 9.0; LogProcessCycleTimeMax = 0.009531021118164062; LogProcessCycleTimeMin = 9.393692016601562E-05; LogProcessCycleTimeStd = 0.003463465134259438; LogProcessCycleTimeSum = 0.02589678764343262; SleepCycleTimeAvg = 5.047313173611959; SleepCycleTimeCount = 12.0; SleepCycleTimeMax = 5.389569997787476; SleepCycleTimeMin = 4.53043794631958; SleepCycleTimeStd = 0.2237918959205399; SleepCycleTimeSum = 60.56775808334351; SubmitCycleTimeAvg = 0.005252214578481821; SubmitCycleTimeCount = 13.0; SubmitCycleTimeMax = 0.02405285835266113; SubmitCycleTimeMin = 5.006790161132812E-06; SubmitCycleTimeStd = 0.008460404966272638; SubmitCycleTimeSum = 0.06827878952026367; ]
06/09/22 13:53:22 ERROR: the following job(s) failed:
06/09/22 13:53:22 ---------------------- Job ----------------------
06/09/22 13:53:22       Node Name: generate_source_ID0000001
06/09/22 13:53:22            Noop: false
06/09/22 13:53:22          NodeID: 3
06/09/22 13:53:22     Node Status: STATUS_ERROR    
06/09/22 13:53:22 Node return val: 1
06/09/22 13:53:22           Error: Job exited with status 126 and POST Script failed with status 1 (after 1 node retries)
06/09/22 13:53:22 Job Submit File: 00/00/generate_source_ID0000001.sub
06/09/22 13:53:22     POST Script: /usr/local/Homebrew/bin/pegasus-exitcode  -r $RETURN -s PegasusLite:+exitcode+0 -l peakfinding-workflow-0.exitcode.log -M peakfinding-workflow-0.cache.meta   .//00/00/generate_source_ID0000001.out
06/09/22 13:53:22           Retry: 1
06/09/22 13:53:22  HTCondor Job ID: (79.0.0)
06/09/22 13:53:22 PARENTS: stage_in_remote_local_0_0 WAITING: 0 CHILDREN: clean_up_local_level_3_0
06/09/22 13:53:22 ---------------------------------------	<END>
06/09/22 13:53:22 Aborting DAG...
06/09/22 13:53:22 Writing Rescue DAG to peakfinding-workflow-0.dag.rescue001...
06/09/22 13:53:22 Removing submitted jobs...
06/09/22 13:53:22 Removing any/all submitted HTCondor jobs...
06/09/22 13:53:22 Running: /usr/local/condor/bin/condor_rm -const DAGManJobId==74
06/09/22 13:53:22 Note: 0 total job deferrals because of -MaxJobs limit (0)
06/09/22 13:53:22 Note: 0 total job deferrals because of -MaxIdle limit (1000)
06/09/22 13:53:22 Note: 0 total job deferrals because of node category throttles
06/09/22 13:53:22 Note: 0 total PRE script deferrals because of -MaxPre limit (20) or DEFER
06/09/22 13:53:22 Note: 0 total POST script deferrals because of -MaxPost limit (20) or DEFER
06/09/22 13:53:22 Note: 0 total HOLD script deferrals because of -MaxHold limit (20) or DEFER
06/09/22 13:53:22 DAG status: 2 (DAG_STATUS_NODE_FAILED)
06/09/22 13:53:22 Of 6 nodes total:
06/09/22 13:53:22  Done     Pre   Queued    Post   Ready   Un-Ready   Failed
06/09/22 13:53:22   ===     ===      ===     ===     ===        ===      ===
06/09/22 13:53:22     3       0        0       0       0          2        1
06/09/22 13:53:22 0 job proc(s) currently held
06/09/22 13:53:22 DAGMan Runtime Statistics: [ EventCycleTimeAvg = 0.008146246274312338; EventCycleTimeCount = 12.0; EventCycleTimeMax = 0.0245969295501709; EventCycleTimeMin = 0.0002739429473876953; EventCycleTimeStd = 0.007740158089136092; EventCycleTimeSum = 0.09775495529174805; LogProcessCycleTimeAvg = 0.002877420849270291; LogProcessCycleTimeCount = 9.0; LogProcessCycleTimeMax = 0.009531021118164062; LogProcessCycleTimeMin = 9.393692016601562E-05; LogProcessCycleTimeStd = 0.003463465134259438; LogProcessCycleTimeSum = 0.02589678764343262; SleepCycleTimeAvg = 5.047313173611959; SleepCycleTimeCount = 12.0; SleepCycleTimeMax = 5.389569997787476; SleepCycleTimeMin = 4.53043794631958; SleepCycleTimeStd = 0.2237918959205399; SleepCycleTimeSum = 60.56775808334351; SubmitCycleTimeAvg = 0.005252214578481821; SubmitCycleTimeCount = 13.0; SubmitCycleTimeMax = 0.02405285835266113; SubmitCycleTimeMin = 5.006790161132812E-06; SubmitCycleTimeStd = 0.008460404966272638; SubmitCycleTimeSum = 0.06827878952026367; ]
06/09/22 13:53:22 Wrote metrics file peakfinding-workflow-0.dag.metrics.
06/09/22 13:53:22 DAGMan Runtime Statistics: [ EventCycleTimeAvg = 0.008146246274312338; EventCycleTimeCount = 12.0; EventCycleTimeMax = 0.0245969295501709; EventCycleTimeMin = 0.0002739429473876953; EventCycleTimeStd = 0.007740158089136092; EventCycleTimeSum = 0.09775495529174805; LogProcessCycleTimeAvg = 0.002877420849270291; LogProcessCycleTimeCount = 9.0; LogProcessCycleTimeMax = 0.009531021118164062; LogProcessCycleTimeMin = 9.393692016601562E-05; LogProcessCycleTimeStd = 0.003463465134259438; LogProcessCycleTimeSum = 0.02589678764343262; SleepCycleTimeAvg = 5.047313173611959; SleepCycleTimeCount = 12.0; SleepCycleTimeMax = 5.389569997787476; SleepCycleTimeMin = 4.53043794631958; SleepCycleTimeStd = 0.2237918959205399; SleepCycleTimeSum = 60.56775808334351; SubmitCycleTimeAvg = 0.005252214578481821; SubmitCycleTimeCount = 13.0; SubmitCycleTimeMax = 0.02405285835266113; SubmitCycleTimeMin = 5.006790161132812E-06; SubmitCycleTimeStd = 0.008460404966272638; SubmitCycleTimeSum = 0.06827878952026367; ]
06/09/22 13:53:22 **** condor_scheduniv_exec.74.0 (condor_DAGMAN) pid 26387 EXITING WITH STATUS 1
