06/08/22 22:51:19 ******************************************************
06/08/22 22:51:19 ** condor_scheduniv_exec.45.0 (CONDOR_DAGMAN) STARTING UP
06/08/22 22:51:19 ** /usr/local/condor/bin/condor_dagman
06/08/22 22:51:19 ** SubsystemInfo: name=DAGMAN type=DAGMAN(10) class=DAEMON(1)
06/08/22 22:51:19 ** Configuration: subsystem:DAGMAN local:<NONE> class:DAEMON
06/08/22 22:51:19 ** $CondorVersion: 9.8.0 Apr 21 2022 BuildID: 584246 $
06/08/22 22:51:19 ** $CondorPlatform: x86_64_MacOSX15 $
06/08/22 22:51:19 ** PID = 9354
06/08/22 22:51:19 ** Log last touched time unavailable (No such file or directory)
06/08/22 22:51:19 ******************************************************
06/08/22 22:51:19 Using config source: /etc/condor/condor_config
06/08/22 22:51:19 Using local config sources: 
06/08/22 22:51:19    /usr/local/condor/local/config.d/00-htcondor-9.0.config
06/08/22 22:51:19    /usr/local/condor/local/config.d/00-minicondor
06/08/22 22:51:19 config Macros = 68, Sorted = 67, StringBytes = 2008, TablesBytes = 2504
06/08/22 22:51:19 CLASSAD_CACHING is ENABLED
06/08/22 22:51:19 Daemon Log is logging: D_ALWAYS D_ERROR
06/08/22 22:51:19 DaemonCore: No command port requested.
06/08/22 22:51:19 DAGMAN_USE_STRICT setting: 1
06/08/22 22:51:19 DAGMAN_VERBOSITY setting: 3
06/08/22 22:51:19 DAGMAN_DEBUG_CACHE_SIZE setting: 5242880
06/08/22 22:51:19 DAGMAN_DEBUG_CACHE_ENABLE setting: False
06/08/22 22:51:19 DAGMAN_SUBMIT_DELAY setting: 0
06/08/22 22:51:19 DAGMAN_MAX_SUBMIT_ATTEMPTS setting: 6
06/08/22 22:51:19 DAGMAN_STARTUP_CYCLE_DETECT setting: False
06/08/22 22:51:19 DAGMAN_MAX_SUBMITS_PER_INTERVAL setting: 100
06/08/22 22:51:19 DAGMAN_AGGRESSIVE_SUBMIT setting: False
06/08/22 22:51:19 DAGMAN_USER_LOG_SCAN_INTERVAL setting: 5
06/08/22 22:51:19 DAGMAN_QUEUE_UPDATE_INTERVAL setting: 300
06/08/22 22:51:19 DAGMAN_DEFAULT_PRIORITY setting: 0
06/08/22 22:51:19 DAGMAN_SUPPRESS_NOTIFICATION setting: True
06/08/22 22:51:19 allow_events (DAGMAN_ALLOW_EVENTS) setting: 114
06/08/22 22:51:19 DAGMAN_RETRY_SUBMIT_FIRST setting: True
06/08/22 22:51:19 DAGMAN_RETRY_NODE_FIRST setting: False
06/08/22 22:51:19 DAGMAN_MAX_JOBS_IDLE setting: 1000
06/08/22 22:51:19 DAGMAN_MAX_JOBS_SUBMITTED setting: 0
06/08/22 22:51:19 DAGMAN_MAX_PRE_SCRIPTS setting: 20
06/08/22 22:51:19 DAGMAN_MAX_POST_SCRIPTS setting: 20
06/08/22 22:51:19 DAGMAN_MAX_HOLD_SCRIPTS setting: 20
06/08/22 22:51:19 DAGMAN_MUNGE_NODE_NAMES setting: True
06/08/22 22:51:19 DAGMAN_PROHIBIT_MULTI_JOBS setting: False
06/08/22 22:51:19 DAGMAN_SUBMIT_DEPTH_FIRST setting: False
06/08/22 22:51:19 DAGMAN_ALWAYS_RUN_POST setting: False
06/08/22 22:51:19 DAGMAN_CONDOR_SUBMIT_EXE setting: /usr/local/condor/bin/condor_submit
06/08/22 22:51:19 DAGMAN_USE_DIRECT_SUBMIT setting: True
06/08/22 22:51:19 DAGMAN_ABORT_DUPLICATES setting: True
06/08/22 22:51:19 DAGMAN_ABORT_ON_SCARY_SUBMIT setting: True
06/08/22 22:51:19 DAGMAN_PENDING_REPORT_INTERVAL setting: 600
06/08/22 22:51:19 DAGMAN_AUTO_RESCUE setting: True
06/08/22 22:51:19 DAGMAN_MAX_RESCUE_NUM setting: 100
06/08/22 22:51:19 DAGMAN_WRITE_PARTIAL_RESCUE setting: True
06/08/22 22:51:19 DAGMAN_DEFAULT_NODE_LOG setting: @(DAG_DIR)/@(DAG_FILE).nodes.log
06/08/22 22:51:19 DAGMAN_GENERATE_SUBDAG_SUBMITS setting: True
06/08/22 22:51:19 DAGMAN_MAX_JOB_HOLDS setting: 100
06/08/22 22:51:19 DAGMAN_HOLD_CLAIM_TIME setting: 20
06/08/22 22:51:19 ALL_DEBUG setting: 
06/08/22 22:51:19 DAGMAN_DEBUG setting: 
06/08/22 22:51:19 DAGMAN_SUPPRESS_JOB_LOGS setting: False
06/08/22 22:51:19 DAGMAN_REMOVE_NODE_JOBS setting: True
06/08/22 22:51:19 DAGMAN will adjust edges after parsing
06/08/22 22:51:19 argv[0] == "condor_scheduniv_exec.45.0"
06/08/22 22:51:19 argv[1] == "-Lockfile"
06/08/22 22:51:19 argv[2] == "peakfinding-workflow-0.dag.lock"
06/08/22 22:51:19 argv[3] == "-AutoRescue"
06/08/22 22:51:19 argv[4] == "1"
06/08/22 22:51:19 argv[5] == "-DoRescueFrom"
06/08/22 22:51:19 argv[6] == "0"
06/08/22 22:51:19 argv[7] == "-Dag"
06/08/22 22:51:19 argv[8] == "peakfinding-workflow-0.dag"
06/08/22 22:51:19 argv[9] == "-MaxPost"
06/08/22 22:51:19 argv[10] == "20"
06/08/22 22:51:19 argv[11] == "-Suppress_notification"
06/08/22 22:51:19 argv[12] == "-CsdVersion"
06/08/22 22:51:19 argv[13] == "$CondorVersion: 9.8.0 Apr 21 2022 BuildID: 584246 $"
06/08/22 22:51:19 argv[14] == "-Dagman"
06/08/22 22:51:19 argv[15] == "/usr/local/condor/bin/condor_dagman"
06/08/22 22:51:19 Can't open directory "/etc/condor/passwords.d" as PRIV_ROOT, errno: 13 (Permission denied)
06/08/22 22:51:19 Can't open directory "/etc/condor/passwords.d" as PRIV_ROOT, errno: 13 (Permission denied)
06/08/22 22:51:19 Workflow batch-id: <45.0>
06/08/22 22:51:19 Workflow batch-name: <peakfinding-workflow-0.dag+45>
06/08/22 22:51:19 Workflow accounting_group: <>
06/08/22 22:51:19 Workflow accounting_group_user: <>
06/08/22 22:51:19 Warning: failed to get attribute DAGNodeName
06/08/22 22:51:19 DAGMAN_LOG_ON_NFS_IS_ERROR setting: False
06/08/22 22:51:19 Default node log file is: </Users/bianyiyang/airflow/dags/CRUX/workflow_pegasus/bianyiyang/pegasus/peakfinding-workflow/run0005/./peakfinding-workflow-0.dag.nodes.log>
06/08/22 22:51:19 DAG Lockfile will be written to peakfinding-workflow-0.dag.lock
06/08/22 22:51:19 DAG Input file is peakfinding-workflow-0.dag
06/08/22 22:51:19 Parsing 1 dagfiles
06/08/22 22:51:19 Parsing peakfinding-workflow-0.dag ...
06/08/22 22:51:19 Adjusting edges
06/08/22 22:51:19 Warning: category registration has no assigned nodes, so the throttle setting (1) will have no effect
06/08/22 22:51:19 Warning: category stageout has no assigned nodes, so the throttle setting (10) will have no effect
06/08/22 22:51:19 Dag contains 6 total jobs
06/08/22 22:51:19 Warning: ProcessId not confirmed unique
06/08/22 22:51:19 Bootstrapping...
06/08/22 22:51:19 Number of pre-completed nodes: 0
06/08/22 22:51:19 MultiLogFiles: truncating log file /Users/bianyiyang/airflow/dags/CRUX/workflow_pegasus/bianyiyang/pegasus/peakfinding-workflow/run0005/./peakfinding-workflow-0.dag.nodes.log
06/08/22 22:51:19 DAG status: 0 (DAG_STATUS_OK)
06/08/22 22:51:19 Of 6 nodes total:
06/08/22 22:51:19  Done     Pre   Queued    Post   Ready   Un-Ready   Failed
06/08/22 22:51:19   ===     ===      ===     ===     ===        ===      ===
06/08/22 22:51:19     0       0        0       0       2          4        0
06/08/22 22:51:19 0 job proc(s) currently held
06/08/22 22:51:19 DAGMan Runtime Statistics: [ EventCycleTimeCount = 0.0; EventCycleTimeSum = 0.0; LogProcessCycleTimeCount = 0.0; LogProcessCycleTimeSum = 0.0; SleepCycleTimeCount = 0.0; SleepCycleTimeSum = 0.0; SubmitCycleTimeCount = 0.0; SubmitCycleTimeSum = 0.0; ]
06/08/22 22:51:19 Registering condor_event_timer...
06/08/22 22:51:20 Submitting HTCondor Node create_dir_peakfinding-workflow_0_local job(s)...
06/08/22 22:51:20 Submitting node create_dir_peakfinding-workflow_0_local from file 00/00/create_dir_peakfinding-workflow_0_local.sub using direct job submission
06/08/22 22:51:20 Submit warning: Submit:0:the line 'JOB = create_dir_peakfinding-workflow_0_local' was unused by DAGMAN. Is it a typo?
06/08/22 22:51:20 	assigned HTCondor ID (46.0.0)
06/08/22 22:51:20 Submitting HTCondor Node stage_worker_local_peakfinding-workflow_0_local job(s)...
06/08/22 22:51:20 Submitting node stage_worker_local_peakfinding-workflow_0_local from file 00/00/stage_worker_local_peakfinding-workflow_0_local.sub using direct job submission
06/08/22 22:51:20 Submit warning: Submit:0:the line 'JOB = stage_worker_local_peakfinding-workflow_0_local' was unused by DAGMAN. Is it a typo?
06/08/22 22:51:20 	assigned HTCondor ID (47.0.0)
06/08/22 22:51:20 Just submitted 2 jobs this cycle...
06/08/22 22:51:20 DAG status: 0 (DAG_STATUS_OK)
06/08/22 22:51:20 Of 6 nodes total:
06/08/22 22:51:20  Done     Pre   Queued    Post   Ready   Un-Ready   Failed
06/08/22 22:51:20   ===     ===      ===     ===     ===        ===      ===
06/08/22 22:51:20     0       0        2       0       0          4        0
06/08/22 22:51:20 0 job proc(s) currently held
06/08/22 22:51:20 DAGMan Runtime Statistics: [ EventCycleTimeCount = 0.0; EventCycleTimeSum = 0.0; LogProcessCycleTimeCount = 0.0; LogProcessCycleTimeSum = 0.0; SleepCycleTimeCount = 0.0; SleepCycleTimeSum = 0.0; SubmitCycleTimeAvg = 0.01631999015808105; SubmitCycleTimeCount = 1.0; SubmitCycleTimeMax = 0.01631999015808105; SubmitCycleTimeMin = 0.01631999015808105; SubmitCycleTimeStd = 0.01631999015808105; SubmitCycleTimeSum = 0.01631999015808105; ]
06/08/22 22:51:25 Currently monitoring 1 HTCondor log file(s)
06/08/22 22:51:25 Reassigning the id of job create_dir_peakfinding-workflow_0_local from (46.0.0) to (46.0.0)
06/08/22 22:51:25 Event: ULOG_SUBMIT for HTCondor Node create_dir_peakfinding-workflow_0_local (46.0.0) {06/08/22 22:51:20}
06/08/22 22:51:25 Number of idle job procs: 1
06/08/22 22:51:25 Reassigning the id of job stage_worker_local_peakfinding-workflow_0_local from (47.0.0) to (47.0.0)
06/08/22 22:51:25 Event: ULOG_SUBMIT for HTCondor Node stage_worker_local_peakfinding-workflow_0_local (47.0.0) {06/08/22 22:51:20}
06/08/22 22:51:25 Number of idle job procs: 2
06/08/22 22:51:25 Event: ULOG_EXECUTE for HTCondor Node create_dir_peakfinding-workflow_0_local (46.0.0) {06/08/22 22:51:22}
06/08/22 22:51:25 Number of idle job procs: 1
06/08/22 22:51:25 Event: ULOG_EXECUTE for HTCondor Node stage_worker_local_peakfinding-workflow_0_local (47.0.0) {06/08/22 22:51:22}
06/08/22 22:51:25 Number of idle job procs: 0
06/08/22 22:51:25 Event: ULOG_JOB_TERMINATED for HTCondor Node create_dir_peakfinding-workflow_0_local (46.0.0) {06/08/22 22:51:24}
06/08/22 22:51:25 Number of idle job procs: 0
06/08/22 22:51:25 Node create_dir_peakfinding-workflow_0_local job proc (46.0.0) completed successfully.
06/08/22 22:51:25 Node create_dir_peakfinding-workflow_0_local job completed
06/08/22 22:51:25 Running POST script of Node create_dir_peakfinding-workflow_0_local...
06/08/22 22:51:25 Warning: mysin has length 0 (ignore if produced by DAGMan; see gittrac #4987, #5031)
06/08/22 22:51:25 DAG status: 0 (DAG_STATUS_OK)
06/08/22 22:51:25 Of 6 nodes total:
06/08/22 22:51:25  Done     Pre   Queued    Post   Ready   Un-Ready   Failed
06/08/22 22:51:25   ===     ===      ===     ===     ===        ===      ===
06/08/22 22:51:25     0       0        1       1       0          4        0
06/08/22 22:51:25 0 job proc(s) currently held
06/08/22 22:51:25 DAGMan Runtime Statistics: [ EventCycleTimeAvg = 0.01645803451538086; EventCycleTimeCount = 1.0; EventCycleTimeMax = 0.01645803451538086; EventCycleTimeMin = 0.01645803451538086; EventCycleTimeStd = 0.01645803451538086; EventCycleTimeSum = 0.01645803451538086; LogProcessCycleTimeAvg = 0.004831790924072266; LogProcessCycleTimeCount = 1.0; LogProcessCycleTimeMax = 0.004831790924072266; LogProcessCycleTimeMin = 0.004831790924072266; LogProcessCycleTimeStd = 0.004831790924072266; LogProcessCycleTimeSum = 0.004831790924072266; SleepCycleTimeAvg = 5.000298976898193; SleepCycleTimeCount = 1.0; SleepCycleTimeMax = 5.000298976898193; SleepCycleTimeMin = 5.000298976898193; SleepCycleTimeStd = 5.000298976898193; SleepCycleTimeSum = 5.000298976898193; SubmitCycleTimeAvg = 0.008188962936401367; SubmitCycleTimeCount = 2.0; SubmitCycleTimeMax = 0.01631999015808105; SubmitCycleTimeMin = 5.793571472167969E-05; SubmitCycleTimeStd = 0.01149900897292424; SubmitCycleTimeSum = 0.01637792587280273; ]
06/08/22 22:51:25 Initializing user log writer for /Users/bianyiyang/airflow/dags/CRUX/workflow_pegasus/bianyiyang/pegasus/peakfinding-workflow/run0005/./peakfinding-workflow-0.dag.nodes.log, (46.0.0)
06/08/22 22:51:30 Currently monitoring 1 HTCondor log file(s)
06/08/22 22:51:30 Event: ULOG_POST_SCRIPT_TERMINATED for HTCondor Node create_dir_peakfinding-workflow_0_local (46.0.0) {06/08/22 22:51:25}
06/08/22 22:51:30 POST Script of node create_dir_peakfinding-workflow_0_local completed successfully.
06/08/22 22:51:30 Event: ULOG_JOB_TERMINATED for HTCondor Node stage_worker_local_peakfinding-workflow_0_local (47.0.0) {06/08/22 22:51:26}
06/08/22 22:51:30 Number of idle job procs: 0
06/08/22 22:51:30 Node stage_worker_local_peakfinding-workflow_0_local job proc (47.0.0) completed successfully.
06/08/22 22:51:30 Node stage_worker_local_peakfinding-workflow_0_local job completed
06/08/22 22:51:30 Running POST script of Node stage_worker_local_peakfinding-workflow_0_local...
06/08/22 22:51:30 Warning: mysin has length 0 (ignore if produced by DAGMan; see gittrac #4987, #5031)
06/08/22 22:51:30 DAG status: 0 (DAG_STATUS_OK)
06/08/22 22:51:30 Of 6 nodes total:
06/08/22 22:51:30  Done     Pre   Queued    Post   Ready   Un-Ready   Failed
06/08/22 22:51:30   ===     ===      ===     ===     ===        ===      ===
06/08/22 22:51:30     1       0        0       1       0          4        0
06/08/22 22:51:30 0 job proc(s) currently held
06/08/22 22:51:30 DAGMan Runtime Statistics: [ EventCycleTimeAvg = 0.01079607009887695; EventCycleTimeCount = 2.0; EventCycleTimeMax = 0.01645803451538086; EventCycleTimeMin = 0.005134105682373047; EventCycleTimeStd = 0.008007226867493692; EventCycleTimeSum = 0.02159214019775391; LogProcessCycleTimeAvg = 0.004105448722839355; LogProcessCycleTimeCount = 2.0; LogProcessCycleTimeMax = 0.004831790924072266; LogProcessCycleTimeMin = 0.003379106521606445; LogProcessCycleTimeStd = 0.001027202991907509; LogProcessCycleTimeSum = 0.008210897445678711; SleepCycleTimeAvg = 5.170231938362122; SleepCycleTimeCount = 2.0; SleepCycleTimeMax = 5.34016489982605; SleepCycleTimeMin = 5.000298976898193; SleepCycleTimeStd = 0.2403214987965118; SleepCycleTimeSum = 10.34046387672424; SubmitCycleTimeAvg = 0.005468289057413737; SubmitCycleTimeCount = 3.0; SubmitCycleTimeMax = 0.01631999015808105; SubmitCycleTimeMin = 2.694129943847656E-05; SubmitCycleTimeStd = 0.009397861605020203; SubmitCycleTimeSum = 0.01640486717224121; ]
06/08/22 22:51:30 Initializing user log writer for /Users/bianyiyang/airflow/dags/CRUX/workflow_pegasus/bianyiyang/pegasus/peakfinding-workflow/run0005/./peakfinding-workflow-0.dag.nodes.log, (47.0.0)
06/08/22 22:51:35 Currently monitoring 1 HTCondor log file(s)
06/08/22 22:51:35 Event: ULOG_POST_SCRIPT_TERMINATED for HTCondor Node stage_worker_local_peakfinding-workflow_0_local (47.0.0) {06/08/22 22:51:30}
06/08/22 22:51:35 POST Script of node stage_worker_local_peakfinding-workflow_0_local completed successfully.
06/08/22 22:51:35 DAG status: 0 (DAG_STATUS_OK)
06/08/22 22:51:35 Of 6 nodes total:
06/08/22 22:51:35  Done     Pre   Queued    Post   Ready   Un-Ready   Failed
06/08/22 22:51:35   ===     ===      ===     ===     ===        ===      ===
06/08/22 22:51:35     2       0        0       0       1          3        0
06/08/22 22:51:35 0 job proc(s) currently held
06/08/22 22:51:35 DAGMan Runtime Statistics: [ EventCycleTimeAvg = 0.008405049641927084; EventCycleTimeCount = 3.0; EventCycleTimeMax = 0.01645803451538086; EventCycleTimeMin = 0.003623008728027344; EventCycleTimeStd = 0.007014896829634396; EventCycleTimeSum = 0.02521514892578125; LogProcessCycleTimeAvg = 0.00279998779296875; LogProcessCycleTimeCount = 3.0; LogProcessCycleTimeMax = 0.004831790924072266; LogProcessCycleTimeMin = 0.0001890659332275391; LogProcessCycleTimeStd = 0.002374922674856541; LogProcessCycleTimeSum = 0.00839996337890625; SleepCycleTimeAvg = 5.263654629389445; SleepCycleTimeCount = 3.0; SleepCycleTimeMax = 5.450500011444092; SleepCycleTimeMin = 5.000298976898193; SleepCycleTimeStd = 0.2346499712087269; SleepCycleTimeSum = 15.79096388816833; SubmitCycleTimeAvg = 0.00411069393157959; SubmitCycleTimeCount = 4.0; SubmitCycleTimeMax = 0.01631999015808105; SubmitCycleTimeMin = 2.694129943847656E-05; SubmitCycleTimeStd = 0.008139540933052048; SubmitCycleTimeSum = 0.01644277572631836; ]
06/08/22 22:51:40 Submitting HTCondor Node stage_in_remote_local_0_0 job(s)...
06/08/22 22:51:40 Submitting node stage_in_remote_local_0_0 from file 00/00/stage_in_remote_local_0_0.sub using direct job submission
06/08/22 22:51:40 Submit warning: Submit:0:the line 'JOB = stage_in_remote_local_0_0' was unused by DAGMAN. Is it a typo?
06/08/22 22:51:40 	assigned HTCondor ID (48.0.0)
06/08/22 22:51:40 Just submitted 1 job this cycle...
06/08/22 22:51:40 DAG status: 0 (DAG_STATUS_OK)
06/08/22 22:51:40 Of 6 nodes total:
06/08/22 22:51:40  Done     Pre   Queued    Post   Ready   Un-Ready   Failed
06/08/22 22:51:40   ===     ===      ===     ===     ===        ===      ===
06/08/22 22:51:40     2       0        1       0       0          3        0
06/08/22 22:51:40 0 job proc(s) currently held
06/08/22 22:51:40 DAGMan Runtime Statistics: [ EventCycleTimeAvg = 0.006439805030822754; EventCycleTimeCount = 4.0; EventCycleTimeMax = 0.01645803451538086; EventCycleTimeMin = 0.0005440711975097656; EventCycleTimeStd = 0.006946552901464263; EventCycleTimeSum = 0.02575922012329102; LogProcessCycleTimeAvg = 0.00279998779296875; LogProcessCycleTimeCount = 3.0; LogProcessCycleTimeMax = 0.004831790924072266; LogProcessCycleTimeMin = 0.0001890659332275391; LogProcessCycleTimeStd = 0.002374922674856541; LogProcessCycleTimeSum = 0.00839996337890625; SleepCycleTimeAvg = 5.197797954082489; SleepCycleTimeCount = 4.0; SleepCycleTimeMax = 5.450500011444092; SleepCycleTimeMin = 5.000227928161621; SleepCycleTimeStd = 0.2324983427656723; SleepCycleTimeSum = 20.79119181632996; SubmitCycleTimeAvg = 0.006319713592529297; SubmitCycleTimeCount = 5.0; SubmitCycleTimeMax = 0.01631999015808105; SubmitCycleTimeMin = 2.694129943847656E-05; SubmitCycleTimeStd = 0.00860743482478573; SubmitCycleTimeSum = 0.03159856796264648; ]
06/08/22 22:51:45 Currently monitoring 1 HTCondor log file(s)
06/08/22 22:51:45 Reassigning the id of job stage_in_remote_local_0_0 from (48.0.0) to (48.0.0)
06/08/22 22:51:45 Event: ULOG_SUBMIT for HTCondor Node stage_in_remote_local_0_0 (48.0.0) {06/08/22 22:51:40}
06/08/22 22:51:45 Number of idle job procs: 1
06/08/22 22:51:45 Event: ULOG_EXECUTE for HTCondor Node stage_in_remote_local_0_0 (48.0.0) {06/08/22 22:51:41}
06/08/22 22:51:45 Number of idle job procs: 0
06/08/22 22:51:45 Event: ULOG_JOB_TERMINATED for HTCondor Node stage_in_remote_local_0_0 (48.0.0) {06/08/22 22:51:43}
06/08/22 22:51:45 Number of idle job procs: 0
06/08/22 22:51:45 Node stage_in_remote_local_0_0 job proc (48.0.0) completed successfully.
06/08/22 22:51:45 Node stage_in_remote_local_0_0 job completed
06/08/22 22:51:45 Running POST script of Node stage_in_remote_local_0_0...
06/08/22 22:51:45 Warning: mysin has length 0 (ignore if produced by DAGMan; see gittrac #4987, #5031)
06/08/22 22:51:45 DAG status: 0 (DAG_STATUS_OK)
06/08/22 22:51:45 Of 6 nodes total:
06/08/22 22:51:45  Done     Pre   Queued    Post   Ready   Un-Ready   Failed
06/08/22 22:51:45   ===     ===      ===     ===     ===        ===      ===
06/08/22 22:51:45     2       0        0       1       0          3        0
06/08/22 22:51:45 0 job proc(s) currently held
06/08/22 22:51:45 DAGMan Runtime Statistics: [ EventCycleTimeAvg = 0.008233642578125; EventCycleTimeCount = 5.0; EventCycleTimeMax = 0.01645803451538086; EventCycleTimeMin = 0.0005440711975097656; EventCycleTimeStd = 0.007230505766555191; EventCycleTimeSum = 0.041168212890625; LogProcessCycleTimeAvg = 0.003292500972747803; LogProcessCycleTimeCount = 4.0; LogProcessCycleTimeMax = 0.004831790924072266; LogProcessCycleTimeMin = 0.0001890659332275391; LogProcessCycleTimeStd = 0.002174959479328935; LogProcessCycleTimeSum = 0.01317000389099121; SleepCycleTimeAvg = 5.158253383636475; SleepCycleTimeCount = 5.0; SleepCycleTimeMax = 5.450500011444092; SleepCycleTimeMin = 5.000075101852417; SleepCycleTimeStd = 0.2199101516537669; SleepCycleTimeSum = 25.79126691818237; SubmitCycleTimeAvg = 0.005268414815266927; SubmitCycleTimeCount = 6.0; SubmitCycleTimeMax = 0.01631999015808105; SubmitCycleTimeMin = 1.192092895507812E-05; SubmitCycleTimeStd = 0.008117987566188275; SubmitCycleTimeSum = 0.03161048889160156; ]
06/08/22 22:51:46 Initializing user log writer for /Users/bianyiyang/airflow/dags/CRUX/workflow_pegasus/bianyiyang/pegasus/peakfinding-workflow/run0005/./peakfinding-workflow-0.dag.nodes.log, (48.0.0)
06/08/22 22:51:50 Currently monitoring 1 HTCondor log file(s)
06/08/22 22:51:50 Event: ULOG_POST_SCRIPT_TERMINATED for HTCondor Node stage_in_remote_local_0_0 (48.0.0) {06/08/22 22:51:46}
06/08/22 22:51:50 POST Script of node stage_in_remote_local_0_0 completed successfully.
06/08/22 22:51:50 DAG status: 0 (DAG_STATUS_OK)
06/08/22 22:51:50 Of 6 nodes total:
06/08/22 22:51:50  Done     Pre   Queued    Post   Ready   Un-Ready   Failed
06/08/22 22:51:50   ===     ===      ===     ===     ===        ===      ===
06/08/22 22:51:50     3       0        0       0       1          2        0
06/08/22 22:51:50 0 job proc(s) currently held
06/08/22 22:51:50 DAGMan Runtime Statistics: [ EventCycleTimeAvg = 0.007696350415547689; EventCycleTimeCount = 6.0; EventCycleTimeMax = 0.01645803451538086; EventCycleTimeMin = 0.0005440711975097656; EventCycleTimeStd = 0.006599717275759039; EventCycleTimeSum = 0.04617810249328613; LogProcessCycleTimeAvg = 0.002685785293579102; LogProcessCycleTimeCount = 5.0; LogProcessCycleTimeMax = 0.004831790924072266; LogProcessCycleTimeMin = 0.0001890659332275391; LogProcessCycleTimeStd = 0.002321283293630441; LogProcessCycleTimeSum = 0.01342892646789551; SleepCycleTimeAvg = 5.022417306900024; SleepCycleTimeCount = 6.0; SleepCycleTimeMax = 5.450500011444092; SleepCycleTimeMin = 4.343236923217773; SleepCycleTimeStd = 0.386519104701455; SleepCycleTimeSum = 30.13450384140015; SubmitCycleTimeAvg = 0.004524060658046177; SubmitCycleTimeCount = 7.0; SubmitCycleTimeMax = 0.01631999015808105; SubmitCycleTimeMin = 1.192092895507812E-05; SubmitCycleTimeStd = 0.007667890423725347; SubmitCycleTimeSum = 0.03166842460632324; ]
06/08/22 22:51:55 Submitting HTCondor Node generate_source_ID0000001 job(s)...
06/08/22 22:51:55 Submitting node generate_source_ID0000001 from file 00/00/generate_source_ID0000001.sub using direct job submission
06/08/22 22:51:55 Submit warning: Submit:0:the line 'JOB = generate_source_ID0000001' was unused by DAGMAN. Is it a typo?
06/08/22 22:51:55 	assigned HTCondor ID (49.0.0)
06/08/22 22:51:55 Just submitted 1 job this cycle...
06/08/22 22:51:55 DAG status: 0 (DAG_STATUS_OK)
06/08/22 22:51:55 Of 6 nodes total:
06/08/22 22:51:55  Done     Pre   Queued    Post   Ready   Un-Ready   Failed
06/08/22 22:51:55   ===     ===      ===     ===     ===        ===      ===
06/08/22 22:51:55     3       0        1       0       0          2        0
06/08/22 22:51:55 0 job proc(s) currently held
06/08/22 22:51:55 DAGMan Runtime Statistics: [ EventCycleTimeAvg = 0.006699732371738979; EventCycleTimeCount = 7.0; EventCycleTimeMax = 0.01645803451538086; EventCycleTimeMin = 0.0005440711975097656; EventCycleTimeStd = 0.006576444539162173; EventCycleTimeSum = 0.04689812660217285; LogProcessCycleTimeAvg = 0.002685785293579102; LogProcessCycleTimeCount = 5.0; LogProcessCycleTimeMax = 0.004831790924072266; LogProcessCycleTimeMin = 0.0001890659332275391; LogProcessCycleTimeStd = 0.002321283293630441; LogProcessCycleTimeSum = 0.01342892646789551; SleepCycleTimeAvg = 5.019396986280169; SleepCycleTimeCount = 7.0; SleepCycleTimeMax = 5.450500011444092; SleepCycleTimeMin = 4.343236923217773; SleepCycleTimeStd = 0.3529325312377267; SleepCycleTimeSum = 35.13577890396118; SubmitCycleTimeAvg = 0.005790799856185913; SubmitCycleTimeCount = 8.0; SubmitCycleTimeMax = 0.01631999015808105; SubmitCycleTimeMin = 1.192092895507812E-05; SubmitCycleTimeStd = 0.007951984840127836; SubmitCycleTimeSum = 0.0463263988494873; ]
06/08/22 22:52:00 Currently monitoring 1 HTCondor log file(s)
06/08/22 22:52:00 Reassigning the id of job generate_source_ID0000001 from (49.0.0) to (49.0.0)
06/08/22 22:52:00 Event: ULOG_SUBMIT for HTCondor Node generate_source_ID0000001 (49.0.0) {06/08/22 22:51:55}
06/08/22 22:52:00 Number of idle job procs: 1
06/08/22 22:52:05 Currently monitoring 1 HTCondor log file(s)
06/08/22 22:52:05 Event: ULOG_EXECUTE for HTCondor Node generate_source_ID0000001 (49.0.0) {06/08/22 22:52:01}
06/08/22 22:52:05 Number of idle job procs: 0
06/08/22 22:52:05 Event: ULOG_JOB_TERMINATED for HTCondor Node generate_source_ID0000001 (49.0.0) {06/08/22 22:52:04}
06/08/22 22:52:05 Number of idle job procs: 0
06/08/22 22:52:05 Node generate_source_ID0000001 job proc (49.0.0) failed with status 126.
06/08/22 22:52:05 Node generate_source_ID0000001 job completed
06/08/22 22:52:05 Running POST script of Node generate_source_ID0000001...
06/08/22 22:52:05 Warning: mysin has length 0 (ignore if produced by DAGMan; see gittrac #4987, #5031)
06/08/22 22:52:05 DAG status: 0 (DAG_STATUS_OK)
06/08/22 22:52:05 Of 6 nodes total:
06/08/22 22:52:05  Done     Pre   Queued    Post   Ready   Un-Ready   Failed
06/08/22 22:52:05   ===     ===      ===     ===     ===        ===      ===
06/08/22 22:52:05     3       0        0       1       0          2        0
06/08/22 22:52:05 0 job proc(s) currently held
06/08/22 22:52:05 DAGMan Runtime Statistics: [ EventCycleTimeAvg = 0.006904919942220052; EventCycleTimeCount = 9.0; EventCycleTimeMax = 0.01645803451538086; EventCycleTimeMin = 0.0003690719604492188; EventCycleTimeStd = 0.006764476233308385; EventCycleTimeSum = 0.06214427947998047; LogProcessCycleTimeAvg = 0.002852269581386021; LogProcessCycleTimeCount = 7.0; LogProcessCycleTimeMax = 0.006206989288330078; LogProcessCycleTimeMin = 0.0001890659332275391; LogProcessCycleTimeStd = 0.002559561891940426; LogProcessCycleTimeSum = 0.01996588706970215; SleepCycleTimeAvg = 5.015282074610393; SleepCycleTimeCount = 9.0; SleepCycleTimeMax = 5.450500011444092; SleepCycleTimeMin = 4.343236923217773; SleepCycleTimeStd = 0.305757649167442; SleepCycleTimeSum = 45.13753867149353; SubmitCycleTimeAvg = 0.004642033576965332; SubmitCycleTimeCount = 10.0; SubmitCycleTimeMax = 0.01631999015808105; SubmitCycleTimeMin = 1.192092895507812E-05; SubmitCycleTimeStd = 0.007419394187377543; SubmitCycleTimeSum = 0.04642033576965332; ]
06/08/22 22:52:05 Initializing user log writer for /Users/bianyiyang/airflow/dags/CRUX/workflow_pegasus/bianyiyang/pegasus/peakfinding-workflow/run0005/./peakfinding-workflow-0.dag.nodes.log, (49.0.0)
06/08/22 22:52:10 Currently monitoring 1 HTCondor log file(s)
06/08/22 22:52:10 Event: ULOG_POST_SCRIPT_TERMINATED for HTCondor Node generate_source_ID0000001 (49.0.0) {06/08/22 22:52:05}
06/08/22 22:52:10 POST Script of node generate_source_ID0000001 failed with status 1
06/08/22 22:52:10 POST for Node generate_source_ID0000001 returned 1
06/08/22 22:52:10 Retrying node generate_source_ID0000001 (retry #1 of 1)...
06/08/22 22:52:10 DAG status: 0 (DAG_STATUS_OK)
06/08/22 22:52:10 Of 6 nodes total:
06/08/22 22:52:10  Done     Pre   Queued    Post   Ready   Un-Ready   Failed
06/08/22 22:52:10   ===     ===      ===     ===     ===        ===      ===
06/08/22 22:52:10     3       0        0       0       1          2        0
06/08/22 22:52:10 0 job proc(s) currently held
06/08/22 22:52:10 DAGMan Runtime Statistics: [ EventCycleTimeAvg = 0.006870627403259277; EventCycleTimeCount = 10.0; EventCycleTimeMax = 0.01645803451538086; EventCycleTimeMin = 0.0003690719604492188; EventCycleTimeStd = 0.006378531246197894; EventCycleTimeSum = 0.06870627403259277; LogProcessCycleTimeAvg = 0.002534985542297363; LogProcessCycleTimeCount = 8.0; LogProcessCycleTimeMax = 0.006206989288330078; LogProcessCycleTimeMin = 0.0001890659332275391; LogProcessCycleTimeStd = 0.002533930191670781; LogProcessCycleTimeSum = 0.02027988433837891; SleepCycleTimeAvg = 5.049128675460816; SleepCycleTimeCount = 10.0; SleepCycleTimeMax = 5.450500011444092; SleepCycleTimeMin = 4.343236923217773; SleepCycleTimeStd = 0.3074998166605938; SleepCycleTimeSum = 50.49128675460815; SubmitCycleTimeAvg = 0.004224842244928534; SubmitCycleTimeCount = 11.0; SubmitCycleTimeMax = 0.01631999015808105; SubmitCycleTimeMin = 1.192092895507812E-05; SubmitCycleTimeStd = 0.007173367673534902; SubmitCycleTimeSum = 0.04647326469421387; ]
06/08/22 22:52:15 Reassigning the id of job generate_source_ID0000001 from (49.0.0) to (-1.-1.-1)
06/08/22 22:52:15 Submitting HTCondor Node generate_source_ID0000001 job(s)...
06/08/22 22:52:15 Submitting node generate_source_ID0000001 from file 00/00/generate_source_ID0000001.sub using direct job submission
06/08/22 22:52:15 Submit warning: Submit:0:the line 'JOB = generate_source_ID0000001' was unused by DAGMAN. Is it a typo?
06/08/22 22:52:15 	assigned HTCondor ID (50.0.0)
06/08/22 22:52:15 Just submitted 1 job this cycle...
06/08/22 22:52:15 DAG status: 0 (DAG_STATUS_OK)
06/08/22 22:52:15 Of 6 nodes total:
06/08/22 22:52:15  Done     Pre   Queued    Post   Ready   Un-Ready   Failed
06/08/22 22:52:15   ===     ===      ===     ===     ===        ===      ===
06/08/22 22:52:15     3       0        1       0       0          2        0
06/08/22 22:52:15 0 job proc(s) currently held
06/08/22 22:52:15 DAGMan Runtime Statistics: [ EventCycleTimeAvg = 0.006313020532781427; EventCycleTimeCount = 11.0; EventCycleTimeMax = 0.01645803451538086; EventCycleTimeMin = 0.0003690719604492188; EventCycleTimeStd = 0.006327501435392622; EventCycleTimeSum = 0.0694432258605957; LogProcessCycleTimeAvg = 0.002534985542297363; LogProcessCycleTimeCount = 8.0; LogProcessCycleTimeMax = 0.006206989288330078; LogProcessCycleTimeMin = 0.0001890659332275391; LogProcessCycleTimeStd = 0.002533930191670781; LogProcessCycleTimeSum = 0.02027988433837891; SleepCycleTimeAvg = 5.044774358922785; SleepCycleTimeCount = 11.0; SleepCycleTimeMax = 5.450500011444092; SleepCycleTimeMin = 4.343236923217773; SleepCycleTimeStd = 0.2920771889746223; SleepCycleTimeSum = 55.49251794815063; SubmitCycleTimeAvg = 0.005157530307769775; SubmitCycleTimeCount = 12.0; SubmitCycleTimeMax = 0.01631999015808105; SubmitCycleTimeMin = 1.192092895507812E-05; SubmitCycleTimeStd = 0.007564268664859567; SubmitCycleTimeSum = 0.0618903636932373; ]
06/08/22 22:52:20 Currently monitoring 1 HTCondor log file(s)
06/08/22 22:52:20 Reassigning the id of job generate_source_ID0000001 from (50.0.0) to (50.0.0)
06/08/22 22:52:20 Event: ULOG_SUBMIT for HTCondor Node generate_source_ID0000001 (50.0.0) {06/08/22 22:52:15}
06/08/22 22:52:20 Number of idle job procs: 1
06/08/22 22:52:20 Event: ULOG_EXECUTE for HTCondor Node generate_source_ID0000001 (50.0.0) {06/08/22 22:52:16}
06/08/22 22:52:20 Number of idle job procs: 0
06/08/22 22:52:20 Event: ULOG_JOB_TERMINATED for HTCondor Node generate_source_ID0000001 (50.0.0) {06/08/22 22:52:19}
06/08/22 22:52:20 Number of idle job procs: 0
06/08/22 22:52:20 Node generate_source_ID0000001 job proc (50.0.0) failed with status 126.
06/08/22 22:52:20 Node generate_source_ID0000001 job completed
06/08/22 22:52:20 Running POST script of Node generate_source_ID0000001...
06/08/22 22:52:20 Warning: mysin has length 0 (ignore if produced by DAGMan; see gittrac #4987, #5031)
06/08/22 22:52:20 DAG status: 0 (DAG_STATUS_OK)
06/08/22 22:52:20 Of 6 nodes total:
06/08/22 22:52:20  Done     Pre   Queued    Post   Ready   Un-Ready   Failed
06/08/22 22:52:20   ===     ===      ===     ===     ===        ===      ===
06/08/22 22:52:20     3       0        0       1       0          2        0
06/08/22 22:52:20 0 job proc(s) currently held
06/08/22 22:52:20 DAGMan Runtime Statistics: [ EventCycleTimeAvg = 0.007091681162516276; EventCycleTimeCount = 12.0; EventCycleTimeMax = 0.01645803451538086; EventCycleTimeMin = 0.0003690719604492188; EventCycleTimeStd = 0.00660857554325806; EventCycleTimeSum = 0.08510017395019531; LogProcessCycleTimeAvg = 0.002825657526652018; LogProcessCycleTimeCount = 9.0; LogProcessCycleTimeMax = 0.006206989288330078; LogProcessCycleTimeMin = 0.0001890659332275391; LogProcessCycleTimeStd = 0.002525591764641741; LogProcessCycleTimeSum = 0.02543091773986816; SleepCycleTimeAvg = 5.041203916072845; SleepCycleTimeCount = 12.0; SleepCycleTimeMax = 5.450500011444092; SleepCycleTimeMin = 4.343236923217773; SleepCycleTimeStd = 0.2787591967331248; SleepCycleTimeSum = 60.49444699287415; SubmitCycleTimeAvg = 0.004765180441049429; SubmitCycleTimeCount = 13.0; SubmitCycleTimeMax = 0.01631999015808105; SubmitCycleTimeMin = 1.192092895507812E-05; SubmitCycleTimeStd = 0.007379104270227935; SubmitCycleTimeSum = 0.06194734573364258; ]
06/08/22 22:52:21 Initializing user log writer for /Users/bianyiyang/airflow/dags/CRUX/workflow_pegasus/bianyiyang/pegasus/peakfinding-workflow/run0005/./peakfinding-workflow-0.dag.nodes.log, (50.0.0)
06/08/22 22:52:25 Currently monitoring 1 HTCondor log file(s)
06/08/22 22:52:25 Event: ULOG_POST_SCRIPT_TERMINATED for HTCondor Node generate_source_ID0000001 (50.0.0) {06/08/22 22:52:21}
06/08/22 22:52:25 POST Script of node generate_source_ID0000001 failed with status 1
06/08/22 22:52:25 POST for Node generate_source_ID0000001 returned 1
06/08/22 22:52:25 DAG status: 2 (DAG_STATUS_NODE_FAILED)
06/08/22 22:52:25 Of 6 nodes total:
06/08/22 22:52:25  Done     Pre   Queued    Post   Ready   Un-Ready   Failed
06/08/22 22:52:25   ===     ===      ===     ===     ===        ===      ===
06/08/22 22:52:25     3       0        0       0       0          2        1
06/08/22 22:52:25 0 job proc(s) currently held
06/08/22 22:52:25 DAGMan Runtime Statistics: [ EventCycleTimeAvg = 0.006966150723970854; EventCycleTimeCount = 13.0; EventCycleTimeMax = 0.01645803451538086; EventCycleTimeMin = 0.0003690719604492188; EventCycleTimeStd = 0.006343396887161836; EventCycleTimeSum = 0.09055995941162109; LogProcessCycleTimeAvg = 0.002563095092773437; LogProcessCycleTimeCount = 10.0; LogProcessCycleTimeMax = 0.006206989288330078; LogProcessCycleTimeMin = 0.0001890659332275391; LogProcessCycleTimeStd = 0.002521759151081981; LogProcessCycleTimeSum = 0.02563095092773438; SleepCycleTimeAvg = 4.986078775846041; SleepCycleTimeCount = 13.0; SleepCycleTimeMax = 5.450500011444092; SleepCycleTimeMin = 4.32457709312439; SleepCycleTimeStd = 0.3327691187420307; SleepCycleTimeSum = 64.81902408599854; SubmitCycleTimeAvg = 0.004427381924220494; SubmitCycleTimeCount = 14.0; SubmitCycleTimeMax = 0.01631999015808105; SubmitCycleTimeMin = 1.192092895507812E-05; SubmitCycleTimeStd = 0.00720139828559825; SubmitCycleTimeSum = 0.06198334693908691; ]
06/08/22 22:52:25 ERROR: the following job(s) failed:
06/08/22 22:52:25 ---------------------- Job ----------------------
06/08/22 22:52:25       Node Name: generate_source_ID0000001
06/08/22 22:52:25            Noop: false
06/08/22 22:52:25          NodeID: 3
06/08/22 22:52:25     Node Status: STATUS_ERROR    
06/08/22 22:52:25 Node return val: 1
06/08/22 22:52:25           Error: Job exited with status 126 and POST Script failed with status 1 (after 1 node retries)
06/08/22 22:52:25 Job Submit File: 00/00/generate_source_ID0000001.sub
06/08/22 22:52:25     POST Script: /usr/local/Homebrew/bin/pegasus-exitcode  -r $RETURN -s PegasusLite:+exitcode+0 -l peakfinding-workflow-0.exitcode.log -M peakfinding-workflow-0.cache.meta   .//00/00/generate_source_ID0000001.out
06/08/22 22:52:25           Retry: 1
06/08/22 22:52:25  HTCondor Job ID: (50.0.0)
06/08/22 22:52:25 PARENTS: stage_in_remote_local_0_0 WAITING: 0 CHILDREN: clean_up_local_level_3_0
06/08/22 22:52:25 ---------------------------------------	<END>
06/08/22 22:52:25 Aborting DAG...
06/08/22 22:52:25 Writing Rescue DAG to peakfinding-workflow-0.dag.rescue001...
06/08/22 22:52:25 Removing submitted jobs...
06/08/22 22:52:25 Removing any/all submitted HTCondor jobs...
06/08/22 22:52:25 Running: /usr/local/condor/bin/condor_rm -const DAGManJobId==45
06/08/22 22:52:25 Note: 0 total job deferrals because of -MaxJobs limit (0)
06/08/22 22:52:25 Note: 0 total job deferrals because of -MaxIdle limit (1000)
06/08/22 22:52:25 Note: 0 total job deferrals because of node category throttles
06/08/22 22:52:25 Note: 0 total PRE script deferrals because of -MaxPre limit (20) or DEFER
06/08/22 22:52:25 Note: 0 total POST script deferrals because of -MaxPost limit (20) or DEFER
06/08/22 22:52:25 Note: 0 total HOLD script deferrals because of -MaxHold limit (20) or DEFER
06/08/22 22:52:25 DAG status: 2 (DAG_STATUS_NODE_FAILED)
06/08/22 22:52:25 Of 6 nodes total:
06/08/22 22:52:25  Done     Pre   Queued    Post   Ready   Un-Ready   Failed
06/08/22 22:52:25   ===     ===      ===     ===     ===        ===      ===
06/08/22 22:52:25     3       0        0       0       0          2        1
06/08/22 22:52:25 0 job proc(s) currently held
06/08/22 22:52:25 DAGMan Runtime Statistics: [ EventCycleTimeAvg = 0.006966150723970854; EventCycleTimeCount = 13.0; EventCycleTimeMax = 0.01645803451538086; EventCycleTimeMin = 0.0003690719604492188; EventCycleTimeStd = 0.006343396887161836; EventCycleTimeSum = 0.09055995941162109; LogProcessCycleTimeAvg = 0.002563095092773437; LogProcessCycleTimeCount = 10.0; LogProcessCycleTimeMax = 0.006206989288330078; LogProcessCycleTimeMin = 0.0001890659332275391; LogProcessCycleTimeStd = 0.002521759151081981; LogProcessCycleTimeSum = 0.02563095092773438; SleepCycleTimeAvg = 4.986078775846041; SleepCycleTimeCount = 13.0; SleepCycleTimeMax = 5.450500011444092; SleepCycleTimeMin = 4.32457709312439; SleepCycleTimeStd = 0.3327691187420307; SleepCycleTimeSum = 64.81902408599854; SubmitCycleTimeAvg = 0.004427381924220494; SubmitCycleTimeCount = 14.0; SubmitCycleTimeMax = 0.01631999015808105; SubmitCycleTimeMin = 1.192092895507812E-05; SubmitCycleTimeStd = 0.00720139828559825; SubmitCycleTimeSum = 0.06198334693908691; ]
06/08/22 22:52:25 Wrote metrics file peakfinding-workflow-0.dag.metrics.
06/08/22 22:52:25 DAGMan Runtime Statistics: [ EventCycleTimeAvg = 0.006966150723970854; EventCycleTimeCount = 13.0; EventCycleTimeMax = 0.01645803451538086; EventCycleTimeMin = 0.0003690719604492188; EventCycleTimeStd = 0.006343396887161836; EventCycleTimeSum = 0.09055995941162109; LogProcessCycleTimeAvg = 0.002563095092773437; LogProcessCycleTimeCount = 10.0; LogProcessCycleTimeMax = 0.006206989288330078; LogProcessCycleTimeMin = 0.0001890659332275391; LogProcessCycleTimeStd = 0.002521759151081981; LogProcessCycleTimeSum = 0.02563095092773438; SleepCycleTimeAvg = 4.986078775846041; SleepCycleTimeCount = 13.0; SleepCycleTimeMax = 5.450500011444092; SleepCycleTimeMin = 4.32457709312439; SleepCycleTimeStd = 0.3327691187420307; SleepCycleTimeSum = 64.81902408599854; SubmitCycleTimeAvg = 0.004427381924220494; SubmitCycleTimeCount = 14.0; SubmitCycleTimeMax = 0.01631999015808105; SubmitCycleTimeMin = 1.192092895507812E-05; SubmitCycleTimeStd = 0.00720139828559825; SubmitCycleTimeSum = 0.06198334693908691; ]
06/08/22 22:52:25 **** condor_scheduniv_exec.45.0 (condor_DAGMAN) pid 9354 EXITING WITH STATUS 1
