06/09/22 13:44:17 ******************************************************
06/09/22 13:44:17 ** condor_scheduniv_exec.68.0 (CONDOR_DAGMAN) STARTING UP
06/09/22 13:44:17 ** /usr/local/condor/bin/condor_dagman
06/09/22 13:44:17 ** SubsystemInfo: name=DAGMAN type=DAGMAN(10) class=DAEMON(1)
06/09/22 13:44:17 ** Configuration: subsystem:DAGMAN local:<NONE> class:DAEMON
06/09/22 13:44:17 ** $CondorVersion: 9.8.0 Apr 21 2022 BuildID: 584246 $
06/09/22 13:44:17 ** $CondorPlatform: x86_64_MacOSX15 $
06/09/22 13:44:17 ** PID = 25039
06/09/22 13:44:17 ** Log last touched time unavailable (No such file or directory)
06/09/22 13:44:17 ******************************************************
06/09/22 13:44:17 Using config source: /etc/condor/condor_config
06/09/22 13:44:17 Using local config sources: 
06/09/22 13:44:17    /usr/local/condor/local/config.d/00-htcondor-9.0.config
06/09/22 13:44:17    /usr/local/condor/local/config.d/00-minicondor
06/09/22 13:44:17 config Macros = 68, Sorted = 67, StringBytes = 2016, TablesBytes = 2504
06/09/22 13:44:17 CLASSAD_CACHING is ENABLED
06/09/22 13:44:17 Daemon Log is logging: D_ALWAYS D_ERROR
06/09/22 13:44:17 DaemonCore: No command port requested.
06/09/22 13:44:17 DAGMAN_USE_STRICT setting: 1
06/09/22 13:44:17 DAGMAN_VERBOSITY setting: 3
06/09/22 13:44:17 DAGMAN_DEBUG_CACHE_SIZE setting: 5242880
06/09/22 13:44:17 DAGMAN_DEBUG_CACHE_ENABLE setting: False
06/09/22 13:44:17 DAGMAN_SUBMIT_DELAY setting: 0
06/09/22 13:44:17 DAGMAN_MAX_SUBMIT_ATTEMPTS setting: 6
06/09/22 13:44:17 DAGMAN_STARTUP_CYCLE_DETECT setting: False
06/09/22 13:44:17 DAGMAN_MAX_SUBMITS_PER_INTERVAL setting: 100
06/09/22 13:44:17 DAGMAN_AGGRESSIVE_SUBMIT setting: False
06/09/22 13:44:17 DAGMAN_USER_LOG_SCAN_INTERVAL setting: 5
06/09/22 13:44:17 DAGMAN_QUEUE_UPDATE_INTERVAL setting: 300
06/09/22 13:44:17 DAGMAN_DEFAULT_PRIORITY setting: 0
06/09/22 13:44:17 DAGMAN_SUPPRESS_NOTIFICATION setting: True
06/09/22 13:44:17 allow_events (DAGMAN_ALLOW_EVENTS) setting: 114
06/09/22 13:44:17 DAGMAN_RETRY_SUBMIT_FIRST setting: True
06/09/22 13:44:17 DAGMAN_RETRY_NODE_FIRST setting: False
06/09/22 13:44:17 DAGMAN_MAX_JOBS_IDLE setting: 1000
06/09/22 13:44:17 DAGMAN_MAX_JOBS_SUBMITTED setting: 0
06/09/22 13:44:17 DAGMAN_MAX_PRE_SCRIPTS setting: 20
06/09/22 13:44:17 DAGMAN_MAX_POST_SCRIPTS setting: 20
06/09/22 13:44:17 DAGMAN_MAX_HOLD_SCRIPTS setting: 20
06/09/22 13:44:17 DAGMAN_MUNGE_NODE_NAMES setting: True
06/09/22 13:44:17 DAGMAN_PROHIBIT_MULTI_JOBS setting: False
06/09/22 13:44:17 DAGMAN_SUBMIT_DEPTH_FIRST setting: False
06/09/22 13:44:17 DAGMAN_ALWAYS_RUN_POST setting: False
06/09/22 13:44:17 DAGMAN_CONDOR_SUBMIT_EXE setting: /usr/local/condor/bin/condor_submit
06/09/22 13:44:17 DAGMAN_USE_DIRECT_SUBMIT setting: True
06/09/22 13:44:17 DAGMAN_ABORT_DUPLICATES setting: True
06/09/22 13:44:17 DAGMAN_ABORT_ON_SCARY_SUBMIT setting: True
06/09/22 13:44:17 DAGMAN_PENDING_REPORT_INTERVAL setting: 600
06/09/22 13:44:17 DAGMAN_AUTO_RESCUE setting: True
06/09/22 13:44:17 DAGMAN_MAX_RESCUE_NUM setting: 100
06/09/22 13:44:17 DAGMAN_WRITE_PARTIAL_RESCUE setting: True
06/09/22 13:44:17 DAGMAN_DEFAULT_NODE_LOG setting: @(DAG_DIR)/@(DAG_FILE).nodes.log
06/09/22 13:44:17 DAGMAN_GENERATE_SUBDAG_SUBMITS setting: True
06/09/22 13:44:17 DAGMAN_MAX_JOB_HOLDS setting: 100
06/09/22 13:44:17 DAGMAN_HOLD_CLAIM_TIME setting: 20
06/09/22 13:44:17 ALL_DEBUG setting: 
06/09/22 13:44:17 DAGMAN_DEBUG setting: 
06/09/22 13:44:17 DAGMAN_SUPPRESS_JOB_LOGS setting: False
06/09/22 13:44:17 DAGMAN_REMOVE_NODE_JOBS setting: True
06/09/22 13:44:17 DAGMAN will adjust edges after parsing
06/09/22 13:44:17 argv[0] == "condor_scheduniv_exec.68.0"
06/09/22 13:44:17 argv[1] == "-Lockfile"
06/09/22 13:44:17 argv[2] == "peakfinding-workflow-0.dag.lock"
06/09/22 13:44:17 argv[3] == "-AutoRescue"
06/09/22 13:44:17 argv[4] == "1"
06/09/22 13:44:17 argv[5] == "-DoRescueFrom"
06/09/22 13:44:17 argv[6] == "0"
06/09/22 13:44:17 argv[7] == "-Dag"
06/09/22 13:44:17 argv[8] == "peakfinding-workflow-0.dag"
06/09/22 13:44:17 argv[9] == "-MaxPost"
06/09/22 13:44:17 argv[10] == "20"
06/09/22 13:44:17 argv[11] == "-Suppress_notification"
06/09/22 13:44:17 argv[12] == "-CsdVersion"
06/09/22 13:44:17 argv[13] == "$CondorVersion: 9.8.0 Apr 21 2022 BuildID: 584246 $"
06/09/22 13:44:17 argv[14] == "-Dagman"
06/09/22 13:44:17 argv[15] == "/usr/local/condor/bin/condor_dagman"
06/09/22 13:44:17 Can't open directory "/etc/condor/passwords.d" as PRIV_ROOT, errno: 13 (Permission denied)
06/09/22 13:44:17 Can't open directory "/etc/condor/passwords.d" as PRIV_ROOT, errno: 13 (Permission denied)
06/09/22 13:44:17 Workflow batch-id: <68.0>
06/09/22 13:44:17 Workflow batch-name: <peakfinding-workflow-0.dag+68>
06/09/22 13:44:17 Workflow accounting_group: <>
06/09/22 13:44:17 Workflow accounting_group_user: <>
06/09/22 13:44:17 Warning: failed to get attribute DAGNodeName
06/09/22 13:44:17 DAGMAN_LOG_ON_NFS_IS_ERROR setting: False
06/09/22 13:44:17 Default node log file is: </Users/bianyiyang/airflow/dags/CRUX/workflow_pegasus/bianyiyang/pegasus/peakfinding-workflow/run0009/./peakfinding-workflow-0.dag.nodes.log>
06/09/22 13:44:17 DAG Lockfile will be written to peakfinding-workflow-0.dag.lock
06/09/22 13:44:17 DAG Input file is peakfinding-workflow-0.dag
06/09/22 13:44:17 Parsing 1 dagfiles
06/09/22 13:44:17 Parsing peakfinding-workflow-0.dag ...
06/09/22 13:44:17 Adjusting edges
06/09/22 13:44:17 Warning: category registration has no assigned nodes, so the throttle setting (1) will have no effect
06/09/22 13:44:17 Warning: category stageout has no assigned nodes, so the throttle setting (10) will have no effect
06/09/22 13:44:17 Dag contains 6 total jobs
06/09/22 13:44:17 Warning: ProcessId not confirmed unique
06/09/22 13:44:17 Bootstrapping...
06/09/22 13:44:17 Number of pre-completed nodes: 0
06/09/22 13:44:17 MultiLogFiles: truncating log file /Users/bianyiyang/airflow/dags/CRUX/workflow_pegasus/bianyiyang/pegasus/peakfinding-workflow/run0009/./peakfinding-workflow-0.dag.nodes.log
06/09/22 13:44:17 DAG status: 0 (DAG_STATUS_OK)
06/09/22 13:44:17 Of 6 nodes total:
06/09/22 13:44:17  Done     Pre   Queued    Post   Ready   Un-Ready   Failed
06/09/22 13:44:17   ===     ===      ===     ===     ===        ===      ===
06/09/22 13:44:17     0       0        0       0       2          4        0
06/09/22 13:44:17 0 job proc(s) currently held
06/09/22 13:44:17 DAGMan Runtime Statistics: [ EventCycleTimeCount = 0.0; EventCycleTimeSum = 0.0; LogProcessCycleTimeCount = 0.0; LogProcessCycleTimeSum = 0.0; SleepCycleTimeCount = 0.0; SleepCycleTimeSum = 0.0; SubmitCycleTimeCount = 0.0; SubmitCycleTimeSum = 0.0; ]
06/09/22 13:44:17 Registering condor_event_timer...
06/09/22 13:44:18 Submitting HTCondor Node create_dir_peakfinding-workflow_0_local job(s)...
06/09/22 13:44:18 Submitting node create_dir_peakfinding-workflow_0_local from file 00/00/create_dir_peakfinding-workflow_0_local.sub using direct job submission
06/09/22 13:44:18 Submit warning: Submit:0:the line 'JOB = create_dir_peakfinding-workflow_0_local' was unused by DAGMAN. Is it a typo?
06/09/22 13:44:18 	assigned HTCondor ID (69.0.0)
06/09/22 13:44:18 Submitting HTCondor Node stage_worker_local_peakfinding-workflow_0_local job(s)...
06/09/22 13:44:18 Submitting node stage_worker_local_peakfinding-workflow_0_local from file 00/00/stage_worker_local_peakfinding-workflow_0_local.sub using direct job submission
06/09/22 13:44:18 Submit warning: Submit:0:the line 'JOB = stage_worker_local_peakfinding-workflow_0_local' was unused by DAGMAN. Is it a typo?
06/09/22 13:44:18 	assigned HTCondor ID (70.0.0)
06/09/22 13:44:18 Just submitted 2 jobs this cycle...
06/09/22 13:44:18 DAG status: 0 (DAG_STATUS_OK)
06/09/22 13:44:18 Of 6 nodes total:
06/09/22 13:44:18  Done     Pre   Queued    Post   Ready   Un-Ready   Failed
06/09/22 13:44:18   ===     ===      ===     ===     ===        ===      ===
06/09/22 13:44:18     0       0        2       0       0          4        0
06/09/22 13:44:18 0 job proc(s) currently held
06/09/22 13:44:18 DAGMan Runtime Statistics: [ EventCycleTimeCount = 0.0; EventCycleTimeSum = 0.0; LogProcessCycleTimeCount = 0.0; LogProcessCycleTimeSum = 0.0; SleepCycleTimeCount = 0.0; SleepCycleTimeSum = 0.0; SubmitCycleTimeAvg = 0.01336002349853516; SubmitCycleTimeCount = 1.0; SubmitCycleTimeMax = 0.01336002349853516; SubmitCycleTimeMin = 0.01336002349853516; SubmitCycleTimeStd = 0.01336002349853516; SubmitCycleTimeSum = 0.01336002349853516; ]
06/09/22 13:44:23 Currently monitoring 1 HTCondor log file(s)
06/09/22 13:44:23 Reassigning the id of job create_dir_peakfinding-workflow_0_local from (69.0.0) to (69.0.0)
06/09/22 13:44:23 Event: ULOG_SUBMIT for HTCondor Node create_dir_peakfinding-workflow_0_local (69.0.0) {06/09/22 13:44:18}
06/09/22 13:44:23 Number of idle job procs: 1
06/09/22 13:44:23 Reassigning the id of job stage_worker_local_peakfinding-workflow_0_local from (70.0.0) to (70.0.0)
06/09/22 13:44:23 Event: ULOG_SUBMIT for HTCondor Node stage_worker_local_peakfinding-workflow_0_local (70.0.0) {06/09/22 13:44:18}
06/09/22 13:44:23 Number of idle job procs: 2
06/09/22 13:44:23 Event: ULOG_EXECUTE for HTCondor Node create_dir_peakfinding-workflow_0_local (69.0.0) {06/09/22 13:44:18}
06/09/22 13:44:23 Number of idle job procs: 1
06/09/22 13:44:23 Event: ULOG_EXECUTE for HTCondor Node stage_worker_local_peakfinding-workflow_0_local (70.0.0) {06/09/22 13:44:18}
06/09/22 13:44:23 Number of idle job procs: 0
06/09/22 13:44:23 Event: ULOG_JOB_TERMINATED for HTCondor Node create_dir_peakfinding-workflow_0_local (69.0.0) {06/09/22 13:44:20}
06/09/22 13:44:23 Number of idle job procs: 0
06/09/22 13:44:23 Node create_dir_peakfinding-workflow_0_local job proc (69.0.0) completed successfully.
06/09/22 13:44:23 Node create_dir_peakfinding-workflow_0_local job completed
06/09/22 13:44:23 Running POST script of Node create_dir_peakfinding-workflow_0_local...
06/09/22 13:44:23 Warning: mysin has length 0 (ignore if produced by DAGMan; see gittrac #4987, #5031)
06/09/22 13:44:23 Event: ULOG_JOB_TERMINATED for HTCondor Node stage_worker_local_peakfinding-workflow_0_local (70.0.0) {06/09/22 13:44:21}
06/09/22 13:44:23 Number of idle job procs: 0
06/09/22 13:44:23 Node stage_worker_local_peakfinding-workflow_0_local job proc (70.0.0) completed successfully.
06/09/22 13:44:23 Node stage_worker_local_peakfinding-workflow_0_local job completed
06/09/22 13:44:23 Running POST script of Node stage_worker_local_peakfinding-workflow_0_local...
06/09/22 13:44:23 Warning: mysin has length 0 (ignore if produced by DAGMan; see gittrac #4987, #5031)
06/09/22 13:44:23 DAG status: 0 (DAG_STATUS_OK)
06/09/22 13:44:23 Of 6 nodes total:
06/09/22 13:44:23  Done     Pre   Queued    Post   Ready   Un-Ready   Failed
06/09/22 13:44:23   ===     ===      ===     ===     ===        ===      ===
06/09/22 13:44:23     0       0        0       2       0          4        0
06/09/22 13:44:23 0 job proc(s) currently held
06/09/22 13:44:23 DAGMan Runtime Statistics: [ EventCycleTimeAvg = 0.01353621482849121; EventCycleTimeCount = 1.0; EventCycleTimeMax = 0.01353621482849121; EventCycleTimeMin = 0.01353621482849121; EventCycleTimeStd = 0.01353621482849121; EventCycleTimeSum = 0.01353621482849121; LogProcessCycleTimeAvg = 0.01386284828186035; LogProcessCycleTimeCount = 1.0; LogProcessCycleTimeMax = 0.01386284828186035; LogProcessCycleTimeMin = 0.01386284828186035; LogProcessCycleTimeStd = 0.01386284828186035; LogProcessCycleTimeSum = 0.01386284828186035; SleepCycleTimeAvg = 5.000930786132812; SleepCycleTimeCount = 1.0; SleepCycleTimeMax = 5.000930786132812; SleepCycleTimeMin = 5.000930786132812; SleepCycleTimeStd = 5.000930786132812; SleepCycleTimeSum = 5.000930786132812; SubmitCycleTimeAvg = 0.006699562072753906; SubmitCycleTimeCount = 2.0; SubmitCycleTimeMax = 0.01336002349853516; SubmitCycleTimeMin = 3.910064697265625E-05; SubmitCycleTimeStd = 0.009419314880002685; SubmitCycleTimeSum = 0.01339912414550781; ]
06/09/22 13:44:23 Initializing user log writer for /Users/bianyiyang/airflow/dags/CRUX/workflow_pegasus/bianyiyang/pegasus/peakfinding-workflow/run0009/./peakfinding-workflow-0.dag.nodes.log, (69.0.0)
06/09/22 13:44:23 Initializing user log writer for /Users/bianyiyang/airflow/dags/CRUX/workflow_pegasus/bianyiyang/pegasus/peakfinding-workflow/run0009/./peakfinding-workflow-0.dag.nodes.log, (70.0.0)
06/09/22 13:44:28 Currently monitoring 1 HTCondor log file(s)
06/09/22 13:44:28 Event: ULOG_POST_SCRIPT_TERMINATED for HTCondor Node create_dir_peakfinding-workflow_0_local (69.0.0) {06/09/22 13:44:23}
06/09/22 13:44:28 POST Script of node create_dir_peakfinding-workflow_0_local completed successfully.
06/09/22 13:44:28 Event: ULOG_POST_SCRIPT_TERMINATED for HTCondor Node stage_worker_local_peakfinding-workflow_0_local (70.0.0) {06/09/22 13:44:23}
06/09/22 13:44:28 POST Script of node stage_worker_local_peakfinding-workflow_0_local completed successfully.
06/09/22 13:44:28 DAG status: 0 (DAG_STATUS_OK)
06/09/22 13:44:28 Of 6 nodes total:
06/09/22 13:44:28  Done     Pre   Queued    Post   Ready   Un-Ready   Failed
06/09/22 13:44:28   ===     ===      ===     ===     ===        ===      ===
06/09/22 13:44:28     2       0        0       0       1          3        0
06/09/22 13:44:28 0 job proc(s) currently held
06/09/22 13:44:28 DAGMan Runtime Statistics: [ EventCycleTimeAvg = 0.01411211490631104; EventCycleTimeCount = 2.0; EventCycleTimeMax = 0.01468801498413086; EventCycleTimeMin = 0.01353621482849121; EventCycleTimeStd = 0.0008144457006245163; EventCycleTimeSum = 0.02822422981262207; LogProcessCycleTimeAvg = 0.007070422172546387; LogProcessCycleTimeCount = 2.0; LogProcessCycleTimeMax = 0.01386284828186035; LogProcessCycleTimeMin = 0.0002779960632324219; LogProcessCycleTimeStd = 0.009605941125208925; LogProcessCycleTimeSum = 0.01414084434509277; SleepCycleTimeAvg = 5.299057483673096; SleepCycleTimeCount = 2.0; SleepCycleTimeMax = 5.597184181213379; SleepCycleTimeMin = 5.000930786132812; SleepCycleTimeStd = 0.4216148189669701; SleepCycleTimeSum = 10.59811496734619; SubmitCycleTimeAvg = 0.004479090372721354; SubmitCycleTimeCount = 3.0; SubmitCycleTimeMax = 0.01336002349853516; SubmitCycleTimeMin = 3.814697265625E-05; SubmitCycleTimeStd = 0.007691113711047077; SubmitCycleTimeSum = 0.01343727111816406; ]
06/09/22 13:44:33 Submitting HTCondor Node stage_in_remote_local_0_0 job(s)...
06/09/22 13:44:33 Submitting node stage_in_remote_local_0_0 from file 00/00/stage_in_remote_local_0_0.sub using direct job submission
06/09/22 13:44:33 Submit warning: Submit:0:the line 'JOB = stage_in_remote_local_0_0' was unused by DAGMAN. Is it a typo?
06/09/22 13:44:33 	assigned HTCondor ID (71.0.0)
06/09/22 13:44:33 Just submitted 1 job this cycle...
06/09/22 13:44:33 DAG status: 0 (DAG_STATUS_OK)
06/09/22 13:44:33 Of 6 nodes total:
06/09/22 13:44:33  Done     Pre   Queued    Post   Ready   Un-Ready   Failed
06/09/22 13:44:33   ===     ===      ===     ===     ===        ===      ===
06/09/22 13:44:33     2       0        1       0       0          3        0
06/09/22 13:44:33 0 job proc(s) currently held
06/09/22 13:44:33 DAGMan Runtime Statistics: [ EventCycleTimeAvg = 0.009589751561482748; EventCycleTimeCount = 3.0; EventCycleTimeMax = 0.01468801498413086; EventCycleTimeMin = 0.0005450248718261719; EventCycleTimeStd = 0.00785410539575147; EventCycleTimeSum = 0.02876925468444824; LogProcessCycleTimeAvg = 0.007070422172546387; LogProcessCycleTimeCount = 2.0; LogProcessCycleTimeMax = 0.01386284828186035; LogProcessCycleTimeMin = 0.0002779960632324219; LogProcessCycleTimeStd = 0.009605941125208925; LogProcessCycleTimeSum = 0.01414084434509277; SleepCycleTimeAvg = 5.200000921885173; SleepCycleTimeCount = 3.0; SleepCycleTimeMax = 5.597184181213379; SleepCycleTimeMin = 5.000930786132812; SleepCycleTimeStd = 0.3439711253666573; SleepCycleTimeSum = 15.60000276565552; SubmitCycleTimeAvg = 0.006981790065765381; SubmitCycleTimeCount = 4.0; SubmitCycleTimeMax = 0.01448988914489746; SubmitCycleTimeMin = 3.814697265625E-05; SubmitCycleTimeStd = 0.008030536081633751; SubmitCycleTimeSum = 0.02792716026306152; ]
06/09/22 13:44:38 Currently monitoring 1 HTCondor log file(s)
06/09/22 13:44:38 Reassigning the id of job stage_in_remote_local_0_0 from (71.0.0) to (71.0.0)
06/09/22 13:44:38 Event: ULOG_SUBMIT for HTCondor Node stage_in_remote_local_0_0 (71.0.0) {06/09/22 13:44:33}
06/09/22 13:44:38 Number of idle job procs: 1
06/09/22 13:44:38 Event: ULOG_EXECUTE for HTCondor Node stage_in_remote_local_0_0 (71.0.0) {06/09/22 13:44:33}
06/09/22 13:44:38 Number of idle job procs: 0
06/09/22 13:44:38 Event: ULOG_JOB_TERMINATED for HTCondor Node stage_in_remote_local_0_0 (71.0.0) {06/09/22 13:44:36}
06/09/22 13:44:38 Number of idle job procs: 0
06/09/22 13:44:38 Node stage_in_remote_local_0_0 job proc (71.0.0) completed successfully.
06/09/22 13:44:38 Node stage_in_remote_local_0_0 job completed
06/09/22 13:44:38 Running POST script of Node stage_in_remote_local_0_0...
06/09/22 13:44:38 Warning: mysin has length 0 (ignore if produced by DAGMan; see gittrac #4987, #5031)
06/09/22 13:44:38 DAG status: 0 (DAG_STATUS_OK)
06/09/22 13:44:38 Of 6 nodes total:
06/09/22 13:44:38  Done     Pre   Queued    Post   Ready   Un-Ready   Failed
06/09/22 13:44:38   ===     ===      ===     ===     ===        ===      ===
06/09/22 13:44:38     2       0        0       1       0          3        0
06/09/22 13:44:38 0 job proc(s) currently held
06/09/22 13:44:38 DAGMan Runtime Statistics: [ EventCycleTimeAvg = 0.01089006662368774; EventCycleTimeCount = 4.0; EventCycleTimeMax = 0.01479101181030273; EventCycleTimeMin = 0.0005450248718261719; EventCycleTimeStd = 0.006920110169332831; EventCycleTimeSum = 0.04356026649475098; LogProcessCycleTimeAvg = 0.005847930908203125; LogProcessCycleTimeCount = 3.0; LogProcessCycleTimeMax = 0.01386284828186035; LogProcessCycleTimeMin = 0.0002779960632324219; LogProcessCycleTimeStd = 0.007114809001278728; LogProcessCycleTimeSum = 0.01754379272460938; SleepCycleTimeAvg = 5.150103688240051; SleepCycleTimeCount = 4.0; SleepCycleTimeMax = 5.597184181213379; SleepCycleTimeMin = 5.000411987304688; SleepCycleTimeStd = 0.2980542888341254; SleepCycleTimeSum = 20.60041475296021; SubmitCycleTimeAvg = 0.005586624145507812; SubmitCycleTimeCount = 5.0; SubmitCycleTimeMax = 0.01448988914489746; SubmitCycleTimeMin = 5.960464477539062E-06; SubmitCycleTimeStd = 0.007622307527517957; SubmitCycleTimeSum = 0.02793312072753906; ]
06/09/22 13:44:39 Initializing user log writer for /Users/bianyiyang/airflow/dags/CRUX/workflow_pegasus/bianyiyang/pegasus/peakfinding-workflow/run0009/./peakfinding-workflow-0.dag.nodes.log, (71.0.0)
06/09/22 13:44:43 Currently monitoring 1 HTCondor log file(s)
06/09/22 13:44:43 Event: ULOG_POST_SCRIPT_TERMINATED for HTCondor Node stage_in_remote_local_0_0 (71.0.0) {06/09/22 13:44:39}
06/09/22 13:44:43 POST Script of node stage_in_remote_local_0_0 completed successfully.
06/09/22 13:44:43 DAG status: 0 (DAG_STATUS_OK)
06/09/22 13:44:43 Of 6 nodes total:
06/09/22 13:44:43  Done     Pre   Queued    Post   Ready   Un-Ready   Failed
06/09/22 13:44:43   ===     ===      ===     ===     ===        ===      ===
06/09/22 13:44:43     3       0        0       0       1          2        0
06/09/22 13:44:43 0 job proc(s) currently held
06/09/22 13:44:43 DAGMan Runtime Statistics: [ EventCycleTimeAvg = 0.009451675415039062; EventCycleTimeCount = 5.0; EventCycleTimeMax = 0.01479101181030273; EventCycleTimeMin = 0.0005450248718261719; EventCycleTimeStd = 0.006801528498239702; EventCycleTimeSum = 0.04725837707519531; LogProcessCycleTimeAvg = 0.004431664943695068; LogProcessCycleTimeCount = 4.0; LogProcessCycleTimeMax = 0.01386284828186035; LogProcessCycleTimeMin = 0.0001828670501708984; LogProcessCycleTimeStd = 0.00646299016544821; LogProcessCycleTimeSum = 0.01772665977478027; SleepCycleTimeAvg = 4.982928562164306; SleepCycleTimeCount = 5.0; SleepCycleTimeMax = 5.597184181213379; SleepCycleTimeMin = 4.314228057861328; SleepCycleTimeStd = 0.4542740177596784; SleepCycleTimeSum = 24.91464281082153; SubmitCycleTimeAvg = 0.004661877950032552; SubmitCycleTimeCount = 6.0; SubmitCycleTimeMax = 0.01448988914489746; SubmitCycleTimeMin = 5.960464477539062E-06; SubmitCycleTimeStd = 0.007184051140653256; SubmitCycleTimeSum = 0.02797126770019531; ]
06/09/22 13:44:48 Submitting HTCondor Node generate_source_ID0000001 job(s)...
06/09/22 13:44:48 Submitting node generate_source_ID0000001 from file 00/00/generate_source_ID0000001.sub using direct job submission
06/09/22 13:44:48 Submit warning: Submit:0:the line 'JOB = generate_source_ID0000001' was unused by DAGMAN. Is it a typo?
06/09/22 13:44:48 	assigned HTCondor ID (72.0.0)
06/09/22 13:44:48 Just submitted 1 job this cycle...
06/09/22 13:44:48 DAG status: 0 (DAG_STATUS_OK)
06/09/22 13:44:48 Of 6 nodes total:
06/09/22 13:44:48  Done     Pre   Queued    Post   Ready   Un-Ready   Failed
06/09/22 13:44:48   ===     ===      ===     ===     ===        ===      ===
06/09/22 13:44:48     3       0        1       0       0          2        0
06/09/22 13:44:48 0 job proc(s) currently held
06/09/22 13:44:48 DAGMan Runtime Statistics: [ EventCycleTimeAvg = 0.007955710093180338; EventCycleTimeCount = 6.0; EventCycleTimeMax = 0.01479101181030273; EventCycleTimeMin = 0.0004758834838867188; EventCycleTimeStd = 0.007101838170158252; EventCycleTimeSum = 0.04773426055908203; LogProcessCycleTimeAvg = 0.004431664943695068; LogProcessCycleTimeCount = 4.0; LogProcessCycleTimeMax = 0.01386284828186035; LogProcessCycleTimeMin = 0.0001828670501708984; LogProcessCycleTimeStd = 0.00646299016544821; LogProcessCycleTimeSum = 0.01772665977478027; SleepCycleTimeAvg = 4.985986789067586; SleepCycleTimeCount = 6.0; SleepCycleTimeMax = 5.597184181213379; SleepCycleTimeMin = 4.314228057861328; SleepCycleTimeStd = 0.4063840832020463; SleepCycleTimeSum = 29.91592073440552; SubmitCycleTimeAvg = 0.00619333130972726; SubmitCycleTimeCount = 7.0; SubmitCycleTimeMax = 0.01538205146789551; SubmitCycleTimeMin = 5.960464477539062E-06; SubmitCycleTimeStd = 0.007708843714205301; SubmitCycleTimeSum = 0.04335331916809082; ]
06/09/22 13:44:53 Currently monitoring 1 HTCondor log file(s)
06/09/22 13:44:53 Reassigning the id of job generate_source_ID0000001 from (72.0.0) to (72.0.0)
06/09/22 13:44:53 Event: ULOG_SUBMIT for HTCondor Node generate_source_ID0000001 (72.0.0) {06/09/22 13:44:48}
06/09/22 13:44:53 Number of idle job procs: 1
06/09/22 13:44:58 Currently monitoring 1 HTCondor log file(s)
06/09/22 13:44:58 Event: ULOG_EXECUTE for HTCondor Node generate_source_ID0000001 (72.0.0) {06/09/22 13:44:54}
06/09/22 13:44:58 Number of idle job procs: 0
06/09/22 13:44:58 Event: ULOG_JOB_TERMINATED for HTCondor Node generate_source_ID0000001 (72.0.0) {06/09/22 13:44:57}
06/09/22 13:44:58 Number of idle job procs: 0
06/09/22 13:44:58 Node generate_source_ID0000001 job proc (72.0.0) failed with status 126.
06/09/22 13:44:58 Node generate_source_ID0000001 job completed
06/09/22 13:44:58 Running POST script of Node generate_source_ID0000001...
06/09/22 13:44:58 Warning: mysin has length 0 (ignore if produced by DAGMan; see gittrac #4987, #5031)
06/09/22 13:44:58 DAG status: 0 (DAG_STATUS_OK)
06/09/22 13:44:58 Of 6 nodes total:
06/09/22 13:44:58  Done     Pre   Queued    Post   Ready   Un-Ready   Failed
06/09/22 13:44:58   ===     ===      ===     ===     ===        ===      ===
06/09/22 13:44:58     3       0        0       1       0          2        0
06/09/22 13:44:58 0 job proc(s) currently held
06/09/22 13:44:58 DAGMan Runtime Statistics: [ EventCycleTimeAvg = 0.007966160774230957; EventCycleTimeCount = 8.0; EventCycleTimeMax = 0.01561808586120605; EventCycleTimeMin = 0.0003769397735595703; EventCycleTimeStd = 0.007253860205924847; EventCycleTimeSum = 0.06372928619384766; LogProcessCycleTimeAvg = 0.004166126251220703; LogProcessCycleTimeCount = 6.0; LogProcessCycleTimeMax = 0.01386284828186035; LogProcessCycleTimeMin = 0.0001828670501708984; LogProcessCycleTimeStd = 0.005451907829844353; LogProcessCycleTimeSum = 0.02499675750732422; SleepCycleTimeAvg = 4.989688485860825; SleepCycleTimeCount = 8.0; SleepCycleTimeMax = 5.597184181213379; SleepCycleTimeMin = 4.314228057861328; SleepCycleTimeStd = 0.3435257506503002; SleepCycleTimeSum = 39.9175078868866; SubmitCycleTimeAvg = 0.004830042521158854; SubmitCycleTimeCount = 9.0; SubmitCycleTimeMax = 0.01538205146789551; SubmitCycleTimeMin = 5.960464477539062E-06; SubmitCycleTimeStd = 0.007203317278766172; SubmitCycleTimeSum = 0.04347038269042969; ]
06/09/22 13:44:58 Initializing user log writer for /Users/bianyiyang/airflow/dags/CRUX/workflow_pegasus/bianyiyang/pegasus/peakfinding-workflow/run0009/./peakfinding-workflow-0.dag.nodes.log, (72.0.0)
06/09/22 13:45:03 Currently monitoring 1 HTCondor log file(s)
06/09/22 13:45:03 Event: ULOG_POST_SCRIPT_TERMINATED for HTCondor Node generate_source_ID0000001 (72.0.0) {06/09/22 13:44:58}
06/09/22 13:45:03 POST Script of node generate_source_ID0000001 failed with status 1
06/09/22 13:45:03 POST for Node generate_source_ID0000001 returned 1
06/09/22 13:45:03 Retrying node generate_source_ID0000001 (retry #1 of 1)...
06/09/22 13:45:03 DAG status: 0 (DAG_STATUS_OK)
06/09/22 13:45:03 Of 6 nodes total:
06/09/22 13:45:03  Done     Pre   Queued    Post   Ready   Un-Ready   Failed
06/09/22 13:45:03   ===     ===      ===     ===     ===        ===      ===
06/09/22 13:45:03     3       0        0       0       1          2        0
06/09/22 13:45:03 0 job proc(s) currently held
06/09/22 13:45:03 DAGMan Runtime Statistics: [ EventCycleTimeAvg = 0.007973353068033854; EventCycleTimeCount = 9.0; EventCycleTimeMax = 0.01561808586120605; EventCycleTimeMin = 0.0003769397735595703; EventCycleTimeStd = 0.006785399211765207; EventCycleTimeSum = 0.07176017761230469; LogProcessCycleTimeAvg = 0.003600665501185826; LogProcessCycleTimeCount = 7.0; LogProcessCycleTimeMax = 0.01386284828186035; LogProcessCycleTimeMin = 0.0001828670501708984; LogProcessCycleTimeStd = 0.005196887225998064; LogProcessCycleTimeSum = 0.02520465850830078; SleepCycleTimeAvg = 5.078251997629802; SleepCycleTimeCount = 9.0; SleepCycleTimeMax = 5.786760091781616; SleepCycleTimeMin = 4.314228057861328; SleepCycleTimeStd = 0.4169534257462734; SleepCycleTimeSum = 45.70426797866821; SubmitCycleTimeAvg = 0.004349350929260254; SubmitCycleTimeCount = 10.0; SubmitCycleTimeMax = 0.01538205146789551; SubmitCycleTimeMin = 5.960464477539062E-06; SubmitCycleTimeStd = 0.006959390419789743; SubmitCycleTimeSum = 0.04349350929260254; ]
06/09/22 13:45:08 Reassigning the id of job generate_source_ID0000001 from (72.0.0) to (-1.-1.-1)
06/09/22 13:45:08 Submitting HTCondor Node generate_source_ID0000001 job(s)...
06/09/22 13:45:08 Submitting node generate_source_ID0000001 from file 00/00/generate_source_ID0000001.sub using direct job submission
06/09/22 13:45:08 Submit warning: Submit:0:the line 'JOB = generate_source_ID0000001' was unused by DAGMAN. Is it a typo?
06/09/22 13:45:08 	assigned HTCondor ID (73.0.0)
06/09/22 13:45:08 Just submitted 1 job this cycle...
06/09/22 13:45:08 DAG status: 0 (DAG_STATUS_OK)
06/09/22 13:45:08 Of 6 nodes total:
06/09/22 13:45:08  Done     Pre   Queued    Post   Ready   Un-Ready   Failed
06/09/22 13:45:08   ===     ===      ===     ===     ===        ===      ===
06/09/22 13:45:08     3       0        1       0       0          2        0
06/09/22 13:45:08 0 job proc(s) currently held
06/09/22 13:45:08 DAGMan Runtime Statistics: [ EventCycleTimeAvg = 0.007229804992675781; EventCycleTimeCount = 10.0; EventCycleTimeMax = 0.01561808586120605; EventCycleTimeMin = 0.0003769397735595703; EventCycleTimeStd = 0.006815756877652235; EventCycleTimeSum = 0.07229804992675781; LogProcessCycleTimeAvg = 0.003600665501185826; LogProcessCycleTimeCount = 7.0; LogProcessCycleTimeMax = 0.01386284828186035; LogProcessCycleTimeMin = 0.0001828670501708984; LogProcessCycleTimeStd = 0.005196887225998064; LogProcessCycleTimeSum = 0.02520465850830078; SleepCycleTimeAvg = 5.070471596717835; SleepCycleTimeCount = 10.0; SleepCycleTimeMax = 5.786760091781616; SleepCycleTimeMin = 4.314228057861328; SleepCycleTimeStd = 0.3938766574257597; SleepCycleTimeSum = 50.70471596717834; SubmitCycleTimeAvg = 0.005328590219671076; SubmitCycleTimeCount = 11.0; SubmitCycleTimeMax = 0.01538205146789551; SubmitCycleTimeMin = 5.960464477539062E-06; SubmitCycleTimeStd = 0.00735783996702037; SubmitCycleTimeSum = 0.05861449241638184; ]
06/09/22 13:45:13 Currently monitoring 1 HTCondor log file(s)
06/09/22 13:45:13 Reassigning the id of job generate_source_ID0000001 from (73.0.0) to (73.0.0)
06/09/22 13:45:13 Event: ULOG_SUBMIT for HTCondor Node generate_source_ID0000001 (73.0.0) {06/09/22 13:45:08}
06/09/22 13:45:13 Number of idle job procs: 1
06/09/22 13:45:13 Event: ULOG_EXECUTE for HTCondor Node generate_source_ID0000001 (73.0.0) {06/09/22 13:45:09}
06/09/22 13:45:13 Number of idle job procs: 0
06/09/22 13:45:13 Event: ULOG_JOB_TERMINATED for HTCondor Node generate_source_ID0000001 (73.0.0) {06/09/22 13:45:11}
06/09/22 13:45:13 Number of idle job procs: 0
06/09/22 13:45:13 Node generate_source_ID0000001 job proc (73.0.0) failed with status 126.
06/09/22 13:45:13 Node generate_source_ID0000001 job completed
06/09/22 13:45:13 Running POST script of Node generate_source_ID0000001...
06/09/22 13:45:13 Warning: mysin has length 0 (ignore if produced by DAGMan; see gittrac #4987, #5031)
06/09/22 13:45:13 DAG status: 0 (DAG_STATUS_OK)
06/09/22 13:45:13 Of 6 nodes total:
06/09/22 13:45:13  Done     Pre   Queued    Post   Ready   Un-Ready   Failed
06/09/22 13:45:13   ===     ===      ===     ===     ===        ===      ===
06/09/22 13:45:13     3       0        0       1       0          2        0
06/09/22 13:45:13 0 job proc(s) currently held
06/09/22 13:45:13 DAGMan Runtime Statistics: [ EventCycleTimeAvg = 0.007968924262306908; EventCycleTimeCount = 11.0; EventCycleTimeMax = 0.01561808586120605; EventCycleTimeMin = 0.0003769397735595703; EventCycleTimeStd = 0.006915081913895012; EventCycleTimeSum = 0.08765816688537598; LogProcessCycleTimeAvg = 0.003820955753326416; LogProcessCycleTimeCount = 8.0; LogProcessCycleTimeMax = 0.01386284828186035; LogProcessCycleTimeMin = 0.0001828670501708984; LogProcessCycleTimeStd = 0.004851559065599256; LogProcessCycleTimeSum = 0.03056764602661133; SleepCycleTimeAvg = 5.064180547540838; SleepCycleTimeCount = 11.0; SleepCycleTimeMax = 5.786760091781616; SleepCycleTimeMin = 4.314228057861328; SleepCycleTimeStd = 0.3742462951528327; SleepCycleTimeSum = 55.70598602294922; SubmitCycleTimeAvg = 0.004885951677958171; SubmitCycleTimeCount = 12.0; SubmitCycleTimeMax = 0.01538205146789551; SubmitCycleTimeMin = 5.960464477539062E-06; SubmitCycleTimeStd = 0.007181040072676908; SubmitCycleTimeSum = 0.05863142013549805; ]
06/09/22 13:45:14 Initializing user log writer for /Users/bianyiyang/airflow/dags/CRUX/workflow_pegasus/bianyiyang/pegasus/peakfinding-workflow/run0009/./peakfinding-workflow-0.dag.nodes.log, (73.0.0)
06/09/22 13:45:18 Currently monitoring 1 HTCondor log file(s)
06/09/22 13:45:18 Event: ULOG_POST_SCRIPT_TERMINATED for HTCondor Node generate_source_ID0000001 (73.0.0) {06/09/22 13:45:14}
06/09/22 13:45:18 POST Script of node generate_source_ID0000001 failed with status 1
06/09/22 13:45:18 POST for Node generate_source_ID0000001 returned 1
06/09/22 13:45:18 DAG status: 2 (DAG_STATUS_NODE_FAILED)
06/09/22 13:45:18 Of 6 nodes total:
06/09/22 13:45:18  Done     Pre   Queued    Post   Ready   Un-Ready   Failed
06/09/22 13:45:18   ===     ===      ===     ===     ===        ===      ===
06/09/22 13:45:18     3       0        0       0       0          2        1
06/09/22 13:45:18 0 job proc(s) currently held
06/09/22 13:45:18 DAGMan Runtime Statistics: [ EventCycleTimeAvg = 0.007774849732716878; EventCycleTimeCount = 12.0; EventCycleTimeMax = 0.01561808586120605; EventCycleTimeMin = 0.0003769397735595703; EventCycleTimeStd = 0.00662745905374325; EventCycleTimeSum = 0.09329819679260254; LogProcessCycleTimeAvg = 0.003410498301188151; LogProcessCycleTimeCount = 9.0; LogProcessCycleTimeMax = 0.01386284828186035; LogProcessCycleTimeMin = 0.0001268386840820312; LogProcessCycleTimeStd = 0.004702307952087577; LogProcessCycleTimeSum = 0.03069448471069336; SleepCycleTimeAvg = 5.004204829533895; SleepCycleTimeCount = 12.0; SleepCycleTimeMax = 5.786760091781616; SleepCycleTimeMin = 4.314228057861328; SleepCycleTimeStd = 0.4129074676679362; SleepCycleTimeSum = 60.05045795440674; SubmitCycleTimeAvg = 0.004512199988731971; SubmitCycleTimeCount = 13.0; SubmitCycleTimeMax = 0.01538205146789551; SubmitCycleTimeMin = 5.960464477539062E-06; SubmitCycleTimeStd = 0.007006142498493849; SubmitCycleTimeSum = 0.05865859985351562; ]
06/09/22 13:45:18 ERROR: the following job(s) failed:
06/09/22 13:45:18 ---------------------- Job ----------------------
06/09/22 13:45:18       Node Name: generate_source_ID0000001
06/09/22 13:45:18            Noop: false
06/09/22 13:45:18          NodeID: 3
06/09/22 13:45:18     Node Status: STATUS_ERROR    
06/09/22 13:45:18 Node return val: 1
06/09/22 13:45:18           Error: Job exited with status 126 and POST Script failed with status 1 (after 1 node retries)
06/09/22 13:45:18 Job Submit File: 00/00/generate_source_ID0000001.sub
06/09/22 13:45:18     POST Script: /usr/local/Homebrew/bin/pegasus-exitcode  -r $RETURN -s PegasusLite:+exitcode+0 -l peakfinding-workflow-0.exitcode.log -M peakfinding-workflow-0.cache.meta   .//00/00/generate_source_ID0000001.out
06/09/22 13:45:18           Retry: 1
06/09/22 13:45:18  HTCondor Job ID: (73.0.0)
06/09/22 13:45:18 PARENTS: stage_in_remote_local_0_0 WAITING: 0 CHILDREN: clean_up_local_level_3_0
06/09/22 13:45:18 ---------------------------------------	<END>
06/09/22 13:45:18 Aborting DAG...
06/09/22 13:45:18 Writing Rescue DAG to peakfinding-workflow-0.dag.rescue001...
06/09/22 13:45:18 Removing submitted jobs...
06/09/22 13:45:18 Removing any/all submitted HTCondor jobs...
06/09/22 13:45:18 Running: /usr/local/condor/bin/condor_rm -const DAGManJobId==68
06/09/22 13:45:18 Note: 0 total job deferrals because of -MaxJobs limit (0)
06/09/22 13:45:18 Note: 0 total job deferrals because of -MaxIdle limit (1000)
06/09/22 13:45:18 Note: 0 total job deferrals because of node category throttles
06/09/22 13:45:18 Note: 0 total PRE script deferrals because of -MaxPre limit (20) or DEFER
06/09/22 13:45:18 Note: 0 total POST script deferrals because of -MaxPost limit (20) or DEFER
06/09/22 13:45:18 Note: 0 total HOLD script deferrals because of -MaxHold limit (20) or DEFER
06/09/22 13:45:18 DAG status: 2 (DAG_STATUS_NODE_FAILED)
06/09/22 13:45:18 Of 6 nodes total:
06/09/22 13:45:18  Done     Pre   Queued    Post   Ready   Un-Ready   Failed
06/09/22 13:45:18   ===     ===      ===     ===     ===        ===      ===
06/09/22 13:45:18     3       0        0       0       0          2        1
06/09/22 13:45:18 0 job proc(s) currently held
06/09/22 13:45:18 DAGMan Runtime Statistics: [ EventCycleTimeAvg = 0.007774849732716878; EventCycleTimeCount = 12.0; EventCycleTimeMax = 0.01561808586120605; EventCycleTimeMin = 0.0003769397735595703; EventCycleTimeStd = 0.00662745905374325; EventCycleTimeSum = 0.09329819679260254; LogProcessCycleTimeAvg = 0.003410498301188151; LogProcessCycleTimeCount = 9.0; LogProcessCycleTimeMax = 0.01386284828186035; LogProcessCycleTimeMin = 0.0001268386840820312; LogProcessCycleTimeStd = 0.004702307952087577; LogProcessCycleTimeSum = 0.03069448471069336; SleepCycleTimeAvg = 5.004204829533895; SleepCycleTimeCount = 12.0; SleepCycleTimeMax = 5.786760091781616; SleepCycleTimeMin = 4.314228057861328; SleepCycleTimeStd = 0.4129074676679362; SleepCycleTimeSum = 60.05045795440674; SubmitCycleTimeAvg = 0.004512199988731971; SubmitCycleTimeCount = 13.0; SubmitCycleTimeMax = 0.01538205146789551; SubmitCycleTimeMin = 5.960464477539062E-06; SubmitCycleTimeStd = 0.007006142498493849; SubmitCycleTimeSum = 0.05865859985351562; ]
06/09/22 13:45:18 Wrote metrics file peakfinding-workflow-0.dag.metrics.
06/09/22 13:45:18 DAGMan Runtime Statistics: [ EventCycleTimeAvg = 0.007774849732716878; EventCycleTimeCount = 12.0; EventCycleTimeMax = 0.01561808586120605; EventCycleTimeMin = 0.0003769397735595703; EventCycleTimeStd = 0.00662745905374325; EventCycleTimeSum = 0.09329819679260254; LogProcessCycleTimeAvg = 0.003410498301188151; LogProcessCycleTimeCount = 9.0; LogProcessCycleTimeMax = 0.01386284828186035; LogProcessCycleTimeMin = 0.0001268386840820312; LogProcessCycleTimeStd = 0.004702307952087577; LogProcessCycleTimeSum = 0.03069448471069336; SleepCycleTimeAvg = 5.004204829533895; SleepCycleTimeCount = 12.0; SleepCycleTimeMax = 5.786760091781616; SleepCycleTimeMin = 4.314228057861328; SleepCycleTimeStd = 0.4129074676679362; SleepCycleTimeSum = 60.05045795440674; SubmitCycleTimeAvg = 0.004512199988731971; SubmitCycleTimeCount = 13.0; SubmitCycleTimeMax = 0.01538205146789551; SubmitCycleTimeMin = 5.960464477539062E-06; SubmitCycleTimeStd = 0.007006142498493849; SubmitCycleTimeSum = 0.05865859985351562; ]
06/09/22 13:45:18 **** condor_scheduniv_exec.68.0 (condor_DAGMAN) pid 25039 EXITING WITH STATUS 1
