06/08/22 22:29:47 ******************************************************
06/08/22 22:29:47 ** condor_scheduniv_exec.29.0 (CONDOR_DAGMAN) STARTING UP
06/08/22 22:29:47 ** /usr/local/condor/bin/condor_dagman
06/08/22 22:29:47 ** SubsystemInfo: name=DAGMAN type=DAGMAN(10) class=DAEMON(1)
06/08/22 22:29:47 ** Configuration: subsystem:DAGMAN local:<NONE> class:DAEMON
06/08/22 22:29:47 ** $CondorVersion: 9.8.0 Apr 21 2022 BuildID: 584246 $
06/08/22 22:29:47 ** $CondorPlatform: x86_64_MacOSX15 $
06/08/22 22:29:47 ** PID = 4126
06/08/22 22:29:47 ** Log last touched time unavailable (No such file or directory)
06/08/22 22:29:47 ******************************************************
06/08/22 22:29:47 Using config source: /etc/condor/condor_config
06/08/22 22:29:47 Using local config sources: 
06/08/22 22:29:47    /usr/local/condor/local/config.d/00-htcondor-9.0.config
06/08/22 22:29:47    /usr/local/condor/local/config.d/00-minicondor
06/08/22 22:29:47 config Macros = 68, Sorted = 67, StringBytes = 2008, TablesBytes = 2504
06/08/22 22:29:47 CLASSAD_CACHING is ENABLED
06/08/22 22:29:47 Daemon Log is logging: D_ALWAYS D_ERROR
06/08/22 22:29:47 DaemonCore: No command port requested.
06/08/22 22:29:47 DAGMAN_USE_STRICT setting: 1
06/08/22 22:29:47 DAGMAN_VERBOSITY setting: 3
06/08/22 22:29:47 DAGMAN_DEBUG_CACHE_SIZE setting: 5242880
06/08/22 22:29:47 DAGMAN_DEBUG_CACHE_ENABLE setting: False
06/08/22 22:29:47 DAGMAN_SUBMIT_DELAY setting: 0
06/08/22 22:29:47 DAGMAN_MAX_SUBMIT_ATTEMPTS setting: 6
06/08/22 22:29:47 DAGMAN_STARTUP_CYCLE_DETECT setting: False
06/08/22 22:29:47 DAGMAN_MAX_SUBMITS_PER_INTERVAL setting: 100
06/08/22 22:29:47 DAGMAN_AGGRESSIVE_SUBMIT setting: False
06/08/22 22:29:47 DAGMAN_USER_LOG_SCAN_INTERVAL setting: 5
06/08/22 22:29:47 DAGMAN_QUEUE_UPDATE_INTERVAL setting: 300
06/08/22 22:29:47 DAGMAN_DEFAULT_PRIORITY setting: 0
06/08/22 22:29:47 DAGMAN_SUPPRESS_NOTIFICATION setting: True
06/08/22 22:29:47 allow_events (DAGMAN_ALLOW_EVENTS) setting: 114
06/08/22 22:29:47 DAGMAN_RETRY_SUBMIT_FIRST setting: True
06/08/22 22:29:47 DAGMAN_RETRY_NODE_FIRST setting: False
06/08/22 22:29:47 DAGMAN_MAX_JOBS_IDLE setting: 1000
06/08/22 22:29:47 DAGMAN_MAX_JOBS_SUBMITTED setting: 0
06/08/22 22:29:47 DAGMAN_MAX_PRE_SCRIPTS setting: 20
06/08/22 22:29:47 DAGMAN_MAX_POST_SCRIPTS setting: 20
06/08/22 22:29:47 DAGMAN_MAX_HOLD_SCRIPTS setting: 20
06/08/22 22:29:47 DAGMAN_MUNGE_NODE_NAMES setting: True
06/08/22 22:29:47 DAGMAN_PROHIBIT_MULTI_JOBS setting: False
06/08/22 22:29:47 DAGMAN_SUBMIT_DEPTH_FIRST setting: False
06/08/22 22:29:47 DAGMAN_ALWAYS_RUN_POST setting: False
06/08/22 22:29:47 DAGMAN_CONDOR_SUBMIT_EXE setting: /usr/local/condor/bin/condor_submit
06/08/22 22:29:47 DAGMAN_USE_DIRECT_SUBMIT setting: True
06/08/22 22:29:47 DAGMAN_ABORT_DUPLICATES setting: True
06/08/22 22:29:47 DAGMAN_ABORT_ON_SCARY_SUBMIT setting: True
06/08/22 22:29:47 DAGMAN_PENDING_REPORT_INTERVAL setting: 600
06/08/22 22:29:47 DAGMAN_AUTO_RESCUE setting: True
06/08/22 22:29:47 DAGMAN_MAX_RESCUE_NUM setting: 100
06/08/22 22:29:47 DAGMAN_WRITE_PARTIAL_RESCUE setting: True
06/08/22 22:29:47 DAGMAN_DEFAULT_NODE_LOG setting: @(DAG_DIR)/@(DAG_FILE).nodes.log
06/08/22 22:29:47 DAGMAN_GENERATE_SUBDAG_SUBMITS setting: True
06/08/22 22:29:47 DAGMAN_MAX_JOB_HOLDS setting: 100
06/08/22 22:29:47 DAGMAN_HOLD_CLAIM_TIME setting: 20
06/08/22 22:29:47 ALL_DEBUG setting: 
06/08/22 22:29:47 DAGMAN_DEBUG setting: 
06/08/22 22:29:47 DAGMAN_SUPPRESS_JOB_LOGS setting: False
06/08/22 22:29:47 DAGMAN_REMOVE_NODE_JOBS setting: True
06/08/22 22:29:47 DAGMAN will adjust edges after parsing
06/08/22 22:29:47 argv[0] == "condor_scheduniv_exec.29.0"
06/08/22 22:29:47 argv[1] == "-Lockfile"
06/08/22 22:29:47 argv[2] == "peakfinding-workflow-0.dag.lock"
06/08/22 22:29:47 argv[3] == "-AutoRescue"
06/08/22 22:29:47 argv[4] == "1"
06/08/22 22:29:47 argv[5] == "-DoRescueFrom"
06/08/22 22:29:47 argv[6] == "0"
06/08/22 22:29:47 argv[7] == "-Dag"
06/08/22 22:29:47 argv[8] == "peakfinding-workflow-0.dag"
06/08/22 22:29:47 argv[9] == "-MaxPost"
06/08/22 22:29:47 argv[10] == "20"
06/08/22 22:29:47 argv[11] == "-Suppress_notification"
06/08/22 22:29:47 argv[12] == "-CsdVersion"
06/08/22 22:29:47 argv[13] == "$CondorVersion: 9.8.0 Apr 21 2022 BuildID: 584246 $"
06/08/22 22:29:47 argv[14] == "-Dagman"
06/08/22 22:29:47 argv[15] == "/usr/local/condor/bin/condor_dagman"
06/08/22 22:29:47 Can't open directory "/etc/condor/passwords.d" as PRIV_ROOT, errno: 13 (Permission denied)
06/08/22 22:29:47 Can't open directory "/etc/condor/passwords.d" as PRIV_ROOT, errno: 13 (Permission denied)
06/08/22 22:29:47 Workflow batch-id: <29.0>
06/08/22 22:29:47 Workflow batch-name: <peakfinding-workflow-0.dag+29>
06/08/22 22:29:47 Workflow accounting_group: <>
06/08/22 22:29:47 Workflow accounting_group_user: <>
06/08/22 22:29:47 Warning: failed to get attribute DAGNodeName
06/08/22 22:29:47 DAGMAN_LOG_ON_NFS_IS_ERROR setting: False
06/08/22 22:29:47 Default node log file is: </Users/bianyiyang/airflow/dags/CRUX/workflow_pegasus/bianyiyang/pegasus/peakfinding-workflow/run0002/./peakfinding-workflow-0.dag.nodes.log>
06/08/22 22:29:47 DAG Lockfile will be written to peakfinding-workflow-0.dag.lock
06/08/22 22:29:47 DAG Input file is peakfinding-workflow-0.dag
06/08/22 22:29:47 Parsing 1 dagfiles
06/08/22 22:29:47 Parsing peakfinding-workflow-0.dag ...
06/08/22 22:29:47 Adjusting edges
06/08/22 22:29:47 Warning: category registration has no assigned nodes, so the throttle setting (1) will have no effect
06/08/22 22:29:47 Warning: category stageout has no assigned nodes, so the throttle setting (10) will have no effect
06/08/22 22:29:47 Dag contains 6 total jobs
06/08/22 22:29:47 Warning: ProcessId not confirmed unique
06/08/22 22:29:47 Bootstrapping...
06/08/22 22:29:47 Number of pre-completed nodes: 0
06/08/22 22:29:47 MultiLogFiles: truncating log file /Users/bianyiyang/airflow/dags/CRUX/workflow_pegasus/bianyiyang/pegasus/peakfinding-workflow/run0002/./peakfinding-workflow-0.dag.nodes.log
06/08/22 22:29:47 DAG status: 0 (DAG_STATUS_OK)
06/08/22 22:29:47 Of 6 nodes total:
06/08/22 22:29:47  Done     Pre   Queued    Post   Ready   Un-Ready   Failed
06/08/22 22:29:47   ===     ===      ===     ===     ===        ===      ===
06/08/22 22:29:47     0       0        0       0       2          4        0
06/08/22 22:29:47 0 job proc(s) currently held
06/08/22 22:29:47 DAGMan Runtime Statistics: [ EventCycleTimeCount = 0.0; EventCycleTimeSum = 0.0; LogProcessCycleTimeCount = 0.0; LogProcessCycleTimeSum = 0.0; SleepCycleTimeCount = 0.0; SleepCycleTimeSum = 0.0; SubmitCycleTimeCount = 0.0; SubmitCycleTimeSum = 0.0; ]
06/08/22 22:29:47 Registering condor_event_timer...
06/08/22 22:29:48 Submitting HTCondor Node create_dir_peakfinding-workflow_0_local job(s)...
06/08/22 22:29:48 Submitting node create_dir_peakfinding-workflow_0_local from file 00/00/create_dir_peakfinding-workflow_0_local.sub using direct job submission
06/08/22 22:29:48 Submit warning: Submit:0:the line 'JOB = create_dir_peakfinding-workflow_0_local' was unused by DAGMAN. Is it a typo?
06/08/22 22:29:48 	assigned HTCondor ID (30.0.0)
06/08/22 22:29:48 Submitting HTCondor Node stage_worker_local_peakfinding-workflow_0_local job(s)...
06/08/22 22:29:48 Submitting node stage_worker_local_peakfinding-workflow_0_local from file 00/00/stage_worker_local_peakfinding-workflow_0_local.sub using direct job submission
06/08/22 22:29:48 Submit warning: Submit:0:the line 'JOB = stage_worker_local_peakfinding-workflow_0_local' was unused by DAGMAN. Is it a typo?
06/08/22 22:29:48 	assigned HTCondor ID (31.0.0)
06/08/22 22:29:48 Just submitted 2 jobs this cycle...
06/08/22 22:29:48 DAG status: 0 (DAG_STATUS_OK)
06/08/22 22:29:48 Of 6 nodes total:
06/08/22 22:29:48  Done     Pre   Queued    Post   Ready   Un-Ready   Failed
06/08/22 22:29:48   ===     ===      ===     ===     ===        ===      ===
06/08/22 22:29:48     0       0        2       0       0          4        0
06/08/22 22:29:48 0 job proc(s) currently held
06/08/22 22:29:48 DAGMan Runtime Statistics: [ EventCycleTimeCount = 0.0; EventCycleTimeSum = 0.0; LogProcessCycleTimeCount = 0.0; LogProcessCycleTimeSum = 0.0; SleepCycleTimeCount = 0.0; SleepCycleTimeSum = 0.0; SubmitCycleTimeAvg = 0.01433205604553223; SubmitCycleTimeCount = 1.0; SubmitCycleTimeMax = 0.01433205604553223; SubmitCycleTimeMin = 0.01433205604553223; SubmitCycleTimeStd = 0.01433205604553223; SubmitCycleTimeSum = 0.01433205604553223; ]
06/08/22 22:29:53 Currently monitoring 1 HTCondor log file(s)
06/08/22 22:29:53 Reassigning the id of job create_dir_peakfinding-workflow_0_local from (30.0.0) to (30.0.0)
06/08/22 22:29:53 Event: ULOG_SUBMIT for HTCondor Node create_dir_peakfinding-workflow_0_local (30.0.0) {06/08/22 22:29:48}
06/08/22 22:29:53 Number of idle job procs: 1
06/08/22 22:29:53 Reassigning the id of job stage_worker_local_peakfinding-workflow_0_local from (31.0.0) to (31.0.0)
06/08/22 22:29:53 Event: ULOG_SUBMIT for HTCondor Node stage_worker_local_peakfinding-workflow_0_local (31.0.0) {06/08/22 22:29:48}
06/08/22 22:29:53 Number of idle job procs: 2
06/08/22 22:29:53 Event: ULOG_EXECUTE for HTCondor Node create_dir_peakfinding-workflow_0_local (30.0.0) {06/08/22 22:29:49}
06/08/22 22:29:53 Number of idle job procs: 1
06/08/22 22:29:53 Event: ULOG_EXECUTE for HTCondor Node stage_worker_local_peakfinding-workflow_0_local (31.0.0) {06/08/22 22:29:49}
06/08/22 22:29:53 Number of idle job procs: 0
06/08/22 22:29:53 Event: ULOG_JOB_TERMINATED for HTCondor Node create_dir_peakfinding-workflow_0_local (30.0.0) {06/08/22 22:29:52}
06/08/22 22:29:53 Number of idle job procs: 0
06/08/22 22:29:53 Node create_dir_peakfinding-workflow_0_local job proc (30.0.0) completed successfully.
06/08/22 22:29:53 Node create_dir_peakfinding-workflow_0_local job completed
06/08/22 22:29:53 Running POST script of Node create_dir_peakfinding-workflow_0_local...
06/08/22 22:29:53 Warning: mysin has length 0 (ignore if produced by DAGMan; see gittrac #4987, #5031)
06/08/22 22:29:53 DAG status: 0 (DAG_STATUS_OK)
06/08/22 22:29:53 Of 6 nodes total:
06/08/22 22:29:53  Done     Pre   Queued    Post   Ready   Un-Ready   Failed
06/08/22 22:29:53   ===     ===      ===     ===     ===        ===      ===
06/08/22 22:29:53     0       0        1       1       0          4        0
06/08/22 22:29:53 0 job proc(s) currently held
06/08/22 22:29:53 DAGMan Runtime Statistics: [ EventCycleTimeAvg = 0.01447892189025879; EventCycleTimeCount = 1.0; EventCycleTimeMax = 0.01447892189025879; EventCycleTimeMin = 0.01447892189025879; EventCycleTimeStd = 0.01447892189025879; EventCycleTimeSum = 0.01447892189025879; LogProcessCycleTimeAvg = 0.01144099235534668; LogProcessCycleTimeCount = 1.0; LogProcessCycleTimeMax = 0.01144099235534668; LogProcessCycleTimeMin = 0.01144099235534668; LogProcessCycleTimeStd = 0.01144099235534668; LogProcessCycleTimeSum = 0.01144099235534668; SleepCycleTimeAvg = 5.000000953674316; SleepCycleTimeCount = 1.0; SleepCycleTimeMax = 5.000000953674316; SleepCycleTimeMin = 5.000000953674316; SleepCycleTimeStd = 5.000000953674316; SleepCycleTimeSum = 5.000000953674316; SubmitCycleTimeAvg = 0.007178068161010742; SubmitCycleTimeCount = 2.0; SubmitCycleTimeMax = 0.01433205604553223; SubmitCycleTimeMin = 2.408027648925781E-05; SubmitCycleTimeStd = 0.01011726669134309; SubmitCycleTimeSum = 0.01435613632202148; ]
06/08/22 22:29:53 Initializing user log writer for /Users/bianyiyang/airflow/dags/CRUX/workflow_pegasus/bianyiyang/pegasus/peakfinding-workflow/run0002/./peakfinding-workflow-0.dag.nodes.log, (30.0.0)
06/08/22 22:29:58 Currently monitoring 1 HTCondor log file(s)
06/08/22 22:29:58 Event: ULOG_JOB_TERMINATED for HTCondor Node stage_worker_local_peakfinding-workflow_0_local (31.0.0) {06/08/22 22:29:53}
06/08/22 22:29:58 Number of idle job procs: 0
06/08/22 22:29:58 Node stage_worker_local_peakfinding-workflow_0_local job proc (31.0.0) completed successfully.
06/08/22 22:29:58 Node stage_worker_local_peakfinding-workflow_0_local job completed
06/08/22 22:29:58 Running POST script of Node stage_worker_local_peakfinding-workflow_0_local...
06/08/22 22:29:58 Warning: mysin has length 0 (ignore if produced by DAGMan; see gittrac #4987, #5031)
06/08/22 22:29:58 Event: ULOG_POST_SCRIPT_TERMINATED for HTCondor Node create_dir_peakfinding-workflow_0_local (30.0.0) {06/08/22 22:29:53}
06/08/22 22:29:58 POST Script of node create_dir_peakfinding-workflow_0_local completed successfully.
06/08/22 22:29:58 DAG status: 0 (DAG_STATUS_OK)
06/08/22 22:29:58 Of 6 nodes total:
06/08/22 22:29:58  Done     Pre   Queued    Post   Ready   Un-Ready   Failed
06/08/22 22:29:58   ===     ===      ===     ===     ===        ===      ===
06/08/22 22:29:58     1       0        0       1       0          4        0
06/08/22 22:29:58 0 job proc(s) currently held
06/08/22 22:29:58 DAGMan Runtime Statistics: [ EventCycleTimeAvg = 0.01305997371673584; EventCycleTimeCount = 2.0; EventCycleTimeMax = 0.01447892189025879; EventCycleTimeMin = 0.01164102554321289; EventCycleTimeStd = 0.002006695751300687; EventCycleTimeSum = 0.02611994743347168; LogProcessCycleTimeAvg = 0.007643461227416992; LogProcessCycleTimeCount = 2.0; LogProcessCycleTimeMax = 0.01144099235534668; LogProcessCycleTimeMin = 0.003845930099487305; LogProcessCycleTimeStd = 0.005370520024652161; LogProcessCycleTimeSum = 0.01528692245483398; SleepCycleTimeAvg = 5.163130044937134; SleepCycleTimeCount = 2.0; SleepCycleTimeMax = 5.326259136199951; SleepCycleTimeMin = 5.000000953674316; SleepCycleTimeStd = 0.2306993732814747; SleepCycleTimeSum = 10.32626008987427; SubmitCycleTimeAvg = 0.004793087641398112; SubmitCycleTimeCount = 3.0; SubmitCycleTimeMax = 0.01433205604553223; SubmitCycleTimeMin = 2.312660217285156E-05; SubmitCycleTimeStd = 0.00826098897763914; SubmitCycleTimeSum = 0.01437926292419434; ]
06/08/22 22:29:59 Initializing user log writer for /Users/bianyiyang/airflow/dags/CRUX/workflow_pegasus/bianyiyang/pegasus/peakfinding-workflow/run0002/./peakfinding-workflow-0.dag.nodes.log, (31.0.0)
06/08/22 22:30:03 Currently monitoring 1 HTCondor log file(s)
06/08/22 22:30:03 Event: ULOG_POST_SCRIPT_TERMINATED for HTCondor Node stage_worker_local_peakfinding-workflow_0_local (31.0.0) {06/08/22 22:29:59}
06/08/22 22:30:03 POST Script of node stage_worker_local_peakfinding-workflow_0_local completed successfully.
06/08/22 22:30:03 DAG status: 0 (DAG_STATUS_OK)
06/08/22 22:30:03 Of 6 nodes total:
06/08/22 22:30:03  Done     Pre   Queued    Post   Ready   Un-Ready   Failed
06/08/22 22:30:03   ===     ===      ===     ===     ===        ===      ===
06/08/22 22:30:03     2       0        0       0       1          3        0
06/08/22 22:30:03 0 job proc(s) currently held
06/08/22 22:30:03 DAGMan Runtime Statistics: [ EventCycleTimeAvg = 0.01005164782206217; EventCycleTimeCount = 3.0; EventCycleTimeMax = 0.01447892189025879; EventCycleTimeMin = 0.004034996032714844; EventCycleTimeStd = 0.005400322951901715; EventCycleTimeSum = 0.03015494346618652; LogProcessCycleTimeAvg = 0.005186001459757487; LogProcessCycleTimeCount = 3.0; LogProcessCycleTimeMax = 0.01144099235534668; LogProcessCycleTimeMin = 0.0002710819244384766; LogProcessCycleTimeStd = 0.00570425877714101; LogProcessCycleTimeSum = 0.01555800437927246; SleepCycleTimeAvg = 5.030247370402019; SleepCycleTimeCount = 3.0; SleepCycleTimeMax = 5.326259136199951; SleepCycleTimeMin = 4.764482021331787; SleepCycleTimeStd = 0.2821072774514054; SleepCycleTimeSum = 15.09074211120605; SubmitCycleTimeAvg = 0.003607332706451416; SubmitCycleTimeCount = 4.0; SubmitCycleTimeMax = 0.01433205604553223; SubmitCycleTimeMin = 2.312660217285156E-05; SubmitCycleTimeStd = 0.007149826453986047; SubmitCycleTimeSum = 0.01442933082580566; ]
06/08/22 22:30:08 Submitting HTCondor Node stage_in_remote_local_0_0 job(s)...
06/08/22 22:30:08 Submitting node stage_in_remote_local_0_0 from file 00/00/stage_in_remote_local_0_0.sub using direct job submission
06/08/22 22:30:08 Submit warning: Submit:0:the line 'JOB = stage_in_remote_local_0_0' was unused by DAGMAN. Is it a typo?
06/08/22 22:30:08 	assigned HTCondor ID (32.0.0)
06/08/22 22:30:08 Just submitted 1 job this cycle...
06/08/22 22:30:08 DAG status: 0 (DAG_STATUS_OK)
06/08/22 22:30:08 Of 6 nodes total:
06/08/22 22:30:08  Done     Pre   Queued    Post   Ready   Un-Ready   Failed
06/08/22 22:30:08   ===     ===      ===     ===     ===        ===      ===
06/08/22 22:30:08     2       0        1       0       0          3        0
06/08/22 22:30:08 0 job proc(s) currently held
06/08/22 22:30:08 DAGMan Runtime Statistics: [ EventCycleTimeAvg = 0.007725954055786133; EventCycleTimeCount = 4.0; EventCycleTimeMax = 0.01447892189025879; EventCycleTimeMin = 0.0007488727569580078; EventCycleTimeStd = 0.006409191158110768; EventCycleTimeSum = 0.03090381622314453; LogProcessCycleTimeAvg = 0.005186001459757487; LogProcessCycleTimeCount = 3.0; LogProcessCycleTimeMax = 0.01144099235534668; LogProcessCycleTimeMin = 0.0002710819244384766; LogProcessCycleTimeStd = 0.00570425877714101; LogProcessCycleTimeSum = 0.01555800437927246; SleepCycleTimeAvg = 5.02298778295517; SleepCycleTimeCount = 4.0; SleepCycleTimeMax = 5.326259136199951; SleepCycleTimeMin = 4.764482021331787; SleepCycleTimeStd = 0.2307967730138929; SleepCycleTimeSum = 20.09195113182068; SubmitCycleTimeAvg = 0.005770063400268555; SubmitCycleTimeCount = 5.0; SubmitCycleTimeMax = 0.01442098617553711; SubmitCycleTimeMin = 2.312660217285156E-05; SubmitCycleTimeStd = 0.007856655395999166; SubmitCycleTimeSum = 0.02885031700134277; ]
06/08/22 22:30:13 Currently monitoring 1 HTCondor log file(s)
06/08/22 22:30:13 Reassigning the id of job stage_in_remote_local_0_0 from (32.0.0) to (32.0.0)
06/08/22 22:30:13 Event: ULOG_SUBMIT for HTCondor Node stage_in_remote_local_0_0 (32.0.0) {06/08/22 22:30:08}
06/08/22 22:30:13 Number of idle job procs: 1
06/08/22 22:30:13 Event: ULOG_EXECUTE for HTCondor Node stage_in_remote_local_0_0 (32.0.0) {06/08/22 22:30:08}
06/08/22 22:30:13 Number of idle job procs: 0
06/08/22 22:37:33 Currently monitoring 1 HTCondor log file(s)
06/08/22 22:37:33 Event: ULOG_JOB_TERMINATED for HTCondor Node stage_in_remote_local_0_0 (32.0.0) {06/08/22 22:37:30}
06/08/22 22:37:33 Number of idle job procs: 0
06/08/22 22:37:33 Node stage_in_remote_local_0_0 job proc (32.0.0) failed with status 1.
06/08/22 22:37:33 Node stage_in_remote_local_0_0 job completed
06/08/22 22:37:33 Running POST script of Node stage_in_remote_local_0_0...
06/08/22 22:37:33 Warning: mysin has length 0 (ignore if produced by DAGMan; see gittrac #4987, #5031)
06/08/22 22:37:33 DAG status: 0 (DAG_STATUS_OK)
06/08/22 22:37:33 Of 6 nodes total:
06/08/22 22:37:33  Done     Pre   Queued    Post   Ready   Un-Ready   Failed
06/08/22 22:37:33   ===     ===      ===     ===     ===        ===      ===
06/08/22 22:37:33     2       0        0       1       0          3        0
06/08/22 22:37:33 0 job proc(s) currently held
06/08/22 22:37:33 DAGMan Runtime Statistics: [ EventCycleTimeAvg = 0.0006385259730841523; EventCycleTimeCount = 93.0; EventCycleTimeMax = 0.01468610763549805; EventCycleTimeMin = 1.287460327148438E-05; EventCycleTimeStd = 0.002626046317262292; EventCycleTimeSum = 0.05938291549682617; LogProcessCycleTimeAvg = 0.00383296012878418; LogProcessCycleTimeCount = 5.0; LogProcessCycleTimeMax = 0.01144099235534668; LogProcessCycleTimeMin = 0.0002710819244384766; LogProcessCycleTimeStd = 0.004540548373950138; LogProcessCycleTimeSum = 0.0191648006439209; SleepCycleTimeAvg = 5.002008397092101; SleepCycleTimeCount = 93.0; SleepCycleTimeMax = 5.326259136199951; SleepCycleTimeMin = 4.764482021331787; SleepCycleTimeStd = 0.04191992862144054; SleepCycleTimeSum = 465.1867809295654; SubmitCycleTimeAvg = 0.0003253043966090425; SubmitCycleTimeCount = 94.0; SubmitCycleTimeMax = 0.01442098617553711; SubmitCycleTimeMin = 5.006790161132812E-06; SubmitCycleTimeStd = 0.002082897077703975; SubmitCycleTimeSum = 0.03057861328125; ]
06/08/22 22:37:33 Initializing user log writer for /Users/bianyiyang/airflow/dags/CRUX/workflow_pegasus/bianyiyang/pegasus/peakfinding-workflow/run0002/./peakfinding-workflow-0.dag.nodes.log, (32.0.0)
06/08/22 22:37:38 Currently monitoring 1 HTCondor log file(s)
06/08/22 22:37:38 Event: ULOG_POST_SCRIPT_TERMINATED for HTCondor Node stage_in_remote_local_0_0 (32.0.0) {06/08/22 22:37:33}
06/08/22 22:37:38 POST Script of node stage_in_remote_local_0_0 failed with status 1
06/08/22 22:37:38 POST for Node stage_in_remote_local_0_0 returned 1
06/08/22 22:37:38 Retrying node stage_in_remote_local_0_0 (retry #1 of 1)...
06/08/22 22:37:38 DAG status: 0 (DAG_STATUS_OK)
06/08/22 22:37:38 Of 6 nodes total:
06/08/22 22:37:38  Done     Pre   Queued    Post   Ready   Un-Ready   Failed
06/08/22 22:37:38   ===     ===      ===     ===     ===        ===      ===
06/08/22 22:37:38     2       0        0       0       1          3        0
06/08/22 22:37:38 0 job proc(s) currently held
06/08/22 22:37:38 DAGMan Runtime Statistics: [ EventCycleTimeAvg = 0.0006676481125202585; EventCycleTimeCount = 94.0; EventCycleTimeMax = 0.01468610763549805; EventCycleTimeMin = 1.287460327148438E-05; EventCycleTimeStd = 0.002627106535126442; EventCycleTimeSum = 0.0627589225769043; LogProcessCycleTimeAvg = 0.003259460131327311; LogProcessCycleTimeCount = 6.0; LogProcessCycleTimeMax = 0.01144099235534668; LogProcessCycleTimeMin = 0.0002710819244384766; LogProcessCycleTimeStd = 0.004297287180471321; LogProcessCycleTimeSum = 0.01955676078796387; SleepCycleTimeAvg = 5.005110882698221; SleepCycleTimeCount = 94.0; SleepCycleTimeMax = 5.326259136199951; SleepCycleTimeMin = 4.764482021331787; SleepCycleTimeStd = 0.05141180914232492; SleepCycleTimeSum = 470.4804229736328; SubmitCycleTimeAvg = 0.0003224071703459087; SubmitCycleTimeCount = 95.0; SubmitCycleTimeMax = 0.01442098617553711; SubmitCycleTimeMin = 5.006790161132812E-06; SubmitCycleTimeStd = 0.002071980653000528; SubmitCycleTimeSum = 0.03062868118286133; ]
06/08/22 22:37:43 Reassigning the id of job stage_in_remote_local_0_0 from (32.0.0) to (-1.-1.-1)
06/08/22 22:37:43 Submitting HTCondor Node stage_in_remote_local_0_0 job(s)...
06/08/22 22:37:43 Submitting node stage_in_remote_local_0_0 from file 00/00/stage_in_remote_local_0_0.sub using direct job submission
06/08/22 22:37:43 Submit warning: Submit:0:the line 'JOB = stage_in_remote_local_0_0' was unused by DAGMAN. Is it a typo?
06/08/22 22:37:43 	assigned HTCondor ID (37.0.0)
06/08/22 22:37:43 Just submitted 1 job this cycle...
06/08/22 22:37:43 DAG status: 0 (DAG_STATUS_OK)
06/08/22 22:37:43 Of 6 nodes total:
06/08/22 22:37:43  Done     Pre   Queued    Post   Ready   Un-Ready   Failed
06/08/22 22:37:43   ===     ===      ===     ===     ===        ===      ===
06/08/22 22:37:43     2       0        1       0       0          3        0
06/08/22 22:37:43 0 job proc(s) currently held
06/08/22 22:37:43 DAGMan Runtime Statistics: [ EventCycleTimeAvg = 0.0006687164306640625; EventCycleTimeCount = 95.0; EventCycleTimeMax = 0.01468610763549805; EventCycleTimeMin = 1.287460327148438E-05; EventCycleTimeStd = 0.002613115946535796; EventCycleTimeSum = 0.06352806091308594; LogProcessCycleTimeAvg = 0.003259460131327311; LogProcessCycleTimeCount = 6.0; LogProcessCycleTimeMax = 0.01144099235534668; LogProcessCycleTimeMin = 0.0002710819244384766; LogProcessCycleTimeStd = 0.004297287180471321; LogProcessCycleTimeSum = 0.01955676078796387; SleepCycleTimeAvg = 5.005059977581626; SleepCycleTimeCount = 95.0; SleepCycleTimeMax = 5.326259136199951; SleepCycleTimeMin = 4.764482021331787; SleepCycleTimeStd = 0.05114001781492514; SleepCycleTimeSum = 475.4806978702545; SubmitCycleTimeAvg = 0.000478955606619517; SubmitCycleTimeCount = 96.0; SubmitCycleTimeMax = 0.0153510570526123; SubmitCycleTimeMin = 5.006790161132812E-06; SubmitCycleTimeStd = 0.002569168133499066; SubmitCycleTimeSum = 0.04597973823547363; ]
06/08/22 22:37:48 Currently monitoring 1 HTCondor log file(s)
06/08/22 22:37:48 Reassigning the id of job stage_in_remote_local_0_0 from (37.0.0) to (37.0.0)
06/08/22 22:37:48 Event: ULOG_SUBMIT for HTCondor Node stage_in_remote_local_0_0 (37.0.0) {06/08/22 22:37:43}
06/08/22 22:37:48 Number of idle job procs: 1
06/08/22 22:37:48 Event: ULOG_EXECUTE for HTCondor Node stage_in_remote_local_0_0 (37.0.0) {06/08/22 22:37:43}
06/08/22 22:37:48 Number of idle job procs: 0
06/08/22 22:45:04 Currently monitoring 1 HTCondor log file(s)
06/08/22 22:45:04 Event: ULOG_JOB_TERMINATED for HTCondor Node stage_in_remote_local_0_0 (37.0.0) {06/08/22 22:45:00}
06/08/22 22:45:04 Number of idle job procs: 0
06/08/22 22:45:04 Node stage_in_remote_local_0_0 job proc (37.0.0) failed with status 1.
06/08/22 22:45:04 Node stage_in_remote_local_0_0 job completed
06/08/22 22:45:04 Running POST script of Node stage_in_remote_local_0_0...
06/08/22 22:45:04 Warning: mysin has length 0 (ignore if produced by DAGMan; see gittrac #4987, #5031)
06/08/22 22:45:04 DAG status: 0 (DAG_STATUS_OK)
06/08/22 22:45:04 Of 6 nodes total:
06/08/22 22:45:04  Done     Pre   Queued    Post   Ready   Un-Ready   Failed
06/08/22 22:45:04   ===     ===      ===     ===     ===        ===      ===
06/08/22 22:45:04     2       0        0       1       0          3        0
06/08/22 22:45:04 0 job proc(s) currently held
06/08/22 22:45:04 DAGMan Runtime Statistics: [ EventCycleTimeAvg = 0.0005571386201785562; EventCycleTimeCount = 183.0; EventCycleTimeMax = 0.0156090259552002; EventCycleTimeMin = 1.287460327148438E-05; EventCycleTimeStd = 0.002407925593203079; EventCycleTimeSum = 0.1019563674926758; LogProcessCycleTimeAvg = 0.003161460161209106; LogProcessCycleTimeCount = 8.0; LogProcessCycleTimeMax = 0.01144099235534668; LogProcessCycleTimeMin = 0.0002710819244384766; LogProcessCycleTimeStd = 0.003877965945600529; LogProcessCycleTimeSum = 0.02529168128967285; SleepCycleTimeAvg = 5.003626806488454; SleepCycleTimeCount = 183.0; SleepCycleTimeMax = 5.326259136199951; SleepCycleTimeMin = 4.764482021331787; SleepCycleTimeStd = 0.03692846639372104; SleepCycleTimeSum = 915.6637055873871; SubmitCycleTimeAvg = 0.0002586180749146835; SubmitCycleTimeCount = 184.0; SubmitCycleTimeMax = 0.0153510570526123; SubmitCycleTimeMin = 5.006790161132812E-06; SubmitCycleTimeStd = 0.001865430884628453; SubmitCycleTimeSum = 0.04758572578430176; ]
06/08/22 22:45:04 Initializing user log writer for /Users/bianyiyang/airflow/dags/CRUX/workflow_pegasus/bianyiyang/pegasus/peakfinding-workflow/run0002/./peakfinding-workflow-0.dag.nodes.log, (37.0.0)
06/08/22 22:45:09 Currently monitoring 1 HTCondor log file(s)
06/08/22 22:45:09 Event: ULOG_POST_SCRIPT_TERMINATED for HTCondor Node stage_in_remote_local_0_0 (37.0.0) {06/08/22 22:45:04}
06/08/22 22:45:09 POST Script of node stage_in_remote_local_0_0 failed with status 1
06/08/22 22:45:09 POST for Node stage_in_remote_local_0_0 returned 1
06/08/22 22:45:09 DAG status: 2 (DAG_STATUS_NODE_FAILED)
06/08/22 22:45:09 Of 6 nodes total:
06/08/22 22:45:09  Done     Pre   Queued    Post   Ready   Un-Ready   Failed
06/08/22 22:45:09   ===     ===      ===     ===     ===        ===      ===
06/08/22 22:45:09     2       0        0       0       0          3        1
06/08/22 22:45:09 0 job proc(s) currently held
06/08/22 22:45:09 DAGMan Runtime Statistics: [ EventCycleTimeAvg = 0.0005850286587424901; EventCycleTimeCount = 184.0; EventCycleTimeMax = 0.0156090259552002; EventCycleTimeMin = 1.287460327148438E-05; EventCycleTimeStd = 0.002430956027390235; EventCycleTimeSum = 0.1076452732086182; LogProcessCycleTimeAvg = 0.002842055426703559; LogProcessCycleTimeCount = 9.0; LogProcessCycleTimeMax = 0.01144099235534668; LogProcessCycleTimeMin = 0.0002710819244384766; LogProcessCycleTimeStd = 0.003751928417581252; LogProcessCycleTimeSum = 0.02557849884033203; SleepCycleTimeAvg = 5.006381895231164; SleepCycleTimeCount = 184.0; SleepCycleTimeMax = 5.510563135147095; SleepCycleTimeMin = 4.764482021331787; SleepCycleTimeStd = 0.05246822110982775; SleepCycleTimeSum = 921.1742687225342; SubmitCycleTimeAvg = 0.000257501086673221; SubmitCycleTimeCount = 185.0; SubmitCycleTimeMax = 0.0153510570526123; SubmitCycleTimeMin = 5.006790161132812E-06; SubmitCycleTimeStd = 0.001860416907685503; SubmitCycleTimeSum = 0.0476377010345459; ]
06/08/22 22:45:09 ERROR: the following job(s) failed:
06/08/22 22:45:09 ---------------------- Job ----------------------
06/08/22 22:45:09       Node Name: stage_in_remote_local_0_0
06/08/22 22:45:09            Noop: false
06/08/22 22:45:09          NodeID: 2
06/08/22 22:45:09     Node Status: STATUS_ERROR    
06/08/22 22:45:09 Node return val: 1
06/08/22 22:45:09           Error: Job exited with status 1 and POST Script failed with status 1 (after 1 node retries)
06/08/22 22:45:09 Job Submit File: 00/00/stage_in_remote_local_0_0.sub
06/08/22 22:45:09     POST Script: /usr/local/Homebrew/bin/pegasus-exitcode  -r $RETURN -l peakfinding-workflow-0.exitcode.log -M peakfinding-workflow-0.cache.meta   .//00/00/stage_in_remote_local_0_0.out
06/08/22 22:45:09           Retry: 1
06/08/22 22:45:09  HTCondor Job ID: (37.0.0)
06/08/22 22:45:09 PARENTS: stage_worker_local_peakfinding-workflow_0_local create_dir_peakfinding-workflow_0_local WAITING: 0 CHILDREN: generate_source_py_ID0000001
06/08/22 22:45:09 ---------------------------------------	<END>
06/08/22 22:45:09 Aborting DAG...
06/08/22 22:45:09 Writing Rescue DAG to peakfinding-workflow-0.dag.rescue001...
06/08/22 22:45:09 Removing submitted jobs...
06/08/22 22:45:09 Removing any/all submitted HTCondor jobs...
06/08/22 22:45:09 Running: /usr/local/condor/bin/condor_rm -const DAGManJobId==29
06/08/22 22:45:09 Note: 0 total job deferrals because of -MaxJobs limit (0)
06/08/22 22:45:09 Note: 0 total job deferrals because of -MaxIdle limit (1000)
06/08/22 22:45:09 Note: 0 total job deferrals because of node category throttles
06/08/22 22:45:09 Note: 0 total PRE script deferrals because of -MaxPre limit (20) or DEFER
06/08/22 22:45:09 Note: 0 total POST script deferrals because of -MaxPost limit (20) or DEFER
06/08/22 22:45:09 Note: 0 total HOLD script deferrals because of -MaxHold limit (20) or DEFER
06/08/22 22:45:09 DAG status: 2 (DAG_STATUS_NODE_FAILED)
06/08/22 22:45:09 Of 6 nodes total:
06/08/22 22:45:09  Done     Pre   Queued    Post   Ready   Un-Ready   Failed
06/08/22 22:45:09   ===     ===      ===     ===     ===        ===      ===
06/08/22 22:45:09     2       0        0       0       0          3        1
06/08/22 22:45:09 0 job proc(s) currently held
06/08/22 22:45:09 DAGMan Runtime Statistics: [ EventCycleTimeAvg = 0.0005850286587424901; EventCycleTimeCount = 184.0; EventCycleTimeMax = 0.0156090259552002; EventCycleTimeMin = 1.287460327148438E-05; EventCycleTimeStd = 0.002430956027390235; EventCycleTimeSum = 0.1076452732086182; LogProcessCycleTimeAvg = 0.002842055426703559; LogProcessCycleTimeCount = 9.0; LogProcessCycleTimeMax = 0.01144099235534668; LogProcessCycleTimeMin = 0.0002710819244384766; LogProcessCycleTimeStd = 0.003751928417581252; LogProcessCycleTimeSum = 0.02557849884033203; SleepCycleTimeAvg = 5.006381895231164; SleepCycleTimeCount = 184.0; SleepCycleTimeMax = 5.510563135147095; SleepCycleTimeMin = 4.764482021331787; SleepCycleTimeStd = 0.05246822110982775; SleepCycleTimeSum = 921.1742687225342; SubmitCycleTimeAvg = 0.000257501086673221; SubmitCycleTimeCount = 185.0; SubmitCycleTimeMax = 0.0153510570526123; SubmitCycleTimeMin = 5.006790161132812E-06; SubmitCycleTimeStd = 0.001860416907685503; SubmitCycleTimeSum = 0.0476377010345459; ]
06/08/22 22:45:09 Wrote metrics file peakfinding-workflow-0.dag.metrics.
06/08/22 22:45:09 DAGMan Runtime Statistics: [ EventCycleTimeAvg = 0.0005850286587424901; EventCycleTimeCount = 184.0; EventCycleTimeMax = 0.0156090259552002; EventCycleTimeMin = 1.287460327148438E-05; EventCycleTimeStd = 0.002430956027390235; EventCycleTimeSum = 0.1076452732086182; LogProcessCycleTimeAvg = 0.002842055426703559; LogProcessCycleTimeCount = 9.0; LogProcessCycleTimeMax = 0.01144099235534668; LogProcessCycleTimeMin = 0.0002710819244384766; LogProcessCycleTimeStd = 0.003751928417581252; LogProcessCycleTimeSum = 0.02557849884033203; SleepCycleTimeAvg = 5.006381895231164; SleepCycleTimeCount = 184.0; SleepCycleTimeMax = 5.510563135147095; SleepCycleTimeMin = 4.764482021331787; SleepCycleTimeStd = 0.05246822110982775; SleepCycleTimeSum = 921.1742687225342; SubmitCycleTimeAvg = 0.000257501086673221; SubmitCycleTimeCount = 185.0; SubmitCycleTimeMax = 0.0153510570526123; SubmitCycleTimeMin = 5.006790161132812E-06; SubmitCycleTimeStd = 0.001860416907685503; SubmitCycleTimeSum = 0.0476377010345459; ]
06/08/22 22:45:09 **** condor_scheduniv_exec.29.0 (condor_DAGMAN) pid 4126 EXITING WITH STATUS 1
