06/09/22 13:59:41 ******************************************************
06/09/22 13:59:41 ** condor_scheduniv_exec.80.0 (CONDOR_DAGMAN) STARTING UP
06/09/22 13:59:41 ** /usr/local/condor/bin/condor_dagman
06/09/22 13:59:41 ** SubsystemInfo: name=DAGMAN type=DAGMAN(10) class=DAEMON(1)
06/09/22 13:59:41 ** Configuration: subsystem:DAGMAN local:<NONE> class:DAEMON
06/09/22 13:59:41 ** $CondorVersion: 9.8.0 Apr 21 2022 BuildID: 584246 $
06/09/22 13:59:41 ** $CondorPlatform: x86_64_MacOSX15 $
06/09/22 13:59:41 ** PID = 27616
06/09/22 13:59:41 ** Log last touched time unavailable (No such file or directory)
06/09/22 13:59:41 ******************************************************
06/09/22 13:59:41 Using config source: /etc/condor/condor_config
06/09/22 13:59:41 Using local config sources: 
06/09/22 13:59:41    /usr/local/condor/local/config.d/00-htcondor-9.0.config
06/09/22 13:59:41    /usr/local/condor/local/config.d/00-minicondor
06/09/22 13:59:41 config Macros = 68, Sorted = 67, StringBytes = 2016, TablesBytes = 2504
06/09/22 13:59:41 CLASSAD_CACHING is ENABLED
06/09/22 13:59:41 Daemon Log is logging: D_ALWAYS D_ERROR
06/09/22 13:59:41 DaemonCore: No command port requested.
06/09/22 13:59:41 DAGMAN_USE_STRICT setting: 1
06/09/22 13:59:41 DAGMAN_VERBOSITY setting: 3
06/09/22 13:59:41 DAGMAN_DEBUG_CACHE_SIZE setting: 5242880
06/09/22 13:59:41 DAGMAN_DEBUG_CACHE_ENABLE setting: False
06/09/22 13:59:41 DAGMAN_SUBMIT_DELAY setting: 0
06/09/22 13:59:41 DAGMAN_MAX_SUBMIT_ATTEMPTS setting: 6
06/09/22 13:59:41 DAGMAN_STARTUP_CYCLE_DETECT setting: False
06/09/22 13:59:41 DAGMAN_MAX_SUBMITS_PER_INTERVAL setting: 100
06/09/22 13:59:41 DAGMAN_AGGRESSIVE_SUBMIT setting: False
06/09/22 13:59:41 DAGMAN_USER_LOG_SCAN_INTERVAL setting: 5
06/09/22 13:59:41 DAGMAN_QUEUE_UPDATE_INTERVAL setting: 300
06/09/22 13:59:41 DAGMAN_DEFAULT_PRIORITY setting: 0
06/09/22 13:59:41 DAGMAN_SUPPRESS_NOTIFICATION setting: True
06/09/22 13:59:41 allow_events (DAGMAN_ALLOW_EVENTS) setting: 114
06/09/22 13:59:41 DAGMAN_RETRY_SUBMIT_FIRST setting: True
06/09/22 13:59:41 DAGMAN_RETRY_NODE_FIRST setting: False
06/09/22 13:59:41 DAGMAN_MAX_JOBS_IDLE setting: 1000
06/09/22 13:59:41 DAGMAN_MAX_JOBS_SUBMITTED setting: 0
06/09/22 13:59:41 DAGMAN_MAX_PRE_SCRIPTS setting: 20
06/09/22 13:59:41 DAGMAN_MAX_POST_SCRIPTS setting: 20
06/09/22 13:59:41 DAGMAN_MAX_HOLD_SCRIPTS setting: 20
06/09/22 13:59:41 DAGMAN_MUNGE_NODE_NAMES setting: True
06/09/22 13:59:41 DAGMAN_PROHIBIT_MULTI_JOBS setting: False
06/09/22 13:59:41 DAGMAN_SUBMIT_DEPTH_FIRST setting: False
06/09/22 13:59:41 DAGMAN_ALWAYS_RUN_POST setting: False
06/09/22 13:59:41 DAGMAN_CONDOR_SUBMIT_EXE setting: /usr/local/condor/bin/condor_submit
06/09/22 13:59:41 DAGMAN_USE_DIRECT_SUBMIT setting: True
06/09/22 13:59:41 DAGMAN_ABORT_DUPLICATES setting: True
06/09/22 13:59:41 DAGMAN_ABORT_ON_SCARY_SUBMIT setting: True
06/09/22 13:59:41 DAGMAN_PENDING_REPORT_INTERVAL setting: 600
06/09/22 13:59:41 DAGMAN_AUTO_RESCUE setting: True
06/09/22 13:59:41 DAGMAN_MAX_RESCUE_NUM setting: 100
06/09/22 13:59:41 DAGMAN_WRITE_PARTIAL_RESCUE setting: True
06/09/22 13:59:41 DAGMAN_DEFAULT_NODE_LOG setting: @(DAG_DIR)/@(DAG_FILE).nodes.log
06/09/22 13:59:41 DAGMAN_GENERATE_SUBDAG_SUBMITS setting: True
06/09/22 13:59:41 DAGMAN_MAX_JOB_HOLDS setting: 100
06/09/22 13:59:41 DAGMAN_HOLD_CLAIM_TIME setting: 20
06/09/22 13:59:41 ALL_DEBUG setting: 
06/09/22 13:59:41 DAGMAN_DEBUG setting: 
06/09/22 13:59:41 DAGMAN_SUPPRESS_JOB_LOGS setting: False
06/09/22 13:59:41 DAGMAN_REMOVE_NODE_JOBS setting: True
06/09/22 13:59:41 DAGMAN will adjust edges after parsing
06/09/22 13:59:41 argv[0] == "condor_scheduniv_exec.80.0"
06/09/22 13:59:41 argv[1] == "-Lockfile"
06/09/22 13:59:41 argv[2] == "peakfinding-workflow-0.dag.lock"
06/09/22 13:59:41 argv[3] == "-AutoRescue"
06/09/22 13:59:41 argv[4] == "1"
06/09/22 13:59:41 argv[5] == "-DoRescueFrom"
06/09/22 13:59:41 argv[6] == "0"
06/09/22 13:59:41 argv[7] == "-Dag"
06/09/22 13:59:41 argv[8] == "peakfinding-workflow-0.dag"
06/09/22 13:59:41 argv[9] == "-MaxPost"
06/09/22 13:59:41 argv[10] == "20"
06/09/22 13:59:41 argv[11] == "-Suppress_notification"
06/09/22 13:59:41 argv[12] == "-CsdVersion"
06/09/22 13:59:41 argv[13] == "$CondorVersion: 9.8.0 Apr 21 2022 BuildID: 584246 $"
06/09/22 13:59:41 argv[14] == "-Dagman"
06/09/22 13:59:41 argv[15] == "/usr/local/condor/bin/condor_dagman"
06/09/22 13:59:41 Can't open directory "/etc/condor/passwords.d" as PRIV_ROOT, errno: 13 (Permission denied)
06/09/22 13:59:41 Can't open directory "/etc/condor/passwords.d" as PRIV_ROOT, errno: 13 (Permission denied)
06/09/22 13:59:42 Workflow batch-id: <80.0>
06/09/22 13:59:42 Workflow batch-name: <peakfinding-workflow-0.dag+80>
06/09/22 13:59:42 Workflow accounting_group: <>
06/09/22 13:59:42 Workflow accounting_group_user: <>
06/09/22 13:59:42 Warning: failed to get attribute DAGNodeName
06/09/22 13:59:42 DAGMAN_LOG_ON_NFS_IS_ERROR setting: False
06/09/22 13:59:42 Default node log file is: </Users/bianyiyang/airflow/dags/CRUX/workflow_pegasus/bianyiyang/pegasus/peakfinding-workflow/run0012/./peakfinding-workflow-0.dag.nodes.log>
06/09/22 13:59:42 DAG Lockfile will be written to peakfinding-workflow-0.dag.lock
06/09/22 13:59:42 DAG Input file is peakfinding-workflow-0.dag
06/09/22 13:59:42 Parsing 1 dagfiles
06/09/22 13:59:42 Parsing peakfinding-workflow-0.dag ...
06/09/22 13:59:42 Adjusting edges
06/09/22 13:59:42 Warning: category registration has no assigned nodes, so the throttle setting (1) will have no effect
06/09/22 13:59:42 Warning: category stageout has no assigned nodes, so the throttle setting (10) will have no effect
06/09/22 13:59:42 Dag contains 7 total jobs
06/09/22 13:59:42 Warning: ProcessId not confirmed unique
06/09/22 13:59:42 Bootstrapping...
06/09/22 13:59:42 Number of pre-completed nodes: 0
06/09/22 13:59:42 MultiLogFiles: truncating log file /Users/bianyiyang/airflow/dags/CRUX/workflow_pegasus/bianyiyang/pegasus/peakfinding-workflow/run0012/./peakfinding-workflow-0.dag.nodes.log
06/09/22 13:59:42 DAG status: 0 (DAG_STATUS_OK)
06/09/22 13:59:42 Of 7 nodes total:
06/09/22 13:59:42  Done     Pre   Queued    Post   Ready   Un-Ready   Failed
06/09/22 13:59:42   ===     ===      ===     ===     ===        ===      ===
06/09/22 13:59:42     0       0        0       0       2          5        0
06/09/22 13:59:42 0 job proc(s) currently held
06/09/22 13:59:42 DAGMan Runtime Statistics: [ EventCycleTimeCount = 0.0; EventCycleTimeSum = 0.0; LogProcessCycleTimeCount = 0.0; LogProcessCycleTimeSum = 0.0; SleepCycleTimeCount = 0.0; SleepCycleTimeSum = 0.0; SubmitCycleTimeCount = 0.0; SubmitCycleTimeSum = 0.0; ]
06/09/22 13:59:42 Registering condor_event_timer...
06/09/22 13:59:43 Submitting HTCondor Node create_dir_peakfinding-workflow_0_local job(s)...
06/09/22 13:59:43 Submitting node create_dir_peakfinding-workflow_0_local from file 00/00/create_dir_peakfinding-workflow_0_local.sub using direct job submission
06/09/22 13:59:43 Submit warning: Submit:0:the line 'JOB = create_dir_peakfinding-workflow_0_local' was unused by DAGMAN. Is it a typo?
06/09/22 13:59:43 	assigned HTCondor ID (81.0.0)
06/09/22 13:59:43 Submitting HTCondor Node stage_worker_local_peakfinding-workflow_0_local job(s)...
06/09/22 13:59:43 Submitting node stage_worker_local_peakfinding-workflow_0_local from file 00/00/stage_worker_local_peakfinding-workflow_0_local.sub using direct job submission
06/09/22 13:59:43 Submit warning: Submit:0:the line 'JOB = stage_worker_local_peakfinding-workflow_0_local' was unused by DAGMAN. Is it a typo?
06/09/22 13:59:43 	assigned HTCondor ID (82.0.0)
06/09/22 13:59:43 Just submitted 2 jobs this cycle...
06/09/22 13:59:43 DAG status: 0 (DAG_STATUS_OK)
06/09/22 13:59:43 Of 7 nodes total:
06/09/22 13:59:43  Done     Pre   Queued    Post   Ready   Un-Ready   Failed
06/09/22 13:59:43   ===     ===      ===     ===     ===        ===      ===
06/09/22 13:59:43     0       0        2       0       0          5        0
06/09/22 13:59:43 0 job proc(s) currently held
06/09/22 13:59:43 DAGMan Runtime Statistics: [ EventCycleTimeCount = 0.0; EventCycleTimeSum = 0.0; LogProcessCycleTimeCount = 0.0; LogProcessCycleTimeSum = 0.0; SleepCycleTimeCount = 0.0; SleepCycleTimeSum = 0.0; SubmitCycleTimeAvg = 0.04914999008178711; SubmitCycleTimeCount = 1.0; SubmitCycleTimeMax = 0.04914999008178711; SubmitCycleTimeMin = 0.04914999008178711; SubmitCycleTimeStd = 0.04914999008178711; SubmitCycleTimeSum = 0.04914999008178711; ]
06/09/22 13:59:48 Currently monitoring 1 HTCondor log file(s)
06/09/22 13:59:48 Reassigning the id of job create_dir_peakfinding-workflow_0_local from (81.0.0) to (81.0.0)
06/09/22 13:59:48 Event: ULOG_SUBMIT for HTCondor Node create_dir_peakfinding-workflow_0_local (81.0.0) {06/09/22 13:59:43}
06/09/22 13:59:48 Number of idle job procs: 1
06/09/22 13:59:48 Reassigning the id of job stage_worker_local_peakfinding-workflow_0_local from (82.0.0) to (82.0.0)
06/09/22 13:59:48 Event: ULOG_SUBMIT for HTCondor Node stage_worker_local_peakfinding-workflow_0_local (82.0.0) {06/09/22 13:59:43}
06/09/22 13:59:48 Number of idle job procs: 2
06/09/22 13:59:48 Event: ULOG_EXECUTE for HTCondor Node create_dir_peakfinding-workflow_0_local (81.0.0) {06/09/22 13:59:43}
06/09/22 13:59:48 Number of idle job procs: 1
06/09/22 13:59:48 Event: ULOG_EXECUTE for HTCondor Node stage_worker_local_peakfinding-workflow_0_local (82.0.0) {06/09/22 13:59:43}
06/09/22 13:59:48 Number of idle job procs: 0
06/09/22 13:59:48 Event: ULOG_JOB_TERMINATED for HTCondor Node create_dir_peakfinding-workflow_0_local (81.0.0) {06/09/22 13:59:45}
06/09/22 13:59:48 Number of idle job procs: 0
06/09/22 13:59:48 Node create_dir_peakfinding-workflow_0_local job proc (81.0.0) completed successfully.
06/09/22 13:59:48 Node create_dir_peakfinding-workflow_0_local job completed
06/09/22 13:59:48 Running POST script of Node create_dir_peakfinding-workflow_0_local...
06/09/22 13:59:48 Warning: mysin has length 0 (ignore if produced by DAGMan; see gittrac #4987, #5031)
06/09/22 13:59:48 Event: ULOG_JOB_TERMINATED for HTCondor Node stage_worker_local_peakfinding-workflow_0_local (82.0.0) {06/09/22 13:59:47}
06/09/22 13:59:48 Number of idle job procs: 0
06/09/22 13:59:48 Node stage_worker_local_peakfinding-workflow_0_local job proc (82.0.0) completed successfully.
06/09/22 13:59:48 Node stage_worker_local_peakfinding-workflow_0_local job completed
06/09/22 13:59:48 Running POST script of Node stage_worker_local_peakfinding-workflow_0_local...
06/09/22 13:59:48 Warning: mysin has length 0 (ignore if produced by DAGMan; see gittrac #4987, #5031)
06/09/22 13:59:48 DAG status: 0 (DAG_STATUS_OK)
06/09/22 13:59:48 Of 7 nodes total:
06/09/22 13:59:48  Done     Pre   Queued    Post   Ready   Un-Ready   Failed
06/09/22 13:59:48   ===     ===      ===     ===     ===        ===      ===
06/09/22 13:59:48     0       0        0       2       0          5        0
06/09/22 13:59:48 0 job proc(s) currently held
06/09/22 13:59:48 DAGMan Runtime Statistics: [ EventCycleTimeAvg = 0.04956507682800293; EventCycleTimeCount = 1.0; EventCycleTimeMax = 0.04956507682800293; EventCycleTimeMin = 0.04956507682800293; EventCycleTimeStd = 0.04956507682800293; EventCycleTimeSum = 0.04956507682800293; LogProcessCycleTimeAvg = 0.00967097282409668; LogProcessCycleTimeCount = 1.0; LogProcessCycleTimeMax = 0.00967097282409668; LogProcessCycleTimeMin = 0.00967097282409668; LogProcessCycleTimeStd = 0.00967097282409668; LogProcessCycleTimeSum = 0.00967097282409668; SleepCycleTimeAvg = 5.001307964324951; SleepCycleTimeCount = 1.0; SleepCycleTimeMax = 5.001307964324951; SleepCycleTimeMin = 5.001307964324951; SleepCycleTimeStd = 5.001307964324951; SleepCycleTimeSum = 5.001307964324951; SubmitCycleTimeAvg = 0.02460002899169922; SubmitCycleTimeCount = 2.0; SubmitCycleTimeMax = 0.04914999008178711; SubmitCycleTimeMin = 5.006790161132812E-05; SubmitCycleTimeStd = 0.03471888792933406; SubmitCycleTimeSum = 0.04920005798339844; ]
06/09/22 13:59:48 Initializing user log writer for /Users/bianyiyang/airflow/dags/CRUX/workflow_pegasus/bianyiyang/pegasus/peakfinding-workflow/run0012/./peakfinding-workflow-0.dag.nodes.log, (81.0.0)
06/09/22 13:59:48 Initializing user log writer for /Users/bianyiyang/airflow/dags/CRUX/workflow_pegasus/bianyiyang/pegasus/peakfinding-workflow/run0012/./peakfinding-workflow-0.dag.nodes.log, (82.0.0)
06/09/22 13:59:53 Currently monitoring 1 HTCondor log file(s)
06/09/22 13:59:53 Event: ULOG_POST_SCRIPT_TERMINATED for HTCondor Node create_dir_peakfinding-workflow_0_local (81.0.0) {06/09/22 13:59:48}
06/09/22 13:59:53 POST Script of node create_dir_peakfinding-workflow_0_local completed successfully.
06/09/22 13:59:53 Event: ULOG_POST_SCRIPT_TERMINATED for HTCondor Node stage_worker_local_peakfinding-workflow_0_local (82.0.0) {06/09/22 13:59:48}
06/09/22 13:59:53 POST Script of node stage_worker_local_peakfinding-workflow_0_local completed successfully.
06/09/22 13:59:53 DAG status: 0 (DAG_STATUS_OK)
06/09/22 13:59:53 Of 7 nodes total:
06/09/22 13:59:53  Done     Pre   Queued    Post   Ready   Un-Ready   Failed
06/09/22 13:59:53   ===     ===      ===     ===     ===        ===      ===
06/09/22 13:59:53     2       0        0       0       1          4        0
06/09/22 13:59:53 0 job proc(s) currently held
06/09/22 13:59:53 DAGMan Runtime Statistics: [ EventCycleTimeAvg = 0.02976953983306885; EventCycleTimeCount = 2.0; EventCycleTimeMax = 0.04956507682800293; EventCycleTimeMin = 0.009974002838134766; EventCycleTimeStd = 0.02799511689269412; EventCycleTimeSum = 0.0595390796661377; LogProcessCycleTimeAvg = 0.005290031433105469; LogProcessCycleTimeCount = 2.0; LogProcessCycleTimeMax = 0.00967097282409668; LogProcessCycleTimeMin = 0.0009090900421142578; LogProcessCycleTimeStd = 0.006195586731101423; LogProcessCycleTimeSum = 0.01058006286621094; SleepCycleTimeAvg = 5.164331912994385; SleepCycleTimeCount = 2.0; SleepCycleTimeMax = 5.327355861663818; SleepCycleTimeMin = 5.001307964324951; SleepCycleTimeStd = 0.2305506791999283; SleepCycleTimeSum = 10.32866382598877; SubmitCycleTimeAvg = 0.01644531885782878; SubmitCycleTimeCount = 3.0; SubmitCycleTimeMax = 0.04914999008178711; SubmitCycleTimeMin = 5.006790161132812E-05; SubmitCycleTimeStd = 0.02832310861517812; SubmitCycleTimeSum = 0.04933595657348633; ]
06/09/22 13:59:58 Submitting HTCondor Node stage_in_remote_local_0_0 job(s)...
06/09/22 13:59:58 Submitting node stage_in_remote_local_0_0 from file 00/00/stage_in_remote_local_0_0.sub using direct job submission
06/09/22 13:59:58 Submit warning: Submit:0:the line 'JOB = stage_in_remote_local_0_0' was unused by DAGMAN. Is it a typo?
06/09/22 13:59:58 	assigned HTCondor ID (83.0.0)
06/09/22 13:59:58 Just submitted 1 job this cycle...
06/09/22 13:59:58 DAG status: 0 (DAG_STATUS_OK)
06/09/22 13:59:58 Of 7 nodes total:
06/09/22 13:59:58  Done     Pre   Queued    Post   Ready   Un-Ready   Failed
06/09/22 13:59:58   ===     ===      ===     ===     ===        ===      ===
06/09/22 13:59:58     2       0        1       0       0          4        0
06/09/22 13:59:58 0 job proc(s) currently held
06/09/22 13:59:58 DAGMan Runtime Statistics: [ EventCycleTimeAvg = 0.02049406369527181; EventCycleTimeCount = 3.0; EventCycleTimeMax = 0.04956507682800293; EventCycleTimeMin = 0.001943111419677734; EventCycleTimeStd = 0.02549444366261658; EventCycleTimeSum = 0.06148219108581543; LogProcessCycleTimeAvg = 0.005290031433105469; LogProcessCycleTimeCount = 2.0; LogProcessCycleTimeMax = 0.00967097282409668; LogProcessCycleTimeMin = 0.0009090900421142578; LogProcessCycleTimeStd = 0.006195586731101423; LogProcessCycleTimeSum = 0.01058006286621094; SleepCycleTimeAvg = 5.110087951024373; SleepCycleTimeCount = 3.0; SleepCycleTimeMax = 5.327355861663818; SleepCycleTimeMin = 5.001307964324951; SleepCycleTimeStd = 0.1881595867086995; SleepCycleTimeSum = 15.33026385307312; SubmitCycleTimeAvg = 0.01631027460098267; SubmitCycleTimeCount = 4.0; SubmitCycleTimeMax = 0.04914999008178711; SubmitCycleTimeMin = 5.006790161132812E-05; SubmitCycleTimeStd = 0.02312729849240244; SubmitCycleTimeSum = 0.06524109840393066; ]
06/09/22 14:00:03 Currently monitoring 1 HTCondor log file(s)
06/09/22 14:00:03 Reassigning the id of job stage_in_remote_local_0_0 from (83.0.0) to (83.0.0)
06/09/22 14:00:03 Event: ULOG_SUBMIT for HTCondor Node stage_in_remote_local_0_0 (83.0.0) {06/09/22 13:59:58}
06/09/22 14:00:03 Number of idle job procs: 1
06/09/22 14:00:03 Event: ULOG_EXECUTE for HTCondor Node stage_in_remote_local_0_0 (83.0.0) {06/09/22 13:59:58}
06/09/22 14:00:03 Number of idle job procs: 0
06/09/22 14:00:03 Event: ULOG_JOB_TERMINATED for HTCondor Node stage_in_remote_local_0_0 (83.0.0) {06/09/22 14:00:03}
06/09/22 14:00:03 Number of idle job procs: 0
06/09/22 14:00:03 Node stage_in_remote_local_0_0 job proc (83.0.0) completed successfully.
06/09/22 14:00:03 Node stage_in_remote_local_0_0 job completed
06/09/22 14:00:03 Running POST script of Node stage_in_remote_local_0_0...
06/09/22 14:00:03 Warning: mysin has length 0 (ignore if produced by DAGMan; see gittrac #4987, #5031)
06/09/22 14:00:03 DAG status: 0 (DAG_STATUS_OK)
06/09/22 14:00:03 Of 7 nodes total:
06/09/22 14:00:03  Done     Pre   Queued    Post   Ready   Un-Ready   Failed
06/09/22 14:00:03   ===     ===      ===     ===     ===        ===      ===
06/09/22 14:00:03     2       0        0       1       0          4        0
06/09/22 14:00:03 0 job proc(s) currently held
06/09/22 14:00:03 DAGMan Runtime Statistics: [ EventCycleTimeAvg = 0.01940029859542847; EventCycleTimeCount = 4.0; EventCycleTimeMax = 0.04956507682800293; EventCycleTimeMin = 0.001943111419677734; EventCycleTimeStd = 0.02093075233921199; EventCycleTimeSum = 0.07760119438171387; LogProcessCycleTimeAvg = 0.005367040634155273; LogProcessCycleTimeCount = 3.0; LogProcessCycleTimeMax = 0.00967097282409668; LogProcessCycleTimeMin = 0.0009090900421142578; LogProcessCycleTimeStd = 0.004382971448964617; LogProcessCycleTimeSum = 0.01610112190246582; SleepCycleTimeAvg = 5.082885205745697; SleepCycleTimeCount = 4.0; SleepCycleTimeMax = 5.327355861663818; SleepCycleTimeMin = 5.001276969909668; SleepCycleTimeStd = 0.1629805022583285; SleepCycleTimeSum = 20.33154082298279; SubmitCycleTimeAvg = 0.01305265426635742; SubmitCycleTimeCount = 5.0; SubmitCycleTimeMax = 0.04914999008178711; SubmitCycleTimeMin = 2.217292785644531E-05; SubmitCycleTimeStd = 0.02131230637191408; SubmitCycleTimeSum = 0.06526327133178711; ]
06/09/22 14:00:03 Initializing user log writer for /Users/bianyiyang/airflow/dags/CRUX/workflow_pegasus/bianyiyang/pegasus/peakfinding-workflow/run0012/./peakfinding-workflow-0.dag.nodes.log, (83.0.0)
06/09/22 14:00:08 Currently monitoring 1 HTCondor log file(s)
06/09/22 14:00:08 Event: ULOG_POST_SCRIPT_TERMINATED for HTCondor Node stage_in_remote_local_0_0 (83.0.0) {06/09/22 14:00:03}
06/09/22 14:00:08 POST Script of node stage_in_remote_local_0_0 completed successfully.
06/09/22 14:00:08 DAG status: 0 (DAG_STATUS_OK)
06/09/22 14:00:08 Of 7 nodes total:
06/09/22 14:00:08  Done     Pre   Queued    Post   Ready   Un-Ready   Failed
06/09/22 14:00:08   ===     ===      ===     ===     ===        ===      ===
06/09/22 14:00:08     3       0        0       0       2          2        0
06/09/22 14:00:08 0 job proc(s) currently held
06/09/22 14:00:08 DAGMan Runtime Statistics: [ EventCycleTimeAvg = 0.01667361259460449; EventCycleTimeCount = 5.0; EventCycleTimeMax = 0.04956507682800293; EventCycleTimeMin = 0.001943111419677734; EventCycleTimeStd = 0.01912449679990348; EventCycleTimeSum = 0.08336806297302246; LogProcessCycleTimeAvg = 0.004092037677764893; LogProcessCycleTimeCount = 4.0; LogProcessCycleTimeMax = 0.00967097282409668; LogProcessCycleTimeMin = 0.00026702880859375; LogProcessCycleTimeStd = 0.004394256399381983; LogProcessCycleTimeSum = 0.01636815071105957; SleepCycleTimeAvg = 5.130294370651245; SleepCycleTimeCount = 5.0; SleepCycleTimeMax = 5.327355861663818; SleepCycleTimeMin = 5.001276969909668; SleepCycleTimeStd = 0.176522314942029; SleepCycleTimeSum = 25.65147185325623; SubmitCycleTimeAvg = 0.01088587443033854; SubmitCycleTimeCount = 6.0; SubmitCycleTimeMax = 0.04914999008178711; SubmitCycleTimeMin = 2.217292785644531E-05; SubmitCycleTimeStd = 0.01978739829939579; SubmitCycleTimeSum = 0.06531524658203125; ]
06/09/22 14:00:13 Submitting HTCondor Node generate_source_ID0000001 job(s)...
06/09/22 14:00:13 Submitting node generate_source_ID0000001 from file 00/00/generate_source_ID0000001.sub using direct job submission
06/09/22 14:00:13 Submit warning: Submit:0:the line 'JOB = generate_source_ID0000001' was unused by DAGMAN. Is it a typo?
06/09/22 14:00:13 	assigned HTCondor ID (84.0.0)
06/09/22 14:00:13 Submitting HTCondor Node generate_datacard_ID0000002 job(s)...
06/09/22 14:00:13 Submitting node generate_datacard_ID0000002 from file 00/00/generate_datacard_ID0000002.sub using direct job submission
06/09/22 14:00:13 Submit warning: Submit:0:the line 'JOB = generate_datacard_ID0000002' was unused by DAGMAN. Is it a typo?
06/09/22 14:00:13 	assigned HTCondor ID (85.0.0)
06/09/22 14:00:13 Just submitted 2 jobs this cycle...
06/09/22 14:00:13 DAG status: 0 (DAG_STATUS_OK)
06/09/22 14:00:13 Of 7 nodes total:
06/09/22 14:00:13  Done     Pre   Queued    Post   Ready   Un-Ready   Failed
06/09/22 14:00:13   ===     ===      ===     ===     ===        ===      ===
06/09/22 14:00:13     3       0        2       0       0          2        0
06/09/22 14:00:13 0 job proc(s) currently held
06/09/22 14:00:13 DAGMan Runtime Statistics: [ EventCycleTimeAvg = 0.01401301225026449; EventCycleTimeCount = 6.0; EventCycleTimeMax = 0.04956507682800293; EventCycleTimeMin = 0.0007100105285644531; EventCycleTimeStd = 0.01830491375105132; EventCycleTimeSum = 0.08407807350158691; LogProcessCycleTimeAvg = 0.004092037677764893; LogProcessCycleTimeCount = 4.0; LogProcessCycleTimeMax = 0.00967097282409668; LogProcessCycleTimeMin = 0.00026702880859375; LogProcessCycleTimeStd = 0.004394256399381983; LogProcessCycleTimeSum = 0.01636815071105957; SleepCycleTimeAvg = 5.108790795008342; SleepCycleTimeCount = 6.0; SleepCycleTimeMax = 5.327355861663818; SleepCycleTimeMin = 5.001272916793823; SleepCycleTimeStd = 0.1664407544160045; SleepCycleTimeSum = 30.65274477005005; SubmitCycleTimeAvg = 0.01254476819719587; SubmitCycleTimeCount = 7.0; SubmitCycleTimeMax = 0.04914999008178711; SubmitCycleTimeMin = 2.217292785644531E-05; SubmitCycleTimeStd = 0.0185889154047191; SubmitCycleTimeSum = 0.08781337738037109; ]
06/09/22 14:00:18 Currently monitoring 1 HTCondor log file(s)
06/09/22 14:00:18 Reassigning the id of job generate_source_ID0000001 from (84.0.0) to (84.0.0)
06/09/22 14:00:18 Event: ULOG_SUBMIT for HTCondor Node generate_source_ID0000001 (84.0.0) {06/09/22 14:00:13}
06/09/22 14:00:18 Number of idle job procs: 1
06/09/22 14:00:18 Reassigning the id of job generate_datacard_ID0000002 from (85.0.0) to (85.0.0)
06/09/22 14:00:18 Event: ULOG_SUBMIT for HTCondor Node generate_datacard_ID0000002 (85.0.0) {06/09/22 14:00:13}
06/09/22 14:00:18 Number of idle job procs: 2
06/09/22 14:00:23 Currently monitoring 1 HTCondor log file(s)
06/09/22 14:00:23 Event: ULOG_EXECUTE for HTCondor Node generate_source_ID0000001 (84.0.0) {06/09/22 14:00:21}
06/09/22 14:00:23 Number of idle job procs: 1
06/09/22 14:00:23 Event: ULOG_EXECUTE for HTCondor Node generate_datacard_ID0000002 (85.0.0) {06/09/22 14:00:21}
06/09/22 14:00:23 Number of idle job procs: 0
06/09/22 14:00:28 Currently monitoring 1 HTCondor log file(s)
06/09/22 14:00:28 Event: ULOG_JOB_TERMINATED for HTCondor Node generate_source_ID0000001 (84.0.0) {06/09/22 14:00:25}
06/09/22 14:00:28 Number of idle job procs: 0
06/09/22 14:00:28 Node generate_source_ID0000001 job proc (84.0.0) failed with status 126.
06/09/22 14:00:28 Node generate_source_ID0000001 job completed
06/09/22 14:00:28 Running POST script of Node generate_source_ID0000001...
06/09/22 14:00:28 Warning: mysin has length 0 (ignore if produced by DAGMan; see gittrac #4987, #5031)
06/09/22 14:00:28 Event: ULOG_JOB_TERMINATED for HTCondor Node generate_datacard_ID0000002 (85.0.0) {06/09/22 14:00:25}
06/09/22 14:00:28 Number of idle job procs: 0
06/09/22 14:00:28 Node generate_datacard_ID0000002 job proc (85.0.0) failed with status 126.
06/09/22 14:00:28 Node generate_datacard_ID0000002 job completed
06/09/22 14:00:28 Running POST script of Node generate_datacard_ID0000002...
06/09/22 14:00:28 Warning: mysin has length 0 (ignore if produced by DAGMan; see gittrac #4987, #5031)
06/09/22 14:00:28 DAG status: 0 (DAG_STATUS_OK)
06/09/22 14:00:28 Of 7 nodes total:
06/09/22 14:00:28  Done     Pre   Queued    Post   Ready   Un-Ready   Failed
06/09/22 14:00:28   ===     ===      ===     ===     ===        ===      ===
06/09/22 14:00:28     3       0        0       2       0          2        0
06/09/22 14:00:28 0 job proc(s) currently held
06/09/22 14:00:28 DAGMan Runtime Statistics: [ EventCycleTimeAvg = 0.01194657219780816; EventCycleTimeCount = 9.0; EventCycleTimeMax = 0.04956507682800293; EventCycleTimeMin = 0.0002770423889160156; EventCycleTimeStd = 0.01614264070637765; EventCycleTimeSum = 0.1075191497802734; LogProcessCycleTimeAvg = 0.003695317677089146; LogProcessCycleTimeCount = 7.0; LogProcessCycleTimeMax = 0.00967097282409668; LogProcessCycleTimeMin = 0.0002470016479492188; LogProcessCycleTimeStd = 0.004243033741496926; LogProcessCycleTimeSum = 0.02586722373962402; SleepCycleTimeAvg = 5.072746435801188; SleepCycleTimeCount = 9.0; SleepCycleTimeMax = 5.327355861663818; SleepCycleTimeMin = 5.000133037567139; SleepCycleTimeStd = 0.1422579886233197; SleepCycleTimeSum = 45.65471792221069; SubmitCycleTimeAvg = 0.008789420127868652; SubmitCycleTimeCount = 10.0; SubmitCycleTimeMax = 0.04914999008178711; SubmitCycleTimeMin = 1.192092895507812E-05; SubmitCycleTimeStd = 0.0163379210889915; SubmitCycleTimeSum = 0.08789420127868652; ]
06/09/22 14:00:29 Initializing user log writer for /Users/bianyiyang/airflow/dags/CRUX/workflow_pegasus/bianyiyang/pegasus/peakfinding-workflow/run0012/./peakfinding-workflow-0.dag.nodes.log, (85.0.0)
06/09/22 14:00:29 Initializing user log writer for /Users/bianyiyang/airflow/dags/CRUX/workflow_pegasus/bianyiyang/pegasus/peakfinding-workflow/run0012/./peakfinding-workflow-0.dag.nodes.log, (84.0.0)
06/09/22 14:00:33 Currently monitoring 1 HTCondor log file(s)
06/09/22 14:00:33 Event: ULOG_POST_SCRIPT_TERMINATED for HTCondor Node generate_datacard_ID0000002 (85.0.0) {06/09/22 14:00:29}
06/09/22 14:00:33 POST Script of node generate_datacard_ID0000002 failed with status 1
06/09/22 14:00:33 POST for Node generate_datacard_ID0000002 returned 1
06/09/22 14:00:33 Retrying node generate_datacard_ID0000002 (retry #1 of 1)...
06/09/22 14:00:33 Event: ULOG_POST_SCRIPT_TERMINATED for HTCondor Node generate_source_ID0000001 (84.0.0) {06/09/22 14:00:29}
06/09/22 14:00:33 POST Script of node generate_source_ID0000001 failed with status 1
06/09/22 14:00:33 POST for Node generate_source_ID0000001 returned 1
06/09/22 14:00:33 Retrying node generate_source_ID0000001 (retry #1 of 1)...
06/09/22 14:00:33 DAG status: 0 (DAG_STATUS_OK)
06/09/22 14:00:33 Of 7 nodes total:
06/09/22 14:00:33  Done     Pre   Queued    Post   Ready   Un-Ready   Failed
06/09/22 14:00:33   ===     ===      ===     ===     ===        ===      ===
06/09/22 14:00:33     3       0        0       0       2          2        0
06/09/22 14:00:33 0 job proc(s) currently held
06/09/22 14:00:33 DAGMan Runtime Statistics: [ EventCycleTimeAvg = 0.01166229248046875; EventCycleTimeCount = 10.0; EventCycleTimeMax = 0.04956507682800293; EventCycleTimeMin = 0.0002770423889160156; EventCycleTimeStd = 0.01524595442875751; EventCycleTimeSum = 0.1166229248046875; LogProcessCycleTimeAvg = 0.003288894891738892; LogProcessCycleTimeCount = 8.0; LogProcessCycleTimeMax = 0.00967097282409668; LogProcessCycleTimeMin = 0.0002470016479492188; LogProcessCycleTimeStd = 0.004093026524192311; LogProcessCycleTimeSum = 0.02631115913391113; SleepCycleTimeAvg = 4.996098208427429; SleepCycleTimeCount = 10.0; SleepCycleTimeMax = 5.327355861663818; SleepCycleTimeMin = 4.306264162063599; SleepCycleTimeStd = 0.2770166964434121; SleepCycleTimeSum = 49.96098208427429; SubmitCycleTimeAvg = 0.007995193654840643; SubmitCycleTimeCount = 11.0; SubmitCycleTimeMax = 0.04914999008178711; SubmitCycleTimeMin = 1.192092895507812E-05; SubmitCycleTimeStd = 0.01572175726673534; SubmitCycleTimeSum = 0.08794713020324707; ]
06/09/22 14:00:38 Reassigning the id of job generate_datacard_ID0000002 from (85.0.0) to (-1.-1.-1)
06/09/22 14:00:38 Submitting HTCondor Node generate_datacard_ID0000002 job(s)...
06/09/22 14:00:38 Submitting node generate_datacard_ID0000002 from file 00/00/generate_datacard_ID0000002.sub using direct job submission
06/09/22 14:00:38 Submit warning: Submit:0:the line 'JOB = generate_datacard_ID0000002' was unused by DAGMAN. Is it a typo?
06/09/22 14:00:38 	assigned HTCondor ID (86.0.0)
06/09/22 14:00:38 Reassigning the id of job generate_source_ID0000001 from (84.0.0) to (-1.-1.-1)
06/09/22 14:00:38 Submitting HTCondor Node generate_source_ID0000001 job(s)...
06/09/22 14:00:38 Submitting node generate_source_ID0000001 from file 00/00/generate_source_ID0000001.sub using direct job submission
06/09/22 14:00:38 Submit warning: Submit:0:the line 'JOB = generate_source_ID0000001' was unused by DAGMAN. Is it a typo?
06/09/22 14:00:38 	assigned HTCondor ID (87.0.0)
06/09/22 14:00:38 Just submitted 2 jobs this cycle...
06/09/22 14:00:38 DAG status: 0 (DAG_STATUS_OK)
06/09/22 14:00:38 Of 7 nodes total:
06/09/22 14:00:38  Done     Pre   Queued    Post   Ready   Un-Ready   Failed
06/09/22 14:00:38   ===     ===      ===     ===     ===        ===      ===
06/09/22 14:00:38     3       0        2       0       0          2        0
06/09/22 14:00:38 0 job proc(s) currently held
06/09/22 14:00:38 DAGMan Runtime Statistics: [ EventCycleTimeAvg = 0.01066990332169966; EventCycleTimeCount = 11.0; EventCycleTimeMax = 0.04956507682800293; EventCycleTimeMin = 0.0002770423889160156; EventCycleTimeStd = 0.01483335472731109; EventCycleTimeSum = 0.1173689365386963; LogProcessCycleTimeAvg = 0.003288894891738892; LogProcessCycleTimeCount = 8.0; LogProcessCycleTimeMax = 0.00967097282409668; LogProcessCycleTimeMin = 0.0002470016479492188; LogProcessCycleTimeStd = 0.004093026524192311; LogProcessCycleTimeSum = 0.02631115913391113; SleepCycleTimeAvg = 4.996570088646629; SleepCycleTimeCount = 11.0; SleepCycleTimeMax = 5.327355861663818; SleepCycleTimeMin = 4.306264162063599; SleepCycleTimeStd = 0.2628057732964244; SleepCycleTimeSum = 54.96227097511292; SubmitCycleTimeAvg = 0.009395003318786621; SubmitCycleTimeCount = 12.0; SubmitCycleTimeMax = 0.04914999008178711; SubmitCycleTimeMin = 1.192092895507812E-05; SubmitCycleTimeStd = 0.01575490160991164; SubmitCycleTimeSum = 0.1127400398254395; ]
06/09/22 14:00:43 Currently monitoring 1 HTCondor log file(s)
06/09/22 14:00:43 Reassigning the id of job generate_datacard_ID0000002 from (86.0.0) to (86.0.0)
06/09/22 14:00:43 Event: ULOG_SUBMIT for HTCondor Node generate_datacard_ID0000002 (86.0.0) {06/09/22 14:00:38}
06/09/22 14:00:43 Number of idle job procs: 1
06/09/22 14:00:43 Reassigning the id of job generate_source_ID0000001 from (87.0.0) to (87.0.0)
06/09/22 14:00:43 Event: ULOG_SUBMIT for HTCondor Node generate_source_ID0000001 (87.0.0) {06/09/22 14:00:38}
06/09/22 14:00:43 Number of idle job procs: 2
06/09/22 14:00:43 Event: ULOG_EXECUTE for HTCondor Node generate_datacard_ID0000002 (86.0.0) {06/09/22 14:00:38}
06/09/22 14:00:43 Number of idle job procs: 1
06/09/22 14:00:43 Event: ULOG_EXECUTE for HTCondor Node generate_source_ID0000001 (87.0.0) {06/09/22 14:00:38}
06/09/22 14:00:43 Number of idle job procs: 0
06/09/22 14:00:43 Event: ULOG_JOB_TERMINATED for HTCondor Node generate_datacard_ID0000002 (86.0.0) {06/09/22 14:00:41}
06/09/22 14:00:43 Number of idle job procs: 0
06/09/22 14:00:43 Node generate_datacard_ID0000002 job proc (86.0.0) failed with status 126.
06/09/22 14:00:43 Node generate_datacard_ID0000002 job completed
06/09/22 14:00:43 Running POST script of Node generate_datacard_ID0000002...
06/09/22 14:00:43 Warning: mysin has length 0 (ignore if produced by DAGMan; see gittrac #4987, #5031)
06/09/22 14:00:43 Event: ULOG_JOB_TERMINATED for HTCondor Node generate_source_ID0000001 (87.0.0) {06/09/22 14:00:41}
06/09/22 14:00:43 Number of idle job procs: 0
06/09/22 14:00:43 Node generate_source_ID0000001 job proc (87.0.0) failed with status 126.
06/09/22 14:00:43 Node generate_source_ID0000001 job completed
06/09/22 14:00:43 Running POST script of Node generate_source_ID0000001...
06/09/22 14:00:43 Warning: mysin has length 0 (ignore if produced by DAGMan; see gittrac #4987, #5031)
06/09/22 14:00:43 DAG status: 0 (DAG_STATUS_OK)
06/09/22 14:00:43 Of 7 nodes total:
06/09/22 14:00:43  Done     Pre   Queued    Post   Ready   Un-Ready   Failed
06/09/22 14:00:43   ===     ===      ===     ===     ===        ===      ===
06/09/22 14:00:43     3       0        0       2       0          2        0
06/09/22 14:00:43 0 job proc(s) currently held
06/09/22 14:00:43 DAGMan Runtime Statistics: [ EventCycleTimeAvg = 0.01185941696166992; EventCycleTimeCount = 12.0; EventCycleTimeMax = 0.04956507682800293; EventCycleTimeMin = 0.0002770423889160156; EventCycleTimeStd = 0.01473109438944946; EventCycleTimeSum = 0.1423130035400391; LogProcessCycleTimeAvg = 0.004303137461344401; LogProcessCycleTimeCount = 9.0; LogProcessCycleTimeMax = 0.01241707801818848; LogProcessCycleTimeMin = 0.0002470016479492188; LogProcessCycleTimeStd = 0.004890495861543484; LogProcessCycleTimeSum = 0.03872823715209961; SleepCycleTimeAvg = 4.996918578942616; SleepCycleTimeCount = 12.0; SleepCycleTimeMax = 5.327355861663818; SleepCycleTimeMin = 4.306264162063599; SleepCycleTimeStd = 0.2505783810568009; SleepCycleTimeSum = 59.9630229473114; SubmitCycleTimeAvg = 0.008673704587496243; SubmitCycleTimeCount = 13.0; SubmitCycleTimeMax = 0.04914999008178711; SubmitCycleTimeMin = 1.192092895507812E-05; SubmitCycleTimeStd = 0.01530672124221005; SubmitCycleTimeSum = 0.1127581596374512; ]
06/09/22 14:00:43 Initializing user log writer for /Users/bianyiyang/airflow/dags/CRUX/workflow_pegasus/bianyiyang/pegasus/peakfinding-workflow/run0012/./peakfinding-workflow-0.dag.nodes.log, (87.0.0)
06/09/22 14:00:43 Initializing user log writer for /Users/bianyiyang/airflow/dags/CRUX/workflow_pegasus/bianyiyang/pegasus/peakfinding-workflow/run0012/./peakfinding-workflow-0.dag.nodes.log, (86.0.0)
06/09/22 14:00:48 Currently monitoring 1 HTCondor log file(s)
06/09/22 14:00:48 Event: ULOG_POST_SCRIPT_TERMINATED for HTCondor Node generate_source_ID0000001 (87.0.0) {06/09/22 14:00:43}
06/09/22 14:00:48 POST Script of node generate_source_ID0000001 failed with status 1
06/09/22 14:00:48 POST for Node generate_source_ID0000001 returned 1
06/09/22 14:00:48 Event: ULOG_POST_SCRIPT_TERMINATED for HTCondor Node generate_datacard_ID0000002 (86.0.0) {06/09/22 14:00:43}
06/09/22 14:00:48 POST Script of node generate_datacard_ID0000002 failed with status 1
06/09/22 14:00:48 POST for Node generate_datacard_ID0000002 returned 1
06/09/22 14:00:48 DAG status: 2 (DAG_STATUS_NODE_FAILED)
06/09/22 14:00:48 Of 7 nodes total:
06/09/22 14:00:48  Done     Pre   Queued    Post   Ready   Un-Ready   Failed
06/09/22 14:00:48   ===     ===      ===     ===     ===        ===      ===
06/09/22 14:00:48     3       0        0       0       0          2        2
06/09/22 14:00:48 0 job proc(s) currently held
06/09/22 14:00:48 DAGMan Runtime Statistics: [ EventCycleTimeAvg = 0.01197670056269719; EventCycleTimeCount = 13.0; EventCycleTimeMax = 0.04956507682800293; EventCycleTimeMin = 0.0002770423889160156; EventCycleTimeStd = 0.01411028705749364; EventCycleTimeSum = 0.1556971073150635; LogProcessCycleTimeAvg = 0.003913116455078125; LogProcessCycleTimeCount = 10.0; LogProcessCycleTimeMax = 0.01241707801818848; LogProcessCycleTimeMin = 0.0002470016479492188; LogProcessCycleTimeStd = 0.004772910512625717; LogProcessCycleTimeSum = 0.03913116455078125; SleepCycleTimeAvg = 5.022207681949322; SleepCycleTimeCount = 13.0; SleepCycleTimeMax = 5.327355861663818; SleepCycleTimeMin = 4.306264162063599; SleepCycleTimeStd = 0.2566535955981362; SleepCycleTimeSum = 65.28869986534119; SubmitCycleTimeAvg = 0.008057713508605957; SubmitCycleTimeCount = 14.0; SubmitCycleTimeMax = 0.04914999008178711; SubmitCycleTimeMin = 1.192092895507812E-05; SubmitCycleTimeStd = 0.01488573807355492; SubmitCycleTimeSum = 0.1128079891204834; ]
06/09/22 14:00:48 ERROR: the following job(s) failed:
06/09/22 14:00:48 ---------------------- Job ----------------------
06/09/22 14:00:48       Node Name: generate_source_ID0000001
06/09/22 14:00:48            Noop: false
06/09/22 14:00:48          NodeID: 3
06/09/22 14:00:48     Node Status: STATUS_ERROR    
06/09/22 14:00:48 Node return val: 1
06/09/22 14:00:48           Error: Job exited with status 126 and POST Script failed with status 1 (after 1 node retries)
06/09/22 14:00:48 Job Submit File: 00/00/generate_source_ID0000001.sub
06/09/22 14:00:48     POST Script: /usr/local/Homebrew/bin/pegasus-exitcode  -r $RETURN -s PegasusLite:+exitcode+0 -l peakfinding-workflow-0.exitcode.log -M peakfinding-workflow-0.cache.meta   .//00/00/generate_source_ID0000001.out
06/09/22 14:00:48           Retry: 1
06/09/22 14:00:48  HTCondor Job ID: (87.0.0)
06/09/22 14:00:48 PARENTS: stage_in_remote_local_0_0 WAITING: 0 CHILDREN: clean_up_local_level_3_0
06/09/22 14:00:48 ---------------------- Job ----------------------
06/09/22 14:00:48       Node Name: generate_datacard_ID0000002
06/09/22 14:00:48            Noop: false
06/09/22 14:00:48          NodeID: 4
06/09/22 14:00:48     Node Status: STATUS_ERROR    
06/09/22 14:00:48 Node return val: 1
06/09/22 14:00:48           Error: Job exited with status 126 and POST Script failed with status 1 (after 1 node retries)
06/09/22 14:00:48 Job Submit File: 00/00/generate_datacard_ID0000002.sub
06/09/22 14:00:48     POST Script: /usr/local/Homebrew/bin/pegasus-exitcode  -r $RETURN -s PegasusLite:+exitcode+0 -l peakfinding-workflow-0.exitcode.log -M peakfinding-workflow-0.cache.meta   .//00/00/generate_datacard_ID0000002.out
06/09/22 14:00:48           Retry: 1
06/09/22 14:00:48  HTCondor Job ID: (86.0.0)
06/09/22 14:00:48 PARENTS: stage_in_remote_local_0_0 WAITING: 0 CHILDREN: clean_up_local_level_3_0
06/09/22 14:00:48 ---------------------------------------	<END>
06/09/22 14:00:48 Aborting DAG...
06/09/22 14:00:48 Writing Rescue DAG to peakfinding-workflow-0.dag.rescue001...
06/09/22 14:00:48 Removing submitted jobs...
06/09/22 14:00:48 Removing any/all submitted HTCondor jobs...
06/09/22 14:00:48 Running: /usr/local/condor/bin/condor_rm -const DAGManJobId==80
06/09/22 14:00:48 Note: 0 total job deferrals because of -MaxJobs limit (0)
06/09/22 14:00:48 Note: 0 total job deferrals because of -MaxIdle limit (1000)
06/09/22 14:00:48 Note: 0 total job deferrals because of node category throttles
06/09/22 14:00:48 Note: 0 total PRE script deferrals because of -MaxPre limit (20) or DEFER
06/09/22 14:00:48 Note: 0 total POST script deferrals because of -MaxPost limit (20) or DEFER
06/09/22 14:00:48 Note: 0 total HOLD script deferrals because of -MaxHold limit (20) or DEFER
06/09/22 14:00:48 DAG status: 2 (DAG_STATUS_NODE_FAILED)
06/09/22 14:00:48 Of 7 nodes total:
06/09/22 14:00:48  Done     Pre   Queued    Post   Ready   Un-Ready   Failed
06/09/22 14:00:48   ===     ===      ===     ===     ===        ===      ===
06/09/22 14:00:48     3       0        0       0       0          2        2
06/09/22 14:00:48 0 job proc(s) currently held
06/09/22 14:00:48 DAGMan Runtime Statistics: [ EventCycleTimeAvg = 0.01197670056269719; EventCycleTimeCount = 13.0; EventCycleTimeMax = 0.04956507682800293; EventCycleTimeMin = 0.0002770423889160156; EventCycleTimeStd = 0.01411028705749364; EventCycleTimeSum = 0.1556971073150635; LogProcessCycleTimeAvg = 0.003913116455078125; LogProcessCycleTimeCount = 10.0; LogProcessCycleTimeMax = 0.01241707801818848; LogProcessCycleTimeMin = 0.0002470016479492188; LogProcessCycleTimeStd = 0.004772910512625717; LogProcessCycleTimeSum = 0.03913116455078125; SleepCycleTimeAvg = 5.022207681949322; SleepCycleTimeCount = 13.0; SleepCycleTimeMax = 5.327355861663818; SleepCycleTimeMin = 4.306264162063599; SleepCycleTimeStd = 0.2566535955981362; SleepCycleTimeSum = 65.28869986534119; SubmitCycleTimeAvg = 0.008057713508605957; SubmitCycleTimeCount = 14.0; SubmitCycleTimeMax = 0.04914999008178711; SubmitCycleTimeMin = 1.192092895507812E-05; SubmitCycleTimeStd = 0.01488573807355492; SubmitCycleTimeSum = 0.1128079891204834; ]
06/09/22 14:00:48 Wrote metrics file peakfinding-workflow-0.dag.metrics.
06/09/22 14:00:48 DAGMan Runtime Statistics: [ EventCycleTimeAvg = 0.01197670056269719; EventCycleTimeCount = 13.0; EventCycleTimeMax = 0.04956507682800293; EventCycleTimeMin = 0.0002770423889160156; EventCycleTimeStd = 0.01411028705749364; EventCycleTimeSum = 0.1556971073150635; LogProcessCycleTimeAvg = 0.003913116455078125; LogProcessCycleTimeCount = 10.0; LogProcessCycleTimeMax = 0.01241707801818848; LogProcessCycleTimeMin = 0.0002470016479492188; LogProcessCycleTimeStd = 0.004772910512625717; LogProcessCycleTimeSum = 0.03913116455078125; SleepCycleTimeAvg = 5.022207681949322; SleepCycleTimeCount = 13.0; SleepCycleTimeMax = 5.327355861663818; SleepCycleTimeMin = 4.306264162063599; SleepCycleTimeStd = 0.2566535955981362; SleepCycleTimeSum = 65.28869986534119; SubmitCycleTimeAvg = 0.008057713508605957; SubmitCycleTimeCount = 14.0; SubmitCycleTimeMax = 0.04914999008178711; SubmitCycleTimeMin = 1.192092895507812E-05; SubmitCycleTimeStd = 0.01488573807355492; SubmitCycleTimeSum = 0.1128079891204834; ]
06/09/22 14:00:48 **** condor_scheduniv_exec.80.0 (condor_DAGMAN) pid 27616 EXITING WITH STATUS 1
