06/09/22 14:03:24 ******************************************************
06/09/22 14:03:24 ** condor_scheduniv_exec.88.0 (CONDOR_DAGMAN) STARTING UP
06/09/22 14:03:24 ** /usr/local/condor/bin/condor_dagman
06/09/22 14:03:24 ** SubsystemInfo: name=DAGMAN type=DAGMAN(10) class=DAEMON(1)
06/09/22 14:03:24 ** Configuration: subsystem:DAGMAN local:<NONE> class:DAEMON
06/09/22 14:03:24 ** $CondorVersion: 9.8.0 Apr 21 2022 BuildID: 584246 $
06/09/22 14:03:24 ** $CondorPlatform: x86_64_MacOSX15 $
06/09/22 14:03:24 ** PID = 29009
06/09/22 14:03:24 ** Log last touched time unavailable (No such file or directory)
06/09/22 14:03:24 ******************************************************
06/09/22 14:03:24 Using config source: /etc/condor/condor_config
06/09/22 14:03:24 Using local config sources: 
06/09/22 14:03:24    /usr/local/condor/local/config.d/00-htcondor-9.0.config
06/09/22 14:03:24    /usr/local/condor/local/config.d/00-minicondor
06/09/22 14:03:24 config Macros = 68, Sorted = 67, StringBytes = 2016, TablesBytes = 2504
06/09/22 14:03:24 CLASSAD_CACHING is ENABLED
06/09/22 14:03:24 Daemon Log is logging: D_ALWAYS D_ERROR
06/09/22 14:03:24 DaemonCore: No command port requested.
06/09/22 14:03:24 DAGMAN_USE_STRICT setting: 1
06/09/22 14:03:24 DAGMAN_VERBOSITY setting: 3
06/09/22 14:03:24 DAGMAN_DEBUG_CACHE_SIZE setting: 5242880
06/09/22 14:03:24 DAGMAN_DEBUG_CACHE_ENABLE setting: False
06/09/22 14:03:24 DAGMAN_SUBMIT_DELAY setting: 0
06/09/22 14:03:24 DAGMAN_MAX_SUBMIT_ATTEMPTS setting: 6
06/09/22 14:03:24 DAGMAN_STARTUP_CYCLE_DETECT setting: False
06/09/22 14:03:24 DAGMAN_MAX_SUBMITS_PER_INTERVAL setting: 100
06/09/22 14:03:24 DAGMAN_AGGRESSIVE_SUBMIT setting: False
06/09/22 14:03:24 DAGMAN_USER_LOG_SCAN_INTERVAL setting: 5
06/09/22 14:03:24 DAGMAN_QUEUE_UPDATE_INTERVAL setting: 300
06/09/22 14:03:24 DAGMAN_DEFAULT_PRIORITY setting: 0
06/09/22 14:03:24 DAGMAN_SUPPRESS_NOTIFICATION setting: True
06/09/22 14:03:24 allow_events (DAGMAN_ALLOW_EVENTS) setting: 114
06/09/22 14:03:24 DAGMAN_RETRY_SUBMIT_FIRST setting: True
06/09/22 14:03:24 DAGMAN_RETRY_NODE_FIRST setting: False
06/09/22 14:03:24 DAGMAN_MAX_JOBS_IDLE setting: 1000
06/09/22 14:03:24 DAGMAN_MAX_JOBS_SUBMITTED setting: 0
06/09/22 14:03:24 DAGMAN_MAX_PRE_SCRIPTS setting: 20
06/09/22 14:03:24 DAGMAN_MAX_POST_SCRIPTS setting: 20
06/09/22 14:03:24 DAGMAN_MAX_HOLD_SCRIPTS setting: 20
06/09/22 14:03:24 DAGMAN_MUNGE_NODE_NAMES setting: True
06/09/22 14:03:24 DAGMAN_PROHIBIT_MULTI_JOBS setting: False
06/09/22 14:03:24 DAGMAN_SUBMIT_DEPTH_FIRST setting: False
06/09/22 14:03:24 DAGMAN_ALWAYS_RUN_POST setting: False
06/09/22 14:03:24 DAGMAN_CONDOR_SUBMIT_EXE setting: /usr/local/condor/bin/condor_submit
06/09/22 14:03:24 DAGMAN_USE_DIRECT_SUBMIT setting: True
06/09/22 14:03:24 DAGMAN_ABORT_DUPLICATES setting: True
06/09/22 14:03:24 DAGMAN_ABORT_ON_SCARY_SUBMIT setting: True
06/09/22 14:03:24 DAGMAN_PENDING_REPORT_INTERVAL setting: 600
06/09/22 14:03:24 DAGMAN_AUTO_RESCUE setting: True
06/09/22 14:03:24 DAGMAN_MAX_RESCUE_NUM setting: 100
06/09/22 14:03:24 DAGMAN_WRITE_PARTIAL_RESCUE setting: True
06/09/22 14:03:24 DAGMAN_DEFAULT_NODE_LOG setting: @(DAG_DIR)/@(DAG_FILE).nodes.log
06/09/22 14:03:24 DAGMAN_GENERATE_SUBDAG_SUBMITS setting: True
06/09/22 14:03:24 DAGMAN_MAX_JOB_HOLDS setting: 100
06/09/22 14:03:24 DAGMAN_HOLD_CLAIM_TIME setting: 20
06/09/22 14:03:24 ALL_DEBUG setting: 
06/09/22 14:03:24 DAGMAN_DEBUG setting: 
06/09/22 14:03:24 DAGMAN_SUPPRESS_JOB_LOGS setting: False
06/09/22 14:03:24 DAGMAN_REMOVE_NODE_JOBS setting: True
06/09/22 14:03:24 DAGMAN will adjust edges after parsing
06/09/22 14:03:24 argv[0] == "condor_scheduniv_exec.88.0"
06/09/22 14:03:24 argv[1] == "-Lockfile"
06/09/22 14:03:24 argv[2] == "peakfinding-workflow-0.dag.lock"
06/09/22 14:03:24 argv[3] == "-AutoRescue"
06/09/22 14:03:24 argv[4] == "1"
06/09/22 14:03:24 argv[5] == "-DoRescueFrom"
06/09/22 14:03:24 argv[6] == "0"
06/09/22 14:03:24 argv[7] == "-Dag"
06/09/22 14:03:24 argv[8] == "peakfinding-workflow-0.dag"
06/09/22 14:03:24 argv[9] == "-MaxPost"
06/09/22 14:03:24 argv[10] == "20"
06/09/22 14:03:24 argv[11] == "-Suppress_notification"
06/09/22 14:03:24 argv[12] == "-CsdVersion"
06/09/22 14:03:24 argv[13] == "$CondorVersion: 9.8.0 Apr 21 2022 BuildID: 584246 $"
06/09/22 14:03:24 argv[14] == "-Dagman"
06/09/22 14:03:24 argv[15] == "/usr/local/condor/bin/condor_dagman"
06/09/22 14:03:24 Can't open directory "/etc/condor/passwords.d" as PRIV_ROOT, errno: 13 (Permission denied)
06/09/22 14:03:24 Can't open directory "/etc/condor/passwords.d" as PRIV_ROOT, errno: 13 (Permission denied)
06/09/22 14:03:24 Workflow batch-id: <88.0>
06/09/22 14:03:24 Workflow batch-name: <peakfinding-workflow-0.dag+88>
06/09/22 14:03:24 Workflow accounting_group: <>
06/09/22 14:03:24 Workflow accounting_group_user: <>
06/09/22 14:03:24 Warning: failed to get attribute DAGNodeName
06/09/22 14:03:24 DAGMAN_LOG_ON_NFS_IS_ERROR setting: False
06/09/22 14:03:24 Default node log file is: </Users/bianyiyang/airflow/dags/CRUX/workflow_pegasus/bianyiyang/pegasus/peakfinding-workflow/run0014/./peakfinding-workflow-0.dag.nodes.log>
06/09/22 14:03:24 DAG Lockfile will be written to peakfinding-workflow-0.dag.lock
06/09/22 14:03:24 DAG Input file is peakfinding-workflow-0.dag
06/09/22 14:03:24 Parsing 1 dagfiles
06/09/22 14:03:24 Parsing peakfinding-workflow-0.dag ...
06/09/22 14:03:24 Adjusting edges
06/09/22 14:03:24 Warning: category registration has no assigned nodes, so the throttle setting (1) will have no effect
06/09/22 14:03:24 Warning: category stageout has no assigned nodes, so the throttle setting (10) will have no effect
06/09/22 14:03:24 Dag contains 7 total jobs
06/09/22 14:03:24 Warning: ProcessId not confirmed unique
06/09/22 14:03:24 Bootstrapping...
06/09/22 14:03:24 Number of pre-completed nodes: 0
06/09/22 14:03:24 MultiLogFiles: truncating log file /Users/bianyiyang/airflow/dags/CRUX/workflow_pegasus/bianyiyang/pegasus/peakfinding-workflow/run0014/./peakfinding-workflow-0.dag.nodes.log
06/09/22 14:03:24 DAG status: 0 (DAG_STATUS_OK)
06/09/22 14:03:24 Of 7 nodes total:
06/09/22 14:03:24  Done     Pre   Queued    Post   Ready   Un-Ready   Failed
06/09/22 14:03:24   ===     ===      ===     ===     ===        ===      ===
06/09/22 14:03:24     0       0        0       0       2          5        0
06/09/22 14:03:24 0 job proc(s) currently held
06/09/22 14:03:24 DAGMan Runtime Statistics: [ EventCycleTimeCount = 0.0; EventCycleTimeSum = 0.0; LogProcessCycleTimeCount = 0.0; LogProcessCycleTimeSum = 0.0; SleepCycleTimeCount = 0.0; SleepCycleTimeSum = 0.0; SubmitCycleTimeCount = 0.0; SubmitCycleTimeSum = 0.0; ]
06/09/22 14:03:24 Registering condor_event_timer...
06/09/22 14:03:25 Submitting HTCondor Node create_dir_peakfinding-workflow_0_local job(s)...
06/09/22 14:03:25 Submitting node create_dir_peakfinding-workflow_0_local from file 00/00/create_dir_peakfinding-workflow_0_local.sub using direct job submission
06/09/22 14:03:25 Submit warning: Submit:0:the line 'JOB = create_dir_peakfinding-workflow_0_local' was unused by DAGMAN. Is it a typo?
06/09/22 14:03:25 	assigned HTCondor ID (89.0.0)
06/09/22 14:03:25 Submitting HTCondor Node stage_worker_local_peakfinding-workflow_0_local job(s)...
06/09/22 14:03:25 Submitting node stage_worker_local_peakfinding-workflow_0_local from file 00/00/stage_worker_local_peakfinding-workflow_0_local.sub using direct job submission
06/09/22 14:03:25 Submit warning: Submit:0:the line 'JOB = stage_worker_local_peakfinding-workflow_0_local' was unused by DAGMAN. Is it a typo?
06/09/22 14:03:25 	assigned HTCondor ID (90.0.0)
06/09/22 14:03:25 Just submitted 2 jobs this cycle...
06/09/22 14:03:25 DAG status: 0 (DAG_STATUS_OK)
06/09/22 14:03:25 Of 7 nodes total:
06/09/22 14:03:25  Done     Pre   Queued    Post   Ready   Un-Ready   Failed
06/09/22 14:03:25   ===     ===      ===     ===     ===        ===      ===
06/09/22 14:03:25     0       0        2       0       0          5        0
06/09/22 14:03:25 0 job proc(s) currently held
06/09/22 14:03:25 DAGMan Runtime Statistics: [ EventCycleTimeCount = 0.0; EventCycleTimeSum = 0.0; LogProcessCycleTimeCount = 0.0; LogProcessCycleTimeSum = 0.0; SleepCycleTimeCount = 0.0; SleepCycleTimeSum = 0.0; SubmitCycleTimeAvg = 0.01612401008605957; SubmitCycleTimeCount = 1.0; SubmitCycleTimeMax = 0.01612401008605957; SubmitCycleTimeMin = 0.01612401008605957; SubmitCycleTimeStd = 0.01612401008605957; SubmitCycleTimeSum = 0.01612401008605957; ]
06/09/22 14:03:30 Currently monitoring 1 HTCondor log file(s)
06/09/22 14:03:30 Reassigning the id of job create_dir_peakfinding-workflow_0_local from (89.0.0) to (89.0.0)
06/09/22 14:03:30 Event: ULOG_SUBMIT for HTCondor Node create_dir_peakfinding-workflow_0_local (89.0.0) {06/09/22 14:03:25}
06/09/22 14:03:30 Number of idle job procs: 1
06/09/22 14:03:30 Reassigning the id of job stage_worker_local_peakfinding-workflow_0_local from (90.0.0) to (90.0.0)
06/09/22 14:03:30 Event: ULOG_SUBMIT for HTCondor Node stage_worker_local_peakfinding-workflow_0_local (90.0.0) {06/09/22 14:03:25}
06/09/22 14:03:30 Number of idle job procs: 2
06/09/22 14:03:30 Event: ULOG_EXECUTE for HTCondor Node create_dir_peakfinding-workflow_0_local (89.0.0) {06/09/22 14:03:27}
06/09/22 14:03:30 Number of idle job procs: 1
06/09/22 14:03:30 Event: ULOG_EXECUTE for HTCondor Node stage_worker_local_peakfinding-workflow_0_local (90.0.0) {06/09/22 14:03:27}
06/09/22 14:03:30 Number of idle job procs: 0
06/09/22 14:03:35 Currently monitoring 1 HTCondor log file(s)
06/09/22 14:03:35 Event: ULOG_JOB_TERMINATED for HTCondor Node create_dir_peakfinding-workflow_0_local (89.0.0) {06/09/22 14:03:30}
06/09/22 14:03:35 Number of idle job procs: 0
06/09/22 14:03:35 Node create_dir_peakfinding-workflow_0_local job proc (89.0.0) completed successfully.
06/09/22 14:03:35 Node create_dir_peakfinding-workflow_0_local job completed
06/09/22 14:03:35 Running POST script of Node create_dir_peakfinding-workflow_0_local...
06/09/22 14:03:35 Warning: mysin has length 0 (ignore if produced by DAGMan; see gittrac #4987, #5031)
06/09/22 14:03:35 Event: ULOG_JOB_TERMINATED for HTCondor Node stage_worker_local_peakfinding-workflow_0_local (90.0.0) {06/09/22 14:03:31}
06/09/22 14:03:35 Number of idle job procs: 0
06/09/22 14:03:35 Node stage_worker_local_peakfinding-workflow_0_local job proc (90.0.0) completed successfully.
06/09/22 14:03:35 Node stage_worker_local_peakfinding-workflow_0_local job completed
06/09/22 14:03:35 Running POST script of Node stage_worker_local_peakfinding-workflow_0_local...
06/09/22 14:03:35 Warning: mysin has length 0 (ignore if produced by DAGMan; see gittrac #4987, #5031)
06/09/22 14:03:35 DAG status: 0 (DAG_STATUS_OK)
06/09/22 14:03:35 Of 7 nodes total:
06/09/22 14:03:35  Done     Pre   Queued    Post   Ready   Un-Ready   Failed
06/09/22 14:03:35   ===     ===      ===     ===     ===        ===      ===
06/09/22 14:03:35     0       0        0       2       0          5        0
06/09/22 14:03:35 0 job proc(s) currently held
06/09/22 14:03:35 DAGMan Runtime Statistics: [ EventCycleTimeAvg = 0.008293867111206055; EventCycleTimeCount = 2.0; EventCycleTimeMax = 0.01625990867614746; EventCycleTimeMin = 0.0003278255462646484; EventCycleTimeStd = 0.01126568401956793; EventCycleTimeSum = 0.01658773422241211; LogProcessCycleTimeAvg = 0.004760384559631348; LogProcessCycleTimeCount = 2.0; LogProcessCycleTimeMax = 0.00922393798828125; LogProcessCycleTimeMin = 0.0002968311309814453; LogProcessCycleTimeStd = 0.006312417795173621; LogProcessCycleTimeSum = 0.009520769119262695; SleepCycleTimeAvg = 5.001017093658447; SleepCycleTimeCount = 2.0; SleepCycleTimeMax = 5.001260042190552; SleepCycleTimeMin = 5.000774145126343; SleepCycleTimeStd = 0.0003435811090608082; SleepCycleTimeSum = 10.00203418731689; SubmitCycleTimeAvg = 0.005398670832316081; SubmitCycleTimeCount = 3.0; SubmitCycleTimeMax = 0.01612401008605957; SubmitCycleTimeMin = 2.217292785644531E-05; SubmitCycleTimeStd = 0.009288426551476802; SubmitCycleTimeSum = 0.01619601249694824; ]
06/09/22 14:03:35 Initializing user log writer for /Users/bianyiyang/airflow/dags/CRUX/workflow_pegasus/bianyiyang/pegasus/peakfinding-workflow/run0014/./peakfinding-workflow-0.dag.nodes.log, (89.0.0)
06/09/22 14:03:35 Initializing user log writer for /Users/bianyiyang/airflow/dags/CRUX/workflow_pegasus/bianyiyang/pegasus/peakfinding-workflow/run0014/./peakfinding-workflow-0.dag.nodes.log, (90.0.0)
06/09/22 14:03:40 Currently monitoring 1 HTCondor log file(s)
06/09/22 14:03:40 Event: ULOG_POST_SCRIPT_TERMINATED for HTCondor Node create_dir_peakfinding-workflow_0_local (89.0.0) {06/09/22 14:03:35}
06/09/22 14:03:40 POST Script of node create_dir_peakfinding-workflow_0_local completed successfully.
06/09/22 14:03:40 Event: ULOG_POST_SCRIPT_TERMINATED for HTCondor Node stage_worker_local_peakfinding-workflow_0_local (90.0.0) {06/09/22 14:03:35}
06/09/22 14:03:40 POST Script of node stage_worker_local_peakfinding-workflow_0_local completed successfully.
06/09/22 14:03:40 DAG status: 0 (DAG_STATUS_OK)
06/09/22 14:03:40 Of 7 nodes total:
06/09/22 14:03:40  Done     Pre   Queued    Post   Ready   Un-Ready   Failed
06/09/22 14:03:40   ===     ===      ===     ===     ===        ===      ===
06/09/22 14:03:40     2       0        0       0       1          4        0
06/09/22 14:03:40 0 job proc(s) currently held
06/09/22 14:03:40 DAGMan Runtime Statistics: [ EventCycleTimeAvg = 0.00871427853902181; EventCycleTimeCount = 3.0; EventCycleTimeMax = 0.01625990867614746; EventCycleTimeMin = 0.0003278255462646484; EventCycleTimeStd = 0.007999253435183084; EventCycleTimeSum = 0.02614283561706543; LogProcessCycleTimeAvg = 0.003290573755900065; LogProcessCycleTimeCount = 3.0; LogProcessCycleTimeMax = 0.00922393798828125; LogProcessCycleTimeMin = 0.0002968311309814453; LogProcessCycleTimeStd = 0.005138515408822659; LogProcessCycleTimeSum = 0.009871721267700195; SleepCycleTimeAvg = 5.117794354756673; SleepCycleTimeCount = 3.0; SleepCycleTimeMax = 5.351348876953125; SleepCycleTimeMin = 5.000774145126343; SleepCycleTimeStd = 0.2022642952990006; SleepCycleTimeSum = 15.35338306427002; SubmitCycleTimeAvg = 0.004061758518218994; SubmitCycleTimeCount = 4.0; SubmitCycleTimeMax = 0.01612401008605957; SubmitCycleTimeMin = 2.217292785644531E-05; SubmitCycleTimeStd = 0.008041512088974554; SubmitCycleTimeSum = 0.01624703407287598; ]
06/09/22 14:03:45 Submitting HTCondor Node stage_in_remote_local_0_0 job(s)...
06/09/22 14:03:45 Submitting node stage_in_remote_local_0_0 from file 00/00/stage_in_remote_local_0_0.sub using direct job submission
06/09/22 14:03:45 Submit warning: Submit:0:the line 'JOB = stage_in_remote_local_0_0' was unused by DAGMAN. Is it a typo?
06/09/22 14:03:45 	assigned HTCondor ID (91.0.0)
06/09/22 14:03:45 Just submitted 1 job this cycle...
06/09/22 14:03:45 DAG status: 0 (DAG_STATUS_OK)
06/09/22 14:03:45 Of 7 nodes total:
06/09/22 14:03:45  Done     Pre   Queued    Post   Ready   Un-Ready   Failed
06/09/22 14:03:45   ===     ===      ===     ===     ===        ===      ===
06/09/22 14:03:45     2       0        1       0       0          4        0
06/09/22 14:03:45 0 job proc(s) currently held
06/09/22 14:03:45 DAGMan Runtime Statistics: [ EventCycleTimeAvg = 0.006716489791870117; EventCycleTimeCount = 4.0; EventCycleTimeMax = 0.01625990867614746; EventCycleTimeMin = 0.0003278255462646484; EventCycleTimeStd = 0.007656588221471491; EventCycleTimeSum = 0.02686595916748047; LogProcessCycleTimeAvg = 0.003290573755900065; LogProcessCycleTimeCount = 3.0; LogProcessCycleTimeMax = 0.00922393798828125; LogProcessCycleTimeMin = 0.0002968311309814453; LogProcessCycleTimeStd = 0.005138515408822659; LogProcessCycleTimeSum = 0.009871721267700195; SleepCycleTimeAvg = 5.088389754295349; SleepCycleTimeCount = 4.0; SleepCycleTimeMax = 5.351348876953125; SleepCycleTimeMin = 5.000175952911377; SleepCycleTimeStd = 0.1753066424346009; SleepCycleTimeSum = 20.3535590171814; SubmitCycleTimeAvg = 0.005668210983276367; SubmitCycleTimeCount = 5.0; SubmitCycleTimeMax = 0.01612401008605957; SubmitCycleTimeMin = 2.217292785644531E-05; SubmitCycleTimeStd = 0.007835999305786561; SubmitCycleTimeSum = 0.02834105491638184; ]
06/09/22 14:03:50 Currently monitoring 1 HTCondor log file(s)
06/09/22 14:03:50 Reassigning the id of job stage_in_remote_local_0_0 from (91.0.0) to (91.0.0)
06/09/22 14:03:50 Event: ULOG_SUBMIT for HTCondor Node stage_in_remote_local_0_0 (91.0.0) {06/09/22 14:03:45}
06/09/22 14:03:50 Number of idle job procs: 1
06/09/22 14:03:50 Event: ULOG_EXECUTE for HTCondor Node stage_in_remote_local_0_0 (91.0.0) {06/09/22 14:03:45}
06/09/22 14:03:50 Number of idle job procs: 0
06/09/22 14:03:50 Event: ULOG_JOB_TERMINATED for HTCondor Node stage_in_remote_local_0_0 (91.0.0) {06/09/22 14:03:50}
06/09/22 14:03:50 Number of idle job procs: 0
06/09/22 14:03:50 Node stage_in_remote_local_0_0 job proc (91.0.0) completed successfully.
06/09/22 14:03:50 Node stage_in_remote_local_0_0 job completed
06/09/22 14:03:50 Running POST script of Node stage_in_remote_local_0_0...
06/09/22 14:03:50 Warning: mysin has length 0 (ignore if produced by DAGMan; see gittrac #4987, #5031)
06/09/22 14:03:50 DAG status: 0 (DAG_STATUS_OK)
06/09/22 14:03:50 Of 7 nodes total:
06/09/22 14:03:50  Done     Pre   Queued    Post   Ready   Un-Ready   Failed
06/09/22 14:03:50   ===     ===      ===     ===     ===        ===      ===
06/09/22 14:03:50     2       0        0       1       0          4        0
06/09/22 14:03:50 0 job proc(s) currently held
06/09/22 14:03:50 DAGMan Runtime Statistics: [ EventCycleTimeAvg = 0.007821607589721679; EventCycleTimeCount = 5.0; EventCycleTimeMax = 0.01625990867614746; EventCycleTimeMin = 0.0003278255462646484; EventCycleTimeStd = 0.00707629381318522; EventCycleTimeSum = 0.0391080379486084; LogProcessCycleTimeAvg = 0.005658447742462158; LogProcessCycleTimeCount = 4.0; LogProcessCycleTimeMax = 0.01276206970214844; LogProcessCycleTimeMin = 0.0002968311309814453; LogProcessCycleTimeStd = 0.006326942595184115; LogProcessCycleTimeSum = 0.02263379096984863; SleepCycleTimeAvg = 5.070972776412964; SleepCycleTimeCount = 5.0; SleepCycleTimeMax = 5.351348876953125; SleepCycleTimeMin = 5.000175952911377; SleepCycleTimeStd = 0.1567356684167695; SleepCycleTimeSum = 25.35486388206482; SubmitCycleTimeAvg = 0.004737019538879395; SubmitCycleTimeCount = 6.0; SubmitCycleTimeMax = 0.01612401008605957; SubmitCycleTimeMin = 2.217292785644531E-05; SubmitCycleTimeStd = 0.007370550395522622; SubmitCycleTimeSum = 0.02842211723327637; ]
06/09/22 14:03:51 Initializing user log writer for /Users/bianyiyang/airflow/dags/CRUX/workflow_pegasus/bianyiyang/pegasus/peakfinding-workflow/run0014/./peakfinding-workflow-0.dag.nodes.log, (91.0.0)
06/09/22 14:03:55 Currently monitoring 1 HTCondor log file(s)
06/09/22 14:03:55 Event: ULOG_POST_SCRIPT_TERMINATED for HTCondor Node stage_in_remote_local_0_0 (91.0.0) {06/09/22 14:03:51}
06/09/22 14:03:55 POST Script of node stage_in_remote_local_0_0 completed successfully.
06/09/22 14:03:55 DAG status: 0 (DAG_STATUS_OK)
06/09/22 14:03:55 Of 7 nodes total:
06/09/22 14:03:55  Done     Pre   Queued    Post   Ready   Un-Ready   Failed
06/09/22 14:03:55   ===     ===      ===     ===     ===        ===      ===
06/09/22 14:03:55     3       0        0       0       2          2        0
06/09/22 14:03:55 0 job proc(s) currently held
06/09/22 14:03:55 DAGMan Runtime Statistics: [ EventCycleTimeAvg = 0.008823196093241373; EventCycleTimeCount = 6.0; EventCycleTimeMax = 0.01625990867614746; EventCycleTimeMin = 0.0003278255462646484; EventCycleTimeStd = 0.006788094319226542; EventCycleTimeSum = 0.05293917655944824; LogProcessCycleTimeAvg = 0.004576730728149414; LogProcessCycleTimeCount = 5.0; LogProcessCycleTimeMax = 0.01276206970214844; LogProcessCycleTimeMin = 0.0002498626708984375; LogProcessCycleTimeStd = 0.005989424884522279; LogProcessCycleTimeSum = 0.02288365364074707; SleepCycleTimeAvg = 5.023006121317546; SleepCycleTimeCount = 6.0; SleepCycleTimeMax = 5.351348876953125; SleepCycleTimeMin = 4.783172845840454; SleepCycleTimeStd = 0.1829143400870771; SleepCycleTimeSum = 30.13803672790527; SubmitCycleTimeAvg = 0.004067863736833844; SubmitCycleTimeCount = 7.0; SubmitCycleTimeMax = 0.01612401008605957; SubmitCycleTimeMin = 2.217292785644531E-05; SubmitCycleTimeStd = 0.006957386771577923; SubmitCycleTimeSum = 0.02847504615783691; ]
06/09/22 14:04:00 Submitting HTCondor Node generate_source_ID0000001 job(s)...
06/09/22 14:04:00 Submitting node generate_source_ID0000001 from file 00/00/generate_source_ID0000001.sub using direct job submission
06/09/22 14:04:00 Submit warning: Submit:0:the line 'JOB = generate_source_ID0000001' was unused by DAGMAN. Is it a typo?
06/09/22 14:04:00 	assigned HTCondor ID (92.0.0)
06/09/22 14:04:00 Submitting HTCondor Node generate_datacard_ID0000002 job(s)...
06/09/22 14:04:00 Submitting node generate_datacard_ID0000002 from file 00/00/generate_datacard_ID0000002.sub using direct job submission
06/09/22 14:04:00 Submit warning: Submit:0:the line 'JOB = generate_datacard_ID0000002' was unused by DAGMAN. Is it a typo?
06/09/22 14:04:00 	assigned HTCondor ID (93.0.0)
06/09/22 14:04:00 Just submitted 2 jobs this cycle...
06/09/22 14:04:00 DAG status: 0 (DAG_STATUS_OK)
06/09/22 14:04:00 Of 7 nodes total:
06/09/22 14:04:00  Done     Pre   Queued    Post   Ready   Un-Ready   Failed
06/09/22 14:04:00   ===     ===      ===     ===     ===        ===      ===
06/09/22 14:04:00     3       0        2       0       0          2        0
06/09/22 14:04:00 0 job proc(s) currently held
06/09/22 14:04:00 DAGMan Runtime Statistics: [ EventCycleTimeAvg = 0.007652044296264648; EventCycleTimeCount = 7.0; EventCycleTimeMax = 0.01625990867614746; EventCycleTimeMin = 0.0003278255462646484; EventCycleTimeStd = 0.006928181300062021; EventCycleTimeSum = 0.05356431007385254; LogProcessCycleTimeAvg = 0.004576730728149414; LogProcessCycleTimeCount = 5.0; LogProcessCycleTimeMax = 0.01276206970214844; LogProcessCycleTimeMin = 0.0002498626708984375; LogProcessCycleTimeStd = 0.005989424884522279; LogProcessCycleTimeSum = 0.02288365364074707; SleepCycleTimeAvg = 5.034280232020786; SleepCycleTimeCount = 7.0; SleepCycleTimeMax = 5.351348876953125; SleepCycleTimeMin = 4.783172845840454; SleepCycleTimeStd = 0.1696205142259887; SleepCycleTimeSum = 35.23996162414551; SubmitCycleTimeAvg = 0.011423259973526; SubmitCycleTimeCount = 8.0; SubmitCycleTimeMax = 0.06291103363037109; SubmitCycleTimeMin = 2.217292785644531E-05; SubmitCycleTimeStd = 0.02177854513331114; SubmitCycleTimeSum = 0.09138607978820801; ]
06/09/22 14:04:05 Currently monitoring 1 HTCondor log file(s)
06/09/22 14:04:05 Reassigning the id of job generate_source_ID0000001 from (92.0.0) to (92.0.0)
06/09/22 14:04:05 Event: ULOG_SUBMIT for HTCondor Node generate_source_ID0000001 (92.0.0) {06/09/22 14:04:00}
06/09/22 14:04:05 Number of idle job procs: 1
06/09/22 14:04:05 Reassigning the id of job generate_datacard_ID0000002 from (93.0.0) to (93.0.0)
06/09/22 14:04:05 Event: ULOG_SUBMIT for HTCondor Node generate_datacard_ID0000002 (93.0.0) {06/09/22 14:04:00}
06/09/22 14:04:05 Number of idle job procs: 2
06/09/22 14:04:10 Currently monitoring 1 HTCondor log file(s)
06/09/22 14:04:10 Event: ULOG_EXECUTE for HTCondor Node generate_source_ID0000001 (92.0.0) {06/09/22 14:04:10}
06/09/22 14:04:10 Number of idle job procs: 1
06/09/22 14:04:10 Event: ULOG_EXECUTE for HTCondor Node generate_datacard_ID0000002 (93.0.0) {06/09/22 14:04:10}
06/09/22 14:04:10 Number of idle job procs: 0
06/09/22 14:04:38 Currently monitoring 1 HTCondor log file(s)
06/09/22 14:04:38 Event: ULOG_JOB_TERMINATED for HTCondor Node generate_source_ID0000001 (92.0.0) {06/09/22 14:04:35}
06/09/22 14:04:38 Number of idle job procs: 0
06/09/22 14:04:38 Node generate_source_ID0000001 job proc (92.0.0) failed with status 126.
06/09/22 14:04:38 Node generate_source_ID0000001 job completed
06/09/22 14:04:38 Running POST script of Node generate_source_ID0000001...
06/09/22 14:04:38 Warning: mysin has length 0 (ignore if produced by DAGMan; see gittrac #4987, #5031)
06/09/22 14:04:38 Event: ULOG_JOB_TERMINATED for HTCondor Node generate_datacard_ID0000002 (93.0.0) {06/09/22 14:04:36}
06/09/22 14:04:38 Number of idle job procs: 0
06/09/22 14:04:38 Node generate_datacard_ID0000002 job proc (93.0.0) failed with status 126.
06/09/22 14:04:38 Node generate_datacard_ID0000002 job completed
06/09/22 14:04:38 Running POST script of Node generate_datacard_ID0000002...
06/09/22 14:04:38 Warning: mysin has length 0 (ignore if produced by DAGMan; see gittrac #4987, #5031)
06/09/22 14:04:38 DAG status: 0 (DAG_STATUS_OK)
06/09/22 14:04:38 Of 7 nodes total:
06/09/22 14:04:38  Done     Pre   Queued    Post   Ready   Un-Ready   Failed
06/09/22 14:04:38   ===     ===      ===     ===     ===        ===      ===
06/09/22 14:04:38     3       0        0       2       0          2        0
06/09/22 14:04:38 0 job proc(s) currently held
06/09/22 14:04:38 DAGMan Runtime Statistics: [ EventCycleTimeAvg = 0.00840951715196882; EventCycleTimeCount = 14.0; EventCycleTimeMax = 0.06314802169799805; EventCycleTimeMin = 3.814697265625E-05; EventCycleTimeStd = 0.01686137134727167; EventCycleTimeSum = 0.1177332401275635; LogProcessCycleTimeAvg = 0.004835188388824463; LogProcessCycleTimeCount = 8.0; LogProcessCycleTimeMax = 0.01501202583312988; LogProcessCycleTimeMin = 0.0001490116119384766; LogProcessCycleTimeStd = 0.006402917273292133; LogProcessCycleTimeSum = 0.0386815071105957; SleepCycleTimeAvg = 5.215494768960135; SleepCycleTimeCount = 14.0; SleepCycleTimeMax = 7.818772077560425; SleepCycleTimeMin = 4.783172845840454; SleepCycleTimeStd = 0.7584710531080004; SleepCycleTimeSum = 73.01692676544189; SubmitCycleTimeAvg = 0.006103404362996419; SubmitCycleTimeCount = 15.0; SubmitCycleTimeMax = 0.06291103363037109; SubmitCycleTimeMin = 1.692771911621094E-05; SubmitCycleTimeStd = 0.01648656100431908; SubmitCycleTimeSum = 0.09155106544494629; ]
06/09/22 14:04:38 Initializing user log writer for /Users/bianyiyang/airflow/dags/CRUX/workflow_pegasus/bianyiyang/pegasus/peakfinding-workflow/run0014/./peakfinding-workflow-0.dag.nodes.log, (93.0.0)
06/09/22 14:04:38 Initializing user log writer for /Users/bianyiyang/airflow/dags/CRUX/workflow_pegasus/bianyiyang/pegasus/peakfinding-workflow/run0014/./peakfinding-workflow-0.dag.nodes.log, (92.0.0)
06/09/22 14:04:43 Currently monitoring 1 HTCondor log file(s)
06/09/22 14:04:43 Event: ULOG_POST_SCRIPT_TERMINATED for HTCondor Node generate_datacard_ID0000002 (93.0.0) {06/09/22 14:04:38}
06/09/22 14:04:43 POST Script of node generate_datacard_ID0000002 failed with status 1
06/09/22 14:04:43 POST for Node generate_datacard_ID0000002 returned 1
06/09/22 14:04:43 Retrying node generate_datacard_ID0000002 (retry #1 of 1)...
06/09/22 14:04:43 Event: ULOG_POST_SCRIPT_TERMINATED for HTCondor Node generate_source_ID0000001 (92.0.0) {06/09/22 14:04:38}
06/09/22 14:04:43 POST Script of node generate_source_ID0000001 failed with status 1
06/09/22 14:04:43 POST for Node generate_source_ID0000001 returned 1
06/09/22 14:04:43 Retrying node generate_source_ID0000001 (retry #1 of 1)...
06/09/22 14:04:43 DAG status: 0 (DAG_STATUS_OK)
06/09/22 14:04:43 Of 7 nodes total:
06/09/22 14:04:43  Done     Pre   Queued    Post   Ready   Un-Ready   Failed
06/09/22 14:04:43   ===     ===      ===     ===     ===        ===      ===
06/09/22 14:04:43     3       0        0       0       2          2        0
06/09/22 14:04:43 0 job proc(s) currently held
06/09/22 14:04:43 DAGMan Runtime Statistics: [ EventCycleTimeAvg = 0.009034283955891927; EventCycleTimeCount = 15.0; EventCycleTimeMax = 0.06314802169799805; EventCycleTimeMin = 3.814697265625E-05; EventCycleTimeStd = 0.01642721177908217; EventCycleTimeSum = 0.1355142593383789; LogProcessCycleTimeAvg = 0.004370397991604275; LogProcessCycleTimeCount = 9.0; LogProcessCycleTimeMax = 0.01501202583312988; LogProcessCycleTimeMin = 0.0001490116119384766; LogProcessCycleTimeStd = 0.006149548920667093; LogProcessCycleTimeSum = 0.03933358192443848; SleepCycleTimeAvg = 5.242657979329427; SleepCycleTimeCount = 15.0; SleepCycleTimeMax = 7.818772077560425; SleepCycleTimeMin = 4.783172845840454; SleepCycleTimeStd = 0.7384135890409549; SleepCycleTimeSum = 78.63986968994141; SubmitCycleTimeAvg = 0.005726262927055359; SubmitCycleTimeCount = 16.0; SubmitCycleTimeMax = 0.06291103363037109; SubmitCycleTimeMin = 1.692771911621094E-05; SubmitCycleTimeStd = 0.01599881302167293; SubmitCycleTimeSum = 0.09162020683288574; ]
06/09/22 14:04:48 Reassigning the id of job generate_datacard_ID0000002 from (93.0.0) to (-1.-1.-1)
06/09/22 14:04:48 Submitting HTCondor Node generate_datacard_ID0000002 job(s)...
06/09/22 14:04:48 Submitting node generate_datacard_ID0000002 from file 00/00/generate_datacard_ID0000002.sub using direct job submission
06/09/22 14:04:48 Submit warning: Submit:0:the line 'JOB = generate_datacard_ID0000002' was unused by DAGMAN. Is it a typo?
06/09/22 14:04:48 	assigned HTCondor ID (94.0.0)
06/09/22 14:04:48 Reassigning the id of job generate_source_ID0000001 from (92.0.0) to (-1.-1.-1)
06/09/22 14:04:48 Submitting HTCondor Node generate_source_ID0000001 job(s)...
06/09/22 14:04:48 Submitting node generate_source_ID0000001 from file 00/00/generate_source_ID0000001.sub using direct job submission
06/09/22 14:04:48 Submit warning: Submit:0:the line 'JOB = generate_source_ID0000001' was unused by DAGMAN. Is it a typo?
06/09/22 14:04:48 	assigned HTCondor ID (95.0.0)
06/09/22 14:04:48 Just submitted 2 jobs this cycle...
06/09/22 14:04:48 DAG status: 0 (DAG_STATUS_OK)
06/09/22 14:04:48 Of 7 nodes total:
06/09/22 14:04:48  Done     Pre   Queued    Post   Ready   Un-Ready   Failed
06/09/22 14:04:48   ===     ===      ===     ===     ===        ===      ===
06/09/22 14:04:48     3       0        2       0       0          2        0
06/09/22 14:04:48 0 job proc(s) currently held
06/09/22 14:04:48 DAGMan Runtime Statistics: [ EventCycleTimeAvg = 0.008545204997062683; EventCycleTimeCount = 16.0; EventCycleTimeMax = 0.06314802169799805; EventCycleTimeMin = 3.814697265625E-05; EventCycleTimeStd = 0.0159903170500152; EventCycleTimeSum = 0.1367232799530029; LogProcessCycleTimeAvg = 0.004370397991604275; LogProcessCycleTimeCount = 9.0; LogProcessCycleTimeMax = 0.01501202583312988; LogProcessCycleTimeMin = 0.0001490116119384766; LogProcessCycleTimeStd = 0.006149548920667093; LogProcessCycleTimeSum = 0.03933358192443848; SleepCycleTimeAvg = 5.2276411652565; SleepCycleTimeCount = 16.0; SleepCycleTimeMax = 7.818772077560425; SleepCycleTimeMin = 4.783172845840454; SleepCycleTimeStd = 0.715899710290065; SleepCycleTimeSum = 83.642258644104; SubmitCycleTimeAvg = 0.008039306191837086; SubmitCycleTimeCount = 17.0; SubmitCycleTimeMax = 0.06291103363037109; SubmitCycleTimeMin = 1.692771911621094E-05; SubmitCycleTimeStd = 0.01819113155996169; SubmitCycleTimeSum = 0.1366682052612305; ]
06/09/22 14:04:53 Currently monitoring 1 HTCondor log file(s)
06/09/22 14:04:53 Reassigning the id of job generate_datacard_ID0000002 from (94.0.0) to (94.0.0)
06/09/22 14:04:53 Event: ULOG_SUBMIT for HTCondor Node generate_datacard_ID0000002 (94.0.0) {06/09/22 14:04:48}
06/09/22 14:04:53 Number of idle job procs: 1
06/09/22 14:04:53 Reassigning the id of job generate_source_ID0000001 from (95.0.0) to (95.0.0)
06/09/22 14:04:53 Event: ULOG_SUBMIT for HTCondor Node generate_source_ID0000001 (95.0.0) {06/09/22 14:04:48}
06/09/22 14:04:53 Number of idle job procs: 2
06/09/22 14:04:53 Event: ULOG_EXECUTE for HTCondor Node generate_datacard_ID0000002 (94.0.0) {06/09/22 14:04:49}
06/09/22 14:04:53 Number of idle job procs: 1
06/09/22 14:04:53 Event: ULOG_EXECUTE for HTCondor Node generate_source_ID0000001 (95.0.0) {06/09/22 14:04:49}
06/09/22 14:04:53 Number of idle job procs: 0
06/09/22 14:04:53 Event: ULOG_JOB_TERMINATED for HTCondor Node generate_source_ID0000001 (95.0.0) {06/09/22 14:04:53}
06/09/22 14:04:53 Number of idle job procs: 0
06/09/22 14:04:53 Node generate_source_ID0000001 job proc (95.0.0) failed with status 126.
06/09/22 14:04:53 Node generate_source_ID0000001 job completed
06/09/22 14:04:53 Running POST script of Node generate_source_ID0000001...
06/09/22 14:04:53 Warning: mysin has length 0 (ignore if produced by DAGMan; see gittrac #4987, #5031)
06/09/22 14:04:53 Event: ULOG_JOB_TERMINATED for HTCondor Node generate_datacard_ID0000002 (94.0.0) {06/09/22 14:04:53}
06/09/22 14:04:53 Number of idle job procs: 0
06/09/22 14:04:53 Node generate_datacard_ID0000002 job proc (94.0.0) failed with status 126.
06/09/22 14:04:53 Node generate_datacard_ID0000002 job completed
06/09/22 14:04:53 Running POST script of Node generate_datacard_ID0000002...
06/09/22 14:04:53 Warning: mysin has length 0 (ignore if produced by DAGMan; see gittrac #4987, #5031)
06/09/22 14:04:53 DAG status: 0 (DAG_STATUS_OK)
06/09/22 14:04:53 Of 7 nodes total:
06/09/22 14:04:53  Done     Pre   Queued    Post   Ready   Un-Ready   Failed
06/09/22 14:04:53   ===     ===      ===     ===     ===        ===      ===
06/09/22 14:04:53     3       0        0       2       0          2        0
06/09/22 14:04:53 0 job proc(s) currently held
06/09/22 14:04:53 DAGMan Runtime Statistics: [ EventCycleTimeAvg = 0.01072432013118968; EventCycleTimeCount = 17.0; EventCycleTimeMax = 0.06314802169799805; EventCycleTimeMin = 3.814697265625E-05; EventCycleTimeStd = 0.01790069346288822; EventCycleTimeSum = 0.1823134422302246; LogProcessCycleTimeAvg = 0.004831361770629883; LogProcessCycleTimeCount = 10.0; LogProcessCycleTimeMax = 0.01501202583312988; LogProcessCycleTimeMin = 0.0001490116119384766; LogProcessCycleTimeStd = 0.005978289423898257; LogProcessCycleTimeSum = 0.04831361770629883; SleepCycleTimeAvg = 5.214259975096759; SleepCycleTimeCount = 17.0; SleepCycleTimeMax = 7.818772077560425; SleepCycleTimeMin = 4.783172845840454; SleepCycleTimeStd = 0.6953591350844257; SleepCycleTimeSum = 88.6424195766449; SubmitCycleTimeAvg = 0.007593009206983779; SubmitCycleTimeCount = 18.0; SubmitCycleTimeMax = 0.06291103363037109; SubmitCycleTimeMin = 5.960464477539062E-06; SubmitCycleTimeStd = 0.01774927614846875; SubmitCycleTimeSum = 0.136674165725708; ]
06/09/22 14:04:54 Initializing user log writer for /Users/bianyiyang/airflow/dags/CRUX/workflow_pegasus/bianyiyang/pegasus/peakfinding-workflow/run0014/./peakfinding-workflow-0.dag.nodes.log, (95.0.0)
06/09/22 14:04:54 Initializing user log writer for /Users/bianyiyang/airflow/dags/CRUX/workflow_pegasus/bianyiyang/pegasus/peakfinding-workflow/run0014/./peakfinding-workflow-0.dag.nodes.log, (94.0.0)
06/09/22 14:04:58 Currently monitoring 1 HTCondor log file(s)
06/09/22 14:04:58 Event: ULOG_POST_SCRIPT_TERMINATED for HTCondor Node generate_source_ID0000001 (95.0.0) {06/09/22 14:04:54}
06/09/22 14:04:58 POST Script of node generate_source_ID0000001 failed with status 1
06/09/22 14:04:58 POST for Node generate_source_ID0000001 returned 1
06/09/22 14:04:58 Event: ULOG_POST_SCRIPT_TERMINATED for HTCondor Node generate_datacard_ID0000002 (94.0.0) {06/09/22 14:04:54}
06/09/22 14:04:58 POST Script of node generate_datacard_ID0000002 failed with status 1
06/09/22 14:04:58 POST for Node generate_datacard_ID0000002 returned 1
06/09/22 14:04:58 DAG status: 2 (DAG_STATUS_NODE_FAILED)
06/09/22 14:04:58 Of 7 nodes total:
06/09/22 14:04:58  Done     Pre   Queued    Post   Ready   Un-Ready   Failed
06/09/22 14:04:58   ===     ===      ===     ===     ===        ===      ===
06/09/22 14:04:58     3       0        0       0       0          2        2
06/09/22 14:04:58 0 job proc(s) currently held
06/09/22 14:04:58 DAGMan Runtime Statistics: [ EventCycleTimeAvg = 0.01064929697248671; EventCycleTimeCount = 18.0; EventCycleTimeMax = 0.06314802169799805; EventCycleTimeMin = 3.814697265625E-05; EventCycleTimeStd = 0.01736914020762315; EventCycleTimeSum = 0.1916873455047607; LogProcessCycleTimeAvg = 0.004438421942970969; LogProcessCycleTimeCount = 11.0; LogProcessCycleTimeMax = 0.01501202583312988; LogProcessCycleTimeMin = 0.0001490116119384766; LogProcessCycleTimeStd = 0.005819309991920963; LogProcessCycleTimeSum = 0.04882264137268066; SleepCycleTimeAvg = 5.175218807326423; SleepCycleTimeCount = 18.0; SleepCycleTimeMax = 7.818772077560425; SleepCycleTimeMin = 4.511518955230713; SleepCycleTimeStd = 0.6946348316528904; SleepCycleTimeSum = 93.15393853187561; SubmitCycleTimeAvg = 0.007195736232556794; SubmitCycleTimeCount = 19.0; SubmitCycleTimeMax = 0.06291103363037109; SubmitCycleTimeMin = 5.960464477539062E-06; SubmitCycleTimeStd = 0.01733590060098803; SubmitCycleTimeSum = 0.1367189884185791; ]
06/09/22 14:04:58 ERROR: the following job(s) failed:
06/09/22 14:04:58 ---------------------- Job ----------------------
06/09/22 14:04:58       Node Name: generate_source_ID0000001
06/09/22 14:04:58            Noop: false
06/09/22 14:04:58          NodeID: 3
06/09/22 14:04:58     Node Status: STATUS_ERROR    
06/09/22 14:04:58 Node return val: 1
06/09/22 14:04:58           Error: Job exited with status 126 and POST Script failed with status 1 (after 1 node retries)
06/09/22 14:04:58 Job Submit File: 00/00/generate_source_ID0000001.sub
06/09/22 14:04:58     POST Script: /usr/local/Homebrew/bin/pegasus-exitcode  -r $RETURN -s PegasusLite:+exitcode+0 -l peakfinding-workflow-0.exitcode.log -M peakfinding-workflow-0.cache.meta   .//00/00/generate_source_ID0000001.out
06/09/22 14:04:58           Retry: 1
06/09/22 14:04:58  HTCondor Job ID: (95.0.0)
06/09/22 14:04:58 PARENTS: stage_in_remote_local_0_0 WAITING: 0 CHILDREN: clean_up_local_level_3_0
06/09/22 14:04:58 ---------------------- Job ----------------------
06/09/22 14:04:58       Node Name: generate_datacard_ID0000002
06/09/22 14:04:58            Noop: false
06/09/22 14:04:58          NodeID: 4
06/09/22 14:04:58     Node Status: STATUS_ERROR    
06/09/22 14:04:58 Node return val: 1
06/09/22 14:04:58           Error: Job exited with status 126 and POST Script failed with status 1 (after 1 node retries)
06/09/22 14:04:58 Job Submit File: 00/00/generate_datacard_ID0000002.sub
06/09/22 14:04:58     POST Script: /usr/local/Homebrew/bin/pegasus-exitcode  -r $RETURN -s PegasusLite:+exitcode+0 -l peakfinding-workflow-0.exitcode.log -M peakfinding-workflow-0.cache.meta   .//00/00/generate_datacard_ID0000002.out
06/09/22 14:04:58           Retry: 1
06/09/22 14:04:58  HTCondor Job ID: (94.0.0)
06/09/22 14:04:58 PARENTS: stage_in_remote_local_0_0 WAITING: 0 CHILDREN: clean_up_local_level_3_0
06/09/22 14:04:58 ---------------------------------------	<END>
06/09/22 14:04:58 Aborting DAG...
06/09/22 14:04:58 Writing Rescue DAG to peakfinding-workflow-0.dag.rescue001...
06/09/22 14:04:58 Removing submitted jobs...
06/09/22 14:04:58 Removing any/all submitted HTCondor jobs...
06/09/22 14:04:58 Running: /usr/local/condor/bin/condor_rm -const DAGManJobId==88
06/09/22 14:04:58 Note: 0 total job deferrals because of -MaxJobs limit (0)
06/09/22 14:04:58 Note: 0 total job deferrals because of -MaxIdle limit (1000)
06/09/22 14:04:58 Note: 0 total job deferrals because of node category throttles
06/09/22 14:04:58 Note: 0 total PRE script deferrals because of -MaxPre limit (20) or DEFER
06/09/22 14:04:58 Note: 0 total POST script deferrals because of -MaxPost limit (20) or DEFER
06/09/22 14:04:58 Note: 0 total HOLD script deferrals because of -MaxHold limit (20) or DEFER
06/09/22 14:04:58 DAG status: 2 (DAG_STATUS_NODE_FAILED)
06/09/22 14:04:58 Of 7 nodes total:
06/09/22 14:04:58  Done     Pre   Queued    Post   Ready   Un-Ready   Failed
06/09/22 14:04:58   ===     ===      ===     ===     ===        ===      ===
06/09/22 14:04:58     3       0        0       0       0          2        2
06/09/22 14:04:58 0 job proc(s) currently held
06/09/22 14:04:58 DAGMan Runtime Statistics: [ EventCycleTimeAvg = 0.01064929697248671; EventCycleTimeCount = 18.0; EventCycleTimeMax = 0.06314802169799805; EventCycleTimeMin = 3.814697265625E-05; EventCycleTimeStd = 0.01736914020762315; EventCycleTimeSum = 0.1916873455047607; LogProcessCycleTimeAvg = 0.004438421942970969; LogProcessCycleTimeCount = 11.0; LogProcessCycleTimeMax = 0.01501202583312988; LogProcessCycleTimeMin = 0.0001490116119384766; LogProcessCycleTimeStd = 0.005819309991920963; LogProcessCycleTimeSum = 0.04882264137268066; SleepCycleTimeAvg = 5.175218807326423; SleepCycleTimeCount = 18.0; SleepCycleTimeMax = 7.818772077560425; SleepCycleTimeMin = 4.511518955230713; SleepCycleTimeStd = 0.6946348316528904; SleepCycleTimeSum = 93.15393853187561; SubmitCycleTimeAvg = 0.007195736232556794; SubmitCycleTimeCount = 19.0; SubmitCycleTimeMax = 0.06291103363037109; SubmitCycleTimeMin = 5.960464477539062E-06; SubmitCycleTimeStd = 0.01733590060098803; SubmitCycleTimeSum = 0.1367189884185791; ]
06/09/22 14:04:58 Wrote metrics file peakfinding-workflow-0.dag.metrics.
06/09/22 14:04:58 DAGMan Runtime Statistics: [ EventCycleTimeAvg = 0.01064929697248671; EventCycleTimeCount = 18.0; EventCycleTimeMax = 0.06314802169799805; EventCycleTimeMin = 3.814697265625E-05; EventCycleTimeStd = 0.01736914020762315; EventCycleTimeSum = 0.1916873455047607; LogProcessCycleTimeAvg = 0.004438421942970969; LogProcessCycleTimeCount = 11.0; LogProcessCycleTimeMax = 0.01501202583312988; LogProcessCycleTimeMin = 0.0001490116119384766; LogProcessCycleTimeStd = 0.005819309991920963; LogProcessCycleTimeSum = 0.04882264137268066; SleepCycleTimeAvg = 5.175218807326423; SleepCycleTimeCount = 18.0; SleepCycleTimeMax = 7.818772077560425; SleepCycleTimeMin = 4.511518955230713; SleepCycleTimeStd = 0.6946348316528904; SleepCycleTimeSum = 93.15393853187561; SubmitCycleTimeAvg = 0.007195736232556794; SubmitCycleTimeCount = 19.0; SubmitCycleTimeMax = 0.06291103363037109; SubmitCycleTimeMin = 5.960464477539062E-06; SubmitCycleTimeStd = 0.01733590060098803; SubmitCycleTimeSum = 0.1367189884185791; ]
06/09/22 14:04:58 **** condor_scheduniv_exec.88.0 (condor_DAGMAN) pid 29009 EXITING WITH STATUS 1
